#
# There is insufficient memory for the Java Runtime Environment to continue.
# Native memory allocation (malloc) failed to allocate 899376 bytes for Chunk::new
# Possible reasons:
#   The system is out of physical RAM or swap space
#   The process is running with CompressedOops enabled, and the Java Heap may be blocking the growth of the native heap
# Possible solutions:
#   Reduce memory load on the system
#   Increase physical memory or swap space
#   Check if swap backing store is full
#   Decrease Java heap size (-Xmx/-Xms)
#   Decrease number of Java threads
#   Decrease Java thread stack sizes (-Xss)
#   Set larger code cache with -XX:ReservedCodeCacheSize=
#   JVM is running with Unscaled Compressed Oops mode in which the Java heap is
#     placed in the first 4GB address space. The Java Heap base address is the
#     maximum limit for the native heap growth. Please use -XX:HeapBaseMinAddress
#     to set the Java Heap base and to place the Java Heap above 4GB virtual address.
# This output file may be truncated or incomplete.
#
#  Out of Memory Error (allocation.cpp:389), pid=26116, tid=0x0000000000003898
#
# JRE version: OpenJDK Runtime Environment (8.0_242-b01) (build 1.8.0_242-release-1644-b01)
# Java VM: OpenJDK 64-Bit Server VM (25.242-b01 mixed mode windows-amd64 compressed oops)
# Failed to write core dump. Minidumps are not enabled by default on client versions of Windows
#

---------------  T H R E A D  ---------------

Current thread (0x0000000019e8e000):  JavaThread "C2 CompilerThread2" daemon [_thread_in_native, id=14488, stack(0x000000001a850000,0x000000001a950000)]

Stack: [0x000000001a850000,0x000000001a950000]
[error occurred during error reporting (printing stack bounds), id 0xc0000005]

Native frames: (J=compiled Java code, j=interpreted, Vv=VM code, C=native code)


Current CompileTask:
C2:   9690 9393       4       org.jetbrains.kotlin.resolve.OverridingUtil::generateOverridesInFunctionGroup (123 bytes)


---------------  P R O C E S S  ---------------

Java Threads: ( => current thread )
  0x0000000019f24800 JavaThread "Service Thread" daemon [_thread_blocked, id=16544, stack(0x000000001aa50000,0x000000001ab50000)]
  0x0000000019e93800 JavaThread "C1 CompilerThread3" daemon [_thread_blocked, id=24528, stack(0x000000001a950000,0x000000001aa50000)]
=>0x0000000019e8e000 JavaThread "C2 CompilerThread2" daemon [_thread_in_native, id=14488, stack(0x000000001a850000,0x000000001a950000)]
  0x0000000019e31800 JavaThread "C2 CompilerThread1" daemon [_thread_in_native, id=24860, stack(0x000000001a750000,0x000000001a850000)]
  0x0000000019e2e800 JavaThread "C2 CompilerThread0" daemon [_thread_in_native, id=8960, stack(0x000000001a650000,0x000000001a750000)]
  0x0000000019e8b000 JavaThread "Attach Listener" daemon [_thread_blocked, id=22704, stack(0x000000001a550000,0x000000001a650000)]
  0x0000000019e8a000 JavaThread "Signal Dispatcher" daemon [_thread_blocked, id=21448, stack(0x000000001a450000,0x000000001a550000)]
  0x0000000019e11000 JavaThread "Finalizer" daemon [_thread_blocked, id=16484, stack(0x000000001a2f0000,0x000000001a3f0000)]
  0x000000001800f000 JavaThread "Reference Handler" daemon [_thread_blocked, id=16368, stack(0x000000001a1f0000,0x000000001a2f0000)]
  0x000000000121e000 JavaThread "main" [_thread_in_vm, id=23088, stack(0x0000000002ea0000,0x0000000002fa0000)]

Other Threads:
  0x0000000018007800 VMThread [stack: 0x0000000019cf0000,0x0000000019df0000] [id=13584]
  0x0000000019f2d000 WatcherThread [stack: 0x000000001ab50000,0x000000001ac50000] [id=25244]

VM state:not at safepoint (normal execution)

VM Mutex/Monitor currently owned by a thread: None

heap address: 0x0000000081e00000, size: 2018 MB, Compressed Oops mode: 32-bit
Narrow klass base: 0x0000000000000000, Narrow klass shift: 3
Compressed class space size: 1073741824 Address: 0x0000000100000000

Heap:
 PSYoungGen      total 151040K, used 88679K [0x00000000d5f80000, 0x00000000e3f00000, 0x0000000100000000)
  eden space 126976K, 50% used [0x00000000d5f80000,0x00000000d9e9a920,0x00000000ddb80000)
  from space 24064K, 99% used [0x00000000ddb80000,0x00000000df2ff460,0x00000000df300000)
  to   space 34304K, 0% used [0x00000000e1d80000,0x00000000e1d80000,0x00000000e3f00000)
 ParOldGen       total 119296K, used 44231K [0x0000000081e00000, 0x0000000089280000, 0x00000000d5f80000)
  object space 119296K, 37% used [0x0000000081e00000,0x0000000084931e40,0x0000000089280000)
 Metaspace       used 56875K, capacity 58044K, committed 58288K, reserved 1099776K
  class space    used 7022K, capacity 7306K, committed 7344K, reserved 1048576K

Card table byte_map: [0x0000000012460000,0x0000000012860000] byte_map_base: 0x0000000012051000

Marking Bits: (ParMarkBitMap*) 0x000000005479f030
 Begin Bits: [0x0000000013310000, 0x0000000015298000)
 End Bits:   [0x0000000015298000, 0x0000000017220000)

Polling page: 0x0000000001200000

CodeCache: size=245760Kb used=29397Kb max_used=29397Kb free=216362Kb
 bounds [0x00000000030a0000, 0x0000000004d80000, 0x00000000120a0000]
 total_blobs=8863 nmethods=8374 adapters=400
 compilation: enabled

Compilation events (10 events):
Event: 9.622 Thread 0x0000000019e93800 9543       3       org.jetbrains.kotlin.resolve.calls.tower.ScopeTowerProcessorsKt::createSimpleFunctionProcessor$default (21 bytes)
Event: 9.622 Thread 0x0000000019e93800 nmethod 9543 0x0000000004d6e890 code [0x0000000004d6ea00, 0x0000000004d6eba8]
Event: 9.622 Thread 0x0000000019e93800 9544       3       org.jetbrains.kotlin.resolve.calls.tower.ScopeTowerProcessorsKt$createFunctionProcessor$invokeExtensionProcessor$1::<init> (21 bytes)
Event: 9.622 Thread 0x0000000019e93800 nmethod 9544 0x0000000004d6ec50 code [0x0000000004d6edc0, 0x0000000004d6f010]
Event: 9.622 Thread 0x0000000019e93800 9545       3       org.jetbrains.kotlin.resolve.calls.CallExpressionResolver$elementChain$1::invoke (12 bytes)
Event: 9.622 Thread 0x0000000019e93800 nmethod 9545 0x0000000004d6f110 code [0x0000000004d6f2a0, 0x0000000004d6f668]
Event: 9.622 Thread 0x0000000019e93800 9546       3       org.jetbrains.kotlin.resolve.calls.CallExpressionResolver$elementChain$1::invoke (117 bytes)
Event: 9.623 Thread 0x0000000019e93800 nmethod 9546 0x0000000004d6f750 code [0x0000000004d6f9e0, 0x0000000004d70888]
Event: 9.625 Thread 0x0000000019e93800 9547       3       org.jetbrains.kotlin.com.google.common.collect.RegularImmutableBiMap::inverse (39 bytes)
Event: 9.625 Thread 0x0000000019e93800 nmethod 9547 0x0000000004d70f10 code [0x0000000004d710c0, 0x0000000004d71790]

GC Heap History (10 events):
Event: 2.099 GC heap before
{Heap before GC invocations=5 (full 1):
 PSYoungGen      total 71680K, used 66560K [0x00000000d5f80000, 0x00000000deb80000, 0x0000000100000000)
  eden space 66560K, 100% used [0x00000000d5f80000,0x00000000da080000,0x00000000da080000)
  from space 5120K, 0% used [0x00000000da080000,0x00000000da080000,0x00000000da580000)
  to   space 5120K, 0% used [0x00000000de680000,0x00000000de680000,0x00000000deb80000)
 ParOldGen       total 68096K, used 9686K [0x0000000081e00000, 0x0000000086080000, 0x00000000d5f80000)
  object space 68096K, 14% used [0x0000000081e00000,0x00000000827758d0,0x0000000086080000)
 Metaspace       used 29292K, capacity 29811K, committed 30128K, reserved 1075200K
  class space    used 3552K, capacity 3704K, committed 3760K, reserved 1048576K
Event: 2.111 GC heap after
Heap after GC invocations=5 (full 1):
 PSYoungGen      total 99840K, used 5090K [0x00000000d5f80000, 0x00000000deb80000, 0x0000000100000000)
  eden space 94720K, 0% used [0x00000000d5f80000,0x00000000d5f80000,0x00000000dbc00000)
  from space 5120K, 99% used [0x00000000de680000,0x00000000deb78918,0x00000000deb80000)
  to   space 5120K, 0% used [0x00000000de180000,0x00000000de180000,0x00000000de680000)
 ParOldGen       total 68096K, used 20338K [0x0000000081e00000, 0x0000000086080000, 0x00000000d5f80000)
  object space 68096K, 29% used [0x0000000081e00000,0x00000000831dca80,0x0000000086080000)
 Metaspace       used 29292K, capacity 29811K, committed 30128K, reserved 1075200K
  class space    used 3552K, capacity 3704K, committed 3760K, reserved 1048576K
}
Event: 2.586 GC heap before
{Heap before GC invocations=6 (full 1):
 PSYoungGen      total 99840K, used 35576K [0x00000000d5f80000, 0x00000000deb80000, 0x0000000100000000)
  eden space 94720K, 32% used [0x00000000d5f80000,0x00000000d7d459e8,0x00000000dbc00000)
  from space 5120K, 99% used [0x00000000de680000,0x00000000deb78918,0x00000000deb80000)
  to   space 5120K, 0% used [0x00000000de180000,0x00000000de180000,0x00000000de680000)
 ParOldGen       total 68096K, used 20338K [0x0000000081e00000, 0x0000000086080000, 0x00000000d5f80000)
  object space 68096K, 29% used [0x0000000081e00000,0x00000000831dca80,0x0000000086080000)
 Metaspace       used 34673K, capacity 35198K, committed 35496K, reserved 1081344K
  class space    used 4422K, capacity 4577K, committed 4656K, reserved 1048576K
Event: 2.596 GC heap after
Heap after GC invocations=6 (full 1):
 PSYoungGen      total 138240K, used 5115K [0x00000000d5f80000, 0x00000000e0280000, 0x0000000100000000)
  eden space 133120K, 0% used [0x00000000d5f80000,0x00000000d5f80000,0x00000000de180000)
  from space 5120K, 99% used [0x00000000de180000,0x00000000de67eef8,0x00000000de680000)
  to   space 15872K, 0% used [0x00000000df300000,0x00000000df300000,0x00000000e0280000)
 ParOldGen       total 68096K, used 27358K [0x0000000081e00000, 0x0000000086080000, 0x00000000d5f80000)
  object space 68096K, 40% used [0x0000000081e00000,0x00000000838b7908,0x0000000086080000)
 Metaspace       used 34673K, capacity 35198K, committed 35496K, reserved 1081344K
  class space    used 4422K, capacity 4577K, committed 4656K, reserved 1048576K
}
Event: 2.596 GC heap before
{Heap before GC invocations=7 (full 2):
 PSYoungGen      total 138240K, used 5115K [0x00000000d5f80000, 0x00000000e0280000, 0x0000000100000000)
  eden space 133120K, 0% used [0x00000000d5f80000,0x00000000d5f80000,0x00000000de180000)
  from space 5120K, 99% used [0x00000000de180000,0x00000000de67eef8,0x00000000de680000)
  to   space 15872K, 0% used [0x00000000df300000,0x00000000df300000,0x00000000e0280000)
 ParOldGen       total 68096K, used 27358K [0x0000000081e00000, 0x0000000086080000, 0x00000000d5f80000)
  object space 68096K, 40% used [0x0000000081e00000,0x00000000838b7908,0x0000000086080000)
 Metaspace       used 34673K, capacity 35198K, committed 35496K, reserved 1081344K
  class space    used 4422K, capacity 4577K, committed 4656K, reserved 1048576K
Event: 2.678 GC heap after
Heap after GC invocations=7 (full 2):
 PSYoungGen      total 138240K, used 0K [0x00000000d5f80000, 0x00000000e0280000, 0x0000000100000000)
  eden space 133120K, 0% used [0x00000000d5f80000,0x00000000d5f80000,0x00000000de180000)
  from space 5120K, 0% used [0x00000000de180000,0x00000000de180000,0x00000000de680000)
  to   space 15872K, 0% used [0x00000000df300000,0x00000000df300000,0x00000000e0280000)
 ParOldGen       total 119296K, used 20340K [0x0000000081e00000, 0x0000000089280000, 0x00000000d5f80000)
  object space 119296K, 17% used [0x0000000081e00000,0x00000000831dd288,0x0000000089280000)
 Metaspace       used 34673K, capacity 35198K, committed 35496K, reserved 1081344K
  class space    used 4422K, capacity 4577K, committed 4656K, reserved 1048576K
}
Event: 5.325 GC heap before
{Heap before GC invocations=8 (full 2):
 PSYoungGen      total 138240K, used 133120K [0x00000000d5f80000, 0x00000000e0280000, 0x0000000100000000)
  eden space 133120K, 100% used [0x00000000d5f80000,0x00000000de180000,0x00000000de180000)
  from space 5120K, 0% used [0x00000000de180000,0x00000000de180000,0x00000000de680000)
  to   space 15872K, 0% used [0x00000000df300000,0x00000000df300000,0x00000000e0280000)
 ParOldGen       total 119296K, used 20340K [0x0000000081e00000, 0x0000000089280000, 0x00000000d5f80000)
  object space 119296K, 17% used [0x0000000081e00000,0x00000000831dd288,0x0000000089280000)
 Metaspace       used 47134K, capacity 48032K, committed 48304K, reserved 1091584K
  class space    used 5829K, capacity 6048K, committed 6064K, reserved 1048576K
Event: 5.345 GC heap after
Heap after GC invocations=8 (full 2):
 PSYoungGen      total 142848K, used 15847K [0x00000000d5f80000, 0x00000000e3500000, 0x0000000100000000)
  eden space 126976K, 0% used [0x00000000d5f80000,0x00000000d5f80000,0x00000000ddb80000)
  from space 15872K, 99% used [0x00000000df300000,0x00000000e0279dc0,0x00000000e0280000)
  to   space 24064K, 0% used [0x00000000ddb80000,0x00000000ddb80000,0x00000000df300000)
 ParOldGen       total 119296K, used 31774K [0x0000000081e00000, 0x0000000089280000, 0x00000000d5f80000)
  object space 119296K, 26% used [0x0000000081e00000,0x0000000083d07808,0x0000000089280000)
 Metaspace       used 47134K, capacity 48032K, committed 48304K, reserved 1091584K
  class space    used 5829K, capacity 6048K, committed 6064K, reserved 1048576K
}
Event: 8.357 GC heap before
{Heap before GC invocations=9 (full 2):
 PSYoungGen      total 142848K, used 142823K [0x00000000d5f80000, 0x00000000e3500000, 0x0000000100000000)
  eden space 126976K, 100% used [0x00000000d5f80000,0x00000000ddb80000,0x00000000ddb80000)
  from space 15872K, 99% used [0x00000000df300000,0x00000000e0279dc0,0x00000000e0280000)
  to   space 24064K, 0% used [0x00000000ddb80000,0x00000000ddb80000,0x00000000df300000)
 ParOldGen       total 119296K, used 31774K [0x0000000081e00000, 0x0000000089280000, 0x00000000d5f80000)
  object space 119296K, 26% used [0x0000000081e00000,0x0000000083d07808,0x0000000089280000)
 Metaspace       used 54458K, capacity 55648K, committed 55984K, reserved 1097728K
  class space    used 6737K, capacity 7004K, committed 7088K, reserved 1048576K
Event: 8.385 GC heap after
Heap after GC invocations=9 (full 2):
 PSYoungGen      total 151040K, used 24061K [0x00000000d5f80000, 0x00000000e3f00000, 0x0000000100000000)
  eden space 126976K, 0% used [0x00000000d5f80000,0x00000000d5f80000,0x00000000ddb80000)
  from space 24064K, 99% used [0x00000000ddb80000,0x00000000df2ff460,0x00000000df300000)
  to   space 34304K, 0% used [0x00000000e1d80000,0x00000000e1d80000,0x00000000e3f00000)
 ParOldGen       total 119296K, used 44231K [0x0000000081e00000, 0x0000000089280000, 0x00000000d5f80000)
  object space 119296K, 37% used [0x0000000081e00000,0x0000000084931e40,0x0000000089280000)
 Metaspace       used 54458K, capacity 55648K, committed 55984K, reserved 1097728K
  class space    used 6737K, capacity 7004K, committed 7088K, reserved 1048576K
}

Deoptimization events (10 events):
Event: 9.275 Thread 0x000000000121e000 Uncommon trap: reason=class_check action=maybe_recompile pc=0x0000000003964054 method=org.jetbrains.kotlin.com.intellij.lexer.FlexAdapter.locateToken()V @ 29
Event: 9.279 Thread 0x000000000121e000 Uncommon trap: reason=unstable_if action=reinterpret pc=0x0000000003af476c method=org.jetbrains.kotlin.parsing.KotlinParserDefinition.createElement(Lorg/jetbrains/kotlin/com/intellij/lang/ASTNode;)Lorg/jetbrains/kotlin/com/intellij/psi/PsiElement; @ 96
Event: 9.296 Thread 0x000000000121e000 Uncommon trap: reason=bimorphic action=maybe_recompile pc=0x00000000038976fc method=kotlin.collections.CollectionsKt__MutableCollectionsKt.addAll(Ljava/util/Collection;Ljava/lang/Iterable;)Z @ 35
Event: 9.313 Thread 0x000000000121e000 Uncommon trap: reason=class_check action=maybe_recompile pc=0x0000000004a387d0 method=org.jetbrains.kotlin.parsing.AbstractKotlinParsing.atSet(Lorg/jetbrains/kotlin/com/intellij/psi/tree/TokenSet;)Z @ 88
Event: 9.320 Thread 0x000000000121e000 Uncommon trap: reason=bimorphic action=maybe_recompile pc=0x00000000038976fc method=kotlin.collections.CollectionsKt__MutableCollectionsKt.addAll(Ljava/util/Collection;Ljava/lang/Iterable;)Z @ 35
Event: 9.524 Thread 0x000000000121e000 Uncommon trap: reason=unstable_if action=reinterpret pc=0x0000000003aedd14 method=org.jetbrains.kotlin.metadata.ProtoBuf$Type.hasFlexibleUpperBound()Z @ 7
Event: 9.525 Thread 0x000000000121e000 Uncommon trap: reason=unstable_if action=reinterpret pc=0x0000000004ce7f1c method=org.jetbrains.kotlin.metadata.ProtoBuf$Type.getSerializedSize()I @ 108
Event: 9.525 Thread 0x000000000121e000 Uncommon trap: reason=unstable_if action=reinterpret pc=0x0000000004a4e1d0 method=org.jetbrains.kotlin.metadata.ProtoBuf$Type.writeTo(Lorg/jetbrains/kotlin/protobuf/CodedOutputStream;)V @ 98
Event: 9.583 Thread 0x000000000121e000 Uncommon trap: reason=predicate action=maybe_recompile pc=0x00000000047d6398 method=org.jetbrains.org.objectweb.asm.ClassReader.readField(Lorg/jetbrains/org/objectweb/asm/ClassVisitor;Lorg/jetbrains/org/objectweb/asm/Context;I)I @ 372
Event: 9.626 Thread 0x000000000121e000 Uncommon trap: reason=bimorphic action=maybe_recompile pc=0x0000000004558a84 method=kotlin.collections.CollectionsKt___CollectionsKt.first(Ljava/lang/Iterable;)Ljava/lang/Object; @ 24

Classes redefined (0 events):
No events

Internal exceptions (10 events):
Event: 7.976 Thread 0x000000000121e000 Implicit null exception at 0x00000000049b39b0 to 0x00000000049b3a15
Event: 7.977 Thread 0x000000000121e000 Implicit null exception at 0x00000000039dd928 to 0x00000000039ddf4d
Event: 7.977 Thread 0x000000000121e000 Implicit null exception at 0x0000000003e47c56 to 0x0000000003e481f9
Event: 7.977 Thread 0x000000000121e000 Implicit null exception at 0x00000000046ac620 to 0x00000000046acb61
Event: 7.977 Thread 0x000000000121e000 Implicit null exception at 0x0000000003296db7 to 0x00000000032972e9
Event: 8.202 Thread 0x000000000121e000 Exception <a 'java/lang/NoSuchMethodError': java.lang.Object.lambda$comparing$ea9a8b3a$1(Ljava/util/Comparator;Ljava/util/function/Function;Ljava/lang/Object;Ljava/lang/Object;)I> (0x00000000dd65ef68) thrown at [C:\src\AOSP-openjdk-git\hotspot\src\share\v
Event: 8.202 Thread 0x000000000121e000 Exception <a 'java/lang/NoSuchMethodError': java.lang.Object.lambda$thenComparing$36697e65$1(Ljava/util/Comparator;Ljava/lang/Object;Ljava/lang/Object;)I> (0x00000000dd6678d8) thrown at [C:\src\AOSP-openjdk-git\hotspot\src\share\vm\interpreter\linkResolve
Event: 8.453 Thread 0x000000000121e000 Implicit null exception at 0x000000000334c616 to 0x000000000334c9b1
Event: 8.476 Thread 0x000000000121e000 Implicit null exception at 0x00000000032a3c56 to 0x00000000032a3ff1
Event: 8.973 Thread 0x000000000121e000 Implicit null exception at 0x00000000044b61df to 0x00000000044b668d

Events (10 events):
Event: 9.679 loading class org/jetbrains/kotlin/resolve/constants/evaluate/OperationsMapGeneratedKt$binaryOperations$99
Event: 9.679 loading class org/jetbrains/kotlin/resolve/constants/evaluate/OperationsMapGeneratedKt$binaryOperations$99 done
Event: 9.679 loading class org/jetbrains/kotlin/resolve/constants/evaluate/OperationsMapGeneratedKt$binaryOperations$100
Event: 9.679 loading class org/jetbrains/kotlin/resolve/constants/evaluate/OperationsMapGeneratedKt$binaryOperations$100 done
Event: 9.679 loading class org/jetbrains/kotlin/resolve/constants/evaluate/OperationsMapGeneratedKt$binaryOperations$101
Event: 9.679 loading class org/jetbrains/kotlin/resolve/constants/evaluate/OperationsMapGeneratedKt$binaryOperations$101 done
Event: 9.680 loading class org/jetbrains/kotlin/resolve/constants/evaluate/OperationsMapGeneratedKt$binaryOperations$102
Event: 9.680 loading class org/jetbrains/kotlin/resolve/constants/evaluate/OperationsMapGeneratedKt$binaryOperations$102 done
Event: 9.680 loading class org/jetbrains/kotlin/resolve/constants/evaluate/OperationsMapGeneratedKt$binaryOperations$103
Event: 9.680 loading class org/jetbrains/kotlin/resolve/constants/evaluate/OperationsMapGeneratedKt$binaryOperations$103 done


Dynamic libraries:
0x00007ff640a00000 - 0x00007ff640a31000 	C:\Program Files\Android\Android Studio\jre\jre\bin\java.exe
0x00007fffcefa0000 - 0x00007fffcf190000 	C:\WINDOWS\SYSTEM32\ntdll.dll
0x00007fffce340000 - 0x00007fffce3f2000 	C:\WINDOWS\System32\KERNEL32.DLL
0x00007fffccbe0000 - 0x00007fffcce85000 	C:\WINDOWS\System32\KERNELBASE.dll
0x00007fffce600000 - 0x00007fffce6a3000 	C:\WINDOWS\System32\ADVAPI32.dll
0x00007fffcdba0000 - 0x00007fffcdc3e000 	C:\WINDOWS\System32\msvcrt.dll
0x00007fffceec0000 - 0x00007fffcef57000 	C:\WINDOWS\System32\sechost.dll
0x00007fffce6b0000 - 0x00007fffce7cf000 	C:\WINDOWS\System32\RPCRT4.dll
0x00007fffce7d0000 - 0x00007fffce964000 	C:\WINDOWS\System32\USER32.dll
0x00007fffcc790000 - 0x00007fffcc7b1000 	C:\WINDOWS\System32\win32u.dll
0x00007fffcd9d0000 - 0x00007fffcd9f6000 	C:\WINDOWS\System32\GDI32.dll
0x00007fffcca40000 - 0x00007fffccbd8000 	C:\WINDOWS\System32\gdi32full.dll
0x00007fffcc970000 - 0x00007fffcca0e000 	C:\WINDOWS\System32\msvcp_win.dll
0x00007fffcc870000 - 0x00007fffcc96a000 	C:\WINDOWS\System32\ucrtbase.dll
0x00007fffc0920000 - 0x00007fffc0ba4000 	C:\WINDOWS\WinSxS\amd64_microsoft.windows.common-controls_6595b64144ccf1df_6.0.18362.1379_none_9e7ff3b3e45cc0c4\COMCTL32.dll
0x00007fffce9f0000 - 0x00007fffced27000 	C:\WINDOWS\System32\combase.dll
0x00007fffcc700000 - 0x00007fffcc781000 	C:\WINDOWS\System32\bcryptPrimitives.dll
0x00007fffcd9a0000 - 0x00007fffcd9ce000 	C:\WINDOWS\System32\IMM32.DLL
0x0000000053e10000 - 0x0000000053ee2000 	C:\Program Files\Android\Android Studio\jre\jre\bin\msvcr100.dll
0x0000000053fd0000 - 0x000000005481b000 	C:\Program Files\Android\Android Studio\jre\jre\bin\server\jvm.dll
0x00007fffcd5b0000 - 0x00007fffcd5b8000 	C:\WINDOWS\System32\PSAPI.DLL
0x00007fffaabc0000 - 0x00007fffaabc9000 	C:\WINDOWS\SYSTEM32\WSOCK32.dll
0x00007fffc9a70000 - 0x00007fffc9a94000 	C:\WINDOWS\SYSTEM32\WINMM.dll
0x00007fffce970000 - 0x00007fffce9df000 	C:\WINDOWS\System32\WS2_32.dll
0x00007fffc2190000 - 0x00007fffc219a000 	C:\WINDOWS\SYSTEM32\VERSION.dll
0x00007fffc99f0000 - 0x00007fffc9a1d000 	C:\WINDOWS\SYSTEM32\winmmbase.dll
0x00007fffcce90000 - 0x00007fffcceda000 	C:\WINDOWS\System32\cfgmgr32.dll
0x00007fffc8210000 - 0x00007fffc821f000 	C:\Program Files\Android\Android Studio\jre\jre\bin\verify.dll
0x00007fffc81e0000 - 0x00007fffc8209000 	C:\Program Files\Android\Android Studio\jre\jre\bin\java.dll
0x00007fffc81c0000 - 0x00007fffc81d6000 	C:\Program Files\Android\Android Studio\jre\jre\bin\zip.dll
0x00007fffcdc50000 - 0x00007fffce338000 	C:\WINDOWS\System32\SHELL32.dll
0x00007fffce550000 - 0x00007fffce5f7000 	C:\WINDOWS\System32\shcore.dll
0x00007fffcbf20000 - 0x00007fffcc69b000 	C:\WINDOWS\System32\windows.storage.dll
0x00007fffcbe80000 - 0x00007fffcbea3000 	C:\WINDOWS\System32\profapi.dll
0x00007fffcbeb0000 - 0x00007fffcbefa000 	C:\WINDOWS\System32\powrprof.dll
0x00007fffcbe50000 - 0x00007fffcbe60000 	C:\WINDOWS\System32\UMPDC.dll
0x00007fffcdb40000 - 0x00007fffcdb92000 	C:\WINDOWS\System32\shlwapi.dll
0x00007fffcbe60000 - 0x00007fffcbe71000 	C:\WINDOWS\System32\kernel.appcore.dll
0x00007fffccee0000 - 0x00007fffccef7000 	C:\WINDOWS\System32\cryptsp.dll
0x00007fffc81a0000 - 0x00007fffc81ba000 	C:\Program Files\Android\Android Studio\jre\jre\bin\net.dll
0x00007fffcb690000 - 0x00007fffcb6f7000 	C:\WINDOWS\system32\mswsock.dll
0x00007fffc32a0000 - 0x00007fffc32b3000 	C:\Program Files\Android\Android Studio\jre\jre\bin\nio.dll

VM Arguments:
java_command: org.jetbrains.kotlin.cli.jvm.K2JVMCompiler -Xallow-no-source-files -classpath D:\05AndroidStudio\LiKaiJie\app\build\intermediates\compile_and_runtime_not_namespaced_r_class_jar\debug\R.jar;C:\Users\Kernel_Develop_Hou\.gradle\caches\transforms-2\files-2.1\15e88dff1756185dc99c52e94e0f0c06\databinding-adapters-4.1.1-api.jar;C:\Users\Kernel_Develop_Hou\.gradle\caches\transforms-2\files-2.1\4e6f517d2057b744cb2c0c31d289e944\databinding-runtime-4.1.1-api.jar;C:\Users\Kernel_Develop_Hou\.gradle\caches\modules-2\files-2.1\androidx.databinding\databinding-common\4.1.1\135fcbb4e3cb4f16b93a16c800776a48d2ce840\databinding-common-4.1.1.jar;C:\Users\Kernel_Develop_Hou\.gradle\caches\transforms-2\files-2.1\13d093fdfbac5c89c4d060dfb7391d2c\jetified-viewbinding-4.1.1-api.jar;C:\Users\Kernel_Develop_Hou\.gradle\caches\transforms-2\files-2.1\24f8910a57b2aaf8c854cacb63735164\navigation-ui-ktx-2.3.2-api.jar;C:\Users\Kernel_Develop_Hou\.gradle\caches\transforms-2\files-2.1\f5983f8acb18c69ac831d7525607a533\navigation-ui-2.3.2-api.jar;C:\Users\Kernel_Develop_Hou\.gradle\caches\transforms-2\files-2.1\54c7babb4cb24dd40293d97013b2745d\material-1.2.1-api.jar;C:\Users\Kernel_Develop_Hou\.gradle\caches\transforms-2\files-2.1\a4fcdf51951daf56d8f49608c753f6c4\navigation-fragment-ktx-2.3.2-api.jar;C:\Users\Kernel_Develop_Hou\.gradle\caches\transforms-2\files-2.1\05ccc95c3f30cac33be37c5371c487c1\jetified-fragment-ktx-1.3.0-beta01-api.jar;C:\Users\Kernel_Develop_Hou\.gradle\caches\transforms-2\files-2.1\6840b415f235ad5328ad9ffc5ce4a467\navigation-runtime-ktx-2.3.2-api.jar;C:\Users\Kernel_Develop_Hou\.gradle\caches\transforms-2\files-2.1\7ee71384e94171ad462d1f977eeb2c66\jetified-activity-ktx-1.2.0-beta01-api.jar;C:\Users\Kernel_Develop_Hou\.gradle\caches\transforms-2\files-2.1\8384a63bd5320a0548e73b04cec8ce71\jetified-core-ktx-1.3.2-api.jar;C:\Users\Kernel_Develop_Hou\.gradle\caches\transforms-2\files-2.1\704217fa5a7e2e220f6bf1a6592173e5\constraintlayout-2.0.4-api.jar;C:\Users\Kernel_De
java_class_path (initial): C:\Users\Kernel_Develop_Hou\.gradle\caches\modules-2\files-2.1\org.jetbrains.kotlin\kotlin-compiler-embeddable\1.3.72\fb72232c8fa977d5e07d33c43381ddbdc5edab6\kotlin-compiler-embeddable-1.3.72.jar;C:\Users\Kernel_Develop_Hou\.gradle\caches\modules-2\files-2.1\org.jetbrains.kotlin\kotlin-reflect\1.3.72\86613e1a669a701b0c660bfd2af4f82a7ae11fca\kotlin-reflect-1.3.72.jar;C:\Users\Kernel_Develop_Hou\.gradle\caches\modules-2\files-2.1\org.jetbrains.kotlin\kotlin-stdlib\1.3.72\8032138f12c0180bc4e51fe139d4c52b46db6109\kotlin-stdlib-1.3.72.jar;C:\Users\Kernel_Develop_Hou\.gradle\caches\modules-2\files-2.1\org.jetbrains.kotlin\kotlin-script-runtime\1.3.72\657d8d34d91e1964b4439378c09933e840bfe8d5\kotlin-script-runtime-1.3.72.jar;C:\Users\Kernel_Develop_Hou\.gradle\caches\modules-2\files-2.1\org.jetbrains.kotlin\kotlin-daemon-embeddable\1.3.72\53bbaa2816dbf6bdb85f629451b1fcc88f2164d2\kotlin-daemon-embeddable-1.3.72.jar;C:\Users\Kernel_Develop_Hou\.gradle\caches\modules-2\files-2.1\org.jetbrains.intellij.deps\trove4j\1.0.20181211\216c2e14b070f334479d800987affe4054cd563f\trove4j-1.0.20181211.jar;C:\Users\Kernel_Develop_Hou\.gradle\caches\modules-2\files-2.1\org.jetbrains.kotlin\kotlin-stdlib-common\1.3.72\6ca8bee3d88957eaaaef077c41c908c9940492d8\kotlin-stdlib-common-1.3.72.jar;C:\Users\Kernel_Develop_Hou\.gradle\caches\modules-2\files-2.1\org.jetbrains\annotations\13.0\919f0dfe192fb4e063e7dacadee7f8bb9a2672a9\annotations-13.0.jar;C:\Program Files\Android\Android Studio\jre\lib\tools.jar
Launcher Type: SUN_STANDARD

Environment Variables:
PATH=C:\windows\system32;C:\windows;C:\windows\System32\Wbem;C:\windows\System32\WindowsPowerShell\v1.0\;C:\windows\System32\OpenSSH\;C:\Program Files (x86)\NVIDIA Corporation\PhysX\Common;C:\Program Files (x86)\Intel\Intel(R) Management Engine Components\DAL;C:\Program Files\Intel\Intel(R) Management Engine Components\DAL;%SystemRoot%\system32;%SystemRoot%;%SystemRoot%\System32\Wbem;%SYSTEMROOT%\System32\WindowsPowerShell\v1.0\;%SYSTEMROOT%\System32\OpenSSH\;C:\Users\Kernel_Develop_Hou\AppData\Local\Microsoft\WindowsApps;;F:\Microsoft VS Code\bin
USERNAME=Kernel_Develop_Hou
OS=Windows_NT
PROCESSOR_IDENTIFIER=Intel64 Family 6 Model 142 Stepping 11, GenuineIntel



---------------  S Y S T E M  ---------------

OS: Windows 10.0 , 64 bit Build 18362 (10.0.18362.1350)

CPU:total 8 (initial active 8) (4 cores per cpu, 2 threads per core) family 6 model 142 stepping 11, cmov, cx8, fxsr, mmx, sse, sse2, sse3, ssse3, sse4.1, sse4.2, popcnt, avx, avx2, aes, clmul, erms, 3dnowpref, lzcnt, ht, tsc, tscinvbit, bmi1, bmi2, adx

Memory: 4k page, physical 8258368k(1292300k free), swap 18744124k(6308k free)

vm_info: OpenJDK 64-Bit Server VM (25.242-b01) for windows-amd64 JRE (1.8.0_242-release-1644-b01), built by "builder" with MS VC++ 10.0 (VS2010)

time: Thu Mar 11 09:22:38 2021
timezone: 中国标准时间
elapsed time: 9 seconds (0d 0h 0m 9s)

