#
# There is insufficient memory for the Java Runtime Environment to continue.
# Native memory allocation (malloc) failed to allocate 1389616 bytes for Chunk::new
# Possible reasons:
#   The system is out of physical RAM or swap space
#   The process is running with CompressedOops enabled, and the Java Heap may be blocking the growth of the native heap
# Possible solutions:
#   Reduce memory load on the system
#   Increase physical memory or swap space
#   Check if swap backing store is full
#   Decrease Java heap size (-Xmx/-Xms)
#   Decrease number of Java threads
#   Decrease Java thread stack sizes (-Xss)
#   Set larger code cache with -XX:ReservedCodeCacheSize=
#   JVM is running with Unscaled Compressed Oops mode in which the Java heap is
#     placed in the first 4GB address space. The Java Heap base address is the
#     maximum limit for the native heap growth. Please use -XX:HeapBaseMinAddress
#     to set the Java Heap base and to place the Java Heap above 4GB virtual address.
# This output file may be truncated or incomplete.
#
#  Out of Memory Error (allocation.cpp:389), pid=12916, tid=0x0000000000003a18
#
# JRE version: OpenJDK Runtime Environment (8.0_242-b01) (build 1.8.0_242-release-1644-b01)
# Java VM: OpenJDK 64-Bit Server VM (25.242-b01 mixed mode windows-amd64 compressed oops)
# Failed to write core dump. Minidumps are not enabled by default on client versions of Windows
#

---------------  T H R E A D  ---------------

Current thread (0x0000000016141000):  JavaThread "C2 CompilerThread0" daemon [_thread_in_native, id=14872, stack(0x00000000168b0000,0x00000000169b0000)]

Stack: [0x00000000168b0000,0x00000000169b0000]
[error occurred during error reporting (printing stack bounds), id 0xc0000005]

Native frames: (J=compiled Java code, j=interpreted, Vv=VM code, C=native code)


Current CompileTask:
C2:  25944 13556       4       org.gradle.internal.component.model.ComponentAttributeMatcher::isMatching (147 bytes)


---------------  P R O C E S S  ---------------

Java Threads: ( => current thread )
  0x00000000175f3000 JavaThread "Cache worker for execution history cache (D:\05AndroidStudio\LiKaiJie\.gradle\6.5\executionHistory)" [_thread_blocked, id=13216, stack(0x0000000030ba0000,0x0000000030ca0000)]
  0x00000000175f2000 JavaThread "Execution worker for ':' Thread 7" [_thread_blocked, id=10620, stack(0x0000000030aa0000,0x0000000030ba0000)]
  0x00000000175ea800 JavaThread "Execution worker for ':' Thread 6" [_thread_in_vm, id=12260, stack(0x00000000309a0000,0x0000000030aa0000)]
  0x00000000175f1800 JavaThread "Execution worker for ':' Thread 5" [_thread_blocked, id=10940, stack(0x00000000308a0000,0x00000000309a0000)]
  0x00000000175e7800 JavaThread "Execution worker for ':' Thread 4" [_thread_blocked, id=10472, stack(0x00000000307a0000,0x00000000308a0000)]
  0x00000000175ee800 JavaThread "Execution worker for ':' Thread 3" [_thread_blocked, id=1864, stack(0x00000000306a0000,0x00000000307a0000)]
  0x00000000175e6800 JavaThread "Execution worker for ':' Thread 2" [_thread_blocked, id=2148, stack(0x00000000305a0000,0x00000000306a0000)]
  0x00000000175ed800 JavaThread "Execution worker for ':'" [_thread_in_native, id=12216, stack(0x00000000304a0000,0x00000000305a0000)]
  0x00000000175ed000 JavaThread "Cache worker for file content cache (D:\05AndroidStudio\LiKaiJie\.gradle\6.5\fileContent)" [_thread_blocked, id=8824, stack(0x00000000303a0000,0x00000000304a0000)]
  0x00000000175e5000 JavaThread "Cache worker for Build Output Cleanup Cache (D:\05AndroidStudio\LiKaiJie\.gradle\buildOutputCleanup)" [_thread_blocked, id=2976, stack(0x00000000302a0000,0x00000000303a0000)]
  0x00000000175eb000 JavaThread "Build operations Thread 8" [_thread_blocked, id=6952, stack(0x00000000301a0000,0x00000000302a0000)]
  0x0000000028f29800 JavaThread "Build operations Thread 7" [_thread_blocked, id=12248, stack(0x00000000300a0000,0x00000000301a0000)]
  0x0000000028f2a800 JavaThread "Build operations Thread 6" [_thread_blocked, id=12072, stack(0x000000002ffa0000,0x00000000300a0000)]
  0x0000000028f29000 JavaThread "Build operations Thread 5" [_thread_blocked, id=2392, stack(0x000000002fea0000,0x000000002ffa0000)]
  0x0000000028f28000 JavaThread "Build operations Thread 4" [_thread_blocked, id=2428, stack(0x000000002fda0000,0x000000002fea0000)]
  0x0000000028f27000 JavaThread "Build operations Thread 3" [_thread_blocked, id=13240, stack(0x000000002fca0000,0x000000002fda0000)]
  0x0000000028f1f800 JavaThread "Build operations Thread 2" [_thread_blocked, id=10120, stack(0x000000002fba0000,0x000000002fca0000)]
  0x0000000028f26800 JavaThread "Build operations" [_thread_blocked, id=15716, stack(0x000000002faa0000,0x000000002fba0000)]
  0x0000000028f1e000 JavaThread "Cache worker for cache directory md-rule (C:\Users\Kernel_Develop_Hou\.gradle\caches\6.5\md-rule)" [_thread_blocked, id=6276, stack(0x000000002f9a0000,0x000000002faa0000)]
  0x0000000028f24000 JavaThread "Cache worker for cache directory md-supplier (C:\Users\Kernel_Develop_Hou\.gradle\caches\6.5\md-supplier)" [_thread_blocked, id=8052, stack(0x000000002f8a0000,0x000000002f9a0000)]
  0x0000000028f23800 JavaThread "Cache worker for checksums cache (D:\05AndroidStudio\LiKaiJie\.gradle\checksums)" [_thread_blocked, id=8356, stack(0x000000002f7a0000,0x000000002f8a0000)]
  0x0000000028f22800 JavaThread "Cache worker for file hash cache (D:\05AndroidStudio\LiKaiJie\.gradle\6.5\fileHashes)" [_thread_blocked, id=14800, stack(0x000000002f6a0000,0x000000002f7a0000)]
  0x0000000028f22000 JavaThread "Thread-156" [_thread_blocked, id=6340, stack(0x000000002f5a0000,0x000000002f6a0000)]
  0x0000000028f25000 JavaThread "Stdin handler" [_thread_blocked, id=12656, stack(0x000000002f4a0000,0x000000002f5a0000)]
  0x0000000028f21000 JavaThread "Asynchronous log dispatcher for DefaultDaemonConnection: socket connection from /127.0.0.1:57770 to /127.0.0.1:57805" [_thread_blocked, id=3144, stack(0x000000002f3a0000,0x000000002f4a0000)]
  0x0000000028f1f000 JavaThread "Cancel handler" [_thread_blocked, id=14060, stack(0x000000002f2a0000,0x000000002f3a0000)]
  0x0000000028f1c800 JavaThread "Handler for socket connection from /127.0.0.1:57770 to /127.0.0.1:57805" [_thread_in_native, id=14960, stack(0x000000002f1a0000,0x000000002f2a0000)]
  0x0000000028f1c000 JavaThread "ForkJoinPool.commonPool-worker-1" daemon [_thread_blocked, id=10756, stack(0x000000002e510000,0x000000002e610000)]
  0x00000000175e6000 JavaThread "Memory manager" [_thread_blocked, id=1052, stack(0x0000000029790000,0x0000000029890000)]
  0x000000001c1b0800 JavaThread "jar transforms Thread 113" [_thread_blocked, id=6124, stack(0x00000000271a0000,0x00000000272a0000)]
  0x000000001c1b0000 JavaThread "jar transforms Thread 112" [_thread_blocked, id=14788, stack(0x00000000270a0000,0x00000000271a0000)]
  0x000000001c1af000 JavaThread "jar transforms Thread 111" [_thread_blocked, id=10300, stack(0x0000000026fa0000,0x00000000270a0000)]
  0x000000001c1ad800 JavaThread "jar transforms Thread 110" [_thread_blocked, id=15004, stack(0x0000000026ea0000,0x0000000026fa0000)]
  0x000000001c1ae000 JavaThread "jar transforms Thread 109" [_thread_blocked, id=13636, stack(0x0000000026da0000,0x0000000026ea0000)]
  0x000000001c1ac800 JavaThread "jar transforms Thread 108" [_thread_blocked, id=12940, stack(0x0000000026ca0000,0x0000000026da0000)]
  0x000000001c1ac000 JavaThread "jar transforms Thread 107" [_thread_blocked, id=4376, stack(0x0000000026ba0000,0x0000000026ca0000)]
  0x000000001c1a5000 JavaThread "jar transforms Thread 106" [_thread_blocked, id=10888, stack(0x0000000026aa0000,0x0000000026ba0000)]
  0x000000001c1a4800 JavaThread "jar transforms Thread 105" [_thread_blocked, id=11480, stack(0x00000000269a0000,0x0000000026aa0000)]
  0x000000001c1ab000 JavaThread "jar transforms Thread 104" [_thread_blocked, id=3136, stack(0x00000000268a0000,0x00000000269a0000)]
  0x000000001c1aa800 JavaThread "jar transforms Thread 103" [_thread_blocked, id=9360, stack(0x00000000267a0000,0x00000000268a0000)]
  0x000000001c1a3000 JavaThread "jar transforms Thread 102" [_thread_blocked, id=10876, stack(0x00000000266a0000,0x00000000267a0000)]
  0x000000001c1a7800 JavaThread "jar transforms Thread 101" [_thread_blocked, id=16280, stack(0x00000000265a0000,0x00000000266a0000)]
  0x000000001c1a9800 JavaThread "jar transforms Thread 100" [_thread_blocked, id=14596, stack(0x00000000264a0000,0x00000000265a0000)]
  0x000000001c1a3800 JavaThread "jar transforms Thread 99" [_thread_blocked, id=9616, stack(0x00000000263a0000,0x00000000264a0000)]
  0x000000001c1a2000 JavaThread "jar transforms Thread 98" [_thread_blocked, id=15864, stack(0x00000000262a0000,0x00000000263a0000)]
  0x000000001c1a9000 JavaThread "jar transforms Thread 97" [_thread_blocked, id=14732, stack(0x00000000261a0000,0x00000000262a0000)]
  0x000000001c1a6800 JavaThread "jar transforms Thread 96" [_thread_blocked, id=5096, stack(0x00000000260a0000,0x00000000261a0000)]
  0x000000001c1a6000 JavaThread "jar transforms Thread 95" [_thread_blocked, id=1260, stack(0x0000000025fa0000,0x00000000260a0000)]
  0x000000001c1a1800 JavaThread "jar transforms Thread 94" [_thread_blocked, id=3724, stack(0x0000000025ea0000,0x0000000025fa0000)]
  0x0000000017e20800 JavaThread "jar transforms Thread 93" [_thread_blocked, id=14860, stack(0x0000000025da0000,0x0000000025ea0000)]
  0x0000000017e20000 JavaThread "jar transforms Thread 92" [_thread_blocked, id=12876, stack(0x0000000025ca0000,0x0000000025da0000)]
  0x0000000017e1f000 JavaThread "jar transforms Thread 91" [_thread_blocked, id=14748, stack(0x0000000025ba0000,0x0000000025ca0000)]
  0x0000000017e17800 JavaThread "jar transforms Thread 90" [_thread_blocked, id=8024, stack(0x0000000025aa0000,0x0000000025ba0000)]
  0x0000000017e1d800 JavaThread "jar transforms Thread 89" [_thread_blocked, id=11088, stack(0x00000000259a0000,0x0000000025aa0000)]
  0x0000000017e1d000 JavaThread "jar transforms Thread 88" [_thread_blocked, id=15016, stack(0x00000000258a0000,0x00000000259a0000)]
  0x0000000017e1e800 JavaThread "jar transforms Thread 87" [_thread_blocked, id=1144, stack(0x00000000257a0000,0x00000000258a0000)]
  0x0000000017e1c000 JavaThread "jar transforms Thread 86" [_thread_blocked, id=8292, stack(0x00000000256a0000,0x00000000257a0000)]
  0x0000000017e1b800 JavaThread "jar transforms Thread 85" [_thread_blocked, id=432, stack(0x00000000255a0000,0x00000000256a0000)]
  0x0000000017e1a800 JavaThread "jar transforms Thread 84" [_thread_blocked, id=9460, stack(0x00000000254a0000,0x00000000255a0000)]
  0x0000000017e13000 JavaThread "jar transforms Thread 83" [_thread_blocked, id=15156, stack(0x00000000253a0000,0x00000000254a0000)]
  0x0000000017e19000 JavaThread "jar transforms Thread 82" [_thread_blocked, id=2228, stack(0x00000000252a0000,0x00000000253a0000)]
  0x0000000017e15800 JavaThread "jar transforms Thread 81" [_thread_blocked, id=12432, stack(0x00000000251a0000,0x00000000252a0000)]
  0x0000000017e1a000 JavaThread "jar transforms Thread 80" [_thread_blocked, id=7892, stack(0x00000000250a0000,0x00000000251a0000)]
  0x0000000017e14800 JavaThread "jar transforms Thread 79" [_thread_blocked, id=5544, stack(0x0000000024fa0000,0x00000000250a0000)]
  0x0000000017e18800 JavaThread "jar transforms Thread 78" [_thread_blocked, id=10808, stack(0x0000000024ea0000,0x0000000024fa0000)]
  0x0000000017e12000 JavaThread "jar transforms Thread 77" [_thread_blocked, id=1328, stack(0x0000000024da0000,0x0000000024ea0000)]
  0x0000000017e14000 JavaThread "jar transforms Thread 76" [_thread_blocked, id=15676, stack(0x0000000024ca0000,0x0000000024da0000)]
  0x0000000017e16000 JavaThread "jar transforms Thread 75" [_thread_blocked, id=14700, stack(0x0000000024ba0000,0x0000000024ca0000)]
  0x0000000017e17000 JavaThread "jar transforms Thread 74" [_thread_blocked, id=5452, stack(0x0000000024aa0000,0x0000000024ba0000)]
  0x0000000017e11800 JavaThread "jar transforms Thread 73" [_thread_blocked, id=15072, stack(0x00000000249a0000,0x0000000024aa0000)]
  0x000000001bf3c800 JavaThread "jar transforms Thread 72" [_thread_blocked, id=996, stack(0x00000000248a0000,0x00000000249a0000)]
  0x000000001bf3f000 JavaThread "jar transforms Thread 71" [_thread_blocked, id=13060, stack(0x00000000247a0000,0x00000000248a0000)]
  0x000000001bf3c000 JavaThread "jar transforms Thread 70" [_thread_blocked, id=16356, stack(0x00000000246a0000,0x00000000247a0000)]
  0x000000001bf3e000 JavaThread "jar transforms Thread 69" [_thread_blocked, id=1048, stack(0x00000000245a0000,0x00000000246a0000)]
  0x000000001bf3d800 JavaThread "jar transforms Thread 68" [_thread_blocked, id=15624, stack(0x00000000244a0000,0x00000000245a0000)]
  0x000000001bf3f800 JavaThread "jar transforms Thread 67" [_thread_blocked, id=6556, stack(0x00000000243a0000,0x00000000244a0000)]
  0x000000001bf34800 JavaThread "jar transforms Thread 66" [_thread_blocked, id=12044, stack(0x00000000242a0000,0x00000000243a0000)]
  0x000000001bf3b000 JavaThread "jar transforms Thread 65" [_thread_blocked, id=9264, stack(0x00000000241a0000,0x00000000242a0000)]
  0x000000001bf33800 JavaThread "jar transforms Thread 64" [_thread_blocked, id=1952, stack(0x00000000240a0000,0x00000000241a0000)]
  0x000000001bf3a800 JavaThread "jar transforms Thread 63" [_thread_blocked, id=13680, stack(0x0000000023fa0000,0x00000000240a0000)]
  0x000000001bf38000 JavaThread "jar transforms Thread 62" [_thread_blocked, id=10496, stack(0x0000000023ea0000,0x0000000023fa0000)]
  0x000000001bf39800 JavaThread "jar transforms Thread 61" [_thread_blocked, id=916, stack(0x0000000023da0000,0x0000000023ea0000)]
  0x000000001bf32000 JavaThread "jar transforms Thread 60" [_thread_blocked, id=16096, stack(0x0000000023ca0000,0x0000000023da0000)]
  0x000000001bf39000 JavaThread "jar transforms Thread 59" [_thread_blocked, id=856, stack(0x0000000023ba0000,0x0000000023ca0000)]
  0x000000001bf36000 JavaThread "jar transforms Thread 58" [_thread_blocked, id=4288, stack(0x00000000239a0000,0x0000000023aa0000)]
  0x000000001bf30800 JavaThread "jar transforms Thread 57" [_thread_blocked, id=1192, stack(0x00000000238a0000,0x00000000239a0000)]
  0x000000001bf37800 JavaThread "jar transforms Thread 56" [_thread_blocked, id=9768, stack(0x00000000237a0000,0x00000000238a0000)]
  0x000000001bf33000 JavaThread "jar transforms Thread 55" [_thread_blocked, id=12680, stack(0x00000000236a0000,0x00000000237a0000)]
  0x000000001bf35000 JavaThread "jar transforms Thread 54" [_thread_blocked, id=2560, stack(0x00000000235a0000,0x00000000236a0000)]
  0x000000001bf36800 JavaThread "jar transforms Thread 53" [_thread_blocked, id=8552, stack(0x00000000234a0000,0x00000000235a0000)]
  0x000000001bf31800 JavaThread "jar transforms Thread 52" [_thread_blocked, id=9760, stack(0x00000000233a0000,0x00000000234a0000)]
  0x000000001beb8800 JavaThread "jar transforms Thread 51" [_thread_blocked, id=12500, stack(0x00000000232a0000,0x00000000233a0000)]
  0x000000001beb7000 JavaThread "jar transforms Thread 50" [_thread_blocked, id=15236, stack(0x00000000231a0000,0x00000000232a0000)]
  0x000000001beb8000 JavaThread "jar transforms Thread 49" [_thread_blocked, id=3872, stack(0x00000000230a0000,0x00000000231a0000)]
  0x000000001beba000 JavaThread "jar transforms Thread 48" [_thread_blocked, id=6132, stack(0x0000000022fa0000,0x00000000230a0000)]
  0x000000001bebb800 JavaThread "jar transforms Thread 47" [_thread_blocked, id=4240, stack(0x0000000022ea0000,0x0000000022fa0000)]
  0x000000001beb6800 JavaThread "jar transforms Thread 46" [_thread_blocked, id=7160, stack(0x0000000022da0000,0x0000000022ea0000)]
  0x000000001beb5800 JavaThread "jar transforms Thread 45" [_thread_blocked, id=12076, stack(0x0000000022ca0000,0x0000000022da0000)]
  0x000000001beb9800 JavaThread "jar transforms Thread 44" [_thread_blocked, id=4620, stack(0x0000000022ba0000,0x0000000022ca0000)]
  0x000000001bebb000 JavaThread "jar transforms Thread 43" [_thread_blocked, id=13660, stack(0x0000000022aa0000,0x0000000022ba0000)]
  0x000000001beaf000 JavaThread "jar transforms Thread 42" [_thread_blocked, id=8148, stack(0x00000000229a0000,0x0000000022aa0000)]
  0x000000001beb4000 JavaThread "jar transforms Thread 41" [_thread_blocked, id=7140, stack(0x00000000228a0000,0x00000000229a0000)]
  0x000000001beb2800 JavaThread "jar transforms Thread 40" [_thread_blocked, id=9296, stack(0x00000000227a0000,0x00000000228a0000)]
  0x000000001beb2000 JavaThread "jar transforms Thread 39" [_thread_blocked, id=8960, stack(0x00000000226a0000,0x00000000227a0000)]
  0x000000001beb0800 JavaThread "jar transforms Thread 38" [_thread_blocked, id=13916, stack(0x00000000225a0000,0x00000000226a0000)]
  0x000000001beb5000 JavaThread "jar transforms Thread 37" [_thread_blocked, id=15644, stack(0x00000000224a0000,0x00000000225a0000)]
  0x000000001bead800 JavaThread "jar transforms Thread 36" [_thread_blocked, id=3356, stack(0x00000000223a0000,0x00000000224a0000)]
  0x000000001beb1000 JavaThread "jar transforms Thread 35" [_thread_blocked, id=10464, stack(0x00000000222a0000,0x00000000223a0000)]
  0x000000001beb3800 JavaThread "jar transforms Thread 34" [_thread_blocked, id=14152, stack(0x00000000221a0000,0x00000000222a0000)]
  0x000000001beae000 JavaThread "jar transforms Thread 33" [_thread_blocked, id=1464, stack(0x00000000220a0000,0x00000000221a0000)]
  0x000000001beac800 JavaThread "jar transforms Thread 32" [_thread_blocked, id=12020, stack(0x0000000021fa0000,0x00000000220a0000)]
  0x000000001beaf800 JavaThread "jar transforms Thread 31" [_thread_blocked, id=4480, stack(0x0000000021ea0000,0x0000000021fa0000)]
  0x000000001c30b000 JavaThread "jar transforms Thread 30" [_thread_blocked, id=13776, stack(0x0000000021da0000,0x0000000021ea0000)]
  0x000000001c30b800 JavaThread "jar transforms Thread 29" [_thread_blocked, id=3928, stack(0x0000000021ca0000,0x0000000021da0000)]
  0x000000001c30a000 JavaThread "jar transforms Thread 28" [_thread_blocked, id=13784, stack(0x0000000021ba0000,0x0000000021ca0000)]
  0x000000001c308000 JavaThread "jar transforms Thread 27" [_thread_blocked, id=11668, stack(0x0000000021aa0000,0x0000000021ba0000)]
  0x000000001c308800 JavaThread "jar transforms Thread 26" [_thread_blocked, id=1100, stack(0x00000000219a0000,0x0000000021aa0000)]
  0x000000001c309800 JavaThread "jar transforms Thread 25" [_thread_blocked, id=11520, stack(0x00000000218a0000,0x00000000219a0000)]
  0x000000001c307000 JavaThread "jar transforms Thread 24" [_thread_blocked, id=10984, stack(0x00000000217a0000,0x00000000218a0000)]
  0x000000001c2ff800 JavaThread "jar transforms Thread 23" [_thread_blocked, id=440, stack(0x00000000216a0000,0x00000000217a0000)]
  0x000000001c306800 JavaThread "jar transforms Thread 22" [_thread_blocked, id=12636, stack(0x00000000215a0000,0x00000000216a0000)]
  0x000000001c2ff000 JavaThread "jar transforms Thread 21" [_thread_blocked, id=13848, stack(0x00000000214a0000,0x00000000215a0000)]
  0x000000001c305800 JavaThread "jar transforms Thread 20" [_thread_blocked, id=15164, stack(0x00000000213a0000,0x00000000214a0000)]
  0x000000001c2fe000 JavaThread "jar transforms Thread 19" [_thread_blocked, id=14940, stack(0x00000000212a0000,0x00000000213a0000)]
  0x000000001c305000 JavaThread "jar transforms Thread 18" [_thread_blocked, id=9200, stack(0x00000000211a0000,0x00000000212a0000)]
  0x000000001c304000 JavaThread "jar transforms Thread 17" [_thread_blocked, id=5472, stack(0x00000000210a0000,0x00000000211a0000)]
  0x000000001c302000 JavaThread "jar transforms Thread 16" [_thread_blocked, id=7576, stack(0x0000000020fa0000,0x00000000210a0000)]
  0x000000001c2fc800 JavaThread "jar transforms Thread 15" [_thread_blocked, id=13252, stack(0x0000000020ea0000,0x0000000020fa0000)]
  0x000000001c303800 JavaThread "jar transforms Thread 14" [_thread_blocked, id=2432, stack(0x0000000020da0000,0x0000000020ea0000)]
  0x000000001c2fd800 JavaThread "jar transforms Thread 13" [_thread_blocked, id=15580, stack(0x0000000020ca0000,0x0000000020da0000)]
  0x000000001c300800 JavaThread "jar transforms Thread 12" [_thread_blocked, id=5056, stack(0x0000000020ba0000,0x0000000020ca0000)]
  0x000000001c302800 JavaThread "jar transforms Thread 11" [_thread_blocked, id=2212, stack(0x0000000020aa0000,0x0000000020ba0000)]
  0x000000001c301000 JavaThread "jar transforms Thread 10" [_thread_blocked, id=4908, stack(0x00000000209a0000,0x0000000020aa0000)]
  0x0000000018d88000 JavaThread "jar transforms Thread 9" [_thread_blocked, id=16232, stack(0x00000000208a0000,0x00000000209a0000)]
  0x0000000018d87000 JavaThread "jar transforms Thread 8" [_thread_blocked, id=8604, stack(0x00000000207a0000,0x00000000208a0000)]
  0x0000000018d86800 JavaThread "jar transforms Thread 7" [_thread_blocked, id=3372, stack(0x00000000206a0000,0x00000000207a0000)]
  0x0000000018d85800 JavaThread "jar transforms Thread 6" [_thread_blocked, id=6756, stack(0x00000000205a0000,0x00000000206a0000)]
  0x0000000018d7e000 JavaThread "jar transforms Thread 5" [_thread_blocked, id=768, stack(0x00000000204a0000,0x00000000205a0000)]
  0x0000000018d80800 JavaThread "jar transforms Thread 4" [_thread_blocked, id=10624, stack(0x00000000203a0000,0x00000000204a0000)]
  0x0000000018d82000 JavaThread "jar transforms Thread 3" [_thread_blocked, id=16212, stack(0x00000000202a0000,0x00000000203a0000)]
  0x0000000018d85000 JavaThread "jar transforms Thread 2" [_thread_blocked, id=10676, stack(0x00000000201a0000,0x00000000202a0000)]
  0x0000000018d0e800 JavaThread "Cache worker for file content cache (C:\Users\Kernel_Develop_Hou\.gradle\caches\6.5\fileContent)" [_thread_blocked, id=11420, stack(0x000000001f2a0000,0x000000001f3a0000)]
  0x0000000018d10800 JavaThread "jar transforms" [_thread_blocked, id=11212, stack(0x000000001f1a0000,0x000000001f2a0000)]
  0x0000000018d0a800 JavaThread "Cache worker for execution history cache (C:\Users\Kernel_Develop_Hou\.gradle\caches\6.5\executionHistory)" [_thread_blocked, id=6588, stack(0x000000001eca0000,0x000000001eda0000)]
  0x0000000018d0d800 JavaThread "Cache worker for file hash cache (C:\Users\Kernel_Develop_Hou\.gradle\caches\6.5\fileHashes)" [_thread_blocked, id=8876, stack(0x000000001ac00000,0x000000001ad00000)]
  0x0000000018d0f000 JavaThread "File lock request listener" [_thread_in_native, id=5392, stack(0x000000001ab00000,0x000000001ac00000)]
  0x0000000018eb9800 JavaThread "Cache worker for journal cache (C:\Users\Kernel_Develop_Hou\.gradle\caches\journal-1)" [_thread_in_native, id=10936, stack(0x000000001aa00000,0x000000001ab00000)]
  0x000000001725e800 JavaThread "Daemon worker" [_thread_blocked, id=14956, stack(0x000000001a400000,0x000000001a500000)]
  0x0000000018afa800 JavaThread "Daemon" [_thread_blocked, id=13108, stack(0x000000001a000000,0x000000001a100000)]
  0x0000000018ac1000 JavaThread "Daemon periodic checks" [_thread_blocked, id=12264, stack(0x0000000019d00000,0x0000000019e00000)]
  0x0000000018ac0000 JavaThread "Incoming local TCP Connector on port 57770" [_thread_in_native, id=10928, stack(0x0000000019b50000,0x0000000019c50000)]
  0x00000000189f5000 JavaThread "Daemon health stats" [_thread_blocked, id=7752, stack(0x0000000019850000,0x0000000019950000)]
  0x0000000016198800 JavaThread "Service Thread" daemon [_thread_blocked, id=2664, stack(0x0000000016cb0000,0x0000000016db0000)]
  0x0000000016152000 JavaThread "C1 CompilerThread3" daemon [_thread_in_vm, id=688, stack(0x0000000016bb0000,0x0000000016cb0000)]
  0x000000001614a000 JavaThread "C2 CompilerThread2" daemon [_thread_in_native, id=4156, stack(0x0000000016ab0000,0x0000000016bb0000)]
  0x0000000016144800 JavaThread "C2 CompilerThread1" daemon [_thread_in_native, id=5480, stack(0x00000000169b0000,0x0000000016ab0000)]
=>0x0000000016141000 JavaThread "C2 CompilerThread0" daemon [_thread_in_native, id=14872, stack(0x00000000168b0000,0x00000000169b0000)]
  0x000000001613c000 JavaThread "Attach Listener" daemon [_thread_blocked, id=11824, stack(0x00000000167b0000,0x00000000168b0000)]
  0x00000000160e8800 JavaThread "Signal Dispatcher" daemon [_thread_blocked, id=11940, stack(0x00000000166b0000,0x00000000167b0000)]
  0x00000000160d0800 JavaThread "Finalizer" daemon [_thread_blocked, id=13412, stack(0x00000000165b0000,0x00000000166b0000)]
  0x00000000142dc000 JavaThread "Reference Handler" daemon [_thread_blocked, id=15440, stack(0x00000000164b0000,0x00000000165b0000)]
  0x0000000002a6e000 JavaThread "main" [_thread_blocked, id=14620, stack(0x0000000002430000,0x0000000002530000)]

Other Threads:
  0x00000000142d7800 VMThread [stack: 0x0000000015fb0000,0x00000000160b0000] [id=7296]
  0x0000000016199000 WatcherThread [stack: 0x0000000016db0000,0x0000000016eb0000] [id=7244]

VM state:not at safepoint (normal execution)

VM Mutex/Monitor currently owned by a thread: None

OutOfMemory and StackOverflow Exception counts:
OutOfMemoryError java_heap_errors=1

heap address: 0x00000000e0000000, size: 512 MB, Compressed Oops mode: 32-bit
Narrow klass base: 0x0000000000000000, Narrow klass shift: 3
Compressed class space size: 1073741824 Address: 0x0000000100000000

Heap:
 PSYoungGen      total 122368K, used 84853K [0x00000000f5580000, 0x00000000fff80000, 0x0000000100000000)
  eden space 72192K, 75% used [0x00000000f5580000,0x00000000f8aa4c98,0x00000000f9c00000)
  from space 50176K, 60% used [0x00000000fcd80000,0x00000000feb3aad0,0x00000000ffe80000)
  to   space 50688K, 0% used [0x00000000f9c00000,0x00000000f9c00000,0x00000000fcd80000)
 ParOldGen       total 331264K, used 177290K [0x00000000e0000000, 0x00000000f4380000, 0x00000000f5580000)
  object space 331264K, 53% used [0x00000000e0000000,0x00000000ead22bf0,0x00000000f4380000)
 Metaspace       used 84634K, capacity 88780K, committed 88920K, reserved 1126400K
  class space    used 11352K, capacity 12139K, committed 12160K, reserved 1048576K

Card table byte_map: [0x0000000011e30000,0x0000000011f40000] byte_map_base: 0x0000000011730000

Marking Bits: (ParMarkBitMap*) 0x000000007339f030
 Begin Bits: [0x00000000127f0000, 0x0000000012ff0000)
 End Bits:   [0x0000000012ff0000, 0x00000000137f0000)

Polling page: 0x00000000003d0000

CodeCache: size=245760Kb used=35565Kb max_used=35575Kb free=210194Kb
 bounds [0x0000000002a70000, 0x0000000004d70000, 0x0000000011a70000]
 total_blobs=12065 nmethods=11230 adapters=747
 compilation: enabled

Compilation events (10 events):
Event: 25.917 Thread 0x0000000016152000 13649       1       org.gradle.api.internal.artifacts.transform.DefaultTransformerInvocationFactory$TransformerExecution::validate (1 bytes)
Event: 25.918 Thread 0x0000000016152000 nmethod 13649 0x0000000004d4a3d0 code [0x0000000004d4a520, 0x0000000004d4a630]
Event: 25.926 Thread 0x0000000016152000 13650       1       org.gradle.internal.Try$Success::mapFailure (2 bytes)
Event: 25.926 Thread 0x0000000016152000 nmethod 13650 0x0000000004d4a110 code [0x0000000004d4a260, 0x0000000004d4a370]
Event: 25.928 Thread 0x0000000016152000 13651       1       org.gradle.internal.execution.UnitOfWork::getOverlappingOutputHandling (4 bytes)
Event: 25.928 Thread 0x0000000016152000 nmethod 13651 0x0000000004d49e50 code [0x0000000004d49fa0, 0x0000000004d4a0b0]
Event: 25.932 Thread 0x0000000016152000 13652       1       org.gradle.internal.execution.UnitOfWork::markLegacySnapshottingInputsFinished (1 bytes)
Event: 25.933 Thread 0x0000000016152000 nmethod 13652 0x0000000004d49b90 code [0x0000000004d49ce0, 0x0000000004d49df0]
Event: 25.940 Thread 0x000000001614a000 nmethod 13647 0x0000000004d60090 code [0x0000000004d60260, 0x0000000004d60bf8]
Event: 25.940 Thread 0x000000001614a000 13635       4       org.gradle.internal.vfs.impl.DefaultVirtualFileSystem::read (12 bytes)

GC Heap History (10 events):
Event: 19.462 GC heap before
{Heap before GC invocations=25 (full 4):
 PSYoungGen      total 116224K, used 92369K [0x00000000f5580000, 0x00000000ffe00000, 0x0000000100000000)
  eden space 64000K, 99% used [0x00000000f5580000,0x00000000f93d5268,0x00000000f9400000)
  from space 52224K, 54% used [0x00000000fcb00000,0x00000000fe6df340,0x00000000ffe00000)
  to   space 54272K, 0% used [0x00000000f9400000,0x00000000f9400000,0x00000000fc900000)
 ParOldGen       total 224768K, used 164155K [0x00000000e0000000, 0x00000000edb80000, 0x00000000f5580000)
  object space 224768K, 73% used [0x00000000e0000000,0x00000000ea04efb0,0x00000000edb80000)
 Metaspace       used 79399K, capacity 83200K, committed 83544K, reserved 1122304K
  class space    used 10907K, capacity 11627K, committed 11648K, reserved 1048576K
Event: 19.482 GC heap after
Heap after GC invocations=25 (full 4):
 PSYoungGen      total 118272K, used 26207K [0x00000000f5580000, 0x00000000fff00000, 0x0000000100000000)
  eden space 64000K, 0% used [0x00000000f5580000,0x00000000f5580000,0x00000000f9400000)
  from space 54272K, 48% used [0x00000000f9400000,0x00000000fad97ca8,0x00000000fc900000)
  to   space 52736K, 0% used [0x00000000fcb80000,0x00000000fcb80000,0x00000000fff00000)
 ParOldGen       total 224768K, used 164163K [0x00000000e0000000, 0x00000000edb80000, 0x00000000f5580000)
  object space 224768K, 73% used [0x00000000e0000000,0x00000000ea050fb0,0x00000000edb80000)
 Metaspace       used 79399K, capacity 83200K, committed 83544K, reserved 1122304K
  class space    used 10907K, capacity 11627K, committed 11648K, reserved 1048576K
}
Event: 20.007 GC heap before
{Heap before GC invocations=26 (full 4):
 PSYoungGen      total 118272K, used 75354K [0x00000000f5580000, 0x00000000fff00000, 0x0000000100000000)
  eden space 64000K, 76% used [0x00000000f5580000,0x00000000f857ec10,0x00000000f9400000)
  from space 54272K, 48% used [0x00000000f9400000,0x00000000fad97ca8,0x00000000fc900000)
  to   space 52736K, 0% used [0x00000000fcb80000,0x00000000fcb80000,0x00000000fff00000)
 ParOldGen       total 224768K, used 164163K [0x00000000e0000000, 0x00000000edb80000, 0x00000000f5580000)
  object space 224768K, 73% used [0x00000000e0000000,0x00000000ea050fb0,0x00000000edb80000)
 Metaspace       used 79575K, capacity 83438K, committed 83800K, reserved 1122304K
  class space    used 10920K, capacity 11646K, committed 11648K, reserved 1048576K
Event: 20.027 GC heap after
Heap after GC invocations=26 (full 4):
 PSYoungGen      total 117760K, used 10543K [0x00000000f5580000, 0x00000000ffc80000, 0x0000000100000000)
  eden space 67584K, 0% used [0x00000000f5580000,0x00000000f5580000,0x00000000f9780000)
  from space 50176K, 21% used [0x00000000fcb80000,0x00000000fd5cbe50,0x00000000ffc80000)
  to   space 51712K, 0% used [0x00000000f9780000,0x00000000f9780000,0x00000000fca00000)
 ParOldGen       total 224768K, used 189776K [0x00000000e0000000, 0x00000000edb80000, 0x00000000f5580000)
  object space 224768K, 84% used [0x00000000e0000000,0x00000000eb9542c8,0x00000000edb80000)
 Metaspace       used 79575K, capacity 83438K, committed 83800K, reserved 1122304K
  class space    used 10920K, capacity 11646K, committed 11648K, reserved 1048576K
}
Event: 20.027 GC heap before
{Heap before GC invocations=27 (full 5):
 PSYoungGen      total 117760K, used 10543K [0x00000000f5580000, 0x00000000ffc80000, 0x0000000100000000)
  eden space 67584K, 0% used [0x00000000f5580000,0x00000000f5580000,0x00000000f9780000)
  from space 50176K, 21% used [0x00000000fcb80000,0x00000000fd5cbe50,0x00000000ffc80000)
  to   space 51712K, 0% used [0x00000000f9780000,0x00000000f9780000,0x00000000fca00000)
 ParOldGen       total 224768K, used 189776K [0x00000000e0000000, 0x00000000edb80000, 0x00000000f5580000)
  object space 224768K, 84% used [0x00000000e0000000,0x00000000eb9542c8,0x00000000edb80000)
 Metaspace       used 79575K, capacity 83438K, committed 83800K, reserved 1122304K
  class space    used 10920K, capacity 11646K, committed 11648K, reserved 1048576K
Event: 20.624 GC heap after
Heap after GC invocations=27 (full 5):
 PSYoungGen      total 117760K, used 0K [0x00000000f5580000, 0x00000000ffc80000, 0x0000000100000000)
  eden space 67584K, 0% used [0x00000000f5580000,0x00000000f5580000,0x00000000f9780000)
  from space 50176K, 0% used [0x00000000fcb80000,0x00000000fcb80000,0x00000000ffc80000)
  to   space 51712K, 0% used [0x00000000f9780000,0x00000000f9780000,0x00000000fca00000)
 ParOldGen       total 331264K, used 177274K [0x00000000e0000000, 0x00000000f4380000, 0x00000000f5580000)
  object space 331264K, 53% used [0x00000000e0000000,0x00000000ead1ebf0,0x00000000f4380000)
 Metaspace       used 79486K, capacity 83176K, committed 83800K, reserved 1122304K
  class space    used 10890K, capacity 11595K, committed 11648K, reserved 1048576K
}
Event: 21.417 GC heap before
{Heap before GC invocations=28 (full 5):
 PSYoungGen      total 117760K, used 67584K [0x00000000f5580000, 0x00000000ffc80000, 0x0000000100000000)
  eden space 67584K, 100% used [0x00000000f5580000,0x00000000f9780000,0x00000000f9780000)
  from space 50176K, 0% used [0x00000000fcb80000,0x00000000fcb80000,0x00000000ffc80000)
  to   space 51712K, 0% used [0x00000000f9780000,0x00000000f9780000,0x00000000fca00000)
 ParOldGen       total 331264K, used 177274K [0x00000000e0000000, 0x00000000f4380000, 0x00000000f5580000)
  object space 331264K, 53% used [0x00000000e0000000,0x00000000ead1ebf0,0x00000000f4380000)
 Metaspace       used 82019K, capacity 86028K, committed 86232K, reserved 1124352K
  class space    used 11197K, capacity 11973K, committed 12032K, reserved 1048576K
Event: 21.426 GC heap after
Heap after GC invocations=28 (full 5):
 PSYoungGen      total 119296K, used 24579K [0x00000000f5580000, 0x00000000ffe80000, 0x0000000100000000)
  eden space 67584K, 0% used [0x00000000f5580000,0x00000000f5580000,0x00000000f9780000)
  from space 51712K, 47% used [0x00000000f9780000,0x00000000faf80fb8,0x00000000fca00000)
  to   space 50176K, 0% used [0x00000000fcd80000,0x00000000fcd80000,0x00000000ffe80000)
 ParOldGen       total 331264K, used 177282K [0x00000000e0000000, 0x00000000f4380000, 0x00000000f5580000)
  object space 331264K, 53% used [0x00000000e0000000,0x00000000ead20bf0,0x00000000f4380000)
 Metaspace       used 82019K, capacity 86028K, committed 86232K, reserved 1124352K
  class space    used 11197K, capacity 11973K, committed 12032K, reserved 1048576K
}
Event: 25.357 GC heap before
{Heap before GC invocations=29 (full 5):
 PSYoungGen      total 119296K, used 92163K [0x00000000f5580000, 0x00000000ffe80000, 0x0000000100000000)
  eden space 67584K, 100% used [0x00000000f5580000,0x00000000f9780000,0x00000000f9780000)
  from space 51712K, 47% used [0x00000000f9780000,0x00000000faf80fb8,0x00000000fca00000)
  to   space 50176K, 0% used [0x00000000fcd80000,0x00000000fcd80000,0x00000000ffe80000)
 ParOldGen       total 331264K, used 177282K [0x00000000e0000000, 0x00000000f4380000, 0x00000000f5580000)
  object space 331264K, 53% used [0x00000000e0000000,0x00000000ead20bf0,0x00000000f4380000)
 Metaspace       used 84527K, capacity 88584K, committed 88664K, reserved 1126400K
  class space    used 11352K, capacity 12139K, committed 12160K, reserved 1048576K
Event: 25.369 GC heap after
Heap after GC invocations=29 (full 5):
 PSYoungGen      total 122368K, used 30442K [0x00000000f5580000, 0x00000000fff80000, 0x0000000100000000)
  eden space 72192K, 0% used [0x00000000f5580000,0x00000000f5580000,0x00000000f9c00000)
  from space 50176K, 60% used [0x00000000fcd80000,0x00000000feb3aad0,0x00000000ffe80000)
  to   space 50688K, 0% used [0x00000000f9c00000,0x00000000f9c00000,0x00000000fcd80000)
 ParOldGen       total 331264K, used 177290K [0x00000000e0000000, 0x00000000f4380000, 0x00000000f5580000)
  object space 331264K, 53% used [0x00000000e0000000,0x00000000ead22bf0,0x00000000f4380000)
 Metaspace       used 84527K, capacity 88584K, committed 88664K, reserved 1126400K
  class space    used 11352K, capacity 12139K, committed 12160K, reserved 1048576K
}

Deoptimization events (10 events):
Event: 25.025 Thread 0x000000001725e800 Uncommon trap: reason=bimorphic action=maybe_recompile pc=0x0000000003b7a094 method=org.codehaus.groovy.util.SingleKeyHashMap.get(Ljava/lang/Object;)Ljava/lang/Object; @ 43
Event: 25.025 Thread 0x000000001725e800 Uncommon trap: reason=class_check action=maybe_recompile pc=0x0000000003063000 method=java.lang.Throwable.<init>(Ljava/lang/String;Ljava/lang/Throwable;)V @ 24
Event: 25.026 Thread 0x000000001725e800 Uncommon trap: reason=unstable_if action=reinterpret pc=0x0000000002eab54c method=org.gradle.internal.logging.text.AbstractLineChoppingStyledTextOutput$2.execute(Lorg/gradle/internal/logging/text/AbstractLineChoppingStyledTextOutput$StateContext;)V @ 30
Event: 25.046 Thread 0x000000001725e800 Uncommon trap: reason=unstable_if action=reinterpret pc=0x00000000047cb484 method=java.util.concurrent.atomic.AtomicBoolean.compareAndSet(ZZ)Z @ 11
Event: 25.166 Thread 0x000000001725e800 Uncommon trap: reason=class_check action=maybe_recompile pc=0x00000000048a4ce0 method=java.util.Spliterators$ArraySpliterator.tryAdvance(Ljava/util/function/Consumer;)Z @ 49
Event: 25.216 Thread 0x000000001725e800 Uncommon trap: reason=class_check action=maybe_recompile pc=0x00000000048a4ce0 method=java.util.Spliterators$ArraySpliterator.tryAdvance(Ljava/util/function/Consumer;)Z @ 49
Event: 25.297 Thread 0x00000000175ed800 Uncommon trap: reason=class_check action=maybe_recompile pc=0x00000000043a7f28 method=org.gradle.internal.vfs.impl.DefaultVirtualFileSystem.readLocation(Ljava/lang/String;)Lorg/gradle/internal/snapshot/CompleteFileSystemLocationSnapshot; @ 8
Event: 25.459 Thread 0x00000000175ed800 Uncommon trap: reason=null_check action=make_not_entrant pc=0x0000000004490db4 method=org.gradle.internal.action.InstantiatingAction.execute(Ljava/lang/Object;)V @ 52
Event: 25.706 Thread 0x0000000028f1f800 Uncommon trap: reason=unstable_if action=reinterpret pc=0x00000000043e3a38 method=java.util.concurrent.ConcurrentLinkedQueue.offer(Ljava/lang/Object;)Z @ 72
Event: 25.801 Thread 0x0000000028f28000 Uncommon trap: reason=unstable_if action=reinterpret pc=0x000000000411b418 method=java.util.concurrent.ConcurrentLinkedQueue.poll()Ljava/lang/Object; @ 74

Classes redefined (0 events):
No events

Internal exceptions (10 events):
Event: 21.465 Thread 0x0000000018afa800 Exception <a 'java/lang/NoSuchMethodError': <clinit>> (0x00000000f5b47dc0) thrown at [C:\src\AOSP-openjdk-git\hotspot\src\share\vm\prims\jni.cpp, line 1615]
Event: 21.466 Thread 0x0000000018afa800 Exception <a 'java/lang/NoSuchMethodError': <clinit>> (0x00000000f5b57720) thrown at [C:\src\AOSP-openjdk-git\hotspot\src\share\vm\prims\jni.cpp, line 1615]
Event: 21.466 Thread 0x0000000018afa800 Exception <a 'java/lang/NoSuchMethodError': <clinit>> (0x00000000f5b59bd0) thrown at [C:\src\AOSP-openjdk-git\hotspot\src\share\vm\prims\jni.cpp, line 1615]
Event: 21.467 Thread 0x0000000018afa800 Exception <a 'java/lang/NoSuchMethodError': <clinit>> (0x00000000f5c12048) thrown at [C:\src\AOSP-openjdk-git\hotspot\src\share\vm\prims\jni.cpp, line 1615]
Event: 21.468 Thread 0x0000000018afa800 Exception <a 'java/lang/NoSuchMethodError': <clinit>> (0x00000000f5c1d3f8) thrown at [C:\src\AOSP-openjdk-git\hotspot\src\share\vm\prims\jni.cpp, line 1615]
Event: 21.470 Thread 0x0000000018afa800 Exception <a 'java/lang/NoSuchMethodError': <clinit>> (0x00000000f5c301a8) thrown at [C:\src\AOSP-openjdk-git\hotspot\src\share\vm\prims\jni.cpp, line 1615]
Event: 24.724 Thread 0x000000001725e800 Implicit null exception at 0x000000000354a9be to 0x000000000354b370
Event: 24.790 Thread 0x000000001725e800 Implicit null exception at 0x000000000445af73 to 0x000000000445c9d5
Event: 25.174 Thread 0x000000001725e800 Exception <a 'sun/nio/fs/WindowsException'> (0x00000000f8c21978) thrown at [C:\src\AOSP-openjdk-git\hotspot\src\share\vm\prims\jni.cpp, line 710]
Event: 25.459 Thread 0x00000000175ed800 Implicit null exception at 0x000000000448dff6 to 0x0000000004490d45

Events (10 events):
Event: 25.489 Executing VM operation: RevokeBias
Event: 25.489 Executing VM operation: RevokeBias done
Event: 25.489 Executing VM operation: RevokeBias
Event: 25.489 Executing VM operation: RevokeBias done
Event: 25.706 Thread 0x0000000028f1f800 Uncommon trap: trap_request=0xffffff65 fr.pc=0x00000000043e3a38
Event: 25.706 Thread 0x0000000028f1f800 DEOPT PACKING pc=0x00000000043e3a38 sp=0x000000002fc9dec0
Event: 25.706 Thread 0x0000000028f1f800 DEOPT UNPACKING pc=0x0000000002ab557b sp=0x000000002fc9dcf0 mode 2
Event: 25.801 Thread 0x0000000028f28000 Uncommon trap: trap_request=0xffffff65 fr.pc=0x000000000411b418
Event: 25.801 Thread 0x0000000028f28000 DEOPT PACKING pc=0x000000000411b418 sp=0x000000002fe9dd90
Event: 25.801 Thread 0x0000000028f28000 DEOPT UNPACKING pc=0x0000000002ab557b sp=0x000000002fe9dcc0 mode 2


Dynamic libraries:
0x00007ff7b4b90000 - 0x00007ff7b4bc1000 	C:\Program Files\Android\Android Studio\jre\bin\java.exe
0x00007ffc5a820000 - 0x00007ffc5aa0d000 	C:\windows\SYSTEM32\ntdll.dll
0x00007ffc58510000 - 0x00007ffc585c3000 	C:\windows\System32\KERNEL32.DLL
0x00007ffc56ac0000 - 0x00007ffc56d53000 	C:\windows\System32\KERNELBASE.dll
0x00007ffc57d40000 - 0x00007ffc57de3000 	C:\windows\System32\ADVAPI32.dll
0x00007ffc5a750000 - 0x00007ffc5a7ee000 	C:\windows\System32\msvcrt.dll
0x00007ffc590c0000 - 0x00007ffc5915e000 	C:\windows\System32\sechost.dll
0x00007ffc58b60000 - 0x00007ffc58c82000 	C:\windows\System32\RPCRT4.dll
0x00007ffc58d80000 - 0x00007ffc58f17000 	C:\windows\System32\USER32.dll
0x00007ffc56910000 - 0x00007ffc56930000 	C:\windows\System32\win32u.dll
0x00007ffc58ac0000 - 0x00007ffc58ae9000 	C:\windows\System32\GDI32.dll
0x00007ffc56d60000 - 0x00007ffc56ef9000 	C:\windows\System32\gdi32full.dll
0x00007ffc56930000 - 0x00007ffc569d0000 	C:\windows\System32\msvcp_win.dll
0x00007ffc57940000 - 0x00007ffc57a3a000 	C:\windows\System32\ucrtbase.dll
0x00007ffc46510000 - 0x00007ffc46789000 	C:\windows\WinSxS\amd64_microsoft.windows.common-controls_6595b64144ccf1df_6.0.17763.1098_none_de762ed45346ee8a\COMCTL32.dll
0x00007ffc581e0000 - 0x00007ffc5850c000 	C:\windows\System32\combase.dll
0x00007ffc569d0000 - 0x00007ffc56a4e000 	C:\windows\System32\bcryptPrimitives.dll
0x00007ffc57fa0000 - 0x00007ffc57fce000 	C:\windows\System32\IMM32.DLL
0x0000000072850000 - 0x0000000072922000 	C:\Program Files\Android\Android Studio\jre\jre\bin\msvcr100.dll
0x0000000072bd0000 - 0x000000007341b000 	C:\Program Files\Android\Android Studio\jre\jre\bin\server\jvm.dll
0x00007ffc58cf0000 - 0x00007ffc58cf8000 	C:\windows\System32\PSAPI.DLL
0x00007ffc332e0000 - 0x00007ffc332e9000 	C:\windows\SYSTEM32\WSOCK32.dll
0x00007ffc474b0000 - 0x00007ffc474d4000 	C:\windows\SYSTEM32\WINMM.dll
0x00007ffc4f200000 - 0x00007ffc4f20a000 	C:\windows\SYSTEM32\VERSION.dll
0x00007ffc585d0000 - 0x00007ffc5863d000 	C:\windows\System32\WS2_32.dll
0x00007ffc47480000 - 0x00007ffc474ad000 	C:\windows\SYSTEM32\winmmbase.dll
0x00007ffc56a50000 - 0x00007ffc56a9a000 	C:\windows\System32\cfgmgr32.dll
0x00007ffc3bf10000 - 0x00007ffc3bf1f000 	C:\Program Files\Android\Android Studio\jre\jre\bin\verify.dll
0x00007ffc3bbb0000 - 0x00007ffc3bbd9000 	C:\Program Files\Android\Android Studio\jre\jre\bin\java.dll
0x00007ffc3bb10000 - 0x00007ffc3bb26000 	C:\Program Files\Android\Android Studio\jre\jre\bin\zip.dll
0x00007ffc59160000 - 0x00007ffc5a654000 	C:\windows\System32\SHELL32.dll
0x00007ffc58130000 - 0x00007ffc581d8000 	C:\windows\System32\shcore.dll
0x00007ffc56f00000 - 0x00007ffc5764d000 	C:\windows\System32\windows.storage.dll
0x00007ffc56810000 - 0x00007ffc56834000 	C:\windows\System32\profapi.dll
0x00007ffc56880000 - 0x00007ffc568dd000 	C:\windows\System32\powrprof.dll
0x00007ffc57bb0000 - 0x00007ffc57c02000 	C:\windows\System32\shlwapi.dll
0x00007ffc56840000 - 0x00007ffc56851000 	C:\windows\System32\kernel.appcore.dll
0x00007ffc56aa0000 - 0x00007ffc56ab7000 	C:\windows\System32\cryptsp.dll
0x00007ffc3b4e0000 - 0x00007ffc3b4fa000 	C:\Program Files\Android\Android Studio\jre\jre\bin\net.dll
0x00007ffc56080000 - 0x00007ffc560e7000 	C:\windows\system32\mswsock.dll
0x00007ffc3b4c0000 - 0x00007ffc3b4d3000 	C:\Program Files\Android\Android Studio\jre\jre\bin\nio.dll
0x00007ffc39ef0000 - 0x00007ffc39f17000 	C:\Users\Kernel_Develop_Hou\.gradle\native\f6784746aeab05261644944871eae4fe03e0ef1612fff0a4a95f87b438bc6780\windows-amd64\native-platform.dll
0x00007ffc3bba0000 - 0x00007ffc3bbad000 	C:\Program Files\Android\Android Studio\jre\jre\bin\management.dll
0x00007ffc55c00000 - 0x00007ffc55c33000 	C:\windows\system32\rsaenh.dll
0x00007ffc568e0000 - 0x00007ffc56906000 	C:\windows\System32\bcrypt.dll
0x00007ffc56710000 - 0x00007ffc56738000 	C:\windows\SYSTEM32\USERENV.dll
0x00007ffc56250000 - 0x00007ffc5625c000 	C:\windows\SYSTEM32\CRYPTBASE.dll
0x00007ffc55da0000 - 0x00007ffc55ddd000 	C:\windows\SYSTEM32\IPHLPAPI.DLL
0x00007ffc58f20000 - 0x00007ffc58f28000 	C:\windows\System32\NSI.dll
0x00007ffc52f40000 - 0x00007ffc52f56000 	C:\windows\SYSTEM32\dhcpcsvc6.DLL
0x00007ffc52f10000 - 0x00007ffc52f2c000 	C:\windows\SYSTEM32\dhcpcsvc.DLL
0x00007ffc55de0000 - 0x00007ffc55ea6000 	C:\windows\SYSTEM32\DNSAPI.dll
0x00007ffc51c20000 - 0x00007ffc51c2b000 	C:\windows\SYSTEM32\WINNSI.DLL

VM Arguments:
jvm_args: -Xmx512m -Dfile.encoding=UTF-8 -Duser.country=CN -Duser.language=zh -Duser.variant 
java_command: org.gradle.launcher.daemon.bootstrap.GradleDaemon 6.5
java_class_path (initial): C:\Users\Kernel_Develop_Hou\.gradle\wrapper\dists\gradle-6.5-all\2oz4ud9k3tuxjg84bbf55q0tn\gradle-6.5\lib\gradle-launcher-6.5.jar
Launcher Type: SUN_STANDARD

Environment Variables:
PATH=C:\windows\system32;C:\windows;C:\windows\System32\Wbem;C:\windows\System32\WindowsPowerShell\v1.0\;C:\windows\System32\OpenSSH\;C:\Program Files (x86)\NVIDIA Corporation\PhysX\Common;C:\Program Files (x86)\Intel\Intel(R) Management Engine Components\DAL;C:\Program Files\Intel\Intel(R) Management Engine Components\DAL;C:\Users\Kernel_Develop_Hou\AppData\Local\Microsoft\WindowsApps;
USERNAME=Kernel_Develop_Hou
OS=Windows_NT
PROCESSOR_IDENTIFIER=Intel64 Family 6 Model 142 Stepping 11, GenuineIntel



---------------  S Y S T E M  ---------------

OS: Windows 10.0 , 64 bit Build 17763 (10.0.17763.475)

CPU:total 8 (initial active 8) (4 cores per cpu, 2 threads per core) family 6 model 142 stepping 11, cmov, cx8, fxsr, mmx, sse, sse2, sse3, ssse3, sse4.1, sse4.2, popcnt, avx, avx2, aes, clmul, erms, 3dnowpref, lzcnt, ht, tsc, tscinvbit, bmi1, bmi2, adx

Memory: 4k page, physical 8258368k(458460k free), swap 18744124k(5528k free)

vm_info: OpenJDK 64-Bit Server VM (25.242-b01) for windows-amd64 JRE (1.8.0_242-release-1644-b01), built by "builder" with MS VC++ 10.0 (VS2010)

time: Sun Feb 07 17:25:15 2021
timezone: 中国标准时间
elapsed time: 25 seconds (0d 0h 0m 25s)

