#
# There is insufficient memory for the Java Runtime Environment to continue.
# Native memory allocation (malloc) failed to allocate 1081936 bytes for Chunk::new
# Possible reasons:
#   The system is out of physical RAM or swap space
#   The process is running with CompressedOops enabled, and the Java Heap may be blocking the growth of the native heap
# Possible solutions:
#   Reduce memory load on the system
#   Increase physical memory or swap space
#   Check if swap backing store is full
#   Decrease Java heap size (-Xmx/-Xms)
#   Decrease number of Java threads
#   Decrease Java thread stack sizes (-Xss)
#   Set larger code cache with -XX:ReservedCodeCacheSize=
#   JVM is running with Unscaled Compressed Oops mode in which the Java heap is
#     placed in the first 4GB address space. The Java Heap base address is the
#     maximum limit for the native heap growth. Please use -XX:HeapBaseMinAddress
#     to set the Java Heap base and to place the Java Heap above 4GB virtual address.
# This output file may be truncated or incomplete.
#
#  Out of Memory Error (allocation.cpp:389), pid=7152, tid=0x0000000000003a70
#
# JRE version: OpenJDK Runtime Environment (8.0_242-b01) (build 1.8.0_242-release-1644-b01)
# Java VM: OpenJDK 64-Bit Server VM (25.242-b01 mixed mode windows-amd64 compressed oops)
# Failed to write core dump. Minidumps are not enabled by default on client versions of Windows
#

---------------  T H R E A D  ---------------

Current thread (0x000000001966d800):  JavaThread "C2 CompilerThread0" daemon [_thread_in_native, id=14960, stack(0x0000000019e30000,0x0000000019f30000)]

Stack: [0x0000000019e30000,0x0000000019f30000]
[error occurred during error reporting (printing stack bounds), id 0xc0000005]

Native frames: (J=compiled Java code, j=interpreted, Vv=VM code, C=native code)


Current CompileTask:
C2:   8815 4650   !   4       java.security.SecureClassLoader::getProtectionDomain (114 bytes)


---------------  P R O C E S S  ---------------

Java Threads: ( => current thread )
  0x000000001af40800 JavaThread "jar transforms Thread 113" [_thread_blocked, id=6936, stack(0x000000002b9e0000,0x000000002bae0000)]
  0x000000001af3a800 JavaThread "jar transforms Thread 112" [_thread_blocked, id=4688, stack(0x000000002b8e0000,0x000000002b9e0000)]
  0x000000001af39000 JavaThread "jar transforms Thread 111" [_thread_blocked, id=16164, stack(0x000000002b7e0000,0x000000002b8e0000)]
  0x000000001af39800 JavaThread "jar transforms Thread 110" [_thread_blocked, id=22660, stack(0x000000002b6e0000,0x000000002b7e0000)]
  0x000000001af3f800 JavaThread "jar transforms Thread 109" [_thread_blocked, id=13908, stack(0x000000002b5e0000,0x000000002b6e0000)]
  0x000000001af3f000 JavaThread "jar transforms Thread 108" [_thread_blocked, id=8928, stack(0x000000002b4e0000,0x000000002b5e0000)]
  0x000000002161e000 JavaThread "jar transforms Thread 107" [_thread_blocked, id=17464, stack(0x000000002b3e0000,0x000000002b4e0000)]
  0x000000002161c800 JavaThread "jar transforms Thread 106" [_thread_blocked, id=8548, stack(0x000000002b2e0000,0x000000002b3e0000)]
  0x0000000021620800 JavaThread "jar transforms Thread 105" [_thread_blocked, id=5516, stack(0x000000002b1e0000,0x000000002b2e0000)]
  0x000000002161c000 JavaThread "jar transforms Thread 104" [_thread_blocked, id=5256, stack(0x000000002b0e0000,0x000000002b1e0000)]
  0x0000000021619800 JavaThread "jar transforms Thread 103" [_thread_blocked, id=760, stack(0x000000002afe0000,0x000000002b0e0000)]
  0x000000002161a800 JavaThread "jar transforms Thread 102" [_thread_blocked, id=23108, stack(0x000000002aee0000,0x000000002afe0000)]
  0x000000002161f000 JavaThread "jar transforms Thread 101" [_thread_blocked, id=17076, stack(0x000000002ade0000,0x000000002aee0000)]
  0x000000002161f800 JavaThread "jar transforms Thread 100" [_thread_blocked, id=18580, stack(0x000000002ace0000,0x000000002ade0000)]
  0x000000002161b000 JavaThread "jar transforms Thread 99" [_thread_blocked, id=7804, stack(0x000000002abe0000,0x000000002ace0000)]
  0x000000002161d800 JavaThread "jar transforms Thread 98" [_thread_blocked, id=21600, stack(0x000000002aae0000,0x000000002abe0000)]
  0x0000000021612000 JavaThread "jar transforms Thread 97" [_thread_blocked, id=25252, stack(0x000000002a9e0000,0x000000002aae0000)]
  0x0000000021613800 JavaThread "jar transforms Thread 96" [_thread_blocked, id=19876, stack(0x000000002a8e0000,0x000000002a9e0000)]
  0x0000000021619000 JavaThread "jar transforms Thread 95" [_thread_blocked, id=1648, stack(0x000000002a7e0000,0x000000002a8e0000)]
  0x0000000021611000 JavaThread "jar transforms Thread 94" [_thread_blocked, id=24520, stack(0x000000002a6e0000,0x000000002a7e0000)]
  0x0000000021614000 JavaThread "jar transforms Thread 93" [_thread_blocked, id=6880, stack(0x000000002a5e0000,0x000000002a6e0000)]
  0x0000000021617000 JavaThread "jar transforms Thread 92" [_thread_blocked, id=16516, stack(0x000000002a4e0000,0x000000002a5e0000)]
  0x0000000021615800 JavaThread "jar transforms Thread 91" [_thread_blocked, id=13760, stack(0x000000002a3e0000,0x000000002a4e0000)]
  0x0000000021618000 JavaThread "jar transforms Thread 90" [_thread_blocked, id=11248, stack(0x000000002a2e0000,0x000000002a3e0000)]
  0x0000000021615000 JavaThread "jar transforms Thread 89" [_thread_blocked, id=11148, stack(0x000000002a1e0000,0x000000002a2e0000)]
  0x0000000021612800 JavaThread "jar transforms Thread 88" [_thread_blocked, id=7380, stack(0x000000002a0e0000,0x000000002a1e0000)]
  0x0000000021616800 JavaThread "jar transforms Thread 87" [_thread_blocked, id=14080, stack(0x0000000029ee0000,0x0000000029fe0000)]
  0x000000001f6e4000 JavaThread "jar transforms Thread 86" [_thread_blocked, id=13296, stack(0x0000000029de0000,0x0000000029ee0000)]
  0x000000001f6e3800 JavaThread "jar transforms Thread 85" [_thread_blocked, id=10944, stack(0x0000000029ce0000,0x0000000029de0000)]
  0x000000001f6e2000 JavaThread "jar transforms Thread 84" [_thread_blocked, id=20188, stack(0x0000000029be0000,0x0000000029ce0000)]
  0x000000001f6e1000 JavaThread "jar transforms Thread 83" [_thread_blocked, id=14332, stack(0x0000000029ae0000,0x0000000029be0000)]
  0x000000001f6e2800 JavaThread "jar transforms Thread 82" [_thread_blocked, id=1404, stack(0x00000000299e0000,0x0000000029ae0000)]
  0x000000001f6e5000 JavaThread "jar transforms Thread 81" [_thread_blocked, id=3296, stack(0x00000000298e0000,0x00000000299e0000)]
  0x000000001f6e0800 JavaThread "jar transforms Thread 80" [_thread_blocked, id=14492, stack(0x00000000297e0000,0x00000000298e0000)]
  0x000000001f6df800 JavaThread "jar transforms Thread 79" [_thread_blocked, id=14108, stack(0x00000000296e0000,0x00000000297e0000)]
  0x000000001f6d8000 JavaThread "jar transforms Thread 78" [_thread_blocked, id=3196, stack(0x00000000295e0000,0x00000000296e0000)]
  0x000000001f6df000 JavaThread "jar transforms Thread 77" [_thread_blocked, id=16888, stack(0x00000000294e0000,0x00000000295e0000)]
  0x000000001f6d7800 JavaThread "jar transforms Thread 76" [_thread_blocked, id=13764, stack(0x00000000293e0000,0x00000000294e0000)]
  0x000000001f6de000 JavaThread "jar transforms Thread 75" [_thread_blocked, id=7096, stack(0x00000000292e0000,0x00000000293e0000)]
  0x000000001f6dd800 JavaThread "jar transforms Thread 74" [_thread_blocked, id=6732, stack(0x00000000291e0000,0x00000000292e0000)]
  0x000000001f6db000 JavaThread "jar transforms Thread 73" [_thread_blocked, id=22092, stack(0x00000000290e0000,0x00000000291e0000)]
  0x000000001f6d6800 JavaThread "jar transforms Thread 72" [_thread_blocked, id=24016, stack(0x0000000028fe0000,0x00000000290e0000)]
  0x000000001f6d6000 JavaThread "jar transforms Thread 71" [_thread_blocked, id=20680, stack(0x0000000028ee0000,0x0000000028fe0000)]
  0x000000001f6d9000 JavaThread "jar transforms Thread 70" [_thread_blocked, id=15396, stack(0x0000000028de0000,0x0000000028ee0000)]
  0x000000001f6d9800 JavaThread "jar transforms Thread 69" [_thread_blocked, id=9472, stack(0x0000000028ce0000,0x0000000028de0000)]
  0x000000001f6dc000 JavaThread "jar transforms Thread 68" [_thread_blocked, id=14976, stack(0x0000000028be0000,0x0000000028ce0000)]
  0x000000001f6da800 JavaThread "jar transforms Thread 67" [_thread_blocked, id=18420, stack(0x0000000028ae0000,0x0000000028be0000)]
  0x000000001f6dc800 JavaThread "jar transforms Thread 66" [_thread_blocked, id=16908, stack(0x00000000289e0000,0x0000000028ae0000)]
  0x000000001ac70000 JavaThread "jar transforms Thread 65" [_thread_blocked, id=10448, stack(0x00000000288e0000,0x00000000289e0000)]
  0x000000001ac74000 JavaThread "jar transforms Thread 64" [_thread_blocked, id=14616, stack(0x00000000287e0000,0x00000000288e0000)]
  0x000000001ac73000 JavaThread "jar transforms Thread 63" [_thread_blocked, id=2992, stack(0x00000000286e0000,0x00000000287e0000)]
  0x000000001ac71000 JavaThread "jar transforms Thread 62" [_thread_blocked, id=15280, stack(0x00000000285e0000,0x00000000286e0000)]
  0x000000001ac72800 JavaThread "jar transforms Thread 61" [_thread_blocked, id=7084, stack(0x00000000284e0000,0x00000000285e0000)]
  0x000000001ac6f800 JavaThread "jar transforms Thread 60" [_thread_blocked, id=10972, stack(0x00000000283e0000,0x00000000284e0000)]
  0x000000001ac71800 JavaThread "jar transforms Thread 59" [_thread_blocked, id=10392, stack(0x00000000282e0000,0x00000000283e0000)]
  0x000000001ac68000 JavaThread "jar transforms Thread 58" [_thread_blocked, id=23144, stack(0x00000000281e0000,0x00000000282e0000)]
  0x000000001ac67000 JavaThread "jar transforms Thread 57" [_thread_blocked, id=7384, stack(0x00000000280e0000,0x00000000281e0000)]
  0x000000001ac6e000 JavaThread "jar transforms Thread 56" [_thread_blocked, id=22108, stack(0x0000000027fe0000,0x00000000280e0000)]
  0x000000001ac6d000 JavaThread "jar transforms Thread 55" [_thread_blocked, id=22760, stack(0x0000000027ee0000,0x0000000027fe0000)]
  0x000000001ac65800 JavaThread "jar transforms Thread 54" [_thread_blocked, id=11104, stack(0x0000000027de0000,0x0000000027ee0000)]
  0x000000001ac6c800 JavaThread "jar transforms Thread 53" [_thread_blocked, id=24340, stack(0x0000000027ce0000,0x0000000027de0000)]
  0x000000001ac65000 JavaThread "jar transforms Thread 52" [_thread_blocked, id=22260, stack(0x0000000027be0000,0x0000000027ce0000)]
  0x000000001ac6a000 JavaThread "jar transforms Thread 51" [_thread_blocked, id=19172, stack(0x0000000027ae0000,0x0000000027be0000)]
  0x000000001ac66800 JavaThread "jar transforms Thread 50" [_thread_blocked, id=4444, stack(0x00000000279e0000,0x0000000027ae0000)]
  0x000000001ac69800 JavaThread "jar transforms Thread 49" [_thread_blocked, id=16336, stack(0x00000000278e0000,0x00000000279e0000)]
  0x000000001ac68800 JavaThread "jar transforms Thread 48" [_thread_blocked, id=6180, stack(0x00000000277e0000,0x00000000278e0000)]
  0x000000001ac6b800 JavaThread "jar transforms Thread 47" [_thread_blocked, id=1844, stack(0x00000000276e0000,0x00000000277e0000)]
  0x000000001ac6b000 JavaThread "jar transforms Thread 46" [_thread_blocked, id=8252, stack(0x00000000275e0000,0x00000000276e0000)]
  0x000000001b0d4800 JavaThread "jar transforms Thread 45" [_thread_blocked, id=10876, stack(0x00000000274e0000,0x00000000275e0000)]
  0x000000001b0d6000 JavaThread "jar transforms Thread 44" [_thread_blocked, id=2508, stack(0x00000000273e0000,0x00000000274e0000)]
  0x000000001b0d4000 JavaThread "jar transforms Thread 43" [_thread_blocked, id=23940, stack(0x00000000272e0000,0x00000000273e0000)]
  0x000000001b0d5800 JavaThread "jar transforms Thread 42" [_thread_blocked, id=19716, stack(0x00000000271e0000,0x00000000272e0000)]
  0x000000001b0d2800 JavaThread "jar transforms Thread 41" [_thread_blocked, id=19648, stack(0x00000000270e0000,0x00000000271e0000)]
  0x000000001b0d3000 JavaThread "jar transforms Thread 40" [_thread_blocked, id=21596, stack(0x0000000026fe0000,0x00000000270e0000)]
  0x000000001b0d1000 JavaThread "jar transforms Thread 39" [_thread_blocked, id=25040, stack(0x0000000026ee0000,0x0000000026fe0000)]
  0x000000001b0d1800 JavaThread "jar transforms Thread 38" [_thread_blocked, id=20300, stack(0x0000000026de0000,0x0000000026ee0000)]
  0x000000001b0d7000 JavaThread "jar transforms Thread 37" [_thread_blocked, id=7764, stack(0x0000000026ce0000,0x0000000026de0000)]
  0x000000001b0d7800 JavaThread "jar transforms Thread 36" [_thread_blocked, id=24504, stack(0x0000000026be0000,0x0000000026ce0000)]
  0x000000001b0c9800 JavaThread "jar transforms Thread 35" [_thread_blocked, id=5204, stack(0x0000000026ae0000,0x0000000026be0000)]
  0x000000001b0ca000 JavaThread "jar transforms Thread 34" [_thread_blocked, id=22276, stack(0x00000000269e0000,0x0000000026ae0000)]
  0x000000001b0cb000 JavaThread "jar transforms Thread 33" [_thread_blocked, id=15352, stack(0x00000000268e0000,0x00000000269e0000)]
  0x000000001b0cd000 JavaThread "jar transforms Thread 32" [_thread_blocked, id=24928, stack(0x00000000267e0000,0x00000000268e0000)]
  0x000000001b0d0000 JavaThread "jar transforms Thread 31" [_thread_blocked, id=24944, stack(0x00000000266e0000,0x00000000267e0000)]
  0x000000001b0c8800 JavaThread "jar transforms Thread 30" [_thread_blocked, id=17620, stack(0x00000000265e0000,0x00000000266e0000)]
  0x000000001b0cf800 JavaThread "jar transforms Thread 29" [_thread_blocked, id=17360, stack(0x00000000264e0000,0x00000000265e0000)]
  0x000000001b0ce000 JavaThread "jar transforms Thread 28" [_thread_blocked, id=18020, stack(0x00000000263e0000,0x00000000264e0000)]
  0x000000001b0ce800 JavaThread "jar transforms Thread 27" [_thread_blocked, id=22248, stack(0x00000000262e0000,0x00000000263e0000)]
  0x000000001b0cc800 JavaThread "jar transforms Thread 26" [_thread_blocked, id=1156, stack(0x00000000261e0000,0x00000000262e0000)]
  0x000000001b0cb800 JavaThread "jar transforms Thread 25" [_thread_blocked, id=16672, stack(0x00000000260e0000,0x00000000261e0000)]
  0x000000001c31c800 JavaThread "jar transforms Thread 24" [_thread_blocked, id=8096, stack(0x0000000025fe0000,0x00000000260e0000)]
  0x000000001c31b000 JavaThread "jar transforms Thread 23" [_thread_blocked, id=15592, stack(0x0000000025ee0000,0x0000000025fe0000)]
  0x000000001c319800 JavaThread "jar transforms Thread 22" [_thread_blocked, id=6112, stack(0x0000000025de0000,0x0000000025ee0000)]
  0x000000001c31d000 JavaThread "jar transforms Thread 21" [_thread_blocked, id=11960, stack(0x0000000025ce0000,0x0000000025de0000)]
  0x000000001c31b800 JavaThread "Build operations Thread 8" [_thread_blocked, id=15260, stack(0x00000000259e0000,0x0000000025ae0000)]
  0x000000001c316800 JavaThread "Build operations Thread 7" [_thread_blocked, id=10428, stack(0x00000000258e0000,0x00000000259e0000)]
  0x000000001c315800 JavaThread "Build operations Thread 6" [_thread_blocked, id=9052, stack(0x00000000255d0000,0x00000000256d0000)]
  0x000000001c318800 JavaThread "Build operations Thread 5" [_thread_blocked, id=11976, stack(0x00000000254d0000,0x00000000255d0000)]
  0x000000001c31a000 JavaThread "Build operations Thread 4" [_thread_blocked, id=8568, stack(0x00000000253d0000,0x00000000254d0000)]
  0x000000001c318000 JavaThread "Build operations Thread 3" [_thread_blocked, id=17736, stack(0x00000000252d0000,0x00000000253d0000)]
  0x000000001c317000 JavaThread "Build operations Thread 2" [_thread_blocked, id=12048, stack(0x00000000251d0000,0x00000000252d0000)]
  0x000000001c30e000 JavaThread "Build operations" [_thread_blocked, id=1740, stack(0x00000000250d0000,0x00000000251d0000)]
  0x000000001c315000 JavaThread "Cache worker for Build Output Cleanup Cache (D:\05AndroidStudio\LiKaiJie\.gradle\buildOutputCleanup)" [_thread_blocked, id=3480, stack(0x00000000249b0000,0x0000000024ab0000)]
  0x000000001c30f000 JavaThread "Cache worker for file content cache (C:\Users\LKJ\.gradle\caches\6.5\fileContent)" [_thread_blocked, id=4356, stack(0x00000000248b0000,0x00000000249b0000)]
  0x000000001c312000 JavaThread "Cache worker for execution history cache (C:\Users\LKJ\.gradle\caches\6.5\executionHistory)" [_thread_blocked, id=11740, stack(0x00000000243b0000,0x00000000244b0000)]
  0x000000001a5a0800 JavaThread "Cache worker for cache directory md-rule (C:\Users\LKJ\.gradle\caches\6.5\md-rule)" [_thread_blocked, id=12720, stack(0x00000000240b0000,0x00000000241b0000)]
  0x000000001a5a0000 JavaThread "Cache worker for cache directory md-supplier (C:\Users\LKJ\.gradle\caches\6.5\md-supplier)" [_thread_blocked, id=24088, stack(0x0000000023fb0000,0x00000000240b0000)]
  0x000000001a59c000 JavaThread "Cache worker for checksums cache (D:\05AndroidStudio\LiKaiJie\.gradle\checksums)" [_thread_blocked, id=14004, stack(0x0000000020a20000,0x0000000020b20000)]
  0x000000001a59b000 JavaThread "jar transforms Thread 20" [_thread_blocked, id=24592, stack(0x0000000023eb0000,0x0000000023fb0000)]
  0x000000001a59d800 JavaThread "jar transforms Thread 19" [_thread_blocked, id=22000, stack(0x0000000023db0000,0x0000000023eb0000)]
  0x000000001a59a800 JavaThread "jar transforms Thread 18" [_thread_blocked, id=21648, stack(0x0000000023cb0000,0x0000000023db0000)]
  0x000000001a59f000 JavaThread "jar transforms Thread 17" [_thread_blocked, id=16364, stack(0x0000000023bb0000,0x0000000023cb0000)]
  0x000000001a59c800 JavaThread "jar transforms Thread 16" [_thread_blocked, id=4292, stack(0x0000000023ab0000,0x0000000023bb0000)]
  0x000000001a59e000 JavaThread "jar transforms Thread 15" [_thread_blocked, id=20504, stack(0x00000000239b0000,0x0000000023ab0000)]
  0x000000001a5a1800 JavaThread "jar transforms Thread 14" [_thread_blocked, id=9208, stack(0x00000000237b0000,0x00000000238b0000)]
  0x000000001a593000 JavaThread "jar transforms Thread 13" [_thread_blocked, id=16068, stack(0x00000000236b0000,0x00000000237b0000)]
  0x000000001a599800 JavaThread "jar transforms Thread 12" [_thread_blocked, id=24660, stack(0x00000000235b0000,0x00000000236b0000)]
  0x000000001a593800 JavaThread "jar transforms Thread 11" [_thread_blocked, id=11340, stack(0x00000000234b0000,0x00000000235b0000)]
  0x000000001a592000 JavaThread "jar transforms Thread 10" [_thread_blocked, id=8248, stack(0x00000000233b0000,0x00000000234b0000)]
  0x000000001a599000 JavaThread "jar transforms Thread 9" [_thread_blocked, id=15628, stack(0x00000000232b0000,0x00000000233b0000)]
  0x000000001a595000 JavaThread "jar transforms Thread 8" [_thread_blocked, id=10628, stack(0x00000000231b0000,0x00000000232b0000)]
  0x000000001a597800 JavaThread "jar transforms Thread 7" [_thread_blocked, id=15900, stack(0x00000000230b0000,0x00000000231b0000)]
  0x000000001a596000 JavaThread "jar transforms Thread 6" [_thread_blocked, id=17952, stack(0x0000000022fb0000,0x00000000230b0000)]
  0x000000001a598000 JavaThread "jar transforms Thread 5" [_thread_blocked, id=18804, stack(0x0000000021ed0000,0x0000000021fd0000)]
  0x000000001a596800 JavaThread "jar transforms Thread 4" [_thread_blocked, id=20752, stack(0x0000000021dd0000,0x0000000021ed0000)]
  0x000000001a594800 JavaThread "jar transforms Thread 3" [_thread_blocked, id=24784, stack(0x0000000021cd0000,0x0000000021dd0000)]
  0x000000001c01d800 JavaThread "jar transforms Thread 2" [_thread_blocked, id=24396, stack(0x0000000021bd0000,0x0000000021cd0000)]
  0x000000001c01e800 JavaThread "jar transforms" [_thread_blocked, id=17488, stack(0x00000000206e0000,0x00000000207e0000)]
  0x000000001c01d000 JavaThread "Cache worker for file hash cache (D:\05AndroidStudio\LiKaiJie\.gradle\6.5\fileHashes)" [_thread_blocked, id=18272, stack(0x000000001f350000,0x000000001f450000)]
  0x000000001c01b800 JavaThread "Cache worker for file hash cache (C:\Users\LKJ\.gradle\caches\6.5\fileHashes)" [_thread_blocked, id=15224, stack(0x000000001e080000,0x000000001e180000)]
  0x000000001c01c000 JavaThread "File lock request listener" [_thread_in_native, id=2600, stack(0x000000001df80000,0x000000001e080000)]
  0x000000001c2f9000 JavaThread "Cache worker for journal cache (C:\Users\LKJ\.gradle\caches\journal-1)" [_thread_blocked, id=10364, stack(0x000000001de80000,0x000000001df80000)]
  0x000000001a5f7000 JavaThread "Thread-9" [_thread_blocked, id=13844, stack(0x000000001db80000,0x000000001dc80000)]
  0x000000001a55d800 JavaThread "Stdin handler" [_thread_blocked, id=1792, stack(0x000000001da80000,0x000000001db80000)]
  0x000000001b7ca000 JavaThread "Asynchronous log dispatcher for DefaultDaemonConnection: socket connection from /127.0.0.1:62257 to /127.0.0.1:62258" [_thread_blocked, id=16848, stack(0x000000001d980000,0x000000001da80000)]
  0x000000001b7c7800 JavaThread "Daemon worker" [_thread_in_Java, id=14520, stack(0x000000001d880000,0x000000001d980000)]
  0x000000001b200800 JavaThread "Cancel handler" [_thread_blocked, id=23860, stack(0x000000001d780000,0x000000001d880000)]
  0x000000001bf73800 JavaThread "Handler for socket connection from /127.0.0.1:62257 to /127.0.0.1:62258" [_thread_in_native, id=10768, stack(0x000000001d680000,0x000000001d780000)]
  0x000000001bf81000 JavaThread "Daemon" [_thread_blocked, id=10296, stack(0x000000001d580000,0x000000001d680000)]
  0x000000001bf7e000 JavaThread "Daemon periodic checks" [_thread_blocked, id=12920, stack(0x000000001d280000,0x000000001d380000)]
  0x000000001bf50000 JavaThread "Incoming local TCP Connector on port 62257" [_thread_in_native, id=17688, stack(0x000000001d0d0000,0x000000001d1d0000)]
  0x000000001a538000 JavaThread "Daemon health stats" [_thread_blocked, id=10020, stack(0x000000001cdd0000,0x000000001ced0000)]
  0x0000000019759800 JavaThread "Service Thread" daemon [_thread_blocked, id=2380, stack(0x000000001a230000,0x000000001a330000)]
  0x000000001787e000 JavaThread "C1 CompilerThread3" daemon [_thread_blocked, id=8092, stack(0x000000001a130000,0x000000001a230000)]
  0x00000000196c7800 JavaThread "C2 CompilerThread2" daemon [_thread_blocked, id=14164, stack(0x000000001a030000,0x000000001a130000)]
  0x00000000196c5000 JavaThread "C2 CompilerThread1" daemon [_thread_blocked, id=10932, stack(0x0000000019f30000,0x000000001a030000)]
=>0x000000001966d800 JavaThread "C2 CompilerThread0" daemon [_thread_in_native, id=14960, stack(0x0000000019e30000,0x0000000019f30000)]
  0x000000001966c800 JavaThread "Attach Listener" daemon [_thread_blocked, id=804, stack(0x0000000019d30000,0x0000000019e30000)]
  0x000000001966b800 JavaThread "Signal Dispatcher" daemon [_thread_blocked, id=21732, stack(0x0000000019c30000,0x0000000019d30000)]
  0x00000000027fc800 JavaThread "Finalizer" daemon [_thread_blocked, id=23436, stack(0x0000000019b30000,0x0000000019c30000)]
  0x0000000019650800 JavaThread "Reference Handler" daemon [_thread_blocked, id=19252, stack(0x0000000019a30000,0x0000000019b30000)]
  0x00000000026fe000 JavaThread "main" [_thread_blocked, id=23556, stack(0x0000000002510000,0x0000000002610000)]

Other Threads:
  0x0000000017868000 VMThread [stack: 0x0000000019530000,0x0000000019630000] [id=15980]
  0x000000001975a000 WatcherThread [stack: 0x000000001a330000,0x000000001a430000] [id=16928]

VM state:not at safepoint (normal execution)

VM Mutex/Monitor currently owned by a thread: None

heap address: 0x0000000080000000, size: 2048 MB, Compressed Oops mode: 32-bit
Narrow klass base: 0x0000000000000000, Narrow klass shift: 3
Compressed class space size: 1073741824 Address: 0x0000000100000000

Heap:
 PSYoungGen      total 144384K, used 25336K [0x00000000d5580000, 0x00000000dfb00000, 0x0000000100000000)
  eden space 132096K, 9% used [0x00000000d5580000,0x00000000d62444f0,0x00000000dd680000)
  from space 12288K, 99% used [0x00000000de300000,0x00000000deef9d90,0x00000000def00000)
  to   space 9216K, 0% used [0x00000000df200000,0x00000000df200000,0x00000000dfb00000)
 ParOldGen       total 57856K, used 21230K [0x0000000080000000, 0x0000000083880000, 0x00000000d5580000)
  object space 57856K, 36% used [0x0000000080000000,0x00000000814bbaa0,0x0000000083880000)
 Metaspace       used 49055K, capacity 51298K, committed 51712K, reserved 1095680K
  class space    used 6618K, capacity 7043K, committed 7168K, reserved 1048576K

Card table byte_map: [0x0000000011bc0000,0x0000000011fd0000] byte_map_base: 0x00000000117c0000

Marking Bits: (ParMarkBitMap*) 0x0000000070dcf030
 Begin Bits: [0x0000000012a80000, 0x0000000014a80000)
 End Bits:   [0x0000000014a80000, 0x0000000016a80000)

Polling page: 0x0000000000480000

CodeCache: size=245760Kb used=14824Kb max_used=15911Kb free=230935Kb
 bounds [0x0000000002800000, 0x00000000037a0000, 0x0000000011800000]
 total_blobs=5072 nmethods=4321 adapters=662
 compilation: enabled

Compilation events (10 events):
Event: 8.751 Thread 0x000000001787e000 nmethod 4664 0x0000000003010190 code [0x0000000003010500, 0x0000000003012438]
Event: 8.751 Thread 0x000000001787e000 4665       3       org.gradle.cache.internal.DefaultCrossBuildInMemoryCacheFactory$DefaultClassMap::retainValue (10 bytes)
Event: 8.751 Thread 0x000000001787e000 nmethod 4665 0x00000000029821d0 code [0x0000000002982360, 0x0000000002982718]
Event: 8.751 Thread 0x000000001787e000 4666       3       org.gradle.cache.internal.DefaultCrossBuildInMemoryCacheFactory$DefaultClassMap::retainValue (14 bytes)
Event: 8.751 Thread 0x000000001787e000 nmethod 4666 0x0000000002aca650 code [0x0000000002aca7c0, 0x0000000002acaa18]
Event: 8.752 Thread 0x000000001787e000 4667       3       java.lang.invoke.CallSite::maybeReBoxElements (24 bytes)
Event: 8.752 Thread 0x000000001787e000 nmethod 4667 0x00000000029b6490 code [0x00000000029b6640, 0x00000000029b6ce8]
Event: 8.762 Thread 0x00000000196c7800 nmethod 4660 0x0000000002d5f590 code [0x0000000002d5f780, 0x0000000002d60200]
Event: 8.762 Thread 0x00000000196c7800 4663       4       org.gradle.internal.instantiation.generator.AbstractClassGenerator::assertNotAbstract (61 bytes)
Event: 8.763 Thread 0x00000000196c7800 nmethod 4663 0x0000000003005350 code [0x00000000030054a0, 0x0000000003005578]

GC Heap History (10 events):
Event: 4.587 GC heap before
{Heap before GC invocations=9 (full 1):
 PSYoungGen      total 75776K, used 71258K [0x00000000d5580000, 0x00000000dd100000, 0x0000000100000000)
  eden space 65024K, 100% used [0x00000000d5580000,0x00000000d9500000,0x00000000d9500000)
  from space 10752K, 57% used [0x00000000d9500000,0x00000000d9b169e0,0x00000000d9f80000)
  to   space 10240K, 0% used [0x00000000dc700000,0x00000000dc700000,0x00000000dd100000)
 ParOldGen       total 57856K, used 9383K [0x0000000080000000, 0x0000000083880000, 0x00000000d5580000)
  object space 57856K, 16% used [0x0000000080000000,0x0000000080929c00,0x0000000083880000)
 Metaspace       used 33036K, capacity 34278K, committed 34560K, reserved 1079296K
  class space    used 4460K, capacity 4782K, committed 4864K, reserved 1048576K
Event: 4.595 GC heap after
Heap after GC invocations=9 (full 1):
 PSYoungGen      total 114688K, used 10209K [0x00000000d5580000, 0x00000000dd400000, 0x0000000100000000)
  eden space 104448K, 0% used [0x00000000d5580000,0x00000000d5580000,0x00000000dbb80000)
  from space 10240K, 99% used [0x00000000dc700000,0x00000000dd0f85a8,0x00000000dd100000)
  to   space 11776K, 0% used [0x00000000dbb80000,0x00000000dbb80000,0x00000000dc700000)
 ParOldGen       total 57856K, used 9657K [0x0000000080000000, 0x0000000083880000, 0x00000000d5580000)
  object space 57856K, 16% used [0x0000000080000000,0x000000008096e520,0x0000000083880000)
 Metaspace       used 33036K, capacity 34278K, committed 34560K, reserved 1079296K
  class space    used 4460K, capacity 4782K, committed 4864K, reserved 1048576K
}
Event: 4.840 GC heap before
{Heap before GC invocations=10 (full 1):
 PSYoungGen      total 114688K, used 36750K [0x00000000d5580000, 0x00000000dd400000, 0x0000000100000000)
  eden space 104448K, 25% used [0x00000000d5580000,0x00000000d6f6b5f0,0x00000000dbb80000)
  from space 10240K, 99% used [0x00000000dc700000,0x00000000dd0f85a8,0x00000000dd100000)
  to   space 11776K, 0% used [0x00000000dbb80000,0x00000000dbb80000,0x00000000dc700000)
 ParOldGen       total 57856K, used 9657K [0x0000000080000000, 0x0000000083880000, 0x00000000d5580000)
  object space 57856K, 16% used [0x0000000080000000,0x000000008096e520,0x0000000083880000)
 Metaspace       used 34058K, capacity 35326K, committed 35456K, reserved 1079296K
  class space    used 4588K, capacity 4884K, committed 4992K, reserved 1048576K
Event: 4.848 GC heap after
Heap after GC invocations=10 (full 1):
 PSYoungGen      total 116224K, used 8641K [0x00000000d5580000, 0x00000000dfd80000, 0x0000000100000000)
  eden space 104448K, 0% used [0x00000000d5580000,0x00000000d5580000,0x00000000dbb80000)
  from space 11776K, 73% used [0x00000000dbb80000,0x00000000dc3f0688,0x00000000dc700000)
  to   space 11776K, 0% used [0x00000000df200000,0x00000000df200000,0x00000000dfd80000)
 ParOldGen       total 57856K, used 9665K [0x0000000080000000, 0x0000000083880000, 0x00000000d5580000)
  object space 57856K, 16% used [0x0000000080000000,0x0000000080970520,0x0000000083880000)
 Metaspace       used 34058K, capacity 35326K, committed 35456K, reserved 1079296K
  class space    used 4588K, capacity 4884K, committed 4992K, reserved 1048576K
}
Event: 4.848 GC heap before
{Heap before GC invocations=11 (full 2):
 PSYoungGen      total 116224K, used 8641K [0x00000000d5580000, 0x00000000dfd80000, 0x0000000100000000)
  eden space 104448K, 0% used [0x00000000d5580000,0x00000000d5580000,0x00000000dbb80000)
  from space 11776K, 73% used [0x00000000dbb80000,0x00000000dc3f0688,0x00000000dc700000)
  to   space 11776K, 0% used [0x00000000df200000,0x00000000df200000,0x00000000dfd80000)
 ParOldGen       total 57856K, used 9665K [0x0000000080000000, 0x0000000083880000, 0x00000000d5580000)
  object space 57856K, 16% used [0x0000000080000000,0x0000000080970520,0x0000000083880000)
 Metaspace       used 34058K, capacity 35326K, committed 35456K, reserved 1079296K
  class space    used 4588K, capacity 4884K, committed 4992K, reserved 1048576K
Event: 4.894 GC heap after
Heap after GC invocations=11 (full 2):
 PSYoungGen      total 116224K, used 0K [0x00000000d5580000, 0x00000000dfd80000, 0x0000000100000000)
  eden space 104448K, 0% used [0x00000000d5580000,0x00000000d5580000,0x00000000dbb80000)
  from space 11776K, 0% used [0x00000000dbb80000,0x00000000dbb80000,0x00000000dc700000)
  to   space 11776K, 0% used [0x00000000df200000,0x00000000df200000,0x00000000dfd80000)
 ParOldGen       total 57856K, used 15302K [0x0000000080000000, 0x0000000083880000, 0x00000000d5580000)
  object space 57856K, 26% used [0x0000000080000000,0x0000000080ef19c8,0x0000000083880000)
 Metaspace       used 34058K, capacity 35326K, committed 35456K, reserved 1079296K
  class space    used 4588K, capacity 4884K, committed 4992K, reserved 1048576K
}
Event: 5.834 GC heap before
{Heap before GC invocations=12 (full 2):
 PSYoungGen      total 116224K, used 104448K [0x00000000d5580000, 0x00000000dfd80000, 0x0000000100000000)
  eden space 104448K, 100% used [0x00000000d5580000,0x00000000dbb80000,0x00000000dbb80000)
  from space 11776K, 0% used [0x00000000dbb80000,0x00000000dbb80000,0x00000000dc700000)
  to   space 11776K, 0% used [0x00000000df200000,0x00000000df200000,0x00000000dfd80000)
 ParOldGen       total 57856K, used 15302K [0x0000000080000000, 0x0000000083880000, 0x00000000d5580000)
  object space 57856K, 26% used [0x0000000080000000,0x0000000080ef19c8,0x0000000083880000)
 Metaspace       used 38647K, capacity 40620K, committed 40832K, reserved 1085440K
  class space    used 5325K, capacity 5727K, committed 5760K, reserved 1048576K
Event: 5.841 GC heap after
Heap after GC invocations=12 (full 2):
 PSYoungGen      total 141312K, used 9137K [0x00000000d5580000, 0x00000000dfb00000, 0x0000000100000000)
  eden space 132096K, 0% used [0x00000000d5580000,0x00000000d5580000,0x00000000dd680000)
  from space 9216K, 99% used [0x00000000df200000,0x00000000dfaec4a8,0x00000000dfb00000)
  to   space 12288K, 0% used [0x00000000de300000,0x00000000de300000,0x00000000def00000)
 ParOldGen       total 57856K, used 15310K [0x0000000080000000, 0x0000000083880000, 0x00000000d5580000)
  object space 57856K, 26% used [0x0000000080000000,0x0000000080ef39c8,0x0000000083880000)
 Metaspace       used 38647K, capacity 40620K, committed 40832K, reserved 1085440K
  class space    used 5325K, capacity 5727K, committed 5760K, reserved 1048576K
}
Event: 8.558 GC heap before
{Heap before GC invocations=13 (full 2):
 PSYoungGen      total 141312K, used 141233K [0x00000000d5580000, 0x00000000dfb00000, 0x0000000100000000)
  eden space 132096K, 100% used [0x00000000d5580000,0x00000000dd680000,0x00000000dd680000)
  from space 9216K, 99% used [0x00000000df200000,0x00000000dfaec4a8,0x00000000dfb00000)
  to   space 12288K, 0% used [0x00000000de300000,0x00000000de300000,0x00000000def00000)
 ParOldGen       total 57856K, used 15310K [0x0000000080000000, 0x0000000083880000, 0x00000000d5580000)
  object space 57856K, 26% used [0x0000000080000000,0x0000000080ef39c8,0x0000000083880000)
 Metaspace       used 48165K, capacity 50454K, committed 50816K, reserved 1093632K
  class space    used 6511K, capacity 6939K, committed 7040K, reserved 1048576K
Event: 8.571 GC heap after
Heap after GC invocations=13 (full 2):
 PSYoungGen      total 144384K, used 12263K [0x00000000d5580000, 0x00000000dfb00000, 0x0000000100000000)
  eden space 132096K, 0% used [0x00000000d5580000,0x00000000d5580000,0x00000000dd680000)
  from space 12288K, 99% used [0x00000000de300000,0x00000000deef9d90,0x00000000def00000)
  to   space 9216K, 0% used [0x00000000df200000,0x00000000df200000,0x00000000dfb00000)
 ParOldGen       total 57856K, used 21230K [0x0000000080000000, 0x0000000083880000, 0x00000000d5580000)
  object space 57856K, 36% used [0x0000000080000000,0x00000000814bbaa0,0x0000000083880000)
 Metaspace       used 48165K, capacity 50454K, committed 50816K, reserved 1093632K
  class space    used 6511K, capacity 6939K, committed 7040K, reserved 1048576K
}

Deoptimization events (10 events):
Event: 8.043 Thread 0x000000001b7c7800 Uncommon trap: reason=unstable_if action=reinterpret pc=0x0000000002d2b830 method=java.util.jar.JarFile.maybeInstantiateVerifier()V @ 4
Event: 8.044 Thread 0x000000001b7c7800 Uncommon trap: reason=unstable_if action=reinterpret pc=0x0000000003679348 method=java.util.jar.JarFile.maybeInstantiateVerifier()V @ 4
Event: 8.044 Thread 0x000000001b7c7800 Uncommon trap: reason=unstable_if action=reinterpret pc=0x000000000367e828 method=java.security.CodeSource.matchCerts(Ljava/security/CodeSource;Z)Z @ 11
Event: 8.044 Thread 0x000000001b7c7800 Uncommon trap: reason=unstable_if action=reinterpret pc=0x0000000003449828 method=java.lang.ClassLoader.compareCerts([Ljava/security/cert/Certificate;[Ljava/security/cert/Certificate;)Z @ 1
Event: 8.063 Thread 0x000000001b7c7800 Uncommon trap: reason=unstable_if action=reinterpret pc=0x00000000036814bc method=java.util.LinkedHashMap.get(Ljava/lang/Object;)Ljava/lang/Object; @ 20
Event: 8.322 Thread 0x000000001b7c7800 Uncommon trap: reason=bimorphic action=maybe_recompile pc=0x0000000003590b08 method=java.util.regex.Pattern$CharProperty.match(Ljava/util/regex/Matcher;ILjava/lang/CharSequence;)Z @ 18
Event: 8.322 Thread 0x000000001b7c7800 Uncommon trap: reason=bimorphic action=maybe_recompile pc=0x0000000003590b08 method=java.util.regex.Pattern$CharProperty.match(Ljava/util/regex/Matcher;ILjava/lang/CharSequence;)Z @ 18
Event: 8.322 Thread 0x000000001b7c7800 Uncommon trap: reason=bimorphic action=maybe_recompile pc=0x0000000003590b08 method=java.util.regex.Pattern$CharProperty.match(Ljava/util/regex/Matcher;ILjava/lang/CharSequence;)Z @ 18
Event: 8.392 Thread 0x000000001b7c7800 Uncommon trap: reason=bimorphic action=maybe_recompile pc=0x0000000003590b08 method=java.util.regex.Pattern$CharProperty.match(Ljava/util/regex/Matcher;ILjava/lang/CharSequence;)Z @ 18
Event: 8.742 Thread 0x000000001b7c7800 Uncommon trap: reason=unstable_if action=reinterpret pc=0x0000000003711570 method=org.gradle.internal.reflect.PropertyAccessorType.of(Ljava/lang/reflect/Method;)Lorg/gradle/internal/reflect/PropertyAccessorType; @ 56

Classes redefined (0 events):
No events

Internal exceptions (10 events):
Event: 6.079 Thread 0x000000001b7c7800 Exception <a 'java/lang/ClassNotFoundException': org/gradle/api/internal/AbstractTaskCustomizer> (0x00000000d7b15a60) thrown at [C:\src\AOSP-openjdk-git\hotspot\src\share\vm\classfile\systemDictionary.cpp, line 210]
Event: 6.082 Thread 0x000000001b7c7800 Exception <a 'java/lang/ClassNotFoundException': org/gradle/api/DefaultTaskCustomizer> (0x00000000d7baabf8) thrown at [C:\src\AOSP-openjdk-git\hotspot\src\share\vm\classfile\systemDictionary.cpp, line 210]
Event: 6.083 Thread 0x000000001b7c7800 Exception <a 'java/lang/ClassNotFoundException': org/gradle/api/internal/ConventionTaskCustomizer> (0x00000000d7bf2360) thrown at [C:\src\AOSP-openjdk-git\hotspot\src\share\vm\classfile\systemDictionary.cpp, line 210]
Event: 6.084 Thread 0x000000001b7c7800 Exception <a 'java/lang/ClassNotFoundException': org/gradle/api/tasks/DeleteCustomizer> (0x00000000d7c36020) thrown at [C:\src\AOSP-openjdk-git\hotspot\src\share\vm\classfile\systemDictionary.cpp, line 210]
Event: 6.085 Thread 0x000000001b7c7800 Exception <a 'java/lang/ClassNotFoundException': org/gradle/api/tasks/Delete_DecoratedCustomizer> (0x00000000d7c87938) thrown at [C:\src\AOSP-openjdk-git\hotspot\src\share\vm\classfile\systemDictionary.cpp, line 210]
Event: 6.107 Thread 0x000000001b7c7800 Exception <a 'java/lang/ClassNotFoundException': build_n3k3cuk0coo9fj9rr15g2bzgBeanInfo> (0x00000000d7e0bfb0) thrown at [C:\src\AOSP-openjdk-git\hotspot\src\share\vm\classfile\systemDictionary.cpp, line 210]
Event: 6.107 Thread 0x000000001b7c7800 Exception <a 'java/lang/ClassNotFoundException': build_n3k3cuk0coo9fj9rr15g2bzgCustomizer> (0x00000000d7e17bd0) thrown at [C:\src\AOSP-openjdk-git\hotspot\src\share\vm\classfile\systemDictionary.cpp, line 210]
Event: 6.112 Thread 0x000000001b7c7800 Exception <a 'java/lang/ClassNotFoundException': org/gradle/plugin/use/internal/PluginRequestCollector$PluginDependenciesSpecImplBeanInfo> (0x00000000d7ebca88) thrown at [C:\src\AOSP-openjdk-git\hotspot\src\share\vm\classfile\systemDictionary.cpp, line 21
Event: 6.113 Thread 0x000000001b7c7800 Exception <a 'java/lang/ClassNotFoundException': org/gradle/plugin/use/internal/PluginRequestCollector$PluginDependenciesSpecImplCustomizer> (0x00000000d7efc9c8) thrown at [C:\src\AOSP-openjdk-git\hotspot\src\share\vm\classfile\systemDictionary.cpp, line 
Event: 7.806 Thread 0x000000001b7c7800 Implicit null exception at 0x00000000034c1008 to 0x00000000034c1195

Events (10 events):
Event: 8.750 loading class com/android/build/gradle/ProguardFiles$ProguardFile
Event: 8.750 loading class com/android/build/gradle/ProguardFiles$ProguardFile done
Event: 8.751 loading class com/android/build/gradle/ProguardFiles
Event: 8.751 loading class com/android/build/gradle/ProguardFiles done
Event: 8.751 loading class com/android/build/gradle/ProguardFiles$ProguardFile
Event: 8.751 loading class com/android/build/gradle/ProguardFiles$ProguardFile done
Event: 8.751 loading class com/android/build/gradle/ProguardFiles$ProguardFile
Event: 8.751 loading class com/android/build/gradle/ProguardFiles$ProguardFile done
Event: 8.752 loading class com/android/utils/FileUtils
Event: 8.752 loading class com/android/utils/FileUtils done


Dynamic libraries:
0x00007ff7cece0000 - 0x00007ff7ced11000 	D:\Program Files\Android\Android Studio\jre\bin\java.exe
0x00007ffd74280000 - 0x00007ffd74470000 	C:\WINDOWS\SYSTEM32\ntdll.dll
0x00007ffd725f0000 - 0x00007ffd726a2000 	C:\WINDOWS\System32\KERNEL32.DLL
0x00007ffd71660000 - 0x00007ffd71905000 	C:\WINDOWS\System32\KERNELBASE.dll
0x00007ffd73140000 - 0x00007ffd731e3000 	C:\WINDOWS\System32\ADVAPI32.dll
0x00007ffd72550000 - 0x00007ffd725ee000 	C:\WINDOWS\System32\msvcrt.dll
0x00007ffd726d0000 - 0x00007ffd72767000 	C:\WINDOWS\System32\sechost.dll
0x00007ffd73530000 - 0x00007ffd7364f000 	C:\WINDOWS\System32\RPCRT4.dll
0x00007ffd73bd0000 - 0x00007ffd73d64000 	C:\WINDOWS\System32\USER32.dll
0x00007ffd71220000 - 0x00007ffd71241000 	C:\WINDOWS\System32\win32u.dll
0x00007ffd72770000 - 0x00007ffd72796000 	C:\WINDOWS\System32\GDI32.dll
0x00007ffd72190000 - 0x00007ffd72328000 	C:\WINDOWS\System32\gdi32full.dll
0x00007ffd712e0000 - 0x00007ffd7137e000 	C:\WINDOWS\System32\msvcp_win.dll
0x00007ffd71560000 - 0x00007ffd7165a000 	C:\WINDOWS\System32\ucrtbase.dll
0x00007ffd5d5f0000 - 0x00007ffd5d874000 	C:\WINDOWS\WinSxS\amd64_microsoft.windows.common-controls_6595b64144ccf1df_6.0.18362.1316_none_9e7a364fe461dbd7\COMCTL32.dll
0x00007ffd731f0000 - 0x00007ffd73527000 	C:\WINDOWS\System32\combase.dll
0x00007ffd71380000 - 0x00007ffd71401000 	C:\WINDOWS\System32\bcryptPrimitives.dll
0x00007ffd72520000 - 0x00007ffd7254e000 	C:\WINDOWS\System32\IMM32.DLL
0x000000006fac0000 - 0x000000006fb92000 	D:\Program Files\Android\Android Studio\jre\jre\bin\msvcr100.dll
0x0000000070600000 - 0x0000000070e4b000 	D:\Program Files\Android\Android Studio\jre\jre\bin\server\jvm.dll
0x00007ffd726c0000 - 0x00007ffd726c8000 	C:\WINDOWS\System32\PSAPI.DLL
0x00007ffd5eae0000 - 0x00007ffd5eae9000 	C:\WINDOWS\SYSTEM32\WSOCK32.dll
0x00007ffd667f0000 - 0x00007ffd667fa000 	C:\WINDOWS\SYSTEM32\VERSION.dll
0x00007ffd69000000 - 0x00007ffd69024000 	C:\WINDOWS\SYSTEM32\WINMM.dll
0x00007ffd73650000 - 0x00007ffd736bf000 	C:\WINDOWS\System32\WS2_32.dll
0x00007ffd68fd0000 - 0x00007ffd68ffd000 	C:\WINDOWS\SYSTEM32\winmmbase.dll
0x00007ffd71910000 - 0x00007ffd7195a000 	C:\WINDOWS\System32\cfgmgr32.dll
0x00007ffd6c090000 - 0x00007ffd6c09f000 	D:\Program Files\Android\Android Studio\jre\jre\bin\verify.dll
0x00007ffd586e0000 - 0x00007ffd58709000 	D:\Program Files\Android\Android Studio\jre\jre\bin\java.dll
0x00007ffd68c70000 - 0x00007ffd68c86000 	D:\Program Files\Android\Android Studio\jre\jre\bin\zip.dll
0x00007ffd72a50000 - 0x00007ffd73138000 	C:\WINDOWS\System32\SHELL32.dll
0x00007ffd723a0000 - 0x00007ffd72447000 	C:\WINDOWS\System32\shcore.dll
0x00007ffd71960000 - 0x00007ffd720db000 	C:\WINDOWS\System32\windows.storage.dll
0x00007ffd71140000 - 0x00007ffd71163000 	C:\WINDOWS\System32\profapi.dll
0x00007ffd711b0000 - 0x00007ffd711fa000 	C:\WINDOWS\System32\powrprof.dll
0x00007ffd71130000 - 0x00007ffd71140000 	C:\WINDOWS\System32\UMPDC.dll
0x00007ffd72940000 - 0x00007ffd72992000 	C:\WINDOWS\System32\shlwapi.dll
0x00007ffd71190000 - 0x00007ffd711a1000 	C:\WINDOWS\System32\kernel.appcore.dll
0x00007ffd71200000 - 0x00007ffd71217000 	C:\WINDOWS\System32\cryptsp.dll
0x00007ffd623c0000 - 0x00007ffd623da000 	D:\Program Files\Android\Android Studio\jre\jre\bin\net.dll
0x00007ffd70970000 - 0x00007ffd709d7000 	C:\WINDOWS\system32\mswsock.dll
0x00007ffd613a0000 - 0x00007ffd613b3000 	D:\Program Files\Android\Android Studio\jre\jre\bin\nio.dll
0x00007ffd548e0000 - 0x00007ffd54907000 	C:\Users\LKJ\.gradle\native\f6784746aeab05261644944871eae4fe03e0ef1612fff0a4a95f87b438bc6780\windows-amd64\native-platform.dll
0x00007ffd6a230000 - 0x00007ffd6a23d000 	D:\Program Files\Android\Android Studio\jre\jre\bin\management.dll
0x00007ffd70490000 - 0x00007ffd704c3000 	C:\WINDOWS\system32\rsaenh.dll
0x00007ffd712b0000 - 0x00007ffd712d6000 	C:\WINDOWS\System32\bcrypt.dll
0x00007ffd71010000 - 0x00007ffd71035000 	C:\WINDOWS\SYSTEM32\USERENV.dll
0x00007ffd70b40000 - 0x00007ffd70b4c000 	C:\WINDOWS\SYSTEM32\CRYPTBASE.dll
0x00007ffd70620000 - 0x00007ffd7065a000 	C:\WINDOWS\SYSTEM32\IPHLPAPI.DLL
0x00007ffd74100000 - 0x00007ffd74108000 	C:\WINDOWS\System32\NSI.dll
0x00007ffd6bd10000 - 0x00007ffd6bd26000 	C:\WINDOWS\SYSTEM32\dhcpcsvc6.DLL
0x00007ffd6bcf0000 - 0x00007ffd6bd0c000 	C:\WINDOWS\SYSTEM32\dhcpcsvc.DLL
0x00007ffd70660000 - 0x00007ffd7072b000 	C:\WINDOWS\SYSTEM32\DNSAPI.dll
0x00007ffd6be90000 - 0x00007ffd6be9b000 	C:\WINDOWS\SYSTEM32\WINNSI.DLL

VM Arguments:
jvm_args: -Xmx2048m -Dfile.encoding=UTF-8 -Duser.country=CN -Duser.language=zh -Duser.variant 
java_command: org.gradle.launcher.daemon.bootstrap.GradleDaemon 6.5
java_class_path (initial): C:\Users\LKJ\.gradle\wrapper\dists\gradle-6.5-all\2oz4ud9k3tuxjg84bbf55q0tn\gradle-6.5\lib\gradle-launcher-6.5.jar
Launcher Type: SUN_STANDARD

Environment Variables:
JAVA_HOME=C:\Program Files (x86)\Java\jdk1.6.0_25
CLASSPATH=.;C:\Program Files (x86)\Java\jdk1.6.0_25\lib\dt.jar;C:\Program Files (x86)\Java\jdk1.6.0_25\lib\tools.jar
PATH=C:\Program Files (x86)\Common Files\Oracle\Java\javapath;C:\Program Files (x86)\Intel\Intel(R) Management Engine Components\iCLS\;C:\Program Files\Intel\Intel(R) Management Engine Components\iCLS\;C:\WINDOWS\system32;C:\WINDOWS;C:\WINDOWS\System32\Wbem;C:\WINDOWS\System32\WindowsPowerShell\v1.0\;C:\WINDOWS\System32\OpenSSH\;C:\Program Files (x86)\Intel\Intel(R) Management Engine Components\DAL;C:\Program Files\Intel\Intel(R) Management Engine Components\DAL;C:\Program Files\TortoiseSVN\bin;"C:\Program Files (x86)\Java\jdk1.6.0_25\bin;";"C:\Program Files (x86)\Java\jdk1.6.0_25\jre\bin;C:\Users\LKJ\AppData\Local\Programs\Python\Python37\Scripts\;C:\Users\LKJ\AppData\Local\Programs\Python\Python37\;C:\Users\LKJ\AppData\Local\Microsoft\WindowsApps;;E:\JetBrains\PyCharm Community Edition 2019.3.1\bin;;C:\Users\LKJ\AppData\Local\Programs\Microsoft VS Code\bin
USERNAME=LKJ
OS=Windows_NT
PROCESSOR_IDENTIFIER=Intel64 Family 6 Model 142 Stepping 10, GenuineIntel



---------------  S Y S T E M  ---------------

OS: Windows 10.0 , 64 bit Build 18362 (10.0.18362.1316)

CPU:total 8 (initial active 8) (4 cores per cpu, 2 threads per core) family 6 model 142 stepping 10, cmov, cx8, fxsr, mmx, sse, sse2, sse3, ssse3, sse4.1, sse4.2, popcnt, avx, avx2, aes, clmul, erms, 3dnowpref, lzcnt, ht, tsc, tscinvbit, bmi1, bmi2, adx

Memory: 4k page, physical 8216464k(465244k free), swap 21323660k(1376k free)

vm_info: OpenJDK 64-Bit Server VM (25.242-b01) for windows-amd64 JRE (1.8.0_242-release-1644-b01), built by "builder" with MS VC++ 10.0 (VS2010)

time: Thu Jan 28 14:47:09 2021
timezone: 中国标准时间
elapsed time: 8 seconds (0d 0h 0m 8s)

