#
# There is insufficient memory for the Java Runtime Environment to continue.
# Native memory allocation (malloc) failed to allocate 1886096 bytes for Chunk::new
# Possible reasons:
#   The system is out of physical RAM or swap space
#   The process is running with CompressedOops enabled, and the Java Heap may be blocking the growth of the native heap
# Possible solutions:
#   Reduce memory load on the system
#   Increase physical memory or swap space
#   Check if swap backing store is full
#   Decrease Java heap size (-Xmx/-Xms)
#   Decrease number of Java threads
#   Decrease Java thread stack sizes (-Xss)
#   Set larger code cache with -XX:ReservedCodeCacheSize=
#   JVM is running with Unscaled Compressed Oops mode in which the Java heap is
#     placed in the first 4GB address space. The Java Heap base address is the
#     maximum limit for the native heap growth. Please use -XX:HeapBaseMinAddress
#     to set the Java Heap base and to place the Java Heap above 4GB virtual address.
# This output file may be truncated or incomplete.
#
#  Out of Memory Error (allocation.cpp:389), pid=5924, tid=0x00000000000027e8
#
# JRE version: OpenJDK Runtime Environment (8.0_242-b01) (build 1.8.0_242-release-1644-b01)
# Java VM: OpenJDK 64-Bit Server VM (25.242-b01 mixed mode windows-amd64 compressed oops)
# Failed to write core dump. Minidumps are not enabled by default on client versions of Windows
#

---------------  T H R E A D  ---------------

Current thread (0x00000000198f5800):  JavaThread "C2 CompilerThread0" daemon [_thread_in_native, id=10216, stack(0x000000001a0c0000,0x000000001a1c0000)]

Stack: [0x000000001a0c0000,0x000000001a1c0000]
[error occurred during error reporting (printing stack bounds), id 0xc0000005]

Native frames: (J=compiled Java code, j=interpreted, Vv=VM code, C=native code)


Current CompileTask:
C2:   3209 1509       4       java.net.URLClassLoader$1::run (5 bytes)


---------------  P R O C E S S  ---------------

Java Threads: ( => current thread )
  0x0000000019961800 JavaThread "Cache worker for file hash cache (C:\Users\LKJ\.gradle\caches\6.5\fileHashes)" [_thread_blocked, id=24692, stack(0x000000001e310000,0x000000001e410000)]
  0x000000001c6d1000 JavaThread "File lock request listener" [_thread_in_native, id=7732, stack(0x000000001e210000,0x000000001e310000)]
  0x000000001c6d0000 JavaThread "Cache worker for journal cache (C:\Users\LKJ\.gradle\caches\journal-1)" [_thread_blocked, id=24796, stack(0x000000001e110000,0x000000001e210000)]
  0x000000001a85d000 JavaThread "Thread-9" [_thread_blocked, id=9892, stack(0x000000001de10000,0x000000001df10000)]
  0x000000001a85c800 JavaThread "Stdin handler" [_thread_blocked, id=972, stack(0x000000001dd10000,0x000000001de10000)]
  0x000000001a85a000 JavaThread "Asynchronous log dispatcher for DefaultDaemonConnection: socket connection from /127.0.0.1:62452 to /127.0.0.1:62453" [_thread_blocked, id=13028, stack(0x000000001dc10000,0x000000001dd10000)]
  0x000000001a857000 JavaThread "Daemon worker" [_thread_in_vm, id=22696, stack(0x000000001db10000,0x000000001dc10000)]
  0x000000001c2da000 JavaThread "Cancel handler" [_thread_blocked, id=1540, stack(0x000000001da10000,0x000000001db10000)]
  0x000000001c29e000 JavaThread "Handler for socket connection from /127.0.0.1:62452 to /127.0.0.1:62453" [_thread_in_native, id=2780, stack(0x000000001d910000,0x000000001da10000)]
  0x000000001c29b800 JavaThread "Daemon" [_thread_blocked, id=24620, stack(0x000000001d810000,0x000000001d910000)]
  0x000000001c278800 JavaThread "Daemon periodic checks" [_thread_blocked, id=17600, stack(0x000000001d510000,0x000000001d610000)]
  0x000000001c277000 JavaThread "Incoming local TCP Connector on port 62452" [_thread_in_native, id=13812, stack(0x000000001d360000,0x000000001d460000)]
  0x000000001a7ce000 JavaThread "Daemon health stats" [_thread_blocked, id=5376, stack(0x000000001d060000,0x000000001d160000)]
  0x00000000199b4000 JavaThread "Service Thread" daemon [_thread_blocked, id=9072, stack(0x000000001a4c0000,0x000000001a5c0000)]
  0x0000000019965800 JavaThread "C1 CompilerThread3" daemon [_thread_blocked, id=23840, stack(0x000000001a3c0000,0x000000001a4c0000)]
  0x0000000019956000 JavaThread "C2 CompilerThread2" daemon [_thread_blocked, id=10068, stack(0x000000001a2c0000,0x000000001a3c0000)]
  0x00000000198f9000 JavaThread "C2 CompilerThread1" daemon [_thread_in_native, id=9116, stack(0x000000001a1c0000,0x000000001a2c0000)]
=>0x00000000198f5800 JavaThread "C2 CompilerThread0" daemon [_thread_in_native, id=10216, stack(0x000000001a0c0000,0x000000001a1c0000)]
  0x00000000198f4000 JavaThread "Attach Listener" daemon [_thread_blocked, id=14316, stack(0x0000000019fc0000,0x000000001a0c0000)]
  0x0000000019953000 JavaThread "Signal Dispatcher" daemon [_thread_blocked, id=13168, stack(0x0000000019ec0000,0x0000000019fc0000)]
  0x00000000198e1000 JavaThread "Finalizer" daemon [_thread_blocked, id=3216, stack(0x0000000019dc0000,0x0000000019ec0000)]
  0x00000000198e0800 JavaThread "Reference Handler" daemon [_thread_blocked, id=18824, stack(0x0000000019cc0000,0x0000000019dc0000)]
  0x0000000000c4e000 JavaThread "main" [_thread_blocked, id=20796, stack(0x00000000024b0000,0x00000000025b0000)]

Other Threads:
  0x0000000017af8000 VMThread [stack: 0x00000000197c0000,0x00000000198c0000] [id=16104]
  0x00000000199b4800 WatcherThread [stack: 0x000000001a5c0000,0x000000001a6c0000] [id=7828]

VM state:not at safepoint (normal execution)

VM Mutex/Monitor currently owned by a thread: None

heap address: 0x0000000080000000, size: 2048 MB, Compressed Oops mode: 32-bit
Narrow klass base: 0x0000000000000000, Narrow klass shift: 3
Compressed class space size: 1073741824 Address: 0x0000000100000000

Heap:
 PSYoungGen      total 37888K, used 13285K [0x00000000d5580000, 0x00000000da980000, 0x0000000100000000)
  eden space 32768K, 24% used [0x00000000d5580000,0x00000000d5d7f708,0x00000000d7580000)
  from space 5120K, 99% used [0x00000000d7580000,0x00000000d7a7a040,0x00000000d7a80000)
  to   space 10240K, 0% used [0x00000000d9f80000,0x00000000d9f80000,0x00000000da980000)
 ParOldGen       total 86016K, used 7087K [0x0000000080000000, 0x0000000085400000, 0x00000000d5580000)
  object space 86016K, 8% used [0x0000000080000000,0x00000000806ebee8,0x0000000085400000)
 Metaspace       used 18489K, capacity 19108K, committed 19456K, reserved 1067008K
  class space    used 2518K, capacity 2710K, committed 2816K, reserved 1048576K

Card table byte_map: [0x0000000011e50000,0x0000000012260000] byte_map_base: 0x0000000011a50000

Marking Bits: (ParMarkBitMap*) 0x0000000070dcf030
 Begin Bits: [0x0000000012d10000, 0x0000000014d10000)
 End Bits:   [0x0000000014d10000, 0x0000000016d10000)

Polling page: 0x0000000000600000

CodeCache: size=245760Kb used=5789Kb max_used=5789Kb free=239970Kb
 bounds [0x0000000002a90000, 0x0000000003040000, 0x0000000011a90000]
 total_blobs=2094 nmethods=1680 adapters=327
 compilation: enabled

Compilation events (10 events):
Event: 3.192 Thread 0x0000000019965800 1674   !   3       sun.reflect.generics.factory.CoreReflectionFactory::makeNamedType (21 bytes)
Event: 3.192 Thread 0x0000000019965800 nmethod 1674 0x000000000302dd10 code [0x000000000302dea0, 0x000000000302e108]
Event: 3.192 Thread 0x0000000019965800 1675       3       sun.reflect.generics.factory.CoreReflectionFactory::getDeclsLoader (85 bytes)
Event: 3.193 Thread 0x0000000019965800 nmethod 1675 0x00000000030365d0 code [0x0000000003036920, 0x0000000003038bd8]
Event: 3.193 Thread 0x0000000019965800 1677       3       sun.misc.ProxyGenerator::access$700 (7 bytes)
Event: 3.193 Thread 0x0000000019965800 nmethod 1677 0x0000000003030750 code [0x00000000030308c0, 0x0000000003030aa8]
Event: 3.193 Thread 0x0000000019965800 1676       3       sun.reflect.generics.tree.ClassTypeSignature::accept (8 bytes)
Event: 3.193 Thread 0x0000000019965800 nmethod 1676 0x0000000003030310 code [0x0000000003030480, 0x0000000003030668]
Event: 3.193 Thread 0x0000000019965800 1678       3       java.lang.Class::arrayContentsEq (70 bytes)
Event: 3.194 Thread 0x0000000019965800 nmethod 1678 0x000000000302fbd0 code [0x000000000302fd60, 0x0000000003030190]

GC Heap History (10 events):
Event: 0.728 GC heap before
{Heap before GC invocations=1 (full 0):
 PSYoungGen      total 37888K, used 32768K [0x00000000d5580000, 0x00000000d7f80000, 0x0000000100000000)
  eden space 32768K, 100% used [0x00000000d5580000,0x00000000d7580000,0x00000000d7580000)
  from space 5120K, 0% used [0x00000000d7a80000,0x00000000d7a80000,0x00000000d7f80000)
  to   space 5120K, 0% used [0x00000000d7580000,0x00000000d7580000,0x00000000d7a80000)
 ParOldGen       total 86016K, used 0K [0x0000000080000000, 0x0000000085400000, 0x00000000d5580000)
  object space 86016K, 0% used [0x0000000080000000,0x0000000080000000,0x0000000085400000)
 Metaspace       used 7608K, capacity 7912K, committed 8064K, reserved 1056768K
  class space    used 935K, capacity 1039K, committed 1152K, reserved 1048576K
Event: 0.733 GC heap after
Heap after GC invocations=1 (full 0):
 PSYoungGen      total 37888K, used 4777K [0x00000000d5580000, 0x00000000d7f80000, 0x0000000100000000)
  eden space 32768K, 0% used [0x00000000d5580000,0x00000000d5580000,0x00000000d7580000)
  from space 5120K, 93% used [0x00000000d7580000,0x00000000d7a2a6c0,0x00000000d7a80000)
  to   space 5120K, 0% used [0x00000000d7a80000,0x00000000d7a80000,0x00000000d7f80000)
 ParOldGen       total 86016K, used 16K [0x0000000080000000, 0x0000000085400000, 0x00000000d5580000)
  object space 86016K, 0% used [0x0000000080000000,0x0000000080004000,0x0000000085400000)
 Metaspace       used 7608K, capacity 7912K, committed 8064K, reserved 1056768K
  class space    used 935K, capacity 1039K, committed 1152K, reserved 1048576K
}
Event: 1.029 GC heap before
{Heap before GC invocations=2 (full 0):
 PSYoungGen      total 37888K, used 37545K [0x00000000d5580000, 0x00000000d7f80000, 0x0000000100000000)
  eden space 32768K, 100% used [0x00000000d5580000,0x00000000d7580000,0x00000000d7580000)
  from space 5120K, 93% used [0x00000000d7580000,0x00000000d7a2a6c0,0x00000000d7a80000)
  to   space 5120K, 0% used [0x00000000d7a80000,0x00000000d7a80000,0x00000000d7f80000)
 ParOldGen       total 86016K, used 16K [0x0000000080000000, 0x0000000085400000, 0x00000000d5580000)
  object space 86016K, 0% used [0x0000000080000000,0x0000000080004000,0x0000000085400000)
 Metaspace       used 7840K, capacity 8122K, committed 8320K, reserved 1056768K
  class space    used 955K, capacity 1045K, committed 1152K, reserved 1048576K
Event: 1.032 GC heap after
Heap after GC invocations=2 (full 0):
 PSYoungGen      total 37888K, used 3577K [0x00000000d5580000, 0x00000000d7f80000, 0x0000000100000000)
  eden space 32768K, 0% used [0x00000000d5580000,0x00000000d5580000,0x00000000d7580000)
  from space 5120K, 69% used [0x00000000d7a80000,0x00000000d7dfe5f8,0x00000000d7f80000)
  to   space 5120K, 0% used [0x00000000d7580000,0x00000000d7580000,0x00000000d7a80000)
 ParOldGen       total 86016K, used 24K [0x0000000080000000, 0x0000000085400000, 0x00000000d5580000)
  object space 86016K, 0% used [0x0000000080000000,0x0000000080006000,0x0000000085400000)
 Metaspace       used 7840K, capacity 8122K, committed 8320K, reserved 1056768K
  class space    used 955K, capacity 1045K, committed 1152K, reserved 1048576K
}
Event: 2.619 GC heap before
{Heap before GC invocations=3 (full 0):
 PSYoungGen      total 37888K, used 36345K [0x00000000d5580000, 0x00000000d7f80000, 0x0000000100000000)
  eden space 32768K, 100% used [0x00000000d5580000,0x00000000d7580000,0x00000000d7580000)
  from space 5120K, 69% used [0x00000000d7a80000,0x00000000d7dfe5f8,0x00000000d7f80000)
  to   space 5120K, 0% used [0x00000000d7580000,0x00000000d7580000,0x00000000d7a80000)
 ParOldGen       total 86016K, used 24K [0x0000000080000000, 0x0000000085400000, 0x00000000d5580000)
  object space 86016K, 0% used [0x0000000080000000,0x0000000080006000,0x0000000085400000)
 Metaspace       used 12047K, capacity 12424K, committed 12544K, reserved 1060864K
  class space    used 1595K, capacity 1698K, committed 1792K, reserved 1048576K
Event: 2.624 GC heap after
Heap after GC invocations=3 (full 0):
 PSYoungGen      total 37888K, used 5096K [0x00000000d5580000, 0x00000000d7f80000, 0x0000000100000000)
  eden space 32768K, 0% used [0x00000000d5580000,0x00000000d5580000,0x00000000d7580000)
  from space 5120K, 99% used [0x00000000d7580000,0x00000000d7a7a040,0x00000000d7a80000)
  to   space 5120K, 0% used [0x00000000d7a80000,0x00000000d7a80000,0x00000000d7f80000)
 ParOldGen       total 86016K, used 1261K [0x0000000080000000, 0x0000000085400000, 0x00000000d5580000)
  object space 86016K, 1% used [0x0000000080000000,0x000000008013b7f8,0x0000000085400000)
 Metaspace       used 12047K, capacity 12424K, committed 12544K, reserved 1060864K
  class space    used 1595K, capacity 1698K, committed 1792K, reserved 1048576K
}
Event: 2.880 GC heap before
{Heap before GC invocations=4 (full 0):
 PSYoungGen      total 37888K, used 37858K [0x00000000d5580000, 0x00000000d7f80000, 0x0000000100000000)
  eden space 32768K, 99% used [0x00000000d5580000,0x00000000d757e7e8,0x00000000d7580000)
  from space 5120K, 99% used [0x00000000d7580000,0x00000000d7a7a040,0x00000000d7a80000)
  to   space 5120K, 0% used [0x00000000d7a80000,0x00000000d7a80000,0x00000000d7f80000)
 ParOldGen       total 86016K, used 1261K [0x0000000080000000, 0x0000000085400000, 0x00000000d5580000)
  object space 86016K, 1% used [0x0000000080000000,0x000000008013b7f8,0x0000000085400000)
 Metaspace       used 14781K, capacity 15370K, committed 15488K, reserved 1062912K
  class space    used 2010K, capacity 2169K, committed 2176K, reserved 1048576K
Event: 2.886 GC heap after
Heap after GC invocations=4 (full 0):
 PSYoungGen      total 37888K, used 5111K [0x00000000d5580000, 0x00000000d9f80000, 0x0000000100000000)
  eden space 32768K, 0% used [0x00000000d5580000,0x00000000d5580000,0x00000000d7580000)
  from space 5120K, 99% used [0x00000000d7a80000,0x00000000d7f7dc60,0x00000000d7f80000)
  to   space 5120K, 0% used [0x00000000d7580000,0x00000000d7580000,0x00000000d7a80000)
 ParOldGen       total 86016K, used 3861K [0x0000000080000000, 0x0000000085400000, 0x00000000d5580000)
  object space 86016K, 4% used [0x0000000080000000,0x00000000803c57a8,0x0000000085400000)
 Metaspace       used 14781K, capacity 15370K, committed 15488K, reserved 1062912K
  class space    used 2010K, capacity 2169K, committed 2176K, reserved 1048576K
}
Event: 3.135 GC heap before
{Heap before GC invocations=5 (full 0):
 PSYoungGen      total 37888K, used 37879K [0x00000000d5580000, 0x00000000d9f80000, 0x0000000100000000)
  eden space 32768K, 100% used [0x00000000d5580000,0x00000000d7580000,0x00000000d7580000)
  from space 5120K, 99% used [0x00000000d7a80000,0x00000000d7f7dc60,0x00000000d7f80000)
  to   space 5120K, 0% used [0x00000000d7580000,0x00000000d7580000,0x00000000d7a80000)
 ParOldGen       total 86016K, used 3861K [0x0000000080000000, 0x0000000085400000, 0x00000000d5580000)
  object space 86016K, 4% used [0x0000000080000000,0x00000000803c57a8,0x0000000085400000)
 Metaspace       used 17655K, capacity 18386K, committed 18560K, reserved 1064960K
  class space    used 2408K, capacity 2579K, committed 2688K, reserved 1048576K
Event: 3.143 GC heap after
Heap after GC invocations=5 (full 0):
 PSYoungGen      total 37888K, used 5096K [0x00000000d5580000, 0x00000000da980000, 0x0000000100000000)
  eden space 32768K, 0% used [0x00000000d5580000,0x00000000d5580000,0x00000000d7580000)
  from space 5120K, 99% used [0x00000000d7580000,0x00000000d7a7a040,0x00000000d7a80000)
  to   space 10240K, 0% used [0x00000000d9f80000,0x00000000d9f80000,0x00000000da980000)
 ParOldGen       total 86016K, used 7087K [0x0000000080000000, 0x0000000085400000, 0x00000000d5580000)
  object space 86016K, 8% used [0x0000000080000000,0x00000000806ebee8,0x0000000085400000)
 Metaspace       used 17655K, capacity 18386K, committed 18560K, reserved 1064960K
  class space    used 2408K, capacity 2579K, committed 2688K, reserved 1048576K
}

Deoptimization events (10 events):
Event: 2.824 Thread 0x000000001a857000 Uncommon trap: reason=class_check action=maybe_recompile pc=0x0000000002dccd58 method=java.util.regex.Matcher.match(II)Z @ 86
Event: 2.824 Thread 0x000000001a857000 Uncommon trap: reason=class_check action=maybe_recompile pc=0x0000000002dccd58 method=java.util.regex.Matcher.match(II)Z @ 86
Event: 2.824 Thread 0x000000001a857000 Uncommon trap: reason=class_check action=maybe_recompile pc=0x0000000002c41f8c method=java.util.regex.Matcher.match(II)Z @ 86
Event: 2.917 Thread 0x000000001a857000 Uncommon trap: reason=unstable_if action=reinterpret pc=0x0000000002dc709c method=java.io.File.getName()Ljava/lang/String; @ 16
Event: 3.064 Thread 0x000000001a857000 Uncommon trap: reason=unstable_if action=reinterpret pc=0x0000000002dc5470 method=java.util.LinkedHashMap.afterNodeInsertion(Z)V @ 1
Event: 3.065 Thread 0x000000001a857000 Uncommon trap: reason=unstable_if action=reinterpret pc=0x0000000002cfdec4 method=java.util.HashMap.getNode(ILjava/lang/Object;)Ljava/util/HashMap$Node; @ 129
Event: 3.065 Thread 0x000000001a857000 Uncommon trap: reason=bimorphic action=maybe_recompile pc=0x0000000002f51080 method=java.util.HashMap.putVal(ILjava/lang/Object;Ljava/lang/Object;ZZ)Ljava/lang/Object; @ 203
Event: 3.067 Thread 0x000000001a857000 Uncommon trap: reason=unstable_if action=reinterpret pc=0x0000000002cf1650 method=java.util.HashMap.getNode(ILjava/lang/Object;)Ljava/util/HashMap$Node; @ 129
Event: 3.067 Thread 0x000000001a857000 Uncommon trap: reason=bimorphic action=maybe_recompile pc=0x0000000002f51080 method=java.util.HashMap.putVal(ILjava/lang/Object;Ljava/lang/Object;ZZ)Ljava/lang/Object; @ 203
Event: 3.168 Thread 0x000000001a857000 Uncommon trap: reason=unstable_if action=reinterpret pc=0x0000000002fd514c method=java.util.jar.Attributes$Name.isDigit(C)Z @ 3

Classes redefined (0 events):
No events

Internal exceptions (10 events):
Event: 2.615 Thread 0x000000001c29e000 Exception <a 'java/lang/NoSuchMethodError': <clinit>> (0x00000000d753fcf8) thrown at [C:\src\AOSP-openjdk-git\hotspot\src\share\vm\prims\jni.cpp, line 1615]
Event: 2.616 Thread 0x000000001c29e000 Exception <a 'java/lang/NoSuchMethodError': <clinit>> (0x00000000d7556038) thrown at [C:\src\AOSP-openjdk-git\hotspot\src\share\vm\prims\jni.cpp, line 1615]
Event: 2.631 Thread 0x000000001c29e000 Exception <a 'java/lang/NoSuchMethodError': <clinit>> (0x00000000d55cfba0) thrown at [C:\src\AOSP-openjdk-git\hotspot\src\share\vm\prims\jni.cpp, line 1615]
Event: 2.634 Thread 0x000000001c29e000 Exception <a 'java/lang/NoSuchMethodError': <clinit>> (0x00000000d55ff228) thrown at [C:\src\AOSP-openjdk-git\hotspot\src\share\vm\prims\jni.cpp, line 1615]
Event: 2.638 Thread 0x000000001c29e000 Exception <a 'java/lang/NoSuchMethodError': <clinit>> (0x00000000d5650190) thrown at [C:\src\AOSP-openjdk-git\hotspot\src\share\vm\prims\jni.cpp, line 1615]
Event: 2.639 Thread 0x000000001c29e000 Exception <a 'java/lang/NoSuchMethodError': <clinit>> (0x00000000d565c608) thrown at [C:\src\AOSP-openjdk-git\hotspot\src\share\vm\prims\jni.cpp, line 1615]
Event: 2.948 Thread 0x000000001a857000 Exception <a 'java/lang/NoSuchMethodError': java.lang.Object.lambda$and$0(Ljava/util/function/Predicate;Ljava/lang/Object;)Z> (0x00000000d5a3cd10) thrown at [C:\src\AOSP-openjdk-git\hotspot\src\share\vm\interpreter\linkResolver.cpp, line 620]
Event: 2.952 Thread 0x000000001a857000 Exception <a 'java/lang/IncompatibleClassChangeError': Found class java.lang.Object, but interface was expected> (0x00000000d5a4d020) thrown at [C:\src\AOSP-openjdk-git\hotspot\src\share\vm\interpreter\linkResolver.cpp, line 653]
Event: 2.954 Thread 0x000000001a857000 Exception <a 'java/lang/NoSuchMethodError': java.lang.Object.lambda$or$2(Ljava/util/function/Predicate;Ljava/lang/Object;)Z> (0x00000000d5a51b70) thrown at [C:\src\AOSP-openjdk-git\hotspot\src\share\vm\interpreter\linkResolver.cpp, line 620]
Event: 3.098 Thread 0x000000001a857000 Exception <a 'java/lang/NoSuchMethodError': java.lang.Object.lambda$static$0(Lorg/gradle/internal/state/ModelObject;)Ljava/lang/String;> (0x00000000d71bb8a0) thrown at [C:\src\AOSP-openjdk-git\hotspot\src\share\vm\interpreter\linkResolver.cpp, line 620]

Events (10 events):
Event: 3.205 loading class org/objectweb/asm/AnnotationVisitor
Event: 3.205 loading class org/objectweb/asm/AnnotationVisitor done
Event: 3.205 loading class org/objectweb/asm/AnnotationWriter
Event: 3.205 loading class org/objectweb/asm/AnnotationWriter done
Event: 3.205 loading class org/objectweb/asm/MethodVisitor
Event: 3.205 loading class org/objectweb/asm/MethodVisitor done
Event: 3.205 loading class org/objectweb/asm/MethodWriter
Event: 3.206 loading class org/objectweb/asm/MethodWriter done
Event: 3.206 loading class org/objectweb/asm/FieldVisitor
Event: 3.206 loading class org/objectweb/asm/FieldVisitor done


Dynamic libraries:
0x00007ff7cece0000 - 0x00007ff7ced11000 	D:\Program Files\Android\Android Studio\jre\bin\java.exe
0x00007ffd74280000 - 0x00007ffd74470000 	C:\WINDOWS\SYSTEM32\ntdll.dll
0x00007ffd725f0000 - 0x00007ffd726a2000 	C:\WINDOWS\System32\KERNEL32.DLL
0x00007ffd71660000 - 0x00007ffd71905000 	C:\WINDOWS\System32\KERNELBASE.dll
0x00007ffd73140000 - 0x00007ffd731e3000 	C:\WINDOWS\System32\ADVAPI32.dll
0x00007ffd72550000 - 0x00007ffd725ee000 	C:\WINDOWS\System32\msvcrt.dll
0x00007ffd726d0000 - 0x00007ffd72767000 	C:\WINDOWS\System32\sechost.dll
0x00007ffd73530000 - 0x00007ffd7364f000 	C:\WINDOWS\System32\RPCRT4.dll
0x00007ffd73bd0000 - 0x00007ffd73d64000 	C:\WINDOWS\System32\USER32.dll
0x00007ffd71220000 - 0x00007ffd71241000 	C:\WINDOWS\System32\win32u.dll
0x00007ffd72770000 - 0x00007ffd72796000 	C:\WINDOWS\System32\GDI32.dll
0x00007ffd72190000 - 0x00007ffd72328000 	C:\WINDOWS\System32\gdi32full.dll
0x00007ffd712e0000 - 0x00007ffd7137e000 	C:\WINDOWS\System32\msvcp_win.dll
0x00007ffd71560000 - 0x00007ffd7165a000 	C:\WINDOWS\System32\ucrtbase.dll
0x00007ffd5d5f0000 - 0x00007ffd5d874000 	C:\WINDOWS\WinSxS\amd64_microsoft.windows.common-controls_6595b64144ccf1df_6.0.18362.1316_none_9e7a364fe461dbd7\COMCTL32.dll
0x00007ffd731f0000 - 0x00007ffd73527000 	C:\WINDOWS\System32\combase.dll
0x00007ffd71380000 - 0x00007ffd71401000 	C:\WINDOWS\System32\bcryptPrimitives.dll
0x00007ffd72520000 - 0x00007ffd7254e000 	C:\WINDOWS\System32\IMM32.DLL
0x000000006fac0000 - 0x000000006fb92000 	D:\Program Files\Android\Android Studio\jre\jre\bin\msvcr100.dll
0x0000000070600000 - 0x0000000070e4b000 	D:\Program Files\Android\Android Studio\jre\jre\bin\server\jvm.dll
0x00007ffd726c0000 - 0x00007ffd726c8000 	C:\WINDOWS\System32\PSAPI.DLL
0x00007ffd5eae0000 - 0x00007ffd5eae9000 	C:\WINDOWS\SYSTEM32\WSOCK32.dll
0x00007ffd667f0000 - 0x00007ffd667fa000 	C:\WINDOWS\SYSTEM32\VERSION.dll
0x00007ffd73650000 - 0x00007ffd736bf000 	C:\WINDOWS\System32\WS2_32.dll
0x00007ffd69000000 - 0x00007ffd69024000 	C:\WINDOWS\SYSTEM32\WINMM.dll
0x00007ffd68fd0000 - 0x00007ffd68ffd000 	C:\WINDOWS\SYSTEM32\winmmbase.dll
0x00007ffd71910000 - 0x00007ffd7195a000 	C:\WINDOWS\System32\cfgmgr32.dll
0x00007ffd6c090000 - 0x00007ffd6c09f000 	D:\Program Files\Android\Android Studio\jre\jre\bin\verify.dll
0x00007ffd586e0000 - 0x00007ffd58709000 	D:\Program Files\Android\Android Studio\jre\jre\bin\java.dll
0x00007ffd68c70000 - 0x00007ffd68c86000 	D:\Program Files\Android\Android Studio\jre\jre\bin\zip.dll
0x00007ffd72a50000 - 0x00007ffd73138000 	C:\WINDOWS\System32\SHELL32.dll
0x00007ffd723a0000 - 0x00007ffd72447000 	C:\WINDOWS\System32\shcore.dll
0x00007ffd71960000 - 0x00007ffd720db000 	C:\WINDOWS\System32\windows.storage.dll
0x00007ffd71140000 - 0x00007ffd71163000 	C:\WINDOWS\System32\profapi.dll
0x00007ffd711b0000 - 0x00007ffd711fa000 	C:\WINDOWS\System32\powrprof.dll
0x00007ffd71130000 - 0x00007ffd71140000 	C:\WINDOWS\System32\UMPDC.dll
0x00007ffd72940000 - 0x00007ffd72992000 	C:\WINDOWS\System32\shlwapi.dll
0x00007ffd71190000 - 0x00007ffd711a1000 	C:\WINDOWS\System32\kernel.appcore.dll
0x00007ffd71200000 - 0x00007ffd71217000 	C:\WINDOWS\System32\cryptsp.dll
0x00007ffd623c0000 - 0x00007ffd623da000 	D:\Program Files\Android\Android Studio\jre\jre\bin\net.dll
0x00007ffd70970000 - 0x00007ffd709d7000 	C:\WINDOWS\system32\mswsock.dll
0x00007ffd613a0000 - 0x00007ffd613b3000 	D:\Program Files\Android\Android Studio\jre\jre\bin\nio.dll
0x00007ffd548e0000 - 0x00007ffd54907000 	C:\Users\LKJ\.gradle\native\f6784746aeab05261644944871eae4fe03e0ef1612fff0a4a95f87b438bc6780\windows-amd64\native-platform.dll
0x00007ffd6a230000 - 0x00007ffd6a23d000 	D:\Program Files\Android\Android Studio\jre\jre\bin\management.dll
0x00007ffd70490000 - 0x00007ffd704c3000 	C:\WINDOWS\system32\rsaenh.dll
0x00007ffd712b0000 - 0x00007ffd712d6000 	C:\WINDOWS\System32\bcrypt.dll
0x00007ffd71010000 - 0x00007ffd71035000 	C:\WINDOWS\SYSTEM32\USERENV.dll
0x00007ffd70b40000 - 0x00007ffd70b4c000 	C:\WINDOWS\SYSTEM32\CRYPTBASE.dll
0x00007ffd70620000 - 0x00007ffd7065a000 	C:\WINDOWS\SYSTEM32\IPHLPAPI.DLL
0x00007ffd74100000 - 0x00007ffd74108000 	C:\WINDOWS\System32\NSI.dll
0x00007ffd6bd10000 - 0x00007ffd6bd26000 	C:\WINDOWS\SYSTEM32\dhcpcsvc6.DLL
0x00007ffd6bcf0000 - 0x00007ffd6bd0c000 	C:\WINDOWS\SYSTEM32\dhcpcsvc.DLL
0x00007ffd70660000 - 0x00007ffd7072b000 	C:\WINDOWS\SYSTEM32\DNSAPI.dll
0x00007ffd6be90000 - 0x00007ffd6be9b000 	C:\WINDOWS\SYSTEM32\WINNSI.DLL

VM Arguments:
jvm_args: -Xmx2048m -Dfile.encoding=UTF-8 -Duser.country=CN -Duser.language=zh -Duser.variant 
java_command: org.gradle.launcher.daemon.bootstrap.GradleDaemon 6.5
java_class_path (initial): C:\Users\LKJ\.gradle\wrapper\dists\gradle-6.5-all\2oz4ud9k3tuxjg84bbf55q0tn\gradle-6.5\lib\gradle-launcher-6.5.jar
Launcher Type: SUN_STANDARD

Environment Variables:
JAVA_HOME=C:\Program Files (x86)\Java\jdk1.6.0_25
CLASSPATH=.;C:\Program Files (x86)\Java\jdk1.6.0_25\lib\dt.jar;C:\Program Files (x86)\Java\jdk1.6.0_25\lib\tools.jar
PATH=C:\Program Files (x86)\Common Files\Oracle\Java\javapath;C:\Program Files (x86)\Intel\Intel(R) Management Engine Components\iCLS\;C:\Program Files\Intel\Intel(R) Management Engine Components\iCLS\;C:\WINDOWS\system32;C:\WINDOWS;C:\WINDOWS\System32\Wbem;C:\WINDOWS\System32\WindowsPowerShell\v1.0\;C:\WINDOWS\System32\OpenSSH\;C:\Program Files (x86)\Intel\Intel(R) Management Engine Components\DAL;C:\Program Files\Intel\Intel(R) Management Engine Components\DAL;C:\Program Files\TortoiseSVN\bin;"C:\Program Files (x86)\Java\jdk1.6.0_25\bin;";"C:\Program Files (x86)\Java\jdk1.6.0_25\jre\bin;C:\Users\LKJ\AppData\Local\Programs\Python\Python37\Scripts\;C:\Users\LKJ\AppData\Local\Programs\Python\Python37\;C:\Users\LKJ\AppData\Local\Microsoft\WindowsApps;;E:\JetBrains\PyCharm Community Edition 2019.3.1\bin;;C:\Users\LKJ\AppData\Local\Programs\Microsoft VS Code\bin
USERNAME=LKJ
OS=Windows_NT
PROCESSOR_IDENTIFIER=Intel64 Family 6 Model 142 Stepping 10, GenuineIntel



---------------  S Y S T E M  ---------------

OS: Windows 10.0 , 64 bit Build 18362 (10.0.18362.1316)

CPU:total 8 (initial active 8) (4 cores per cpu, 2 threads per core) family 6 model 142 stepping 10, cmov, cx8, fxsr, mmx, sse, sse2, sse3, ssse3, sse4.1, sse4.2, popcnt, avx, avx2, aes, clmul, erms, 3dnowpref, lzcnt, ht, tsc, tscinvbit, bmi1, bmi2, adx

Memory: 4k page, physical 8216464k(519876k free), swap 21323660k(5144k free)

vm_info: OpenJDK 64-Bit Server VM (25.242-b01) for windows-amd64 JRE (1.8.0_242-release-1644-b01), built by "builder" with MS VC++ 10.0 (VS2010)

time: Thu Jan 28 14:49:22 2021
timezone: 中国标准时间
elapsed time: 3 seconds (0d 0h 0m 3s)

