#
# There is insufficient memory for the Java Runtime Environment to continue.
# Native memory allocation (malloc) failed to allocate 645376 bytes for Chunk::new
# Possible reasons:
#   The system is out of physical RAM or swap space
#   The process is running with CompressedOops enabled, and the Java Heap may be blocking the growth of the native heap
# Possible solutions:
#   Reduce memory load on the system
#   Increase physical memory or swap space
#   Check if swap backing store is full
#   Decrease Java heap size (-Xmx/-Xms)
#   Decrease number of Java threads
#   Decrease Java thread stack sizes (-Xss)
#   Set larger code cache with -XX:ReservedCodeCacheSize=
#   JVM is running with Unscaled Compressed Oops mode in which the Java heap is
#     placed in the first 4GB address space. The Java Heap base address is the
#     maximum limit for the native heap growth. Please use -XX:HeapBaseMinAddress
#     to set the Java Heap base and to place the Java Heap above 4GB virtual address.
# This output file may be truncated or incomplete.
#
#  Out of Memory Error (allocation.cpp:389), pid=23664, tid=0x00000000000066b4
#
# JRE version: OpenJDK Runtime Environment (8.0_242-b01) (build 1.8.0_242-release-1644-b01)
# Java VM: OpenJDK 64-Bit Server VM (25.242-b01 mixed mode windows-amd64 compressed oops)
# Failed to write core dump. Minidumps are not enabled by default on client versions of Windows
#

---------------  T H R E A D  ---------------

Current thread (0x0000000015dba800):  JavaThread "C2 CompilerThread0" daemon [_thread_in_native, id=26292, stack(0x00000000165e0000,0x00000000166e0000)]

Stack: [0x00000000165e0000,0x00000000166e0000]
[error occurred during error reporting (printing stack bounds), id 0xc0000005]

Native frames: (J=compiled Java code, j=interpreted, Vv=VM code, C=native code)


Current CompileTask:
C2:  28317 10042       4       org.gradle.internal.component.model.ComponentAttributeMatcher::match (259 bytes)


---------------  P R O C E S S  ---------------

Java Threads: ( => current thread )
  0x000000001d937800 JavaThread "WorkerExecutor Queue Thread 2" [_thread_in_vm, id=24172, stack(0x000000002bca0000,0x000000002bda0000)]
  0x000000001d934800 JavaThread "WorkerExecutor Queue" [_thread_in_vm, id=22000, stack(0x000000002c1a0000,0x000000002c2a0000)]
  0x000000001d934000 JavaThread "RMI TCP Connection(1)-127.0.0.1" daemon [_thread_in_native, id=25164, stack(0x000000002c0a0000,0x000000002c1a0000)]
  0x000000001d933000 JavaThread "RMI Reaper" [_thread_blocked, id=10076, stack(0x000000002bfa0000,0x000000002c0a0000)]
  0x000000001d932800 JavaThread "RMI TCP Accept-0" daemon [_thread_in_native, id=26236, stack(0x000000002bea0000,0x000000002bfa0000)]
  0x000000001d939000 JavaThread "GC Daemon" daemon [_thread_blocked, id=8524, stack(0x000000002bda0000,0x000000002bea0000)]
  0x000000001d938800 JavaThread "RMI Scheduler(0)" daemon [_thread_blocked, id=26108, stack(0x000000002b580000,0x000000002b680000)]
  0x000000001d92a000 JavaThread "Cache worker for execution history cache (D:\05AndroidStudio\LiKaiJie\.gradle\6.5\executionHistory)" [_thread_blocked, id=24604, stack(0x000000002b280000,0x000000002b380000)]
  0x000000001d92d000 JavaThread "Execution worker for ':' Thread 7" [_thread_blocked, id=17076, stack(0x000000002b180000,0x000000002b280000)]
  0x000000001d92e800 JavaThread "Execution worker for ':' Thread 6" [_thread_blocked, id=25452, stack(0x000000002b080000,0x000000002b180000)]
  0x000000001d92f800 JavaThread "Execution worker for ':' Thread 5" [_thread_blocked, id=24112, stack(0x000000002af80000,0x000000002b080000)]
  0x000000001d931000 JavaThread "Execution worker for ':' Thread 4" [_thread_blocked, id=20376, stack(0x000000002ae80000,0x000000002af80000)]
  0x000000001d92c800 JavaThread "Execution worker for ':' Thread 3" [_thread_blocked, id=9748, stack(0x000000002ad80000,0x000000002ae80000)]
  0x000000001d92e000 JavaThread "Execution worker for ':' Thread 2" [_thread_blocked, id=15772, stack(0x000000002ac80000,0x000000002ad80000)]
  0x000000001d92b800 JavaThread "Execution worker for ':'" [_thread_blocked, id=6928, stack(0x000000002a750000,0x000000002a850000)]
  0x000000001d930000 JavaThread "Cache worker for file content cache (D:\05AndroidStudio\LiKaiJie\.gradle\6.5\fileContent)" [_thread_blocked, id=13924, stack(0x0000000029640000,0x0000000029740000)]
  0x000000001bde1000 JavaThread "Memory manager" [_thread_blocked, id=24700, stack(0x00000000290f0000,0x00000000291f0000)]
  0x000000001bddf000 JavaThread "Cache worker for Build Output Cleanup Cache (D:\05AndroidStudio\LiKaiJie\.gradle\buildOutputCleanup)" [_thread_blocked, id=8748, stack(0x0000000025880000,0x0000000025980000)]
  0x000000001bddc800 JavaThread "jar transforms Thread 113" [_thread_blocked, id=22428, stack(0x0000000027ff0000,0x00000000280f0000)]
  0x000000001bddc000 JavaThread "jar transforms Thread 112" [_thread_blocked, id=26572, stack(0x0000000027ef0000,0x0000000027ff0000)]
  0x000000001bdde000 JavaThread "jar transforms Thread 111" [_thread_blocked, id=25424, stack(0x0000000027df0000,0x0000000027ef0000)]
  0x000000001bddd800 JavaThread "jar transforms Thread 110" [_thread_blocked, id=16456, stack(0x0000000027cf0000,0x0000000027df0000)]
  0x000000001bddf800 JavaThread "jar transforms Thread 109" [_thread_blocked, id=24712, stack(0x0000000027bf0000,0x0000000027cf0000)]
  0x000000001bde0800 JavaThread "jar transforms Thread 108" [_thread_blocked, id=7236, stack(0x0000000027af0000,0x0000000027bf0000)]
  0x000000001bde2000 JavaThread "jar transforms Thread 107" [_thread_blocked, id=24820, stack(0x00000000279f0000,0x0000000027af0000)]
  0x000000001bdd4800 JavaThread "jar transforms Thread 106" [_thread_blocked, id=25636, stack(0x00000000278f0000,0x00000000279f0000)]
  0x000000001bddb000 JavaThread "jar transforms Thread 105" [_thread_blocked, id=20808, stack(0x00000000277f0000,0x00000000278f0000)]
  0x000000001bdd7800 JavaThread "jar transforms Thread 104" [_thread_blocked, id=25560, stack(0x00000000276f0000,0x00000000277f0000)]
  0x000000001bdd3800 JavaThread "jar transforms Thread 103" [_thread_blocked, id=24076, stack(0x00000000275f0000,0x00000000276f0000)]
  0x000000001bdda800 JavaThread "jar transforms Thread 102" [_thread_blocked, id=11260, stack(0x00000000274f0000,0x00000000275f0000)]
  0x000000001bdd2800 JavaThread "jar transforms Thread 101" [_thread_blocked, id=22804, stack(0x00000000273f0000,0x00000000274f0000)]
  0x000000001bdd6800 JavaThread "jar transforms Thread 100" [_thread_blocked, id=25156, stack(0x00000000272f0000,0x00000000273f0000)]
  0x000000001bdd9800 JavaThread "jar transforms Thread 99" [_thread_blocked, id=24328, stack(0x00000000271f0000,0x00000000272f0000)]
  0x000000001bdd8000 JavaThread "jar transforms Thread 98" [_thread_blocked, id=26148, stack(0x00000000270f0000,0x00000000271f0000)]
  0x000000001bdd6000 JavaThread "jar transforms Thread 97" [_thread_blocked, id=26492, stack(0x0000000026ff0000,0x00000000270f0000)]
  0x000000001bdd9000 JavaThread "jar transforms Thread 96" [_thread_blocked, id=18252, stack(0x0000000026ef0000,0x0000000026ff0000)]
  0x000000001bdd5000 JavaThread "jar transforms Thread 95" [_thread_blocked, id=21348, stack(0x0000000026df0000,0x0000000026ef0000)]
  0x000000001e19d800 JavaThread "jar transforms Thread 94" [_thread_blocked, id=25524, stack(0x0000000026cf0000,0x0000000026df0000)]
  0x000000001e1a0800 JavaThread "jar transforms Thread 93" [_thread_blocked, id=24660, stack(0x0000000026bf0000,0x0000000026cf0000)]
  0x000000001e199800 JavaThread "jar transforms Thread 92" [_thread_blocked, id=22616, stack(0x00000000269f0000,0x0000000026af0000)]
  0x000000001e19c800 JavaThread "jar transforms Thread 91" [_thread_blocked, id=13156, stack(0x00000000268f0000,0x00000000269f0000)]
  0x000000001e19f800 JavaThread "jar transforms Thread 90" [_thread_blocked, id=23784, stack(0x00000000267f0000,0x00000000268f0000)]
  0x000000001e19c000 JavaThread "jar transforms Thread 89" [_thread_blocked, id=9248, stack(0x00000000266f0000,0x00000000267f0000)]
  0x000000001e199000 JavaThread "jar transforms Thread 88" [_thread_blocked, id=22588, stack(0x00000000265f0000,0x00000000266f0000)]
  0x000000001e19f000 JavaThread "jar transforms Thread 87" [_thread_blocked, id=22856, stack(0x00000000264f0000,0x00000000265f0000)]
  0x000000001e19b000 JavaThread "jar transforms Thread 86" [_thread_blocked, id=24984, stack(0x00000000263f0000,0x00000000264f0000)]
  0x000000001e19a800 JavaThread "jar transforms Thread 85" [_thread_blocked, id=21140, stack(0x00000000262f0000,0x00000000263f0000)]
  0x000000001e19e000 JavaThread "jar transforms Thread 84" [_thread_blocked, id=20708, stack(0x00000000261f0000,0x00000000262f0000)]
  0x000000001e195000 JavaThread "jar transforms Thread 83" [_thread_blocked, id=12664, stack(0x00000000260f0000,0x00000000261f0000)]
  0x000000001e194800 JavaThread "jar transforms Thread 82" [_thread_blocked, id=25812, stack(0x0000000025ff0000,0x00000000260f0000)]
  0x000000001e198000 JavaThread "jar transforms Thread 81" [_thread_blocked, id=24400, stack(0x0000000025ef0000,0x0000000025ff0000)]
  0x000000001e193000 JavaThread "jar transforms Thread 80" [_thread_blocked, id=15928, stack(0x0000000025df0000,0x0000000025ef0000)]
  0x000000001e196800 JavaThread "jar transforms Thread 79" [_thread_blocked, id=20456, stack(0x0000000025cf0000,0x0000000025df0000)]
  0x000000001e193800 JavaThread "jar transforms Thread 78" [_thread_blocked, id=21760, stack(0x0000000025bf0000,0x0000000025cf0000)]
  0x000000001e196000 JavaThread "jar transforms Thread 77" [_thread_blocked, id=26412, stack(0x0000000025af0000,0x0000000025bf0000)]
  0x000000001e191800 JavaThread "jar transforms Thread 76" [_thread_blocked, id=26212, stack(0x00000000259f0000,0x0000000025af0000)]
  0x000000001e192000 JavaThread "jar transforms Thread 75" [_thread_blocked, id=23112, stack(0x0000000020f50000,0x0000000021050000)]
  0x000000001e197800 JavaThread "jar transforms Thread 74" [_thread_blocked, id=22200, stack(0x0000000025780000,0x0000000025880000)]
  0x000000001de59800 JavaThread "jar transforms Thread 73" [_thread_blocked, id=24080, stack(0x0000000025680000,0x0000000025780000)]
  0x000000001de5b000 JavaThread "jar transforms Thread 72" [_thread_blocked, id=23408, stack(0x0000000025580000,0x0000000025680000)]
  0x000000001de59000 JavaThread "jar transforms Thread 71" [_thread_blocked, id=25104, stack(0x0000000025480000,0x0000000025580000)]
  0x000000001de5a800 JavaThread "jar transforms Thread 70" [_thread_blocked, id=25724, stack(0x0000000025380000,0x0000000025480000)]
  0x000000001de57800 JavaThread "jar transforms Thread 69" [_thread_blocked, id=23056, stack(0x0000000025280000,0x0000000025380000)]
  0x000000001de58000 JavaThread "jar transforms Thread 68" [_thread_blocked, id=19028, stack(0x0000000025180000,0x0000000025280000)]
  0x000000001de5c800 JavaThread "jar transforms Thread 67" [_thread_blocked, id=26488, stack(0x0000000025080000,0x0000000025180000)]
  0x000000001de5c000 JavaThread "jar transforms Thread 66" [_thread_blocked, id=23624, stack(0x0000000024f80000,0x0000000025080000)]
  0x000000001de4f800 JavaThread "jar transforms Thread 65" [_thread_blocked, id=23740, stack(0x0000000024e80000,0x0000000024f80000)]
  0x000000001de52000 JavaThread "jar transforms Thread 64" [_thread_blocked, id=23776, stack(0x0000000024d80000,0x0000000024e80000)]
  0x000000001de54800 JavaThread "jar transforms Thread 63" [_thread_blocked, id=25220, stack(0x0000000024c80000,0x0000000024d80000)]
  0x000000001de56800 JavaThread "jar transforms Thread 62" [_thread_blocked, id=6440, stack(0x0000000024b80000,0x0000000024c80000)]
  0x000000001de51800 JavaThread "jar transforms Thread 61" [_thread_blocked, id=25836, stack(0x0000000024a80000,0x0000000024b80000)]
  0x000000001de4f000 JavaThread "jar transforms Thread 60" [_thread_blocked, id=24152, stack(0x0000000024980000,0x0000000024a80000)]
  0x000000001de53800 JavaThread "jar transforms Thread 59" [_thread_blocked, id=14812, stack(0x0000000024880000,0x0000000024980000)]
  0x000000001de56000 JavaThread "jar transforms Thread 58" [_thread_blocked, id=24468, stack(0x0000000024780000,0x0000000024880000)]
  0x000000001de4e000 JavaThread "jar transforms Thread 57" [_thread_blocked, id=9228, stack(0x0000000024680000,0x0000000024780000)]
  0x000000001de55000 JavaThread "jar transforms Thread 56" [_thread_blocked, id=26100, stack(0x0000000024580000,0x0000000024680000)]
  0x000000001de4d800 JavaThread "jar transforms Thread 55" [_thread_blocked, id=19088, stack(0x0000000024480000,0x0000000024580000)]
  0x000000001de50800 JavaThread "jar transforms Thread 54" [_thread_blocked, id=26028, stack(0x0000000024380000,0x0000000024480000)]
  0x000000001de53000 JavaThread "jar transforms Thread 53" [_thread_blocked, id=21496, stack(0x0000000024280000,0x0000000024380000)]
  0x000000001de43800 JavaThread "jar transforms Thread 52" [_thread_blocked, id=26352, stack(0x0000000024180000,0x0000000024280000)]
  0x000000001de48000 JavaThread "jar transforms Thread 51" [_thread_blocked, id=19928, stack(0x0000000024080000,0x0000000024180000)]
  0x000000001de47800 JavaThread "jar transforms Thread 50" [_thread_blocked, id=14648, stack(0x0000000023f80000,0x0000000024080000)]
  0x000000001de46800 JavaThread "jar transforms Thread 49" [_thread_blocked, id=9540, stack(0x0000000023e80000,0x0000000023f80000)]
  0x000000001de46000 JavaThread "jar transforms Thread 48" [_thread_blocked, id=15004, stack(0x0000000023d80000,0x0000000023e80000)]
  0x000000001de44800 JavaThread "jar transforms Thread 47" [_thread_blocked, id=26316, stack(0x0000000023c80000,0x0000000023d80000)]
  0x000000001de49000 JavaThread "jar transforms Thread 46" [_thread_blocked, id=15948, stack(0x0000000023b80000,0x0000000023c80000)]
  0x000000001de43000 JavaThread "jar transforms Thread 45" [_thread_blocked, id=6812, stack(0x0000000023a80000,0x0000000023b80000)]
  0x000000001de42000 JavaThread "jar transforms Thread 44" [_thread_blocked, id=21864, stack(0x0000000023980000,0x0000000023a80000)]
  0x000000001de45000 JavaThread "jar transforms Thread 43" [_thread_blocked, id=11316, stack(0x0000000023880000,0x0000000023980000)]
  0x000000001de3a800 JavaThread "jar transforms Thread 42" [_thread_blocked, id=7044, stack(0x0000000023780000,0x0000000023880000)]
  0x000000001de41800 JavaThread "jar transforms Thread 41" [_thread_blocked, id=14788, stack(0x0000000023680000,0x0000000023780000)]
  0x000000001de3a000 JavaThread "jar transforms Thread 40" [_thread_blocked, id=24728, stack(0x0000000023580000,0x0000000023680000)]
  0x000000001de40800 JavaThread "jar transforms Thread 39" [_thread_blocked, id=25856, stack(0x0000000023480000,0x0000000023580000)]
  0x000000001de40000 JavaThread "jar transforms Thread 38" [_thread_blocked, id=20340, stack(0x0000000023380000,0x0000000023480000)]
  0x000000001de3e800 JavaThread "jar transforms Thread 37" [_thread_blocked, id=25672, stack(0x0000000023280000,0x0000000023380000)]
  0x000000001de3d000 JavaThread "jar transforms Thread 36" [_thread_blocked, id=13040, stack(0x0000000023180000,0x0000000023280000)]
  0x000000001de3d800 JavaThread "jar transforms Thread 35" [_thread_blocked, id=1692, stack(0x0000000023080000,0x0000000023180000)]
  0x000000001de3f000 JavaThread "jar transforms Thread 34" [_thread_blocked, id=20412, stack(0x0000000022f80000,0x0000000023080000)]
  0x000000001de3c000 JavaThread "jar transforms Thread 33" [_thread_blocked, id=23032, stack(0x0000000022e80000,0x0000000022f80000)]
  0x000000001de3b800 JavaThread "jar transforms Thread 32" [_thread_blocked, id=16684, stack(0x0000000022d80000,0x0000000022e80000)]
  0x000000001b076800 JavaThread "jar transforms Thread 31" [_thread_blocked, id=8692, stack(0x0000000022c80000,0x0000000022d80000)]
  0x000000001b07d800 JavaThread "jar transforms Thread 30" [_thread_blocked, id=22324, stack(0x0000000022b80000,0x0000000022c80000)]
  0x000000001b076000 JavaThread "jar transforms Thread 29" [_thread_blocked, id=26284, stack(0x0000000022a80000,0x0000000022b80000)]
  0x000000001b07c800 JavaThread "jar transforms Thread 28" [_thread_blocked, id=25844, stack(0x0000000022980000,0x0000000022a80000)]
  0x000000001b07b000 JavaThread "jar transforms Thread 27" [_thread_blocked, id=24872, stack(0x0000000022880000,0x0000000022980000)]
  0x000000001b07a800 JavaThread "jar transforms Thread 26" [_thread_blocked, id=16924, stack(0x0000000022780000,0x0000000022880000)]
  0x000000001b07c000 JavaThread "jar transforms Thread 25" [_thread_blocked, id=25596, stack(0x0000000022680000,0x0000000022780000)]
  0x000000001b079000 JavaThread "jar transforms Thread 24" [_thread_blocked, id=23208, stack(0x0000000022580000,0x0000000022680000)]
  0x000000001b078000 JavaThread "jar transforms Thread 23" [_thread_blocked, id=22628, stack(0x0000000022480000,0x0000000022580000)]
  0x000000001b079800 JavaThread "jar transforms Thread 22" [_thread_blocked, id=24900, stack(0x0000000022380000,0x0000000022480000)]
  0x000000001b077800 JavaThread "jar transforms Thread 21" [_thread_blocked, id=7972, stack(0x0000000022280000,0x0000000022380000)]
  0x000000001b06f000 JavaThread "jar transforms Thread 20" [_thread_blocked, id=24732, stack(0x0000000022180000,0x0000000022280000)]
  0x000000001b070000 JavaThread "jar transforms Thread 19" [_thread_blocked, id=24388, stack(0x0000000022080000,0x0000000022180000)]
  0x000000001b073800 JavaThread "jar transforms Thread 18" [_thread_blocked, id=10980, stack(0x0000000021f80000,0x0000000022080000)]
  0x000000001b072000 JavaThread "jar transforms Thread 17" [_thread_blocked, id=25232, stack(0x0000000021e80000,0x0000000021f80000)]
  0x000000001b071800 JavaThread "jar transforms Thread 16" [_thread_blocked, id=23780, stack(0x0000000021d80000,0x0000000021e80000)]
  0x000000001b073000 JavaThread "jar transforms Thread 15" [_thread_blocked, id=11500, stack(0x0000000021c80000,0x0000000021d80000)]
  0x000000001b075000 JavaThread "jar transforms Thread 14" [_thread_blocked, id=23648, stack(0x0000000021b80000,0x0000000021c80000)]
  0x000000001b06e800 JavaThread "jar transforms Thread 13" [_thread_blocked, id=23924, stack(0x0000000021a80000,0x0000000021b80000)]
  0x000000001b070800 JavaThread "jar transforms Thread 12" [_thread_blocked, id=23752, stack(0x0000000021980000,0x0000000021a80000)]
  0x000000001b074800 JavaThread "jar transforms Thread 11" [_thread_blocked, id=24132, stack(0x0000000021880000,0x0000000021980000)]
  0x0000000016d37000 JavaThread "jar transforms Thread 10" [_thread_blocked, id=9048, stack(0x0000000021780000,0x0000000021880000)]
  0x0000000016d39800 JavaThread "jar transforms Thread 9" [_thread_blocked, id=24236, stack(0x0000000021680000,0x0000000021780000)]
  0x0000000016d38000 JavaThread "jar transforms Thread 8" [_thread_blocked, id=26008, stack(0x0000000021580000,0x0000000021680000)]
  0x0000000016d38800 JavaThread "jar transforms Thread 7" [_thread_blocked, id=16952, stack(0x0000000021480000,0x0000000021580000)]
  0x0000000016d35800 JavaThread "jar transforms Thread 6" [_thread_blocked, id=25036, stack(0x0000000021380000,0x0000000021480000)]
  0x0000000016d35000 JavaThread "jar transforms Thread 5" [_thread_blocked, id=25272, stack(0x0000000021280000,0x0000000021380000)]
  0x0000000016d3b000 JavaThread "jar transforms Thread 4" [_thread_blocked, id=14800, stack(0x0000000021180000,0x0000000021280000)]
  0x0000000016d3a000 JavaThread "jar transforms Thread 3" [_thread_blocked, id=4108, stack(0x0000000021080000,0x0000000021180000)]
  0x0000000016d36800 JavaThread "jar transforms Thread 2" [_thread_blocked, id=23748, stack(0x0000000020c40000,0x0000000020d40000)]
  0x0000000016d3b800 JavaThread "Build operations Thread 8" [_thread_blocked, id=23908, stack(0x0000000020a40000,0x0000000020b40000)]
  0x0000000016d2d800 JavaThread "Build operations Thread 7" [_thread_blocked, id=20684, stack(0x0000000020940000,0x0000000020a40000)]
  0x0000000016d2f000 JavaThread "Build operations Thread 6" [_thread_blocked, id=24216, stack(0x0000000020840000,0x0000000020940000)]
  0x0000000016d34000 JavaThread "Build operations Thread 5" [_thread_blocked, id=1004, stack(0x0000000020740000,0x0000000020840000)]
  0x0000000016d33800 JavaThread "Build operations Thread 4" [_thread_blocked, id=23468, stack(0x0000000020640000,0x0000000020740000)]
  0x0000000016d32000 JavaThread "Build operations Thread 3" [_thread_blocked, id=22632, stack(0x0000000020540000,0x0000000020640000)]
  0x0000000016d32800 JavaThread "Build operations Thread 2" [_thread_blocked, id=24892, stack(0x0000000020440000,0x0000000020540000)]
  0x0000000016d2c800 JavaThread "Build operations" [_thread_blocked, id=25732, stack(0x0000000020340000,0x0000000020440000)]
  0x0000000018e4b800 JavaThread "Cache worker for file content cache (C:\Users\Kernel_Develop_Hou\.gradle\caches\6.5\fileContent)" [_thread_blocked, id=23264, stack(0x000000001ec70000,0x000000001ed70000)]
  0x0000000018e51000 JavaThread "jar transforms" [_thread_blocked, id=26128, stack(0x000000001eb70000,0x000000001ec70000)]
  0x0000000018e50000 JavaThread "Cache worker for execution history cache (C:\Users\Kernel_Develop_Hou\.gradle\caches\6.5\executionHistory)" [_thread_blocked, id=26332, stack(0x000000001e470000,0x000000001e570000)]
  0x0000000018e4f800 JavaThread "Cache worker for cache directory md-rule (C:\Users\Kernel_Develop_Hou\.gradle\caches\6.5\md-rule)" [_thread_blocked, id=4224, stack(0x000000001d0c0000,0x000000001d1c0000)]
  0x0000000018e4e800 JavaThread "Cache worker for cache directory md-supplier (C:\Users\Kernel_Develop_Hou\.gradle\caches\6.5\md-supplier)" [_thread_blocked, id=25060, stack(0x000000001cc00000,0x000000001cd00000)]
  0x0000000018e4e000 JavaThread "Cache worker for checksums cache (D:\05AndroidStudio\LiKaiJie\.gradle\checksums)" [_thread_blocked, id=24744, stack(0x000000001cb00000,0x000000001cc00000)]
  0x0000000018e4c800 JavaThread "Cache worker for file hash cache (D:\05AndroidStudio\LiKaiJie\.gradle\6.5\fileHashes)" [_thread_blocked, id=23964, stack(0x000000001cdb0000,0x000000001ceb0000)]
  0x0000000018e4a000 JavaThread "Cache worker for file hash cache (C:\Users\Kernel_Develop_Hou\.gradle\caches\6.5\fileHashes)" [_thread_blocked, id=22068, stack(0x000000001a860000,0x000000001a960000)]
  0x0000000018e4d000 JavaThread "File lock request listener" [_thread_in_native, id=25712, stack(0x000000001a760000,0x000000001a860000)]
  0x0000000018dc3800 JavaThread "Cache worker for journal cache (C:\Users\Kernel_Develop_Hou\.gradle\caches\journal-1)" [_thread_blocked, id=23400, stack(0x000000001a660000,0x000000001a760000)]
  0x0000000018c0a000 JavaThread "Thread-9" [_thread_blocked, id=25392, stack(0x000000001a360000,0x000000001a460000)]
  0x0000000018bb7800 JavaThread "Stdin handler" [_thread_blocked, id=19520, stack(0x000000001a260000,0x000000001a360000)]
  0x0000000018bb6000 JavaThread "Asynchronous log dispatcher for DefaultDaemonConnection: socket connection from /127.0.0.1:56794 to /127.0.0.1:56795" [_thread_blocked, id=21876, stack(0x000000001a160000,0x000000001a260000)]
  0x0000000018bdc800 JavaThread "Daemon worker" [_thread_blocked, id=24416, stack(0x000000001a060000,0x000000001a160000)]
  0x0000000018bdb800 JavaThread "Cancel handler" [_thread_blocked, id=25500, stack(0x0000000019f60000,0x000000001a060000)]
  0x0000000016ef7000 JavaThread "Handler for socket connection from /127.0.0.1:56794 to /127.0.0.1:56795" [_thread_in_native, id=25208, stack(0x0000000019e60000,0x0000000019f60000)]
  0x0000000016ef9800 JavaThread "Daemon" [_thread_blocked, id=18612, stack(0x0000000019d60000,0x0000000019e60000)]
  0x0000000018b65000 JavaThread "Daemon periodic checks" [_thread_blocked, id=16012, stack(0x0000000019a60000,0x0000000019b60000)]
  0x00000000177c9800 JavaThread "Incoming local TCP Connector on port 56794" [_thread_in_native, id=25112, stack(0x00000000198b0000,0x00000000199b0000)]
  0x0000000018b47800 JavaThread "Daemon health stats" [_thread_blocked, id=10556, stack(0x00000000183b0000,0x00000000184b0000)]
  0x0000000015e33000 JavaThread "Service Thread" daemon [_thread_blocked, id=22260, stack(0x00000000169e0000,0x0000000016ae0000)]
  0x0000000015e19000 JavaThread "C1 CompilerThread3" daemon [_thread_blocked, id=26072, stack(0x00000000168e0000,0x00000000169e0000)]
  0x0000000013fba000 JavaThread "C2 CompilerThread2" daemon [_thread_in_native, id=23412, stack(0x00000000167e0000,0x00000000168e0000)]
  0x0000000015dbf000 JavaThread "C2 CompilerThread1" daemon [_thread_in_native, id=4248, stack(0x00000000166e0000,0x00000000167e0000)]
=>0x0000000015dba800 JavaThread "C2 CompilerThread0" daemon [_thread_in_native, id=26292, stack(0x00000000165e0000,0x00000000166e0000)]
  0x0000000015db9000 JavaThread "Attach Listener" daemon [_thread_blocked, id=24116, stack(0x00000000164e0000,0x00000000165e0000)]
  0x0000000015e18000 JavaThread "Signal Dispatcher" daemon [_thread_blocked, id=19804, stack(0x00000000163e0000,0x00000000164e0000)]
  0x000000000273e800 JavaThread "Finalizer" daemon [_thread_blocked, id=26444, stack(0x0000000016280000,0x0000000016380000)]
  0x0000000002737800 JavaThread "Reference Handler" daemon [_thread_blocked, id=17032, stack(0x0000000016180000,0x0000000016280000)]
  0x000000000095e800 JavaThread "main" [_thread_blocked, id=24436, stack(0x00000000021c0000,0x00000000022c0000)]

Other Threads:
  0x0000000013fa6000 VMThread [stack: 0x0000000015c80000,0x0000000015d80000] [id=23968]
  0x0000000015e33800 WatcherThread [stack: 0x0000000016ae0000,0x0000000016be0000] [id=25632]

VM state:not at safepoint (normal execution)

VM Mutex/Monitor currently owned by a thread: None

heap address: 0x00000000e0000000, size: 512 MB, Compressed Oops mode: 32-bit
Narrow klass base: 0x0000000000000000, Narrow klass shift: 3
Compressed class space size: 1073741824 Address: 0x0000000100000000

Heap:
 PSYoungGen      total 142336K, used 89534K [0x00000000f5580000, 0x0000000100000000, 0x0000000100000000)
  eden space 120320K, 62% used [0x00000000f5580000,0x00000000f9e98530,0x00000000fcb00000)
  from space 22016K, 66% used [0x00000000fea80000,0x00000000ff8d7558,0x0000000100000000)
  to   space 27136K, 0% used [0x00000000fcb00000,0x00000000fcb00000,0x00000000fe580000)
 ParOldGen       total 114176K, used 56141K [0x00000000e0000000, 0x00000000e6f80000, 0x00000000f5580000)
  object space 114176K, 49% used [0x00000000e0000000,0x00000000e36d3618,0x00000000e6f80000)
 Metaspace       used 79361K, capacity 83450K, committed 83672K, reserved 1122304K
  class space    used 10725K, capacity 11490K, committed 11520K, reserved 1048576K

Card table byte_map: [0x0000000011b00000,0x0000000011c10000] byte_map_base: 0x0000000011400000

Marking Bits: (ParMarkBitMap*) 0x000000005479f030
 Begin Bits: [0x00000000124c0000, 0x0000000012cc0000)
 End Bits:   [0x0000000012cc0000, 0x00000000134c0000)

Polling page: 0x00000000004d0000

CodeCache: size=245760Kb used=28363Kb max_used=28363Kb free=217396Kb
 bounds [0x0000000002740000, 0x0000000004320000, 0x0000000011740000]
 total_blobs=9633 nmethods=8781 adapters=764
 compilation: enabled

Compilation events (10 events):
Event: 28.296 Thread 0x0000000015e19000 10109       1       kotlin.sequences.FilteringSequence::access$getSequence$p (5 bytes)
Event: 28.297 Thread 0x0000000015e19000 nmethod 10109 0x0000000004301d50 code [0x0000000004301ea0, 0x0000000004301f90]
Event: 28.297 Thread 0x0000000013fba000 nmethod 10091 0x0000000004304d10 code [0x0000000004304e80, 0x00000000043053e8]
Event: 28.297 Thread 0x0000000013fba000 10110       4       org.gradle.internal.fingerprint.classpath.impl.ClasspathFingerprintingStrategy$ClasspathFingerprintVisitor::visit (61 bytes)
Event: 28.301 Thread 0x0000000015dbf000 nmethod 10082 0x0000000004311790 code [0x00000000043119e0, 0x00000000043121a0]
Event: 28.301 Thread 0x0000000015dbf000 10112       4       com.google.common.collect.ImmutableListMultimap::fromMapEntries (141 bytes)
Event: 28.307 Thread 0x0000000013fba000 nmethod 10110 0x0000000004306590 code [0x0000000004306740, 0x0000000004306de8]
Event: 28.307 Thread 0x0000000013fba000 10113       4       java.nio.channels.spi.AbstractInterruptibleChannel::begin (48 bytes)
Event: 28.312 Thread 0x0000000013fba000 nmethod 10113 0x00000000043045d0 code [0x0000000004304740, 0x0000000004304ae8]
Event: 28.312 Thread 0x0000000013fba000 10111       4       com.google.common.collect.ImmutableMultimap$Builder::build (41 bytes)

GC Heap History (10 events):
Event: 7.020 GC heap before
{Heap before GC invocations=15 (full 3):
 PSYoungGen      total 152064K, used 7385K [0x00000000f5580000, 0x0000000100000000, 0x0000000100000000)
  eden space 138752K, 0% used [0x00000000f5580000,0x00000000f5580000,0x00000000fdd00000)
  from space 13312K, 55% used [0x00000000ff300000,0x00000000ffa36588,0x0000000100000000)
  to   space 17920K, 0% used [0x00000000fdd00000,0x00000000fdd00000,0x00000000fee80000)
 ParOldGen       total 74240K, used 38526K [0x00000000e0000000, 0x00000000e4880000, 0x00000000f5580000)
  object space 74240K, 51% used [0x00000000e0000000,0x00000000e259f9d0,0x00000000e4880000)
 Metaspace       used 56659K, capacity 58960K, committed 59028K, reserved 1099776K
  class space    used 7684K, capacity 8167K, committed 8192K, reserved 1048576K
Event: 7.235 GC heap after
Heap after GC invocations=15 (full 3):
 PSYoungGen      total 152064K, used 0K [0x00000000f5580000, 0x0000000100000000, 0x0000000100000000)
  eden space 138752K, 0% used [0x00000000f5580000,0x00000000f5580000,0x00000000fdd00000)
  from space 13312K, 0% used [0x00000000ff300000,0x00000000ff300000,0x0000000100000000)
  to   space 17920K, 0% used [0x00000000fdd00000,0x00000000fdd00000,0x00000000fee80000)
 ParOldGen       total 114176K, used 34061K [0x00000000e0000000, 0x00000000e6f80000, 0x00000000f5580000)
  object space 114176K, 29% used [0x00000000e0000000,0x00000000e21434e0,0x00000000e6f80000)
 Metaspace       used 56619K, capacity 58828K, committed 59028K, reserved 1099776K
  class space    used 7672K, capacity 8145K, committed 8192K, reserved 1048576K
}
Event: 8.814 GC heap before
{Heap before GC invocations=16 (full 3):
 PSYoungGen      total 152064K, used 138752K [0x00000000f5580000, 0x0000000100000000, 0x0000000100000000)
  eden space 138752K, 100% used [0x00000000f5580000,0x00000000fdd00000,0x00000000fdd00000)
  from space 13312K, 0% used [0x00000000ff300000,0x00000000ff300000,0x0000000100000000)
  to   space 17920K, 0% used [0x00000000fdd00000,0x00000000fdd00000,0x00000000fee80000)
 ParOldGen       total 114176K, used 34061K [0x00000000e0000000, 0x00000000e6f80000, 0x00000000f5580000)
  object space 114176K, 29% used [0x00000000e0000000,0x00000000e21434e0,0x00000000e6f80000)
 Metaspace       used 65732K, capacity 68562K, committed 68824K, reserved 1107968K
  class space    used 9035K, capacity 9638K, committed 9728K, reserved 1048576K
Event: 8.826 GC heap after
Heap after GC invocations=16 (full 3):
 PSYoungGen      total 154112K, used 15158K [0x00000000f5580000, 0x0000000100000000, 0x0000000100000000)
  eden space 138752K, 0% used [0x00000000f5580000,0x00000000f5580000,0x00000000fdd00000)
  from space 15360K, 98% used [0x00000000fdd00000,0x00000000febcdb08,0x00000000fec00000)
  to   space 19456K, 0% used [0x00000000fed00000,0x00000000fed00000,0x0000000100000000)
 ParOldGen       total 114176K, used 34069K [0x00000000e0000000, 0x00000000e6f80000, 0x00000000f5580000)
  object space 114176K, 29% used [0x00000000e0000000,0x00000000e21454e0,0x00000000e6f80000)
 Metaspace       used 65732K, capacity 68562K, committed 68824K, reserved 1107968K
  class space    used 9035K, capacity 9638K, committed 9728K, reserved 1048576K
}
Event: 10.452 GC heap before
{Heap before GC invocations=17 (full 3):
 PSYoungGen      total 154112K, used 153910K [0x00000000f5580000, 0x0000000100000000, 0x0000000100000000)
  eden space 138752K, 100% used [0x00000000f5580000,0x00000000fdd00000,0x00000000fdd00000)
  from space 15360K, 98% used [0x00000000fdd00000,0x00000000febcdb08,0x00000000fec00000)
  to   space 19456K, 0% used [0x00000000fed00000,0x00000000fed00000,0x0000000100000000)
 ParOldGen       total 114176K, used 34069K [0x00000000e0000000, 0x00000000e6f80000, 0x00000000f5580000)
  object space 114176K, 29% used [0x00000000e0000000,0x00000000e21454e0,0x00000000e6f80000)
 Metaspace       used 67647K, capacity 71392K, committed 71640K, reserved 1112064K
  class space    used 9263K, capacity 9959K, committed 9984K, reserved 1048576K
Event: 10.474 GC heap after
Heap after GC invocations=17 (full 3):
 PSYoungGen      total 150016K, used 18225K [0x00000000f5580000, 0x0000000100000000, 0x0000000100000000)
  eden space 130560K, 0% used [0x00000000f5580000,0x00000000f5580000,0x00000000fd500000)
  from space 19456K, 93% used [0x00000000fed00000,0x00000000ffecc458,0x0000000100000000)
  to   space 22016K, 0% used [0x00000000fd500000,0x00000000fd500000,0x00000000fea80000)
 ParOldGen       total 114176K, used 34077K [0x00000000e0000000, 0x00000000e6f80000, 0x00000000f5580000)
  object space 114176K, 29% used [0x00000000e0000000,0x00000000e21474e0,0x00000000e6f80000)
 Metaspace       used 67647K, capacity 71392K, committed 71640K, reserved 1112064K
  class space    used 9263K, capacity 9959K, committed 9984K, reserved 1048576K
}
Event: 11.448 GC heap before
{Heap before GC invocations=18 (full 3):
 PSYoungGen      total 150016K, used 148785K [0x00000000f5580000, 0x0000000100000000, 0x0000000100000000)
  eden space 130560K, 100% used [0x00000000f5580000,0x00000000fd500000,0x00000000fd500000)
  from space 19456K, 93% used [0x00000000fed00000,0x00000000ffecc458,0x0000000100000000)
  to   space 22016K, 0% used [0x00000000fd500000,0x00000000fd500000,0x00000000fea80000)
 ParOldGen       total 114176K, used 34077K [0x00000000e0000000, 0x00000000e6f80000, 0x00000000f5580000)
  object space 114176K, 29% used [0x00000000e0000000,0x00000000e21474e0,0x00000000e6f80000)
 Metaspace       used 72171K, capacity 75956K, committed 76120K, reserved 1114112K
  class space    used 9851K, capacity 10545K, committed 10624K, reserved 1048576K
Event: 11.463 GC heap after
Heap after GC invocations=18 (full 3):
 PSYoungGen      total 152576K, used 21992K [0x00000000f5580000, 0x0000000100000000, 0x0000000100000000)
  eden space 130560K, 0% used [0x00000000f5580000,0x00000000f5580000,0x00000000fd500000)
  from space 22016K, 99% used [0x00000000fd500000,0x00000000fea7a050,0x00000000fea80000)
  to   space 22016K, 0% used [0x00000000fea80000,0x00000000fea80000,0x0000000100000000)
 ParOldGen       total 114176K, used 40907K [0x00000000e0000000, 0x00000000e6f80000, 0x00000000f5580000)
  object space 114176K, 35% used [0x00000000e0000000,0x00000000e27f2e00,0x00000000e6f80000)
 Metaspace       used 72171K, capacity 75956K, committed 76120K, reserved 1114112K
  class space    used 9851K, capacity 10545K, committed 10624K, reserved 1048576K
}
Event: 27.900 GC heap before
{Heap before GC invocations=19 (full 3):
 PSYoungGen      total 152576K, used 152552K [0x00000000f5580000, 0x0000000100000000, 0x0000000100000000)
  eden space 130560K, 100% used [0x00000000f5580000,0x00000000fd500000,0x00000000fd500000)
  from space 22016K, 99% used [0x00000000fd500000,0x00000000fea7a050,0x00000000fea80000)
  to   space 22016K, 0% used [0x00000000fea80000,0x00000000fea80000,0x0000000100000000)
 ParOldGen       total 114176K, used 40907K [0x00000000e0000000, 0x00000000e6f80000, 0x00000000f5580000)
  object space 114176K, 35% used [0x00000000e0000000,0x00000000e27f2e00,0x00000000e6f80000)
 Metaspace       used 75518K, capacity 79576K, committed 79704K, reserved 1118208K
  class space    used 10290K, capacity 11063K, committed 11136K, reserved 1048576K
Event: 27.929 GC heap after
Heap after GC invocations=19 (full 3):
 PSYoungGen      total 142336K, used 14685K [0x00000000f5580000, 0x0000000100000000, 0x0000000100000000)
  eden space 120320K, 0% used [0x00000000f5580000,0x00000000f5580000,0x00000000fcb00000)
  from space 22016K, 66% used [0x00000000fea80000,0x00000000ff8d7558,0x0000000100000000)
  to   space 27136K, 0% used [0x00000000fcb00000,0x00000000fcb00000,0x00000000fe580000)
 ParOldGen       total 114176K, used 56141K [0x00000000e0000000, 0x00000000e6f80000, 0x00000000f5580000)
  object space 114176K, 49% used [0x00000000e0000000,0x00000000e36d3618,0x00000000e6f80000)
 Metaspace       used 75518K, capacity 79576K, committed 79704K, reserved 1118208K
  class space    used 10290K, capacity 11063K, committed 11136K, reserved 1048576K
}

Deoptimization events (10 events):
Event: 27.934 Thread 0x0000000016d33800 Uncommon trap: reason=unstable_if action=reinterpret pc=0x0000000003c034d8 method=com.google.common.collect.MapMakerInternalMap$Segment.drainKeyReferenceQueue(Ljava/lang/ref/ReferenceQueue;)V @ 8
Event: 28.028 Thread 0x000000001d931000 Uncommon trap: reason=class_check action=maybe_recompile pc=0x000000000428d838 method=com.google.common.cache.LocalCache$Segment.get(Ljava/lang/Object;I)Ljava/lang/Object; @ 49
Event: 28.039 Thread 0x000000001d931000 Uncommon trap: reason=unstable_if action=reinterpret pc=0x00000000032dffe4 method=com.google.common.cache.LocalCache.isExpired(Lcom/google/common/cache/ReferenceEntry;J)Z @ 9
Event: 28.046 Thread 0x0000000016d3b800 Uncommon trap: reason=class_check action=maybe_recompile pc=0x0000000004286c68 method=java.util.stream.AbstractPipeline.wrapAndCopyInto(Ljava/util/stream/Sink;Ljava/util/Spliterator;)Ljava/util/stream/Sink; @ 6
Event: 28.046 Thread 0x0000000016d3b800 Uncommon trap: reason=class_check action=maybe_recompile pc=0x0000000004286c68 method=java.util.stream.AbstractPipeline.wrapAndCopyInto(Ljava/util/stream/Sink;Ljava/util/Spliterator;)Ljava/util/stream/Sink; @ 6
Event: 28.047 Thread 0x0000000016d3b800 Uncommon trap: reason=class_check action=maybe_recompile pc=0x0000000004286c68 method=java.util.stream.AbstractPipeline.wrapAndCopyInto(Ljava/util/stream/Sink;Ljava/util/Spliterator;)Ljava/util/stream/Sink; @ 6
Event: 28.048 Thread 0x0000000016d2d800 Uncommon trap: reason=class_check action=maybe_recompile pc=0x0000000004286c68 method=java.util.stream.AbstractPipeline.wrapAndCopyInto(Ljava/util/stream/Sink;Ljava/util/Spliterator;)Ljava/util/stream/Sink; @ 6
Event: 28.050 Thread 0x000000001d931000 Uncommon trap: reason=class_check action=maybe_recompile pc=0x000000000428d838 method=com.google.common.cache.LocalCache$Segment.get(Ljava/lang/Object;I)Ljava/lang/Object; @ 49
Event: 28.100 Thread 0x000000001d931000 Uncommon trap: reason=predicate action=maybe_recompile pc=0x0000000003db2110 method=java.util.ComparableTimSort.reverseRange([Ljava/lang/Object;II)V @ 8
Event: 28.204 Thread 0x000000001d931000 Uncommon trap: reason=unstable_if action=reinterpret pc=0x00000000031293c4 method=java.lang.AbstractStringBuilder.append(I)Ljava/lang/AbstractStringBuilder; @ 16

Classes redefined (0 events):
No events

Internal exceptions (10 events):
Event: 23.800 Thread 0x000000001d92d000 Exception <a 'java/lang/NoSuchMethodError': <clinit>> (0x00000000f68aad38) thrown at [C:\src\AOSP-openjdk-git\hotspot\src\share\vm\prims\jni.cpp, line 1615]
Event: 23.800 Thread 0x000000001d92d000 Exception <a 'java/lang/NoSuchMethodError': <clinit>> (0x00000000f68ba8f0) thrown at [C:\src\AOSP-openjdk-git\hotspot\src\share\vm\prims\jni.cpp, line 1615]
Event: 23.804 Thread 0x000000001d92d000 Exception <a 'java/lang/NoSuchMethodError': <clinit>> (0x00000000f692f000) thrown at [C:\src\AOSP-openjdk-git\hotspot\src\share\vm\prims\jni.cpp, line 1615]
Event: 23.816 Thread 0x000000001d92d000 Exception <a 'java/lang/NoSuchMethodError': <clinit>> (0x00000000f6aa9cf8) thrown at [C:\src\AOSP-openjdk-git\hotspot\src\share\vm\prims\jni.cpp, line 1615]
Event: 23.819 Thread 0x000000001d92d000 Exception <a 'java/lang/NoSuchMethodError': <clinit>> (0x00000000f6b67420) thrown at [C:\src\AOSP-openjdk-git\hotspot\src\share\vm\prims\jni.cpp, line 1615]
Event: 27.224 Thread 0x0000000018c0a000 Exception <a 'java/lang/NoSuchMethodError': <clinit>> (0x00000000f7398f58) thrown at [C:\src\AOSP-openjdk-git\hotspot\src\share\vm\prims\jni.cpp, line 1615]
Event: 27.390 Thread 0x000000001d92d000 Exception <a 'java/lang/NoSuchMethodError': <clinit>> (0x00000000f8749600) thrown at [C:\src\AOSP-openjdk-git\hotspot\src\share\vm\prims\jni.cpp, line 1615]
Event: 27.532 Thread 0x000000001d92d000 Exception <a 'java/lang/NoSuchMethodError': <clinit>> (0x00000000f97e8958) thrown at [C:\src\AOSP-openjdk-git\hotspot\src\share\vm\prims\jni.cpp, line 1615]
Event: 28.207 Thread 0x000000001d931000 Exception <a 'java/lang/NoSuchMethodError': <clinit>> (0x00000000f8103b98) thrown at [C:\src\AOSP-openjdk-git\hotspot\src\share\vm\prims\jni.cpp, line 1615]
Event: 28.207 Thread 0x000000001d931000 Exception <a 'java/lang/NoSuchMethodError': <clinit>> (0x00000000f812e440) thrown at [C:\src\AOSP-openjdk-git\hotspot\src\share\vm\prims\jni.cpp, line 1615]

Events (10 events):
Event: 28.312 Executing VM operation: RevokeBias
Event: 28.314 Executing VM operation: RevokeBias done
Event: 28.314 Executing VM operation: RevokeBias
Event: 28.315 Executing VM operation: RevokeBias done
Event: 28.315 Executing VM operation: RevokeBias
Event: 28.315 Executing VM operation: RevokeBias done
Event: 28.315 loading class com/sun/tools/javac/comp/Lower$ClassMap
Event: 28.315 loading class com/sun/tools/javac/comp/Lower$ClassMap done
Event: 28.315 loading class com/android/builder/dexing/D8DexArchiveMerger
Event: 28.315 loading class com/android/builder/dexing/D8DexArchiveMerger done


Dynamic libraries:
0x00007ff764880000 - 0x00007ff7648b1000 	C:\Program Files\Android\Android Studio\jre\bin\java.exe
0x00007fffcefa0000 - 0x00007fffcf190000 	C:\WINDOWS\SYSTEM32\ntdll.dll
0x00007fffce340000 - 0x00007fffce3f2000 	C:\WINDOWS\System32\KERNEL32.DLL
0x00007fffccbe0000 - 0x00007fffcce85000 	C:\WINDOWS\System32\KERNELBASE.dll
0x00007fffce600000 - 0x00007fffce6a3000 	C:\WINDOWS\System32\ADVAPI32.dll
0x00007fffcdba0000 - 0x00007fffcdc3e000 	C:\WINDOWS\System32\msvcrt.dll
0x00007fffceec0000 - 0x00007fffcef57000 	C:\WINDOWS\System32\sechost.dll
0x00007fffce6b0000 - 0x00007fffce7cf000 	C:\WINDOWS\System32\RPCRT4.dll
0x00007fffce7d0000 - 0x00007fffce964000 	C:\WINDOWS\System32\USER32.dll
0x00007fffcc790000 - 0x00007fffcc7b1000 	C:\WINDOWS\System32\win32u.dll
0x00007fffcd9d0000 - 0x00007fffcd9f6000 	C:\WINDOWS\System32\GDI32.dll
0x00007fffcca40000 - 0x00007fffccbd8000 	C:\WINDOWS\System32\gdi32full.dll
0x00007fffcc970000 - 0x00007fffcca0e000 	C:\WINDOWS\System32\msvcp_win.dll
0x00007fffcc870000 - 0x00007fffcc96a000 	C:\WINDOWS\System32\ucrtbase.dll
0x00007fffc0920000 - 0x00007fffc0ba4000 	C:\WINDOWS\WinSxS\amd64_microsoft.windows.common-controls_6595b64144ccf1df_6.0.18362.1379_none_9e7ff3b3e45cc0c4\COMCTL32.dll
0x00007fffce9f0000 - 0x00007fffced27000 	C:\WINDOWS\System32\combase.dll
0x00007fffcc700000 - 0x00007fffcc781000 	C:\WINDOWS\System32\bcryptPrimitives.dll
0x00007fffcd9a0000 - 0x00007fffcd9ce000 	C:\WINDOWS\System32\IMM32.DLL
0x0000000053e10000 - 0x0000000053ee2000 	C:\Program Files\Android\Android Studio\jre\jre\bin\msvcr100.dll
0x0000000053fd0000 - 0x000000005481b000 	C:\Program Files\Android\Android Studio\jre\jre\bin\server\jvm.dll
0x00007fffcd5b0000 - 0x00007fffcd5b8000 	C:\WINDOWS\System32\PSAPI.DLL
0x00007fffc9a70000 - 0x00007fffc9a94000 	C:\WINDOWS\SYSTEM32\WINMM.dll
0x00007fffaabc0000 - 0x00007fffaabc9000 	C:\WINDOWS\SYSTEM32\WSOCK32.dll
0x00007fffc2190000 - 0x00007fffc219a000 	C:\WINDOWS\SYSTEM32\VERSION.dll
0x00007fffce970000 - 0x00007fffce9df000 	C:\WINDOWS\System32\WS2_32.dll
0x00007fffc99f0000 - 0x00007fffc9a1d000 	C:\WINDOWS\SYSTEM32\WINMMBASE.dll
0x00007fffcce90000 - 0x00007fffcceda000 	C:\WINDOWS\System32\cfgmgr32.dll
0x00007fffc8210000 - 0x00007fffc821f000 	C:\Program Files\Android\Android Studio\jre\jre\bin\verify.dll
0x00007fffc81e0000 - 0x00007fffc8209000 	C:\Program Files\Android\Android Studio\jre\jre\bin\java.dll
0x00007fffc81c0000 - 0x00007fffc81d6000 	C:\Program Files\Android\Android Studio\jre\jre\bin\zip.dll
0x00007fffcdc50000 - 0x00007fffce338000 	C:\WINDOWS\System32\SHELL32.dll
0x00007fffce550000 - 0x00007fffce5f7000 	C:\WINDOWS\System32\shcore.dll
0x00007fffcbf20000 - 0x00007fffcc69b000 	C:\WINDOWS\System32\windows.storage.dll
0x00007fffcbe80000 - 0x00007fffcbea3000 	C:\WINDOWS\System32\profapi.dll
0x00007fffcbeb0000 - 0x00007fffcbefa000 	C:\WINDOWS\System32\powrprof.dll
0x00007fffcbe50000 - 0x00007fffcbe60000 	C:\WINDOWS\System32\UMPDC.dll
0x00007fffcdb40000 - 0x00007fffcdb92000 	C:\WINDOWS\System32\shlwapi.dll
0x00007fffcbe60000 - 0x00007fffcbe71000 	C:\WINDOWS\System32\kernel.appcore.dll
0x00007fffccee0000 - 0x00007fffccef7000 	C:\WINDOWS\System32\cryptsp.dll
0x00007fffc81a0000 - 0x00007fffc81ba000 	C:\Program Files\Android\Android Studio\jre\jre\bin\net.dll
0x00007fffcb690000 - 0x00007fffcb6f7000 	C:\WINDOWS\system32\mswsock.dll
0x00007fffc32a0000 - 0x00007fffc32b3000 	C:\Program Files\Android\Android Studio\jre\jre\bin\nio.dll
0x00007fffb2c60000 - 0x00007fffb2c87000 	C:\Users\Kernel_Develop_Hou\.gradle\native\f6784746aeab05261644944871eae4fe03e0ef1612fff0a4a95f87b438bc6780\windows-amd64\native-platform.dll
0x00007fffc6cc0000 - 0x00007fffc6ccd000 	C:\Program Files\Android\Android Studio\jre\jre\bin\management.dll
0x00007fffcb210000 - 0x00007fffcb243000 	C:\WINDOWS\system32\rsaenh.dll
0x00007fffcca10000 - 0x00007fffcca36000 	C:\WINDOWS\System32\bcrypt.dll
0x00007fffcbd30000 - 0x00007fffcbd55000 	C:\WINDOWS\SYSTEM32\USERENV.dll
0x00007fffcb860000 - 0x00007fffcb86c000 	C:\WINDOWS\SYSTEM32\CRYPTBASE.dll
0x00007fffcb3a0000 - 0x00007fffcb3da000 	C:\WINDOWS\SYSTEM32\IPHLPAPI.DLL
0x00007fffce9e0000 - 0x00007fffce9e8000 	C:\WINDOWS\System32\NSI.dll
0x00007fffc4cc0000 - 0x00007fffc4cd6000 	C:\WINDOWS\SYSTEM32\dhcpcsvc6.DLL
0x00007fffc4ca0000 - 0x00007fffc4cbc000 	C:\WINDOWS\SYSTEM32\dhcpcsvc.DLL
0x00007fffcb3e0000 - 0x00007fffcb4ab000 	C:\WINDOWS\SYSTEM32\DNSAPI.dll
0x00007fffc42d0000 - 0x00007fffc42db000 	C:\WINDOWS\SYSTEM32\WINNSI.DLL

VM Arguments:
jvm_args: -Xmx512m -Dfile.encoding=UTF-8 -Duser.country=CN -Duser.language=zh -Duser.variant 
java_command: org.gradle.launcher.daemon.bootstrap.GradleDaemon 6.5
java_class_path (initial): C:\Users\Kernel_Develop_Hou\.gradle\wrapper\dists\gradle-6.5-all\2oz4ud9k3tuxjg84bbf55q0tn\gradle-6.5\lib\gradle-launcher-6.5.jar
Launcher Type: SUN_STANDARD

Environment Variables:
PATH=C:\windows\system32;C:\windows;C:\windows\System32\Wbem;C:\windows\System32\WindowsPowerShell\v1.0\;C:\windows\System32\OpenSSH\;C:\Program Files (x86)\NVIDIA Corporation\PhysX\Common;C:\Program Files (x86)\Intel\Intel(R) Management Engine Components\DAL;C:\Program Files\Intel\Intel(R) Management Engine Components\DAL;%SystemRoot%\system32;%SystemRoot%;%SystemRoot%\System32\Wbem;%SYSTEMROOT%\System32\WindowsPowerShell\v1.0\;%SYSTEMROOT%\System32\OpenSSH\;C:\Users\Kernel_Develop_Hou\AppData\Local\Microsoft\WindowsApps;;F:\Microsoft VS Code\bin
USERNAME=Kernel_Develop_Hou
OS=Windows_NT
PROCESSOR_IDENTIFIER=Intel64 Family 6 Model 142 Stepping 11, GenuineIntel



---------------  S Y S T E M  ---------------

OS: Windows 10.0 , 64 bit Build 18362 (10.0.18362.1350)

CPU:total 8 (initial active 8) (4 cores per cpu, 2 threads per core) family 6 model 142 stepping 11, cmov, cx8, fxsr, mmx, sse, sse2, sse3, ssse3, sse4.1, sse4.2, popcnt, avx, avx2, aes, clmul, erms, 3dnowpref, lzcnt, ht, tsc, tscinvbit, bmi1, bmi2, adx

Memory: 4k page, physical 8258368k(2176536k free), swap 18744124k(5356k free)

vm_info: OpenJDK 64-Bit Server VM (25.242-b01) for windows-amd64 JRE (1.8.0_242-release-1644-b01), built by "builder" with MS VC++ 10.0 (VS2010)

time: Thu Mar 11 09:46:09 2021
timezone: 中国标准时间
elapsed time: 28 seconds (0d 0h 0m 28s)

