#
# There is insufficient memory for the Java Runtime Environment to continue.
# Native memory allocation (malloc) failed to allocate 1042288 bytes for Chunk::new
# Possible reasons:
#   The system is out of physical RAM or swap space
#   The process is running with CompressedOops enabled, and the Java Heap may be blocking the growth of the native heap
# Possible solutions:
#   Reduce memory load on the system
#   Increase physical memory or swap space
#   Check if swap backing store is full
#   Decrease Java heap size (-Xmx/-Xms)
#   Decrease number of Java threads
#   Decrease Java thread stack sizes (-Xss)
#   Set larger code cache with -XX:ReservedCodeCacheSize=
#   JVM is running with Unscaled Compressed Oops mode in which the Java heap is
#     placed in the first 4GB address space. The Java Heap base address is the
#     maximum limit for the native heap growth. Please use -XX:HeapBaseMinAddress
#     to set the Java Heap base and to place the Java Heap above 4GB virtual address.
# This output file may be truncated or incomplete.
#
#  Out of Memory Error (allocation.cpp:389), pid=4852, tid=0x00000000000019a8
#
# JRE version: OpenJDK Runtime Environment (8.0_242-b01) (build 1.8.0_242-release-1644-b01)
# Java VM: OpenJDK 64-Bit Server VM (25.242-b01 mixed mode windows-amd64 compressed oops)
# Failed to write core dump. Minidumps are not enabled by default on client versions of Windows
#

---------------  T H R E A D  ---------------

Current thread (0x000000001a2d2800):  JavaThread "C2 CompilerThread1" daemon [_thread_in_native, id=6568, stack(0x000000001ab90000,0x000000001ac90000)]

Stack: [0x000000001ab90000,0x000000001ac90000]
[error occurred during error reporting (printing stack bounds), id 0xc0000005]

Native frames: (J=compiled Java code, j=interpreted, Vv=VM code, C=native code)


Current CompileTask:
C2:   3384 3668       4       org.jetbrains.kotlin.com.intellij.lang.impl.PsiBuilderImpl::insertLeaves (88 bytes)


---------------  P R O C E S S  ---------------

Java Threads: ( => current thread )
  0x000000001a372800 JavaThread "Service Thread" daemon [_thread_blocked, id=2952, stack(0x000000001ae90000,0x000000001af90000)]
  0x000000001a2d8000 JavaThread "C1 CompilerThread3" daemon [_thread_in_vm, id=3332, stack(0x000000001ad90000,0x000000001ae90000)]
  0x000000001a2d4000 JavaThread "C2 CompilerThread2" daemon [_thread_in_native, id=14100, stack(0x000000001ac90000,0x000000001ad90000)]
=>0x000000001a2d2800 JavaThread "C2 CompilerThread1" daemon [_thread_in_native, id=6568, stack(0x000000001ab90000,0x000000001ac90000)]
  0x000000001a2ca800 JavaThread "C2 CompilerThread0" daemon [_thread_in_native, id=18192, stack(0x000000001aa90000,0x000000001ab90000)]
  0x000000001a276800 JavaThread "Attach Listener" daemon [_thread_blocked, id=8372, stack(0x000000001a990000,0x000000001aa90000)]
  0x000000001a275800 JavaThread "Signal Dispatcher" daemon [_thread_blocked, id=15544, stack(0x000000001a890000,0x000000001a990000)]
  0x000000001844a000 JavaThread "Finalizer" daemon [_thread_blocked, id=5544, stack(0x000000001a730000,0x000000001a830000)]
  0x000000001a250800 JavaThread "Reference Handler" daemon [_thread_blocked, id=2500, stack(0x000000001a630000,0x000000001a730000)]
  0x00000000033e0000 JavaThread "main" [_thread_in_Java, id=13340, stack(0x0000000003250000,0x0000000003350000)]

Other Threads:
  0x000000001843c800 VMThread [stack: 0x000000001a130000,0x000000001a230000] [id=18976]
  0x000000001a37b800 WatcherThread [stack: 0x000000001af90000,0x000000001b090000] [id=15632]

VM state:not at safepoint (normal execution)

VM Mutex/Monitor currently owned by a thread: None

heap address: 0x0000000081e00000, size: 2018 MB, Compressed Oops mode: 32-bit
Narrow klass base: 0x0000000000000000, Narrow klass shift: 3
Compressed class space size: 1073741824 Address: 0x0000000100000000

Heap:
 PSYoungGen      total 101376K, used 73979K [0x00000000d5f80000, 0x00000000deb80000, 0x0000000100000000)
  eden space 96256K, 76% used [0x00000000d5f80000,0x00000000da7bed38,0x00000000dbd80000)
  from space 5120K, 0% used [0x00000000de180000,0x00000000de180000,0x00000000de680000)
  to   space 5120K, 0% used [0x00000000de680000,0x00000000de680000,0x00000000deb80000)
 ParOldGen       total 67072K, used 20176K [0x0000000081e00000, 0x0000000085f80000, 0x00000000d5f80000)
  object space 67072K, 30% used [0x0000000081e00000,0x00000000831b4088,0x0000000085f80000)
 Metaspace       used 42395K, capacity 43176K, committed 43520K, reserved 1087488K
  class space    used 5392K, capacity 5588K, committed 5632K, reserved 1048576K

Card table byte_map: [0x0000000012890000,0x0000000012c90000] byte_map_base: 0x0000000012481000

Marking Bits: (ParMarkBitMap*) 0x000000007339f030
 Begin Bits: [0x0000000013740000, 0x00000000156c8000)
 End Bits:   [0x00000000156c8000, 0x0000000017650000)

Polling page: 0x00000000015e0000

CodeCache: size=245760Kb used=12677Kb max_used=12677Kb free=233082Kb
 bounds [0x00000000034d0000, 0x0000000004140000, 0x00000000124d0000]
 total_blobs=4373 nmethods=3923 adapters=363
 compilation: enabled

Compilation events (10 events):
Event: 3.379 Thread 0x000000001a2d8000 nmethod 3936 0x0000000004136d10 code [0x0000000004136e60, 0x0000000004136f90]
Event: 3.379 Thread 0x000000001a2d8000 3911       3       org.jetbrains.kotlin.metadata.jvm.JvmProtoBuf$JvmMethodSignature$Builder::setDesc (17 bytes)
Event: 3.379 Thread 0x000000001a2d8000 nmethod 3911 0x0000000004137050 code [0x00000000041371a0, 0x0000000004137310]
Event: 3.379 Thread 0x000000001a2d8000 3938       3       org.jetbrains.kotlin.metadata.ProtoBuf$Type$Argument$Projection::valueOf (50 bytes)
Event: 3.379 Thread 0x000000001a2d8000 nmethod 3938 0x0000000004137390 code [0x0000000004137500, 0x00000000041376b0]
Event: 3.379 Thread 0x000000001a2d8000 3902       1       org.jetbrains.kotlin.metadata.jvm.JvmProtoBuf$JvmMethodSignature::getName (5 bytes)
Event: 3.379 Thread 0x000000001a2d8000 nmethod 3902 0x0000000004137750 code [0x00000000041378a0, 0x00000000041379b0]
Event: 3.380 Thread 0x000000001a2d8000 3939       3       org.jetbrains.kotlin.metadata.ProtoBuf$TypeParameter::isInitialized (101 bytes)
Event: 3.380 Thread 0x000000001a2d8000 nmethod 3939 0x0000000004137a10 code [0x0000000004137c00, 0x00000000041388f8]
Event: 3.382 Thread 0x000000001a2d8000 3941       3       org.jetbrains.kotlin.metadata.ProtoBuf$Package::isInitialized (165 bytes)

GC Heap History (10 events):
Event: 1.132 GC heap before
{Heap before GC invocations=3 (full 0):
 PSYoungGen      total 71680K, used 25503K [0x00000000d5f80000, 0x00000000daa80000, 0x0000000100000000)
  eden space 66560K, 30% used [0x00000000d5f80000,0x00000000d736c700,0x00000000da080000)
  from space 5120K, 99% used [0x00000000da580000,0x00000000daa7b510,0x00000000daa80000)
  to   space 5120K, 0% used [0x00000000da080000,0x00000000da080000,0x00000000da580000)
 ParOldGen       total 87552K, used 8020K [0x0000000081e00000, 0x0000000087380000, 0x00000000d5f80000)
  object space 87552K, 9% used [0x0000000081e00000,0x00000000825d5288,0x0000000087380000)
 Metaspace       used 20811K, capacity 21208K, committed 21248K, reserved 1069056K
  class space    used 2450K, capacity 2558K, committed 2560K, reserved 1048576K
Event: 1.139 GC heap after
Heap after GC invocations=3 (full 0):
 PSYoungGen      total 71680K, used 5089K [0x00000000d5f80000, 0x00000000deb80000, 0x0000000100000000)
  eden space 66560K, 0% used [0x00000000d5f80000,0x00000000d5f80000,0x00000000da080000)
  from space 5120K, 99% used [0x00000000da080000,0x00000000da578520,0x00000000da580000)
  to   space 5120K, 0% used [0x00000000de680000,0x00000000de680000,0x00000000deb80000)
 ParOldGen       total 87552K, used 12536K [0x0000000081e00000, 0x0000000087380000, 0x00000000d5f80000)
  object space 87552K, 14% used [0x0000000081e00000,0x0000000082a3e320,0x0000000087380000)
 Metaspace       used 20811K, capacity 21208K, committed 21248K, reserved 1069056K
  class space    used 2450K, capacity 2558K, committed 2560K, reserved 1048576K
}
Event: 1.139 GC heap before
{Heap before GC invocations=4 (full 1):
 PSYoungGen      total 71680K, used 5089K [0x00000000d5f80000, 0x00000000deb80000, 0x0000000100000000)
  eden space 66560K, 0% used [0x00000000d5f80000,0x00000000d5f80000,0x00000000da080000)
  from space 5120K, 99% used [0x00000000da080000,0x00000000da578520,0x00000000da580000)
  to   space 5120K, 0% used [0x00000000de680000,0x00000000de680000,0x00000000deb80000)
 ParOldGen       total 87552K, used 12536K [0x0000000081e00000, 0x0000000087380000, 0x00000000d5f80000)
  object space 87552K, 14% used [0x0000000081e00000,0x0000000082a3e320,0x0000000087380000)
 Metaspace       used 20811K, capacity 21208K, committed 21248K, reserved 1069056K
  class space    used 2450K, capacity 2558K, committed 2560K, reserved 1048576K
Event: 1.164 GC heap after
Heap after GC invocations=4 (full 1):
 PSYoungGen      total 71680K, used 0K [0x00000000d5f80000, 0x00000000deb80000, 0x0000000100000000)
  eden space 66560K, 0% used [0x00000000d5f80000,0x00000000d5f80000,0x00000000da080000)
  from space 5120K, 0% used [0x00000000da080000,0x00000000da080000,0x00000000da580000)
  to   space 5120K, 0% used [0x00000000de680000,0x00000000de680000,0x00000000deb80000)
 ParOldGen       total 67072K, used 9712K [0x0000000081e00000, 0x0000000085f80000, 0x00000000d5f80000)
  object space 67072K, 14% used [0x0000000081e00000,0x000000008277c3a0,0x0000000085f80000)
 Metaspace       used 20811K, capacity 21208K, committed 21248K, reserved 1069056K
  class space    used 2450K, capacity 2558K, committed 2560K, reserved 1048576K
}
Event: 1.950 GC heap before
{Heap before GC invocations=5 (full 1):
 PSYoungGen      total 71680K, used 66560K [0x00000000d5f80000, 0x00000000deb80000, 0x0000000100000000)
  eden space 66560K, 100% used [0x00000000d5f80000,0x00000000da080000,0x00000000da080000)
  from space 5120K, 0% used [0x00000000da080000,0x00000000da080000,0x00000000da580000)
  to   space 5120K, 0% used [0x00000000de680000,0x00000000de680000,0x00000000deb80000)
 ParOldGen       total 67072K, used 9712K [0x0000000081e00000, 0x0000000085f80000, 0x00000000d5f80000)
  object space 67072K, 14% used [0x0000000081e00000,0x000000008277c3a0,0x0000000085f80000)
 Metaspace       used 29322K, capacity 29875K, committed 30080K, reserved 1075200K
  class space    used 3546K, capacity 3704K, committed 3712K, reserved 1048576K
Event: 1.961 GC heap after
Heap after GC invocations=5 (full 1):
 PSYoungGen      total 101376K, used 5090K [0x00000000d5f80000, 0x00000000deb80000, 0x0000000100000000)
  eden space 96256K, 0% used [0x00000000d5f80000,0x00000000d5f80000,0x00000000dbd80000)
  from space 5120K, 99% used [0x00000000de680000,0x00000000deb78918,0x00000000deb80000)
  to   space 5120K, 0% used [0x00000000de180000,0x00000000de180000,0x00000000de680000)
 ParOldGen       total 67072K, used 20396K [0x0000000081e00000, 0x0000000085f80000, 0x00000000d5f80000)
  object space 67072K, 30% used [0x0000000081e00000,0x00000000831eb280,0x0000000085f80000)
 Metaspace       used 29322K, capacity 29875K, committed 30080K, reserved 1075200K
  class space    used 3546K, capacity 3704K, committed 3712K, reserved 1048576K
}
Event: 2.315 GC heap before
{Heap before GC invocations=6 (full 1):
 PSYoungGen      total 101376K, used 32275K [0x00000000d5f80000, 0x00000000deb80000, 0x0000000100000000)
  eden space 96256K, 28% used [0x00000000d5f80000,0x00000000d7a0c558,0x00000000dbd80000)
  from space 5120K, 99% used [0x00000000de680000,0x00000000deb78918,0x00000000deb80000)
  to   space 5120K, 0% used [0x00000000de180000,0x00000000de180000,0x00000000de680000)
 ParOldGen       total 67072K, used 20396K [0x0000000081e00000, 0x0000000085f80000, 0x00000000d5f80000)
  object space 67072K, 30% used [0x0000000081e00000,0x00000000831eb280,0x0000000085f80000)
 Metaspace       used 34542K, capacity 35102K, committed 35416K, reserved 1081344K
  class space    used 4402K, capacity 4545K, committed 4608K, reserved 1048576K
Event: 2.323 GC heap after
Heap after GC invocations=6 (full 1):
 PSYoungGen      total 101376K, used 5090K [0x00000000d5f80000, 0x00000000deb80000, 0x0000000100000000)
  eden space 96256K, 0% used [0x00000000d5f80000,0x00000000d5f80000,0x00000000dbd80000)
  from space 5120K, 99% used [0x00000000de180000,0x00000000de678908,0x00000000de680000)
  to   space 5120K, 0% used [0x00000000de680000,0x00000000de680000,0x00000000deb80000)
 ParOldGen       total 67072K, used 27214K [0x0000000081e00000, 0x0000000085f80000, 0x00000000d5f80000)
  object space 67072K, 40% used [0x0000000081e00000,0x0000000083893a28,0x0000000085f80000)
 Metaspace       used 34542K, capacity 35102K, committed 35416K, reserved 1081344K
  class space    used 4402K, capacity 4545K, committed 4608K, reserved 1048576K
}
Event: 2.323 GC heap before
{Heap before GC invocations=7 (full 2):
 PSYoungGen      total 101376K, used 5090K [0x00000000d5f80000, 0x00000000deb80000, 0x0000000100000000)
  eden space 96256K, 0% used [0x00000000d5f80000,0x00000000d5f80000,0x00000000dbd80000)
  from space 5120K, 99% used [0x00000000de180000,0x00000000de678908,0x00000000de680000)
  to   space 5120K, 0% used [0x00000000de680000,0x00000000de680000,0x00000000deb80000)
 ParOldGen       total 67072K, used 27214K [0x0000000081e00000, 0x0000000085f80000, 0x00000000d5f80000)
  object space 67072K, 40% used [0x0000000081e00000,0x0000000083893a28,0x0000000085f80000)
 Metaspace       used 34542K, capacity 35102K, committed 35416K, reserved 1081344K
  class space    used 4402K, capacity 4545K, committed 4608K, reserved 1048576K
Event: 2.377 GC heap after
Heap after GC invocations=7 (full 2):
 PSYoungGen      total 101376K, used 0K [0x00000000d5f80000, 0x00000000deb80000, 0x0000000100000000)
  eden space 96256K, 0% used [0x00000000d5f80000,0x00000000d5f80000,0x00000000dbd80000)
  from space 5120K, 0% used [0x00000000de180000,0x00000000de180000,0x00000000de680000)
  to   space 5120K, 0% used [0x00000000de680000,0x00000000de680000,0x00000000deb80000)
 ParOldGen       total 67072K, used 20176K [0x0000000081e00000, 0x0000000085f80000, 0x00000000d5f80000)
  object space 67072K, 30% used [0x0000000081e00000,0x00000000831b4088,0x0000000085f80000)
 Metaspace       used 34542K, capacity 35102K, committed 35416K, reserved 1081344K
  class space    used 4402K, capacity 4545K, committed 4608K, reserved 1048576K
}

Deoptimization events (10 events):
Event: 3.221 Thread 0x00000000033e0000 Uncommon trap: reason=unstable_if action=reinterpret pc=0x0000000003e05e5c method=java.util.WeakHashMap.put(Ljava/lang/Object;Ljava/lang/Object;)Ljava/lang/Object; @ 148
Event: 3.230 Thread 0x00000000033e0000 Uncommon trap: reason=unstable_if action=reinterpret pc=0x0000000003ec1328 method=org.jetbrains.org.objectweb.asm.ClassReader.readUtf(II[C)Ljava/lang/String; @ 69
Event: 3.230 Thread 0x00000000033e0000 Uncommon trap: reason=unstable_if action=reinterpret pc=0x0000000003e9a660 method=org.jetbrains.org.objectweb.asm.ClassReader.readUtf(II[C)Ljava/lang/String; @ 69
Event: 3.249 Thread 0x00000000033e0000 Uncommon trap: reason=unstable_if action=reinterpret pc=0x0000000003e0cec4 method=org.jetbrains.kotlin.parsing.AbstractKotlinParsing.tokenMatches(Lorg/jetbrains/kotlin/com/intellij/psi/tree/IElementType;Lorg/jetbrains/kotlin/com/intellij/psi/tree/IElement
Event: 3.249 Thread 0x00000000033e0000 Uncommon trap: reason=class_check action=maybe_recompile pc=0x0000000003f794bc method=org.jetbrains.kotlin.com.intellij.psi.impl.source.CharTableImpl.intern(Ljava/lang/CharSequence;II)Ljava/lang/CharSequence; @ 13
Event: 3.249 Thread 0x00000000033e0000 Uncommon trap: reason=predicate action=maybe_recompile pc=0x0000000003e7caa0 method=org.jetbrains.kotlin.com.intellij.openapi.util.text.StringUtil.stringHashCode(Ljava/lang/CharSequence;III)I @ 21
Event: 3.249 Thread 0x00000000033e0000 Uncommon trap: reason=predicate action=maybe_recompile pc=0x0000000003f57c4c method=org.jetbrains.kotlin.com.intellij.psi.impl.source.CharTableImpl$StringHashToCharSequencesMap.charSequenceSubSequenceEquals(Ljava/lang/CharSequence;Ljava/lang/CharSequence;
Event: 3.250 Thread 0x00000000033e0000 Uncommon trap: reason=class_check action=maybe_recompile pc=0x0000000003f794bc method=org.jetbrains.kotlin.com.intellij.psi.impl.source.CharTableImpl.intern(Ljava/lang/CharSequence;II)Ljava/lang/CharSequence; @ 13
Event: 3.250 Thread 0x00000000033e0000 Uncommon trap: reason=class_check action=maybe_recompile pc=0x0000000003f794bc method=org.jetbrains.kotlin.com.intellij.psi.impl.source.CharTableImpl.intern(Ljava/lang/CharSequence;II)Ljava/lang/CharSequence; @ 13
Event: 3.250 Thread 0x00000000033e0000 Uncommon trap: reason=class_check action=maybe_recompile pc=0x0000000003f794bc method=org.jetbrains.kotlin.com.intellij.psi.impl.source.CharTableImpl.intern(Ljava/lang/CharSequence;II)Ljava/lang/CharSequence; @ 13

Classes redefined (0 events):
No events

Internal exceptions (10 events):
Event: 2.262 Thread 0x00000000033e0000 Implicit null exception at 0x0000000003b821b7 to 0x0000000003b823b9
Event: 2.310 Thread 0x00000000033e0000 Exception <a 'java/lang/NoSuchMethodError': java.lang.Object.lambda$static$0(I)[Lorg/jetbrains/kotlin/psi/KtExpression;> (0x00000000d78971b8) thrown at [C:\src\AOSP-openjdk-git\hotspot\src\share\vm\interpreter\linkResolver.cpp, line 620]
Event: 2.406 Thread 0x00000000033e0000 Implicit null exception at 0x0000000003c5ba10 to 0x0000000003c5bb09
Event: 2.460 Thread 0x00000000033e0000 Implicit null exception at 0x0000000003c5c74c to 0x0000000003c5c829
Event: 2.840 Thread 0x00000000033e0000 Exception <a 'java/lang/NoSuchMethodError': java.lang.Object.lambda$static$0(I)[Lorg/jetbrains/kotlin/com/intellij/psi/PsiClass;> (0x00000000d76037f8) thrown at [C:\src\AOSP-openjdk-git\hotspot\src\share\vm\interpreter\linkResolver.cpp, line 620]
Event: 2.864 Thread 0x00000000033e0000 Exception <a 'java/lang/NoSuchMethodError': java.lang.Object.lambda$static$0(I)[Lorg/jetbrains/kotlin/com/intellij/psi/PsiReference;> (0x00000000d777c370) thrown at [C:\src\AOSP-openjdk-git\hotspot\src\share\vm\interpreter\linkResolver.cpp, line 620]
Event: 2.871 Thread 0x00000000033e0000 Exception <a 'java/lang/NoSuchMethodError': java.lang.Object.lambda$static$0(I)[Lorg/jetbrains/kotlin/com/intellij/psi/PsiTypeElement;> (0x00000000d77cee78) thrown at [C:\src\AOSP-openjdk-git\hotspot\src\share\vm\interpreter\linkResolver.cpp, line 620]
Event: 2.891 Thread 0x00000000033e0000 Exception <a 'java/lang/NoSuchMethodError': java.lang.Object.lambda$static$0(I)[Lorg/jetbrains/kotlin/com/intellij/psi/PsiTypeParameter;> (0x00000000d78cdce0) thrown at [C:\src\AOSP-openjdk-git\hotspot\src\share\vm\interpreter\linkResolver.cpp, line 620]
Event: 2.982 Thread 0x00000000033e0000 Exception <a 'java/lang/NoSuchMethodError': java.lang.Object.lambda$static$0(I)[Lorg/jetbrains/kotlin/psi/KtTypeElement;> (0x00000000d7e21638) thrown at [C:\src\AOSP-openjdk-git\hotspot\src\share\vm\interpreter\linkResolver.cpp, line 620]
Event: 3.167 Thread 0x00000000033e0000 Exception <a 'java/lang/NoSuchMethodError': java.lang.Object.lambda$static$0(I)[Lorg/jetbrains/kotlin/psi/KtDeclaration;> (0x00000000d89d5438) thrown at [C:\src\AOSP-openjdk-git\hotspot\src\share\vm\interpreter\linkResolver.cpp, line 620]

Events (10 events):
Event: 3.308 loading class javaslang/control/Option$None
Event: 3.308 loading class javaslang/control/Option$None done
Event: 3.324 loading class org/jetbrains/kotlin/load/java/structure/impl/classFiles/PlainJavaAnnotationAsAnnotationArgument
Event: 3.324 loading class org/jetbrains/kotlin/load/java/structure/impl/classFiles/PlainJavaAnnotationAsAnnotationArgument done
Event: 3.324 loading class org/jetbrains/kotlin/load/java/structure/JavaAnnotationAsAnnotationArgument
Event: 3.324 loading class org/jetbrains/kotlin/load/java/structure/JavaAnnotationAsAnnotationArgument done
Event: 3.330 loading class org/jetbrains/kotlin/utils/SmartList$SingletonIterator
Event: 3.330 loading class org/jetbrains/kotlin/utils/SmartList$SingletonIterator done
Event: 3.331 loading class org/jetbrains/kotlin/utils/SmartList$SingletonIteratorBase
Event: 3.331 loading class org/jetbrains/kotlin/utils/SmartList$SingletonIteratorBase done


Dynamic libraries:
0x00007ff77c700000 - 0x00007ff77c731000 	C:\Program Files\Android\Android Studio\jre\jre\bin\java.exe
0x00007ffc5a820000 - 0x00007ffc5aa0d000 	C:\windows\SYSTEM32\ntdll.dll
0x00007ffc58510000 - 0x00007ffc585c3000 	C:\windows\System32\KERNEL32.DLL
0x00007ffc56ac0000 - 0x00007ffc56d53000 	C:\windows\System32\KERNELBASE.dll
0x00007ffc57d40000 - 0x00007ffc57de3000 	C:\windows\System32\ADVAPI32.dll
0x00007ffc5a750000 - 0x00007ffc5a7ee000 	C:\windows\System32\msvcrt.dll
0x00007ffc590c0000 - 0x00007ffc5915e000 	C:\windows\System32\sechost.dll
0x00007ffc58b60000 - 0x00007ffc58c82000 	C:\windows\System32\RPCRT4.dll
0x00007ffc58d80000 - 0x00007ffc58f17000 	C:\windows\System32\USER32.dll
0x00007ffc56910000 - 0x00007ffc56930000 	C:\windows\System32\win32u.dll
0x00007ffc58ac0000 - 0x00007ffc58ae9000 	C:\windows\System32\GDI32.dll
0x00007ffc56d60000 - 0x00007ffc56ef9000 	C:\windows\System32\gdi32full.dll
0x00007ffc56930000 - 0x00007ffc569d0000 	C:\windows\System32\msvcp_win.dll
0x00007ffc57940000 - 0x00007ffc57a3a000 	C:\windows\System32\ucrtbase.dll
0x00007ffc44cd0000 - 0x00007ffc44f49000 	C:\windows\WinSxS\amd64_microsoft.windows.common-controls_6595b64144ccf1df_6.0.17763.1098_none_de762ed45346ee8a\COMCTL32.dll
0x00007ffc581e0000 - 0x00007ffc5850c000 	C:\windows\System32\combase.dll
0x00007ffc569d0000 - 0x00007ffc56a4e000 	C:\windows\System32\bcryptPrimitives.dll
0x00007ffc57fa0000 - 0x00007ffc57fce000 	C:\windows\System32\IMM32.DLL
0x00000000729d0000 - 0x0000000072aa2000 	C:\Program Files\Android\Android Studio\jre\jre\bin\msvcr100.dll
0x0000000072bd0000 - 0x000000007341b000 	C:\Program Files\Android\Android Studio\jre\jre\bin\server\jvm.dll
0x00007ffc58cf0000 - 0x00007ffc58cf8000 	C:\windows\System32\PSAPI.DLL
0x00007ffc332e0000 - 0x00007ffc332e9000 	C:\windows\SYSTEM32\WSOCK32.dll
0x00007ffc4f200000 - 0x00007ffc4f20a000 	C:\windows\SYSTEM32\VERSION.dll
0x00007ffc474b0000 - 0x00007ffc474d4000 	C:\windows\SYSTEM32\WINMM.dll
0x00007ffc585d0000 - 0x00007ffc5863d000 	C:\windows\System32\WS2_32.dll
0x00007ffc47480000 - 0x00007ffc474ad000 	C:\windows\SYSTEM32\WINMMBASE.dll
0x00007ffc56a50000 - 0x00007ffc56a9a000 	C:\windows\System32\cfgmgr32.dll
0x00007ffc44220000 - 0x00007ffc4422f000 	C:\Program Files\Android\Android Studio\jre\jre\bin\verify.dll
0x00007ffc43fe0000 - 0x00007ffc44009000 	C:\Program Files\Android\Android Studio\jre\jre\bin\java.dll
0x00007ffc44070000 - 0x00007ffc44086000 	C:\Program Files\Android\Android Studio\jre\jre\bin\zip.dll
0x00007ffc59160000 - 0x00007ffc5a654000 	C:\windows\System32\SHELL32.dll
0x00007ffc58130000 - 0x00007ffc581d8000 	C:\windows\System32\shcore.dll
0x00007ffc56f00000 - 0x00007ffc5764d000 	C:\windows\System32\windows.storage.dll
0x00007ffc56810000 - 0x00007ffc56834000 	C:\windows\System32\profapi.dll
0x00007ffc56880000 - 0x00007ffc568dd000 	C:\windows\System32\powrprof.dll
0x00007ffc57bb0000 - 0x00007ffc57c02000 	C:\windows\System32\shlwapi.dll
0x00007ffc56840000 - 0x00007ffc56851000 	C:\windows\System32\kernel.appcore.dll
0x00007ffc56aa0000 - 0x00007ffc56ab7000 	C:\windows\System32\cryptsp.dll
0x00007ffc3da00000 - 0x00007ffc3da1a000 	C:\Program Files\Android\Android Studio\jre\jre\bin\net.dll
0x00007ffc56080000 - 0x00007ffc560e7000 	C:\windows\system32\mswsock.dll
0x00007ffc3c400000 - 0x00007ffc3c413000 	C:\Program Files\Android\Android Studio\jre\jre\bin\nio.dll

VM Arguments:
java_command: org.jetbrains.kotlin.cli.jvm.K2JVMCompiler -Xallow-no-source-files -classpath D:\05AndroidStudio\LiKaiJie\app\build\intermediates\compile_and_runtime_not_namespaced_r_class_jar\debug\R.jar;C:\Users\Kernel_Develop_Hou\.gradle\caches\transforms-2\files-2.1\15e88dff1756185dc99c52e94e0f0c06\databinding-adapters-4.1.1-api.jar;C:\Users\Kernel_Develop_Hou\.gradle\caches\transforms-2\files-2.1\4e6f517d2057b744cb2c0c31d289e944\databinding-runtime-4.1.1-api.jar;C:\Users\Kernel_Develop_Hou\.gradle\caches\modules-2\files-2.1\androidx.databinding\databinding-common\4.1.1\135fcbb4e3cb4f16b93a16c800776a48d2ce840\databinding-common-4.1.1.jar;C:\Users\Kernel_Develop_Hou\.gradle\caches\transforms-2\files-2.1\13d093fdfbac5c89c4d060dfb7391d2c\jetified-viewbinding-4.1.1-api.jar;C:\Users\Kernel_Develop_Hou\.gradle\caches\transforms-2\files-2.1\24f8910a57b2aaf8c854cacb63735164\navigation-ui-ktx-2.3.2-api.jar;C:\Users\Kernel_Develop_Hou\.gradle\caches\transforms-2\files-2.1\f5983f8acb18c69ac831d7525607a533\navigation-ui-2.3.2-api.jar;C:\Users\Kernel_Develop_Hou\.gradle\caches\transforms-2\files-2.1\54c7babb4cb24dd40293d97013b2745d\material-1.2.1-api.jar;C:\Users\Kernel_Develop_Hou\.gradle\caches\transforms-2\files-2.1\a4fcdf51951daf56d8f49608c753f6c4\navigation-fragment-ktx-2.3.2-api.jar;C:\Users\Kernel_Develop_Hou\.gradle\caches\transforms-2\files-2.1\05ccc95c3f30cac33be37c5371c487c1\jetified-fragment-ktx-1.3.0-beta01-api.jar;C:\Users\Kernel_Develop_Hou\.gradle\caches\transforms-2\files-2.1\6840b415f235ad5328ad9ffc5ce4a467\navigation-runtime-ktx-2.3.2-api.jar;C:\Users\Kernel_Develop_Hou\.gradle\caches\transforms-2\files-2.1\7ee71384e94171ad462d1f977eeb2c66\jetified-activity-ktx-1.2.0-beta01-api.jar;C:\Users\Kernel_Develop_Hou\.gradle\caches\transforms-2\files-2.1\8384a63bd5320a0548e73b04cec8ce71\jetified-core-ktx-1.3.2-api.jar;C:\Users\Kernel_Develop_Hou\.gradle\caches\transforms-2\files-2.1\704217fa5a7e2e220f6bf1a6592173e5\constraintlayout-2.0.4-api.jar;C:\Users\Kernel_De
java_class_path (initial): C:\Users\Kernel_Develop_Hou\.gradle\caches\modules-2\files-2.1\org.jetbrains.kotlin\kotlin-compiler-embeddable\1.3.72\fb72232c8fa977d5e07d33c43381ddbdc5edab6\kotlin-compiler-embeddable-1.3.72.jar;C:\Users\Kernel_Develop_Hou\.gradle\caches\modules-2\files-2.1\org.jetbrains.kotlin\kotlin-reflect\1.3.72\86613e1a669a701b0c660bfd2af4f82a7ae11fca\kotlin-reflect-1.3.72.jar;C:\Users\Kernel_Develop_Hou\.gradle\caches\modules-2\files-2.1\org.jetbrains.kotlin\kotlin-stdlib\1.3.72\8032138f12c0180bc4e51fe139d4c52b46db6109\kotlin-stdlib-1.3.72.jar;C:\Users\Kernel_Develop_Hou\.gradle\caches\modules-2\files-2.1\org.jetbrains.kotlin\kotlin-script-runtime\1.3.72\657d8d34d91e1964b4439378c09933e840bfe8d5\kotlin-script-runtime-1.3.72.jar;C:\Users\Kernel_Develop_Hou\.gradle\caches\modules-2\files-2.1\org.jetbrains.kotlin\kotlin-daemon-embeddable\1.3.72\53bbaa2816dbf6bdb85f629451b1fcc88f2164d2\kotlin-daemon-embeddable-1.3.72.jar;C:\Users\Kernel_Develop_Hou\.gradle\caches\modules-2\files-2.1\org.jetbrains.intellij.deps\trove4j\1.0.20181211\216c2e14b070f334479d800987affe4054cd563f\trove4j-1.0.20181211.jar;C:\Users\Kernel_Develop_Hou\.gradle\caches\modules-2\files-2.1\org.jetbrains.kotlin\kotlin-stdlib-common\1.3.72\6ca8bee3d88957eaaaef077c41c908c9940492d8\kotlin-stdlib-common-1.3.72.jar;C:\Users\Kernel_Develop_Hou\.gradle\caches\modules-2\files-2.1\org.jetbrains\annotations\13.0\919f0dfe192fb4e063e7dacadee7f8bb9a2672a9\annotations-13.0.jar;C:\Program Files\Android\Android Studio\jre\lib\tools.jar
Launcher Type: SUN_STANDARD

Environment Variables:
PATH=C:\windows\system32;C:\windows;C:\windows\System32\Wbem;C:\windows\System32\WindowsPowerShell\v1.0\;C:\windows\System32\OpenSSH\;C:\Program Files (x86)\NVIDIA Corporation\PhysX\Common;C:\Program Files (x86)\Intel\Intel(R) Management Engine Components\DAL;C:\Program Files\Intel\Intel(R) Management Engine Components\DAL;C:\Users\Kernel_Develop_Hou\AppData\Local\Microsoft\WindowsApps;;F:\Microsoft VS Code\bin
USERNAME=Kernel_Develop_Hou
OS=Windows_NT
PROCESSOR_IDENTIFIER=Intel64 Family 6 Model 142 Stepping 11, GenuineIntel



---------------  S Y S T E M  ---------------

OS: Windows 10.0 , 64 bit Build 17763 (10.0.17763.475)

CPU:total 8 (initial active 8) (4 cores per cpu, 2 threads per core) family 6 model 142 stepping 11, cmov, cx8, fxsr, mmx, sse, sse2, sse3, ssse3, sse4.1, sse4.2, popcnt, avx, avx2, aes, clmul, erms, 3dnowpref, lzcnt, ht, tsc, tscinvbit, bmi1, bmi2, adx

Memory: 4k page, physical 8258368k(1214732k free), swap 18744124k(5360k free)

vm_info: OpenJDK 64-Bit Server VM (25.242-b01) for windows-amd64 JRE (1.8.0_242-release-1644-b01), built by "builder" with MS VC++ 10.0 (VS2010)

time: Fri Feb 19 11:07:10 2021
timezone: 中国标准时间
elapsed time: 3 seconds (0d 0h 0m 3s)

