#
# There is insufficient memory for the Java Runtime Environment to continue.
# Native memory allocation (malloc) failed to allocate 1517616 bytes for Chunk::new
# Possible reasons:
#   The system is out of physical RAM or swap space
#   The process is running with CompressedOops enabled, and the Java Heap may be blocking the growth of the native heap
# Possible solutions:
#   Reduce memory load on the system
#   Increase physical memory or swap space
#   Check if swap backing store is full
#   Decrease Java heap size (-Xmx/-Xms)
#   Decrease number of Java threads
#   Decrease Java thread stack sizes (-Xss)
#   Set larger code cache with -XX:ReservedCodeCacheSize=
#   JVM is running with Unscaled Compressed Oops mode in which the Java heap is
#     placed in the first 4GB address space. The Java Heap base address is the
#     maximum limit for the native heap growth. Please use -XX:HeapBaseMinAddress
#     to set the Java Heap base and to place the Java Heap above 4GB virtual address.
# This output file may be truncated or incomplete.
#
#  Out of Memory Error (allocation.cpp:389), pid=23100, tid=0x0000000000001304
#
# JRE version: OpenJDK Runtime Environment (8.0_242-b01) (build 1.8.0_242-release-1644-b01)
# Java VM: OpenJDK 64-Bit Server VM (25.242-b01 mixed mode windows-amd64 compressed oops)
# Failed to write core dump. Minidumps are not enabled by default on client versions of Windows
#

---------------  T H R E A D  ---------------

Current thread (0x000000001879e000):  JavaThread "C2 CompilerThread2" daemon [_thread_in_native, id=4868, stack(0x000000001af70000,0x000000001b070000)]

Stack: [0x000000001af70000,0x000000001b070000]
[error occurred during error reporting (printing stack bounds), id 0xc0000005]

Native frames: (J=compiled Java code, j=interpreted, Vv=VM code, C=native code)


Current CompileTask:
C2:   5120 2667       4       java.net.URLClassLoader$1::run (5 bytes)


---------------  P R O C E S S  ---------------

Java Threads: ( => current thread )
  0x000000001d15f000 JavaThread "Cache worker for file content cache (C:\Users\LKJ\.gradle\caches\6.5\fileContent)" [_thread_blocked, id=10872, stack(0x00000000246c0000,0x00000000247c0000)]
  0x000000001d157000 JavaThread "Cache worker for execution history cache (C:\Users\LKJ\.gradle\caches\6.5\executionHistory)" [_thread_blocked, id=23432, stack(0x00000000241c0000,0x00000000242c0000)]
  0x000000001d15d800 JavaThread "Cache worker for cache directory md-rule (C:\Users\LKJ\.gradle\caches\6.5\md-rule)" [_thread_blocked, id=7488, stack(0x0000000023ec0000,0x0000000023fc0000)]
  0x000000001d15d000 JavaThread "Cache worker for cache directory md-supplier (C:\Users\LKJ\.gradle\caches\6.5\md-supplier)" [_thread_blocked, id=17228, stack(0x0000000023dc0000,0x0000000023ec0000)]
  0x000000001d15c000 JavaThread "Cache worker for checksums cache (D:\05AndroidStudio\LiKaiJie\.gradle\checksums)" [_thread_blocked, id=12608, stack(0x0000000023cc0000,0x0000000023dc0000)]
  0x000000001d157800 JavaThread "jar transforms Thread 20" [_thread_blocked, id=2820, stack(0x00000000239c0000,0x0000000023ac0000)]
  0x000000001d15b800 JavaThread "jar transforms Thread 19" [_thread_blocked, id=12224, stack(0x00000000238c0000,0x00000000239c0000)]
  0x000000001d15a800 JavaThread "jar transforms Thread 18" [_thread_blocked, id=17224, stack(0x00000000237c0000,0x00000000238c0000)]
  0x000000001d15a000 JavaThread "jar transforms Thread 17" [_thread_blocked, id=11096, stack(0x00000000236c0000,0x00000000237c0000)]
  0x000000001d154000 JavaThread "jar transforms Thread 16" [_thread_blocked, id=17976, stack(0x00000000235c0000,0x00000000236c0000)]
  0x000000001d153000 JavaThread "jar transforms Thread 15" [_thread_blocked, id=13552, stack(0x00000000234c0000,0x00000000235c0000)]
  0x000000001d156000 JavaThread "jar transforms Thread 14" [_thread_blocked, id=6684, stack(0x0000000021460000,0x0000000021560000)]
  0x000000001d159000 JavaThread "jar transforms Thread 13" [_thread_blocked, id=7596, stack(0x0000000021360000,0x0000000021460000)]
  0x000000001d151800 JavaThread "jar transforms Thread 12" [_thread_blocked, id=19568, stack(0x0000000021260000,0x0000000021360000)]
  0x000000001d154800 JavaThread "jar transforms Thread 11" [_thread_blocked, id=12860, stack(0x00000000233c0000,0x00000000234c0000)]
  0x000000001d155800 JavaThread "jar transforms Thread 10" [_thread_blocked, id=11152, stack(0x00000000232c0000,0x00000000233c0000)]
  0x000000001d158800 JavaThread "jar transforms Thread 9" [_thread_blocked, id=18436, stack(0x00000000231c0000,0x00000000232c0000)]
  0x000000001d152800 JavaThread "jar transforms Thread 8" [_thread_blocked, id=20072, stack(0x00000000230c0000,0x00000000231c0000)]
  0x000000001cfdc800 JavaThread "jar transforms Thread 7" [_thread_blocked, id=19764, stack(0x0000000022fc0000,0x00000000230c0000)]
  0x000000001cfdb000 JavaThread "jar transforms Thread 6" [_thread_blocked, id=22968, stack(0x0000000022ec0000,0x0000000022fc0000)]
  0x000000001cfda000 JavaThread "jar transforms Thread 5" [_thread_blocked, id=22848, stack(0x0000000022dc0000,0x0000000022ec0000)]
  0x000000001cfd9800 JavaThread "jar transforms Thread 4" [_thread_blocked, id=23356, stack(0x0000000022cc0000,0x0000000022dc0000)]
  0x000000001cfd8800 JavaThread "jar transforms Thread 3" [_thread_blocked, id=16172, stack(0x0000000022bc0000,0x0000000022cc0000)]
  0x000000001cfdd000 JavaThread "jar transforms Thread 2" [_thread_blocked, id=4180, stack(0x0000000022ac0000,0x0000000022bc0000)]
  0x000000001cfd8000 JavaThread "jar transforms" [_thread_blocked, id=20964, stack(0x00000000229c0000,0x0000000022ac0000)]
  0x000000001cfdb800 JavaThread "Cache worker for file hash cache (D:\05AndroidStudio\LiKaiJie\.gradle\6.5\fileHashes)" [_thread_blocked, id=16660, stack(0x00000000228c0000,0x00000000229c0000)]
  0x000000001cfde800 JavaThread "Cache worker for file hash cache (C:\Users\LKJ\.gradle\caches\6.5\fileHashes)" [_thread_blocked, id=8156, stack(0x000000001efc0000,0x000000001f0c0000)]
  0x000000001cfde000 JavaThread "File lock request listener" [_thread_in_native, id=24560, stack(0x000000001eec0000,0x000000001efc0000)]
  0x000000001cfe2800 JavaThread "Cache worker for journal cache (C:\Users\LKJ\.gradle\caches\journal-1)" [_thread_blocked, id=18156, stack(0x000000001edc0000,0x000000001eec0000)]
  0x000000001d028800 JavaThread "Thread-9" [_thread_blocked, id=9000, stack(0x000000001eac0000,0x000000001ebc0000)]
  0x000000001b73b000 JavaThread "Stdin handler" [_thread_blocked, id=9456, stack(0x000000001e9c0000,0x000000001eac0000)]
  0x000000001b472800 JavaThread "Asynchronous log dispatcher for DefaultDaemonConnection: socket connection from /127.0.0.1:62334 to /127.0.0.1:62335" [_thread_blocked, id=4412, stack(0x000000001e8c0000,0x000000001e9c0000)]
  0x000000001b470800 JavaThread "Daemon worker" [_thread_in_native, id=5568, stack(0x000000001e7c0000,0x000000001e8c0000)]
  0x000000001b46e000 JavaThread "Cancel handler" [_thread_blocked, id=13852, stack(0x000000001e6c0000,0x000000001e7c0000)]
  0x000000001cf64800 JavaThread "Handler for socket connection from /127.0.0.1:62334 to /127.0.0.1:62335" [_thread_in_native, id=8972, stack(0x000000001e5c0000,0x000000001e6c0000)]
  0x000000001cf4f800 JavaThread "Daemon" [_thread_blocked, id=25496, stack(0x000000001e4c0000,0x000000001e5c0000)]
  0x000000001cf3e800 JavaThread "Daemon periodic checks" [_thread_blocked, id=22972, stack(0x000000001e1c0000,0x000000001e2c0000)]
  0x000000001cf25000 JavaThread "Incoming local TCP Connector on port 62334" [_thread_in_native, id=19124, stack(0x000000001e010000,0x000000001e110000)]
  0x000000001cb3b000 JavaThread "Daemon health stats" [_thread_blocked, id=6116, stack(0x000000001dd10000,0x000000001de10000)]
  0x000000001a691800 JavaThread "Service Thread" daemon [_thread_blocked, id=2256, stack(0x000000001b170000,0x000000001b270000)]
  0x000000001a610800 JavaThread "C1 CompilerThread3" daemon [_thread_blocked, id=16912, stack(0x000000001b070000,0x000000001b170000)]
=>0x000000001879e000 JavaThread "C2 CompilerThread2" daemon [_thread_in_native, id=4868, stack(0x000000001af70000,0x000000001b070000)]
  0x000000001a605800 JavaThread "C2 CompilerThread1" daemon [_thread_in_native, id=10808, stack(0x000000001ae70000,0x000000001af70000)]
  0x000000001a5ad800 JavaThread "C2 CompilerThread0" daemon [_thread_in_native, id=17828, stack(0x000000001ad70000,0x000000001ae70000)]
  0x000000001a5ac800 JavaThread "Attach Listener" daemon [_thread_blocked, id=22812, stack(0x000000001ac70000,0x000000001ad70000)]
  0x000000001a5ab800 JavaThread "Signal Dispatcher" daemon [_thread_blocked, id=6896, stack(0x000000001ab70000,0x000000001ac70000)]
  0x000000000371e000 JavaThread "Finalizer" daemon [_thread_blocked, id=25444, stack(0x000000001aa70000,0x000000001ab70000)]
  0x000000001a590800 JavaThread "Reference Handler" daemon [_thread_blocked, id=19984, stack(0x000000001a970000,0x000000001aa70000)]
  0x000000000361e000 JavaThread "main" [_thread_blocked, id=18916, stack(0x0000000003450000,0x0000000003550000)]

Other Threads:
  0x0000000018788000 VMThread [stack: 0x000000001a470000,0x000000001a570000] [id=22088]
  0x000000001a692800 WatcherThread [stack: 0x000000001b270000,0x000000001b370000] [id=18336]

VM state:not at safepoint (normal execution)

VM Mutex/Monitor currently owned by a thread: None

heap address: 0x0000000080000000, size: 2048 MB, Compressed Oops mode: 32-bit
Narrow klass base: 0x0000000000000000, Narrow klass shift: 3
Compressed class space size: 1073741824 Address: 0x0000000100000000

Heap:
 PSYoungGen      total 114688K, used 34873K [0x00000000d5580000, 0x00000000dd580000, 0x0000000100000000)
  eden space 104448K, 23% used [0x00000000d5580000,0x00000000d6d95168,0x00000000dbb80000)
  from space 10240K, 99% used [0x00000000dc700000,0x00000000dd0f9400,0x00000000dd100000)
  to   space 11776K, 0% used [0x00000000dbb80000,0x00000000dbb80000,0x00000000dc700000)
 ParOldGen       total 57856K, used 9588K [0x0000000080000000, 0x0000000083880000, 0x00000000d5580000)
  object space 57856K, 16% used [0x0000000080000000,0x000000008095d0b8,0x0000000083880000)
 Metaspace       used 33930K, capacity 35250K, committed 35456K, reserved 1079296K
  class space    used 4574K, capacity 4880K, committed 4992K, reserved 1048576K

Card table byte_map: [0x0000000012ae0000,0x0000000012ef0000] byte_map_base: 0x00000000126e0000

Marking Bits: (ParMarkBitMap*) 0x0000000070dcf030
 Begin Bits: [0x00000000139a0000, 0x00000000159a0000)
 End Bits:   [0x00000000159a0000, 0x00000000179a0000)

Polling page: 0x0000000001340000

CodeCache: size=245760Kb used=10662Kb max_used=10662Kb free=235098Kb
 bounds [0x0000000003720000, 0x0000000004190000, 0x0000000012720000]
 total_blobs=3558 nmethods=2861 adapters=609
 compilation: enabled

Compilation events (10 events):
Event: 5.101 Thread 0x000000001a610800 2863   !   3       sun.misc.URLClassPath$JarLoader::getResource (353 bytes)
Event: 5.103 Thread 0x000000001a610800 nmethod 2863 0x00000000041861d0 code [0x00000000041865e0, 0x0000000004188448]
Event: 5.109 Thread 0x000000001a610800 2864       3       java.lang.String::regionMatches (149 bytes)
Event: 5.109 Thread 0x000000001a610800 nmethod 2864 0x0000000004189fd0 code [0x000000000418a220, 0x000000000418aed8]
Event: 5.113 Thread 0x000000001a610800 2866       3       java.lang.CharacterDataLatin1::isJavaIdentifierPart (20 bytes)
Event: 5.113 Thread 0x000000001a610800 nmethod 2866 0x000000000418b850 code [0x000000000418b9c0, 0x000000000418bc10]
Event: 5.113 Thread 0x000000001a610800 2865       3       java.lang.Character::isJavaIdentifierPart (9 bytes)
Event: 5.113 Thread 0x000000001a610800 nmethod 2865 0x000000000418bd50 code [0x000000000418bec0, 0x000000000418c0f8]
Event: 5.114 Thread 0x000000001a610800 2867       1       com.google.common.collect.MapMakerInternalMap$StrongKeyWeakValueSegment::access$100 (5 bytes)
Event: 5.115 Thread 0x000000001a610800 nmethod 2867 0x000000000418c1d0 code [0x000000000418c320, 0x000000000418c410]

GC Heap History (10 events):
Event: 3.306 GC heap before
{Heap before GC invocations=5 (full 0):
 PSYoungGen      total 37888K, used 37879K [0x00000000d5580000, 0x00000000d7f80000, 0x0000000100000000)
  eden space 32768K, 100% used [0x00000000d5580000,0x00000000d7580000,0x00000000d7580000)
  from space 5120K, 99% used [0x00000000d7a80000,0x00000000d7f7dc40,0x00000000d7f80000)
  to   space 5120K, 0% used [0x00000000d7580000,0x00000000d7580000,0x00000000d7a80000)
 ParOldGen       total 86016K, used 3806K [0x0000000080000000, 0x0000000085400000, 0x00000000d5580000)
  object space 86016K, 4% used [0x0000000080000000,0x00000000803b7af8,0x0000000085400000)
 Metaspace       used 17626K, capacity 18258K, committed 18560K, reserved 1064960K
  class space    used 2405K, capacity 2579K, committed 2688K, reserved 1048576K
Event: 3.314 GC heap after
Heap after GC invocations=5 (full 0):
 PSYoungGen      total 37888K, used 5096K [0x00000000d5580000, 0x00000000da980000, 0x0000000100000000)
  eden space 32768K, 0% used [0x00000000d5580000,0x00000000d5580000,0x00000000d7580000)
  from space 5120K, 99% used [0x00000000d7580000,0x00000000d7a7a020,0x00000000d7a80000)
  to   space 10240K, 0% used [0x00000000d9f80000,0x00000000d9f80000,0x00000000da980000)
 ParOldGen       total 86016K, used 7044K [0x0000000080000000, 0x0000000085400000, 0x00000000d5580000)
  object space 86016K, 8% used [0x0000000080000000,0x00000000806e10e8,0x0000000085400000)
 Metaspace       used 17626K, capacity 18258K, committed 18560K, reserved 1064960K
  class space    used 2405K, capacity 2579K, committed 2688K, reserved 1048576K
}
Event: 3.656 GC heap before
{Heap before GC invocations=6 (full 0):
 PSYoungGen      total 37888K, used 35922K [0x00000000d5580000, 0x00000000da980000, 0x0000000100000000)
  eden space 32768K, 94% used [0x00000000d5580000,0x00000000d739a8a0,0x00000000d7580000)
  from space 5120K, 99% used [0x00000000d7580000,0x00000000d7a7a020,0x00000000d7a80000)
  to   space 10240K, 0% used [0x00000000d9f80000,0x00000000d9f80000,0x00000000da980000)
 ParOldGen       total 86016K, used 7044K [0x0000000080000000, 0x0000000085400000, 0x00000000d5580000)
  object space 86016K, 8% used [0x0000000080000000,0x00000000806e10e8,0x0000000085400000)
 Metaspace       used 20477K, capacity 21222K, committed 21296K, reserved 1067008K
  class space    used 2852K, capacity 3037K, committed 3072K, reserved 1048576K
Event: 3.665 GC heap after
Heap after GC invocations=6 (full 0):
 PSYoungGen      total 75264K, used 8656K [0x00000000d5580000, 0x00000000daa80000, 0x0000000100000000)
  eden space 65024K, 0% used [0x00000000d5580000,0x00000000d5580000,0x00000000d9500000)
  from space 10240K, 84% used [0x00000000d9f80000,0x00000000da7f41f8,0x00000000da980000)
  to   space 10752K, 0% used [0x00000000d9500000,0x00000000d9500000,0x00000000d9f80000)
 ParOldGen       total 86016K, used 7052K [0x0000000080000000, 0x0000000085400000, 0x00000000d5580000)
  object space 86016K, 8% used [0x0000000080000000,0x00000000806e30e8,0x0000000085400000)
 Metaspace       used 20477K, capacity 21222K, committed 21296K, reserved 1067008K
  class space    used 2852K, capacity 3037K, committed 3072K, reserved 1048576K
}
Event: 3.665 GC heap before
{Heap before GC invocations=7 (full 1):
 PSYoungGen      total 75264K, used 8656K [0x00000000d5580000, 0x00000000daa80000, 0x0000000100000000)
  eden space 65024K, 0% used [0x00000000d5580000,0x00000000d5580000,0x00000000d9500000)
  from space 10240K, 84% used [0x00000000d9f80000,0x00000000da7f41f8,0x00000000da980000)
  to   space 10752K, 0% used [0x00000000d9500000,0x00000000d9500000,0x00000000d9f80000)
 ParOldGen       total 86016K, used 7052K [0x0000000080000000, 0x0000000085400000, 0x00000000d5580000)
  object space 86016K, 8% used [0x0000000080000000,0x00000000806e30e8,0x0000000085400000)
 Metaspace       used 20477K, capacity 21222K, committed 21296K, reserved 1067008K
  class space    used 2852K, capacity 3037K, committed 3072K, reserved 1048576K
Event: 3.697 GC heap after
Heap after GC invocations=7 (full 1):
 PSYoungGen      total 75264K, used 0K [0x00000000d5580000, 0x00000000daa80000, 0x0000000100000000)
  eden space 65024K, 0% used [0x00000000d5580000,0x00000000d5580000,0x00000000d9500000)
  from space 10240K, 0% used [0x00000000d9f80000,0x00000000d9f80000,0x00000000da980000)
  to   space 10752K, 0% used [0x00000000d9500000,0x00000000d9500000,0x00000000d9f80000)
 ParOldGen       total 57856K, used 9380K [0x0000000080000000, 0x0000000083880000, 0x00000000d5580000)
  object space 57856K, 16% used [0x0000000080000000,0x00000000809292e8,0x0000000083880000)
 Metaspace       used 20477K, capacity 21222K, committed 21296K, reserved 1067008K
  class space    used 2852K, capacity 3037K, committed 3072K, reserved 1048576K
}
Event: 4.279 GC heap before
{Heap before GC invocations=8 (full 1):
 PSYoungGen      total 75264K, used 65024K [0x00000000d5580000, 0x00000000daa80000, 0x0000000100000000)
  eden space 65024K, 100% used [0x00000000d5580000,0x00000000d9500000,0x00000000d9500000)
  from space 10240K, 0% used [0x00000000d9f80000,0x00000000d9f80000,0x00000000da980000)
  to   space 10752K, 0% used [0x00000000d9500000,0x00000000d9500000,0x00000000d9f80000)
 ParOldGen       total 57856K, used 9380K [0x0000000080000000, 0x0000000083880000, 0x00000000d5580000)
  object space 57856K, 16% used [0x0000000080000000,0x00000000809292e8,0x0000000083880000)
 Metaspace       used 25065K, capacity 26122K, committed 26240K, reserved 1071104K
  class space    used 3578K, capacity 3855K, committed 3968K, reserved 1048576K
Event: 4.284 GC heap after
Heap after GC invocations=8 (full 1):
 PSYoungGen      total 75776K, used 6290K [0x00000000d5580000, 0x00000000dd100000, 0x0000000100000000)
  eden space 65024K, 0% used [0x00000000d5580000,0x00000000d5580000,0x00000000d9500000)
  from space 10752K, 58% used [0x00000000d9500000,0x00000000d9b24ba0,0x00000000d9f80000)
  to   space 10240K, 0% used [0x00000000dc700000,0x00000000dc700000,0x00000000dd100000)
 ParOldGen       total 57856K, used 9388K [0x0000000080000000, 0x0000000083880000, 0x00000000d5580000)
  object space 57856K, 16% used [0x0000000080000000,0x000000008092b2e8,0x0000000083880000)
 Metaspace       used 25065K, capacity 26122K, committed 26240K, reserved 1071104K
  class space    used 3578K, capacity 3855K, committed 3968K, reserved 1048576K
}
Event: 4.888 GC heap before
{Heap before GC invocations=9 (full 1):
 PSYoungGen      total 75776K, used 71314K [0x00000000d5580000, 0x00000000dd100000, 0x0000000100000000)
  eden space 65024K, 100% used [0x00000000d5580000,0x00000000d9500000,0x00000000d9500000)
  from space 10752K, 58% used [0x00000000d9500000,0x00000000d9b24ba0,0x00000000d9f80000)
  to   space 10240K, 0% used [0x00000000dc700000,0x00000000dc700000,0x00000000dd100000)
 ParOldGen       total 57856K, used 9388K [0x0000000080000000, 0x0000000083880000, 0x00000000d5580000)
  object space 57856K, 16% used [0x0000000080000000,0x000000008092b2e8,0x0000000083880000)
 Metaspace       used 33017K, capacity 34248K, committed 34560K, reserved 1079296K
  class space    used 4455K, capacity 4749K, committed 4864K, reserved 1048576K
Event: 4.902 GC heap after
Heap after GC invocations=9 (full 1):
 PSYoungGen      total 114688K, used 10213K [0x00000000d5580000, 0x00000000dd580000, 0x0000000100000000)
  eden space 104448K, 0% used [0x00000000d5580000,0x00000000d5580000,0x00000000dbb80000)
  from space 10240K, 99% used [0x00000000dc700000,0x00000000dd0f9400,0x00000000dd100000)
  to   space 11776K, 0% used [0x00000000dbb80000,0x00000000dbb80000,0x00000000dc700000)
 ParOldGen       total 57856K, used 9588K [0x0000000080000000, 0x0000000083880000, 0x00000000d5580000)
  object space 57856K, 16% used [0x0000000080000000,0x000000008095d0b8,0x0000000083880000)
 Metaspace       used 33017K, capacity 34248K, committed 34560K, reserved 1079296K
  class space    used 4455K, capacity 4749K, committed 4864K, reserved 1048576K
}

Deoptimization events (10 events):
Event: 3.992 Thread 0x000000001b470800 Uncommon trap: reason=unstable_if action=reinterpret pc=0x0000000003a2774c method=java.io.WinNTFileSystem.resolve(Ljava/lang/String;Ljava/lang/String;)Ljava/lang/String; @ 49
Event: 4.310 Thread 0x000000001b470800 Uncommon trap: reason=unstable_if action=reinterpret pc=0x0000000003dd1fcc method=java.lang.ClassLoader.getClassLoadingLock(Ljava/lang/String;)Ljava/lang/Object; @ 6
Event: 4.334 Thread 0x000000001b470800 Uncommon trap: reason=bimorphic action=maybe_recompile pc=0x0000000003d71650 method=java.io.BufferedInputStream.read([BII)I @ 101
Event: 4.334 Thread 0x000000001b470800 Uncommon trap: reason=bimorphic action=maybe_recompile pc=0x0000000003d71650 method=java.io.BufferedInputStream.read([BII)I @ 101
Event: 4.335 Thread 0x000000001b470800 Uncommon trap: reason=bimorphic action=maybe_recompile pc=0x0000000003d71650 method=java.io.BufferedInputStream.read([BII)I @ 101
Event: 4.335 Thread 0x000000001b470800 Uncommon trap: reason=bimorphic action=maybe_recompile pc=0x0000000003d71650 method=java.io.BufferedInputStream.read([BII)I @ 101
Event: 5.030 Thread 0x000000001d15a800 Uncommon trap: reason=unstable_if action=reinterpret pc=0x0000000003d5981c method=java.util.concurrent.SynchronousQueue$TransferStack.shouldSpin(Ljava/util/concurrent/SynchronousQueue$TransferStack$SNode;)Z @ 7
Event: 5.065 Thread 0x000000001b470800 Uncommon trap: reason=unstable_if action=reinterpret pc=0x0000000003e9d6ec method=java.lang.String.regionMatches(ZILjava/lang/String;II)Z @ 123
Event: 5.065 Thread 0x000000001b470800 Uncommon trap: reason=unstable_if action=reinterpret pc=0x0000000003c23ea4 method=java.lang.String.regionMatches(ZILjava/lang/String;II)Z @ 123
Event: 5.083 Thread 0x000000001b470800 Uncommon trap: reason=unstable_if action=reinterpret pc=0x0000000003c28284 method=sun.misc.URLClassPath$JarLoader.getResource(Ljava/lang/String;ZLjava/util/Set;)Lsun/misc/Resource; @ 17

Classes redefined (0 events):
No events

Internal exceptions (10 events):
Event: 5.070 Thread 0x000000001b470800 Exception <a 'java/lang/ClassNotFoundException': org/gradle/api/internal/plugins/DefaultObjectConfigurationActionBeanInfo> (0x00000000d60ce1a8) thrown at [C:\src\AOSP-openjdk-git\hotspot\src\share\vm\classfile\systemDictionary.cpp, line 210]
Event: 5.070 Thread 0x000000001b470800 Exception <a 'java/lang/ClassNotFoundException': org/gradle/api/internal/plugins/DefaultObjectConfigurationActionCustomizer> (0x00000000d64c7f90) thrown at [C:\src\AOSP-openjdk-git\hotspot\src\share\vm\classfile\systemDictionary.cpp, line 210]
Event: 5.081 Thread 0x000000001b470800 Exception <a 'java/lang/ClassNotFoundException': JetGradlePluginBeanInfo> (0x00000000d65a18b0) thrown at [C:\src\AOSP-openjdk-git\hotspot\src\share\vm\classfile\systemDictionary.cpp, line 210]
Event: 5.081 Thread 0x000000001b470800 Exception <a 'java/lang/ClassNotFoundException': JetGradlePluginCustomizer> (0x00000000d65aa468) thrown at [C:\src\AOSP-openjdk-git\hotspot\src\share\vm\classfile\systemDictionary.cpp, line 210]
Event: 5.084 Thread 0x000000001b470800 Exception <a 'java/lang/ClassNotFoundException': groovy/lang/ReferenceBeanInfo> (0x00000000d65f4338) thrown at [C:\src\AOSP-openjdk-git\hotspot\src\share\vm\classfile\systemDictionary.cpp, line 210]
Event: 5.085 Thread 0x000000001b470800 Exception <a 'java/lang/ClassNotFoundException': groovy/lang/ReferenceCustomizer> (0x00000000d661a770) thrown at [C:\src\AOSP-openjdk-git\hotspot\src\share\vm\classfile\systemDictionary.cpp, line 210]
Event: 5.089 Thread 0x000000001b470800 Exception <a 'java/lang/ClassNotFoundException': RegistryProcessorBeanInfo> (0x00000000d6658420) thrown at [C:\src\AOSP-openjdk-git\hotspot\src\share\vm\classfile\systemDictionary.cpp, line 210]
Event: 5.089 Thread 0x000000001b470800 Exception <a 'java/lang/ClassNotFoundException': RegistryProcessorCustomizer> (0x00000000d66612c0) thrown at [C:\src\AOSP-openjdk-git\hotspot\src\share\vm\classfile\systemDictionary.cpp, line 210]
Event: 5.094 Thread 0x000000001b470800 Exception <a 'java/lang/ClassNotFoundException': org/jetbrains/plugins/gradle/tooling/internal/ExtraModelBuilderBeanInfo> (0x00000000d66de008) thrown at [C:\src\AOSP-openjdk-git\hotspot\src\share\vm\classfile\systemDictionary.cpp, line 210]
Event: 5.095 Thread 0x000000001b470800 Exception <a 'java/lang/ClassNotFoundException': org/jetbrains/plugins/gradle/tooling/internal/ExtraModelBuilderCustomizer> (0x00000000d66e8d78) thrown at [C:\src\AOSP-openjdk-git\hotspot\src\share\vm\classfile\systemDictionary.cpp, line 210]

Events (10 events):
Event: 5.112 loading class java/util/Collections$EmptyEnumeration
Event: 5.112 loading class java/util/Collections$EmptyEnumeration done
Event: 5.113 loading class org/jetbrains/kotlin/gradle/KotlinGradleModelBuilder
Event: 5.113 loading class org/jetbrains/kotlin/gradle/KotlinGradleModelBuilder done
Event: 5.113 loading class org/jetbrains/kotlin/gradle/AbstractKotlinGradleModelBuilder
Event: 5.113 loading class org/jetbrains/kotlin/gradle/AbstractKotlinGradleModelBuilder done
Event: 5.115 loading class org/jetbrains/kotlin/gradle/AbstractKotlinGradleModelBuilder$Companion
Event: 5.115 loading class org/jetbrains/kotlin/gradle/AbstractKotlinGradleModelBuilder$Companion done
Event: 5.116 loading class kotlin/collections/CollectionsKt
Event: 5.116 loading class kotlin/collections/CollectionsKt done


Dynamic libraries:
0x00007ff7cece0000 - 0x00007ff7ced11000 	D:\Program Files\Android\Android Studio\jre\bin\java.exe
0x00007ffd74280000 - 0x00007ffd74470000 	C:\WINDOWS\SYSTEM32\ntdll.dll
0x00007ffd725f0000 - 0x00007ffd726a2000 	C:\WINDOWS\System32\KERNEL32.DLL
0x00007ffd71660000 - 0x00007ffd71905000 	C:\WINDOWS\System32\KERNELBASE.dll
0x00007ffd73140000 - 0x00007ffd731e3000 	C:\WINDOWS\System32\ADVAPI32.dll
0x00007ffd72550000 - 0x00007ffd725ee000 	C:\WINDOWS\System32\msvcrt.dll
0x00007ffd726d0000 - 0x00007ffd72767000 	C:\WINDOWS\System32\sechost.dll
0x00007ffd73530000 - 0x00007ffd7364f000 	C:\WINDOWS\System32\RPCRT4.dll
0x00007ffd73bd0000 - 0x00007ffd73d64000 	C:\WINDOWS\System32\USER32.dll
0x00007ffd71220000 - 0x00007ffd71241000 	C:\WINDOWS\System32\win32u.dll
0x00007ffd72770000 - 0x00007ffd72796000 	C:\WINDOWS\System32\GDI32.dll
0x00007ffd72190000 - 0x00007ffd72328000 	C:\WINDOWS\System32\gdi32full.dll
0x00007ffd712e0000 - 0x00007ffd7137e000 	C:\WINDOWS\System32\msvcp_win.dll
0x00007ffd71560000 - 0x00007ffd7165a000 	C:\WINDOWS\System32\ucrtbase.dll
0x00007ffd5d5f0000 - 0x00007ffd5d874000 	C:\WINDOWS\WinSxS\amd64_microsoft.windows.common-controls_6595b64144ccf1df_6.0.18362.1316_none_9e7a364fe461dbd7\COMCTL32.dll
0x00007ffd731f0000 - 0x00007ffd73527000 	C:\WINDOWS\System32\combase.dll
0x00007ffd71380000 - 0x00007ffd71401000 	C:\WINDOWS\System32\bcryptPrimitives.dll
0x00007ffd72520000 - 0x00007ffd7254e000 	C:\WINDOWS\System32\IMM32.DLL
0x000000006fac0000 - 0x000000006fb92000 	D:\Program Files\Android\Android Studio\jre\jre\bin\msvcr100.dll
0x0000000070600000 - 0x0000000070e4b000 	D:\Program Files\Android\Android Studio\jre\jre\bin\server\jvm.dll
0x00007ffd726c0000 - 0x00007ffd726c8000 	C:\WINDOWS\System32\PSAPI.DLL
0x00007ffd667f0000 - 0x00007ffd667fa000 	C:\WINDOWS\SYSTEM32\VERSION.dll
0x00007ffd5eae0000 - 0x00007ffd5eae9000 	C:\WINDOWS\SYSTEM32\WSOCK32.dll
0x00007ffd69000000 - 0x00007ffd69024000 	C:\WINDOWS\SYSTEM32\WINMM.dll
0x00007ffd73650000 - 0x00007ffd736bf000 	C:\WINDOWS\System32\WS2_32.dll
0x00007ffd68fd0000 - 0x00007ffd68ffd000 	C:\WINDOWS\SYSTEM32\winmmbase.dll
0x00007ffd71910000 - 0x00007ffd7195a000 	C:\WINDOWS\System32\cfgmgr32.dll
0x00007ffd6c090000 - 0x00007ffd6c09f000 	D:\Program Files\Android\Android Studio\jre\jre\bin\verify.dll
0x00007ffd586e0000 - 0x00007ffd58709000 	D:\Program Files\Android\Android Studio\jre\jre\bin\java.dll
0x00007ffd68c70000 - 0x00007ffd68c86000 	D:\Program Files\Android\Android Studio\jre\jre\bin\zip.dll
0x00007ffd72a50000 - 0x00007ffd73138000 	C:\WINDOWS\System32\SHELL32.dll
0x00007ffd723a0000 - 0x00007ffd72447000 	C:\WINDOWS\System32\shcore.dll
0x00007ffd71960000 - 0x00007ffd720db000 	C:\WINDOWS\System32\windows.storage.dll
0x00007ffd71140000 - 0x00007ffd71163000 	C:\WINDOWS\System32\profapi.dll
0x00007ffd711b0000 - 0x00007ffd711fa000 	C:\WINDOWS\System32\powrprof.dll
0x00007ffd71130000 - 0x00007ffd71140000 	C:\WINDOWS\System32\UMPDC.dll
0x00007ffd72940000 - 0x00007ffd72992000 	C:\WINDOWS\System32\shlwapi.dll
0x00007ffd71190000 - 0x00007ffd711a1000 	C:\WINDOWS\System32\kernel.appcore.dll
0x00007ffd71200000 - 0x00007ffd71217000 	C:\WINDOWS\System32\cryptsp.dll
0x00007ffd623c0000 - 0x00007ffd623da000 	D:\Program Files\Android\Android Studio\jre\jre\bin\net.dll
0x00007ffd70970000 - 0x00007ffd709d7000 	C:\WINDOWS\system32\mswsock.dll
0x00007ffd613a0000 - 0x00007ffd613b3000 	D:\Program Files\Android\Android Studio\jre\jre\bin\nio.dll
0x00007ffd548e0000 - 0x00007ffd54907000 	C:\Users\LKJ\.gradle\native\f6784746aeab05261644944871eae4fe03e0ef1612fff0a4a95f87b438bc6780\windows-amd64\native-platform.dll
0x00007ffd6a230000 - 0x00007ffd6a23d000 	D:\Program Files\Android\Android Studio\jre\jre\bin\management.dll
0x00007ffd70490000 - 0x00007ffd704c3000 	C:\WINDOWS\system32\rsaenh.dll
0x00007ffd712b0000 - 0x00007ffd712d6000 	C:\WINDOWS\System32\bcrypt.dll
0x00007ffd71010000 - 0x00007ffd71035000 	C:\WINDOWS\SYSTEM32\USERENV.dll
0x00007ffd70b40000 - 0x00007ffd70b4c000 	C:\WINDOWS\SYSTEM32\CRYPTBASE.dll
0x00007ffd70620000 - 0x00007ffd7065a000 	C:\WINDOWS\SYSTEM32\IPHLPAPI.DLL
0x00007ffd74100000 - 0x00007ffd74108000 	C:\WINDOWS\System32\NSI.dll
0x00007ffd6bd10000 - 0x00007ffd6bd26000 	C:\WINDOWS\SYSTEM32\dhcpcsvc6.DLL
0x00007ffd6bcf0000 - 0x00007ffd6bd0c000 	C:\WINDOWS\SYSTEM32\dhcpcsvc.DLL
0x00007ffd70660000 - 0x00007ffd7072b000 	C:\WINDOWS\SYSTEM32\DNSAPI.dll
0x00007ffd6be90000 - 0x00007ffd6be9b000 	C:\WINDOWS\SYSTEM32\WINNSI.DLL

VM Arguments:
jvm_args: -Xmx2048m -Dfile.encoding=UTF-8 -Duser.country=CN -Duser.language=zh -Duser.variant 
java_command: org.gradle.launcher.daemon.bootstrap.GradleDaemon 6.5
java_class_path (initial): C:\Users\LKJ\.gradle\wrapper\dists\gradle-6.5-all\2oz4ud9k3tuxjg84bbf55q0tn\gradle-6.5\lib\gradle-launcher-6.5.jar
Launcher Type: SUN_STANDARD

Environment Variables:
JAVA_HOME=C:\Program Files (x86)\Java\jdk1.6.0_25
CLASSPATH=.;C:\Program Files (x86)\Java\jdk1.6.0_25\lib\dt.jar;C:\Program Files (x86)\Java\jdk1.6.0_25\lib\tools.jar
PATH=C:\Program Files (x86)\Common Files\Oracle\Java\javapath;C:\Program Files (x86)\Intel\Intel(R) Management Engine Components\iCLS\;C:\Program Files\Intel\Intel(R) Management Engine Components\iCLS\;C:\WINDOWS\system32;C:\WINDOWS;C:\WINDOWS\System32\Wbem;C:\WINDOWS\System32\WindowsPowerShell\v1.0\;C:\WINDOWS\System32\OpenSSH\;C:\Program Files (x86)\Intel\Intel(R) Management Engine Components\DAL;C:\Program Files\Intel\Intel(R) Management Engine Components\DAL;C:\Program Files\TortoiseSVN\bin;"C:\Program Files (x86)\Java\jdk1.6.0_25\bin;";"C:\Program Files (x86)\Java\jdk1.6.0_25\jre\bin;C:\Users\LKJ\AppData\Local\Programs\Python\Python37\Scripts\;C:\Users\LKJ\AppData\Local\Programs\Python\Python37\;C:\Users\LKJ\AppData\Local\Microsoft\WindowsApps;;E:\JetBrains\PyCharm Community Edition 2019.3.1\bin;;C:\Users\LKJ\AppData\Local\Programs\Microsoft VS Code\bin
USERNAME=LKJ
OS=Windows_NT
PROCESSOR_IDENTIFIER=Intel64 Family 6 Model 142 Stepping 10, GenuineIntel



---------------  S Y S T E M  ---------------

OS: Windows 10.0 , 64 bit Build 18362 (10.0.18362.1316)

CPU:total 8 (initial active 8) (4 cores per cpu, 2 threads per core) family 6 model 142 stepping 10, cmov, cx8, fxsr, mmx, sse, sse2, sse3, ssse3, sse4.1, sse4.2, popcnt, avx, avx2, aes, clmul, erms, 3dnowpref, lzcnt, ht, tsc, tscinvbit, bmi1, bmi2, adx

Memory: 4k page, physical 8216464k(498604k free), swap 21323660k(8296k free)

vm_info: OpenJDK 64-Bit Server VM (25.242-b01) for windows-amd64 JRE (1.8.0_242-release-1644-b01), built by "builder" with MS VC++ 10.0 (VS2010)

time: Thu Jan 28 14:48:04 2021
timezone: 中国标准时间
elapsed time: 5 seconds (0d 0h 0m 5s)

