#
# There is insufficient memory for the Java Runtime Environment to continue.
# Native memory allocation (malloc) failed to allocate 1383056 bytes for Chunk::new
# Possible reasons:
#   The system is out of physical RAM or swap space
#   The process is running with CompressedOops enabled, and the Java Heap may be blocking the growth of the native heap
# Possible solutions:
#   Reduce memory load on the system
#   Increase physical memory or swap space
#   Check if swap backing store is full
#   Decrease Java heap size (-Xmx/-Xms)
#   Decrease number of Java threads
#   Decrease Java thread stack sizes (-Xss)
#   Set larger code cache with -XX:ReservedCodeCacheSize=
#   JVM is running with Unscaled Compressed Oops mode in which the Java heap is
#     placed in the first 4GB address space. The Java Heap base address is the
#     maximum limit for the native heap growth. Please use -XX:HeapBaseMinAddress
#     to set the Java Heap base and to place the Java Heap above 4GB virtual address.
# This output file may be truncated or incomplete.
#
#  Out of Memory Error (allocation.cpp:389), pid=18420, tid=0x0000000000001864
#
# JRE version: OpenJDK Runtime Environment (8.0_242-b01) (build 1.8.0_242-release-1644-b01)
# Java VM: OpenJDK 64-Bit Server VM (25.242-b01 mixed mode windows-amd64 compressed oops)
# Failed to write core dump. Minidumps are not enabled by default on client versions of Windows
#

---------------  T H R E A D  ---------------

Current thread (0x000000001971e000):  JavaThread "C2 CompilerThread1" daemon [_thread_in_native, id=6244, stack(0x0000000019f80000,0x000000001a080000)]

Stack: [0x0000000019f80000,0x000000001a080000]
[error occurred during error reporting (printing stack bounds), id 0xc0000005]

Native frames: (J=compiled Java code, j=interpreted, Vv=VM code, C=native code)


Current CompileTask:
C2:   4682 5317       4       org.jetbrains.kotlin.resolve.lazy.ForceResolveUtil::doForceResolveAllContents (206 bytes)


---------------  P R O C E S S  ---------------

Java Threads: ( => current thread )
  0x00000000197c3000 JavaThread "Service Thread" daemon [_thread_blocked, id=10172, stack(0x000000001a280000,0x000000001a380000)]
  0x0000000019728800 JavaThread "C1 CompilerThread3" daemon [_thread_blocked, id=2696, stack(0x000000001a180000,0x000000001a280000)]
  0x0000000019721800 JavaThread "C2 CompilerThread2" daemon [_thread_in_native, id=19400, stack(0x000000001a080000,0x000000001a180000)]
=>0x000000001971e000 JavaThread "C2 CompilerThread1" daemon [_thread_in_native, id=6244, stack(0x0000000019f80000,0x000000001a080000)]
  0x0000000019719800 JavaThread "C2 CompilerThread0" daemon [_thread_in_native, id=17884, stack(0x0000000019e80000,0x0000000019f80000)]
  0x00000000196c5800 JavaThread "Attach Listener" daemon [_thread_blocked, id=8276, stack(0x0000000019d80000,0x0000000019e80000)]
  0x00000000196c4800 JavaThread "Signal Dispatcher" daemon [_thread_blocked, id=11220, stack(0x0000000019c80000,0x0000000019d80000)]
  0x0000000017898000 JavaThread "Finalizer" daemon [_thread_blocked, id=2132, stack(0x0000000019b80000,0x0000000019c80000)]
  0x00000000196a0800 JavaThread "Reference Handler" daemon [_thread_blocked, id=2092, stack(0x0000000019a80000,0x0000000019b80000)]
  0x0000000002830000 JavaThread "main" [_thread_in_vm, id=12672, stack(0x0000000002720000,0x0000000002820000)]

Other Threads:
  0x000000001788a800 VMThread [stack: 0x0000000019580000,0x0000000019680000] [id=15216]
  0x00000000197c4000 WatcherThread [stack: 0x000000001a380000,0x000000001a480000] [id=18844]

VM state:not at safepoint (normal execution)

VM Mutex/Monitor currently owned by a thread: None

heap address: 0x0000000081e00000, size: 2018 MB, Compressed Oops mode: 32-bit
Narrow klass base: 0x0000000000000000, Narrow klass shift: 3
Compressed class space size: 1073741824 Address: 0x0000000100000000

Heap:
 PSYoungGen      total 148992K, used 39810K [0x00000000d5f80000, 0x00000000e0280000, 0x0000000100000000)
  eden space 133120K, 17% used [0x00000000d5f80000,0x00000000d76e4478,0x00000000de180000)
  from space 15872K, 99% used [0x00000000df300000,0x00000000e027c588,0x00000000e0280000)
  to   space 5120K, 0% used [0x00000000de180000,0x00000000de180000,0x00000000de680000)
 ParOldGen       total 68096K, used 32068K [0x0000000081e00000, 0x0000000086080000, 0x00000000d5f80000)
  object space 68096K, 47% used [0x0000000081e00000,0x0000000083d51198,0x0000000086080000)
 Metaspace       used 46977K, capacity 47852K, committed 48384K, reserved 1091584K
  class space    used 5832K, capacity 6044K, committed 6144K, reserved 1048576K

Card table byte_map: [0x0000000011ce0000,0x00000000120e0000] byte_map_base: 0x00000000118d1000

Marking Bits: (ParMarkBitMap*) 0x000000007339f030
 Begin Bits: [0x0000000012b90000, 0x0000000014b18000)
 End Bits:   [0x0000000014b18000, 0x0000000016aa0000)

Polling page: 0x00000000009f0000

CodeCache: size=245760Kb used=17758Kb max_used=17758Kb free=228001Kb
 bounds [0x0000000002920000, 0x0000000003a90000, 0x0000000011920000]
 total_blobs=5937 nmethods=5468 adapters=382
 compilation: enabled

Compilation events (10 events):
Event: 4.675 Thread 0x0000000019728800 5523       3       org.jetbrains.kotlin.load.java.structure.impl.classFiles.BinaryClassSignatureParser$parseTypeVariableRefSignature$1::<init> (16 bytes)
Event: 4.675 Thread 0x0000000019728800 nmethod 5523 0x0000000003a84590 code [0x0000000003a84700, 0x0000000003a84950]
Event: 4.675 Thread 0x0000000019728800 5526       3       org.jetbrains.kotlin.descriptors.ScopesHolderForClass::<init> (42 bytes)
Event: 4.675 Thread 0x0000000019728800 nmethod 5526 0x0000000003a84a50 code [0x0000000003a84be0, 0x0000000003a85048]
Event: 4.675 Thread 0x0000000019728800 5527       3       org.jetbrains.kotlin.descriptors.ScopesHolderForClass$scopeForOwnerModule$2::<init> (11 bytes)
Event: 4.676 Thread 0x0000000019728800 nmethod 5527 0x0000000003a85250 code [0x0000000003a853c0, 0x0000000003a855f0]
Event: 4.676 Thread 0x0000000019728800 5524       3       kotlin.text.StringsKt__StringsKt::contains$default (15 bytes)
Event: 4.676 Thread 0x0000000019728800 nmethod 5524 0x0000000003a856d0 code [0x0000000003a85840, 0x0000000003a859e8]
Event: 4.676 Thread 0x0000000019728800 5525       3       kotlin.text.StringsKt__StringsKt::contains (70 bytes)
Event: 4.676 Thread 0x0000000019728800 nmethod 5525 0x0000000003a85a90 code [0x0000000003a85c80, 0x0000000003a864a8]

GC Heap History (10 events):
Event: 1.088 GC heap before
{Heap before GC invocations=4 (full 1):
 PSYoungGen      total 71680K, used 5112K [0x00000000d5f80000, 0x00000000deb80000, 0x0000000100000000)
  eden space 66560K, 0% used [0x00000000d5f80000,0x00000000d5f80000,0x00000000da080000)
  from space 5120K, 99% used [0x00000000da080000,0x00000000da57e348,0x00000000da580000)
  to   space 5120K, 0% used [0x00000000de680000,0x00000000de680000,0x00000000deb80000)
 ParOldGen       total 87552K, used 12504K [0x0000000081e00000, 0x0000000087380000, 0x00000000d5f80000)
  object space 87552K, 14% used [0x0000000081e00000,0x0000000082a363b0,0x0000000087380000)
 Metaspace       used 20770K, capacity 21212K, committed 21248K, reserved 1069056K
  class space    used 2441K, capacity 2558K, committed 2560K, reserved 1048576K
Event: 1.116 GC heap after
Heap after GC invocations=4 (full 1):
 PSYoungGen      total 71680K, used 0K [0x00000000d5f80000, 0x00000000deb80000, 0x0000000100000000)
  eden space 66560K, 0% used [0x00000000d5f80000,0x00000000d5f80000,0x00000000da080000)
  from space 5120K, 0% used [0x00000000da080000,0x00000000da080000,0x00000000da580000)
  to   space 5120K, 0% used [0x00000000de680000,0x00000000de680000,0x00000000deb80000)
 ParOldGen       total 68096K, used 9712K [0x0000000081e00000, 0x0000000086080000, 0x00000000d5f80000)
  object space 68096K, 14% used [0x0000000081e00000,0x000000008277c290,0x0000000086080000)
 Metaspace       used 20770K, capacity 21212K, committed 21248K, reserved 1069056K
  class space    used 2441K, capacity 2558K, committed 2560K, reserved 1048576K
}
Event: 1.932 GC heap before
{Heap before GC invocations=5 (full 1):
 PSYoungGen      total 71680K, used 66560K [0x00000000d5f80000, 0x00000000deb80000, 0x0000000100000000)
  eden space 66560K, 100% used [0x00000000d5f80000,0x00000000da080000,0x00000000da080000)
  from space 5120K, 0% used [0x00000000da080000,0x00000000da080000,0x00000000da580000)
  to   space 5120K, 0% used [0x00000000de680000,0x00000000de680000,0x00000000deb80000)
 ParOldGen       total 68096K, used 9712K [0x0000000081e00000, 0x0000000086080000, 0x00000000d5f80000)
  object space 68096K, 14% used [0x0000000081e00000,0x000000008277c290,0x0000000086080000)
 Metaspace       used 29223K, capacity 29811K, committed 30080K, reserved 1075200K
  class space    used 3536K, capacity 3704K, committed 3712K, reserved 1048576K
Event: 1.944 GC heap after
Heap after GC invocations=5 (full 1):
 PSYoungGen      total 99840K, used 5089K [0x00000000d5f80000, 0x00000000deb80000, 0x0000000100000000)
  eden space 94720K, 0% used [0x00000000d5f80000,0x00000000d5f80000,0x00000000dbc00000)
  from space 5120K, 99% used [0x00000000de680000,0x00000000deb78528,0x00000000deb80000)
  to   space 5120K, 0% used [0x00000000de180000,0x00000000de180000,0x00000000de680000)
 ParOldGen       total 68096K, used 20369K [0x0000000081e00000, 0x0000000086080000, 0x00000000d5f80000)
  object space 68096K, 29% used [0x0000000081e00000,0x00000000831e4768,0x0000000086080000)
 Metaspace       used 29223K, capacity 29811K, committed 30080K, reserved 1075200K
  class space    used 3536K, capacity 3704K, committed 3712K, reserved 1048576K
}
Event: 2.275 GC heap before
{Heap before GC invocations=6 (full 1):
 PSYoungGen      total 99840K, used 33811K [0x00000000d5f80000, 0x00000000deb80000, 0x0000000100000000)
  eden space 94720K, 30% used [0x00000000d5f80000,0x00000000d7b8c8a8,0x00000000dbc00000)
  from space 5120K, 99% used [0x00000000de680000,0x00000000deb78528,0x00000000deb80000)
  to   space 5120K, 0% used [0x00000000de180000,0x00000000de180000,0x00000000de680000)
 ParOldGen       total 68096K, used 20369K [0x0000000081e00000, 0x0000000086080000, 0x00000000d5f80000)
  object space 68096K, 29% used [0x0000000081e00000,0x00000000831e4768,0x0000000086080000)
 Metaspace       used 34547K, capacity 35102K, committed 35416K, reserved 1081344K
  class space    used 4404K, capacity 4545K, committed 4608K, reserved 1048576K
Event: 2.282 GC heap after
Heap after GC invocations=6 (full 1):
 PSYoungGen      total 138240K, used 5098K [0x00000000d5f80000, 0x00000000e0280000, 0x0000000100000000)
  eden space 133120K, 0% used [0x00000000d5f80000,0x00000000d5f80000,0x00000000de180000)
  from space 5120K, 99% used [0x00000000de180000,0x00000000de67a8d0,0x00000000de680000)
  to   space 15872K, 0% used [0x00000000df300000,0x00000000df300000,0x00000000e0280000)
 ParOldGen       total 68096K, used 27277K [0x0000000081e00000, 0x0000000086080000, 0x00000000d5f80000)
  object space 68096K, 40% used [0x0000000081e00000,0x00000000838a3540,0x0000000086080000)
 Metaspace       used 34547K, capacity 35102K, committed 35416K, reserved 1081344K
  class space    used 4404K, capacity 4545K, committed 4608K, reserved 1048576K
}
Event: 2.282 GC heap before
{Heap before GC invocations=7 (full 2):
 PSYoungGen      total 138240K, used 5098K [0x00000000d5f80000, 0x00000000e0280000, 0x0000000100000000)
  eden space 133120K, 0% used [0x00000000d5f80000,0x00000000d5f80000,0x00000000de180000)
  from space 5120K, 99% used [0x00000000de180000,0x00000000de67a8d0,0x00000000de680000)
  to   space 15872K, 0% used [0x00000000df300000,0x00000000df300000,0x00000000e0280000)
 ParOldGen       total 68096K, used 27277K [0x0000000081e00000, 0x0000000086080000, 0x00000000d5f80000)
  object space 68096K, 40% used [0x0000000081e00000,0x00000000838a3540,0x0000000086080000)
 Metaspace       used 34547K, capacity 35102K, committed 35416K, reserved 1081344K
  class space    used 4404K, capacity 4545K, committed 4608K, reserved 1048576K
Event: 2.333 GC heap after
Heap after GC invocations=7 (full 2):
 PSYoungGen      total 138240K, used 0K [0x00000000d5f80000, 0x00000000e0280000, 0x0000000100000000)
  eden space 133120K, 0% used [0x00000000d5f80000,0x00000000d5f80000,0x00000000de180000)
  from space 5120K, 0% used [0x00000000de180000,0x00000000de180000,0x00000000de680000)
  to   space 15872K, 0% used [0x00000000df300000,0x00000000df300000,0x00000000e0280000)
 ParOldGen       total 68096K, used 20255K [0x0000000081e00000, 0x0000000086080000, 0x00000000d5f80000)
  object space 68096K, 29% used [0x0000000081e00000,0x00000000831c7e90,0x0000000086080000)
 Metaspace       used 34547K, capacity 35102K, committed 35416K, reserved 1081344K
  class space    used 4404K, capacity 4545K, committed 4608K, reserved 1048576K
}
Event: 4.366 GC heap before
{Heap before GC invocations=8 (full 2):
 PSYoungGen      total 138240K, used 133120K [0x00000000d5f80000, 0x00000000e0280000, 0x0000000100000000)
  eden space 133120K, 100% used [0x00000000d5f80000,0x00000000de180000,0x00000000de180000)
  from space 5120K, 0% used [0x00000000de180000,0x00000000de180000,0x00000000de680000)
  to   space 15872K, 0% used [0x00000000df300000,0x00000000df300000,0x00000000e0280000)
 ParOldGen       total 68096K, used 20255K [0x0000000081e00000, 0x0000000086080000, 0x00000000d5f80000)
  object space 68096K, 29% used [0x0000000081e00000,0x00000000831c7e90,0x0000000086080000)
 Metaspace       used 45700K, capacity 46534K, committed 46848K, reserved 1089536K
  class space    used 5668K, capacity 5869K, committed 5888K, reserved 1048576K
Event: 4.384 GC heap after
Heap after GC invocations=8 (full 2):
 PSYoungGen      total 148992K, used 15857K [0x00000000d5f80000, 0x00000000e0280000, 0x0000000100000000)
  eden space 133120K, 0% used [0x00000000d5f80000,0x00000000d5f80000,0x00000000de180000)
  from space 15872K, 99% used [0x00000000df300000,0x00000000e027c588,0x00000000e0280000)
  to   space 5120K, 0% used [0x00000000de180000,0x00000000de180000,0x00000000de680000)
 ParOldGen       total 68096K, used 32068K [0x0000000081e00000, 0x0000000086080000, 0x00000000d5f80000)
  object space 68096K, 47% used [0x0000000081e00000,0x0000000083d51198,0x0000000086080000)
 Metaspace       used 45700K, capacity 46534K, committed 46848K, reserved 1089536K
  class space    used 5668K, capacity 5869K, committed 5888K, reserved 1048576K
}

Deoptimization events (10 events):
Event: 4.601 Thread 0x0000000002830000 Uncommon trap: reason=unstable_if action=reinterpret pc=0x0000000002d0bcc8 method=kotlin.jvm.internal.Intrinsics.areEqual(Ljava/lang/Object;Ljava/lang/Object;)Z @ 5
Event: 4.616 Thread 0x0000000002830000 Uncommon trap: reason=bimorphic action=maybe_recompile pc=0x0000000003a15bf0 method=kotlin.sequences.FlatteningSequence$iterator$1.ensureItemIterator()Z @ 56
Event: 4.616 Thread 0x0000000002830000 Uncommon trap: reason=bimorphic action=maybe_recompile pc=0x0000000003a15bf0 method=kotlin.sequences.FlatteningSequence$iterator$1.ensureItemIterator()Z @ 56
Event: 4.623 Thread 0x0000000002830000 Uncommon trap: reason=bimorphic action=maybe_recompile pc=0x00000000039dfaac method=kotlin.sequences.FlatteningSequence$iterator$1.ensureItemIterator()Z @ 56
Event: 4.627 Thread 0x0000000002830000 Uncommon trap: reason=class_check action=maybe_recompile pc=0x0000000002a410e0 method=org.jetbrains.kotlin.serialization.deserialization.descriptors.DeserializedMemberScope.getContributedClassifier(Lorg/jetbrains/kotlin/name/Name;Lorg/jetbrains/kotlin/inc
Event: 4.635 Thread 0x0000000002830000 Uncommon trap: reason=class_check action=maybe_recompile pc=0x0000000002a410e0 method=org.jetbrains.kotlin.serialization.deserialization.descriptors.DeserializedMemberScope.getContributedClassifier(Lorg/jetbrains/kotlin/name/Name;Lorg/jetbrains/kotlin/inc
Event: 4.637 Thread 0x0000000002830000 Uncommon trap: reason=class_check action=maybe_recompile pc=0x0000000002a410e0 method=org.jetbrains.kotlin.serialization.deserialization.descriptors.DeserializedMemberScope.getContributedClassifier(Lorg/jetbrains/kotlin/name/Name;Lorg/jetbrains/kotlin/inc
Event: 4.642 Thread 0x0000000002830000 Uncommon trap: reason=class_check action=maybe_recompile pc=0x0000000002a410e0 method=org.jetbrains.kotlin.serialization.deserialization.descriptors.DeserializedMemberScope.getContributedClassifier(Lorg/jetbrains/kotlin/name/Name;Lorg/jetbrains/kotlin/inc
Event: 4.675 Thread 0x0000000002830000 Uncommon trap: reason=class_check action=maybe_recompile pc=0x00000000039add08 method=org.jetbrains.kotlin.load.java.structure.impl.classFiles.BinaryJavaMethodBase$Companion.create(Ljava/lang/String;ILjava/lang/String;Ljava/lang/String;Lorg/jetbrains/kotl
Event: 4.676 Thread 0x0000000002830000 Uncommon trap: reason=bimorphic action=maybe_recompile pc=0x00000000037bb750 method=kotlin.collections.CollectionsKt___CollectionsKt.toList(Ljava/lang/Iterable;)Ljava/util/List; @ 71

Classes redefined (0 events):
No events

Internal exceptions (10 events):
Event: 2.411 Thread 0x0000000002830000 Implicit null exception at 0x00000000030ee74c to 0x00000000030ee829
Event: 2.795 Thread 0x0000000002830000 Exception <a 'java/lang/NoSuchMethodError': java.lang.Object.lambda$static$0(I)[Lorg/jetbrains/kotlin/com/intellij/psi/PsiClass;> (0x00000000d76e6a00) thrown at [C:\src\AOSP-openjdk-git\hotspot\src\share\vm\interpreter\linkResolver.cpp, line 620]
Event: 2.818 Thread 0x0000000002830000 Exception <a 'java/lang/NoSuchMethodError': java.lang.Object.lambda$static$0(I)[Lorg/jetbrains/kotlin/com/intellij/psi/PsiReference;> (0x00000000d78618b0) thrown at [C:\src\AOSP-openjdk-git\hotspot\src\share\vm\interpreter\linkResolver.cpp, line 620]
Event: 2.825 Thread 0x0000000002830000 Exception <a 'java/lang/NoSuchMethodError': java.lang.Object.lambda$static$0(I)[Lorg/jetbrains/kotlin/com/intellij/psi/PsiTypeElement;> (0x00000000d78b3880) thrown at [C:\src\AOSP-openjdk-git\hotspot\src\share\vm\interpreter\linkResolver.cpp, line 620]
Event: 2.848 Thread 0x0000000002830000 Exception <a 'java/lang/NoSuchMethodError': java.lang.Object.lambda$static$0(I)[Lorg/jetbrains/kotlin/com/intellij/psi/PsiTypeParameter;> (0x00000000d79b1da0) thrown at [C:\src\AOSP-openjdk-git\hotspot\src\share\vm\interpreter\linkResolver.cpp, line 620]
Event: 2.930 Thread 0x0000000002830000 Exception <a 'java/lang/NoSuchMethodError': java.lang.Object.lambda$static$0(I)[Lorg/jetbrains/kotlin/psi/KtTypeElement;> (0x00000000d7f608d8) thrown at [C:\src\AOSP-openjdk-git\hotspot\src\share\vm\interpreter\linkResolver.cpp, line 620]
Event: 3.099 Thread 0x0000000002830000 Exception <a 'java/lang/NoSuchMethodError': java.lang.Object.lambda$static$0(I)[Lorg/jetbrains/kotlin/psi/KtDeclaration;> (0x00000000d8a21e98) thrown at [C:\src\AOSP-openjdk-git\hotspot\src\share\vm\interpreter\linkResolver.cpp, line 620]
Event: 3.390 Thread 0x0000000002830000 Implicit null exception at 0x0000000003556fd4 to 0x00000000035572c9
Event: 3.390 Thread 0x0000000002830000 Implicit null exception at 0x00000000034df46f to 0x00000000034df4ad
Event: 4.275 Thread 0x0000000002830000 Implicit null exception at 0x000000000398e373 to 0x000000000398e8e5

Events (10 events):
Event: 4.678 loading class org/jetbrains/kotlin/load/java/lazy/descriptors/LazyJavaClassMemberScope$nestedClasses$1$enumMemberNames$1
Event: 4.678 loading class org/jetbrains/kotlin/load/java/lazy/descriptors/LazyJavaClassMemberScope$nestedClasses$1$enumMemberNames$1 done
Event: 4.678 loading class org/jetbrains/kotlin/descriptors/impl/EnumEntrySyntheticClassDescriptor
Event: 4.678 loading class org/jetbrains/kotlin/descriptors/impl/EnumEntrySyntheticClassDescriptor done
Event: 4.679 loading class org/jetbrains/kotlin/descriptors/impl/EnumEntrySyntheticClassDescriptor$EnumEntryScope
Event: 4.679 loading class org/jetbrains/kotlin/descriptors/impl/EnumEntrySyntheticClassDescriptor$EnumEntryScope done
Event: 4.680 loading class org/jetbrains/kotlin/descriptors/impl/EnumEntrySyntheticClassDescriptor$EnumEntryScope$4
Event: 4.680 loading class org/jetbrains/kotlin/descriptors/impl/EnumEntrySyntheticClassDescriptor$EnumEntryScope$4 done
Event: 4.680 loading class org/jetbrains/kotlin/descriptors/impl/EnumEntrySyntheticClassDescriptor$EnumEntryScope$1
Event: 4.680 loading class org/jetbrains/kotlin/descriptors/impl/EnumEntrySyntheticClassDescriptor$EnumEntryScope$1 done


Dynamic libraries:
0x00007ff77c700000 - 0x00007ff77c731000 	C:\Program Files\Android\Android Studio\jre\jre\bin\java.exe
0x00007ffc5a820000 - 0x00007ffc5aa0d000 	C:\windows\SYSTEM32\ntdll.dll
0x00007ffc58510000 - 0x00007ffc585c3000 	C:\windows\System32\KERNEL32.DLL
0x00007ffc56ac0000 - 0x00007ffc56d53000 	C:\windows\System32\KERNELBASE.dll
0x00007ffc57d40000 - 0x00007ffc57de3000 	C:\windows\System32\ADVAPI32.dll
0x00007ffc5a750000 - 0x00007ffc5a7ee000 	C:\windows\System32\msvcrt.dll
0x00007ffc590c0000 - 0x00007ffc5915e000 	C:\windows\System32\sechost.dll
0x00007ffc58b60000 - 0x00007ffc58c82000 	C:\windows\System32\RPCRT4.dll
0x00007ffc58d80000 - 0x00007ffc58f17000 	C:\windows\System32\USER32.dll
0x00007ffc56910000 - 0x00007ffc56930000 	C:\windows\System32\win32u.dll
0x00007ffc58ac0000 - 0x00007ffc58ae9000 	C:\windows\System32\GDI32.dll
0x00007ffc56d60000 - 0x00007ffc56ef9000 	C:\windows\System32\gdi32full.dll
0x00007ffc56930000 - 0x00007ffc569d0000 	C:\windows\System32\msvcp_win.dll
0x00007ffc57940000 - 0x00007ffc57a3a000 	C:\windows\System32\ucrtbase.dll
0x00007ffc44cd0000 - 0x00007ffc44f49000 	C:\windows\WinSxS\amd64_microsoft.windows.common-controls_6595b64144ccf1df_6.0.17763.1098_none_de762ed45346ee8a\COMCTL32.dll
0x00007ffc581e0000 - 0x00007ffc5850c000 	C:\windows\System32\combase.dll
0x00007ffc569d0000 - 0x00007ffc56a4e000 	C:\windows\System32\bcryptPrimitives.dll
0x00007ffc57fa0000 - 0x00007ffc57fce000 	C:\windows\System32\IMM32.DLL
0x00000000729d0000 - 0x0000000072aa2000 	C:\Program Files\Android\Android Studio\jre\jre\bin\msvcr100.dll
0x0000000072bd0000 - 0x000000007341b000 	C:\Program Files\Android\Android Studio\jre\jre\bin\server\jvm.dll
0x00007ffc58cf0000 - 0x00007ffc58cf8000 	C:\windows\System32\PSAPI.DLL
0x00007ffc332e0000 - 0x00007ffc332e9000 	C:\windows\SYSTEM32\WSOCK32.dll
0x00007ffc474b0000 - 0x00007ffc474d4000 	C:\windows\SYSTEM32\WINMM.dll
0x00007ffc4f200000 - 0x00007ffc4f20a000 	C:\windows\SYSTEM32\VERSION.dll
0x00007ffc585d0000 - 0x00007ffc5863d000 	C:\windows\System32\WS2_32.dll
0x00007ffc47480000 - 0x00007ffc474ad000 	C:\windows\SYSTEM32\winmmbase.dll
0x00007ffc56a50000 - 0x00007ffc56a9a000 	C:\windows\System32\cfgmgr32.dll
0x00007ffc44220000 - 0x00007ffc4422f000 	C:\Program Files\Android\Android Studio\jre\jre\bin\verify.dll
0x00007ffc43fe0000 - 0x00007ffc44009000 	C:\Program Files\Android\Android Studio\jre\jre\bin\java.dll
0x00007ffc44070000 - 0x00007ffc44086000 	C:\Program Files\Android\Android Studio\jre\jre\bin\zip.dll
0x00007ffc59160000 - 0x00007ffc5a654000 	C:\windows\System32\SHELL32.dll
0x00007ffc58130000 - 0x00007ffc581d8000 	C:\windows\System32\shcore.dll
0x00007ffc56f00000 - 0x00007ffc5764d000 	C:\windows\System32\windows.storage.dll
0x00007ffc56810000 - 0x00007ffc56834000 	C:\windows\System32\profapi.dll
0x00007ffc56880000 - 0x00007ffc568dd000 	C:\windows\System32\powrprof.dll
0x00007ffc57bb0000 - 0x00007ffc57c02000 	C:\windows\System32\shlwapi.dll
0x00007ffc56840000 - 0x00007ffc56851000 	C:\windows\System32\kernel.appcore.dll
0x00007ffc56aa0000 - 0x00007ffc56ab7000 	C:\windows\System32\cryptsp.dll
0x00007ffc3da00000 - 0x00007ffc3da1a000 	C:\Program Files\Android\Android Studio\jre\jre\bin\net.dll
0x00007ffc56080000 - 0x00007ffc560e7000 	C:\windows\system32\mswsock.dll
0x00007ffc3c400000 - 0x00007ffc3c413000 	C:\Program Files\Android\Android Studio\jre\jre\bin\nio.dll

VM Arguments:
java_command: org.jetbrains.kotlin.cli.jvm.K2JVMCompiler -Xallow-no-source-files -classpath D:\05AndroidStudio\LiKaiJie\app\build\intermediates\compile_and_runtime_not_namespaced_r_class_jar\debug\R.jar;C:\Users\Kernel_Develop_Hou\.gradle\caches\transforms-2\files-2.1\15e88dff1756185dc99c52e94e0f0c06\databinding-adapters-4.1.1-api.jar;C:\Users\Kernel_Develop_Hou\.gradle\caches\transforms-2\files-2.1\4e6f517d2057b744cb2c0c31d289e944\databinding-runtime-4.1.1-api.jar;C:\Users\Kernel_Develop_Hou\.gradle\caches\modules-2\files-2.1\androidx.databinding\databinding-common\4.1.1\135fcbb4e3cb4f16b93a16c800776a48d2ce840\databinding-common-4.1.1.jar;C:\Users\Kernel_Develop_Hou\.gradle\caches\transforms-2\files-2.1\13d093fdfbac5c89c4d060dfb7391d2c\jetified-viewbinding-4.1.1-api.jar;C:\Users\Kernel_Develop_Hou\.gradle\caches\transforms-2\files-2.1\24f8910a57b2aaf8c854cacb63735164\navigation-ui-ktx-2.3.2-api.jar;C:\Users\Kernel_Develop_Hou\.gradle\caches\transforms-2\files-2.1\f5983f8acb18c69ac831d7525607a533\navigation-ui-2.3.2-api.jar;C:\Users\Kernel_Develop_Hou\.gradle\caches\transforms-2\files-2.1\54c7babb4cb24dd40293d97013b2745d\material-1.2.1-api.jar;C:\Users\Kernel_Develop_Hou\.gradle\caches\transforms-2\files-2.1\a4fcdf51951daf56d8f49608c753f6c4\navigation-fragment-ktx-2.3.2-api.jar;C:\Users\Kernel_Develop_Hou\.gradle\caches\transforms-2\files-2.1\05ccc95c3f30cac33be37c5371c487c1\jetified-fragment-ktx-1.3.0-beta01-api.jar;C:\Users\Kernel_Develop_Hou\.gradle\caches\transforms-2\files-2.1\6840b415f235ad5328ad9ffc5ce4a467\navigation-runtime-ktx-2.3.2-api.jar;C:\Users\Kernel_Develop_Hou\.gradle\caches\transforms-2\files-2.1\7ee71384e94171ad462d1f977eeb2c66\jetified-activity-ktx-1.2.0-beta01-api.jar;C:\Users\Kernel_Develop_Hou\.gradle\caches\transforms-2\files-2.1\8384a63bd5320a0548e73b04cec8ce71\jetified-core-ktx-1.3.2-api.jar;C:\Users\Kernel_Develop_Hou\.gradle\caches\transforms-2\files-2.1\704217fa5a7e2e220f6bf1a6592173e5\constraintlayout-2.0.4-api.jar;C:\Users\Kernel_De
java_class_path (initial): C:\Users\Kernel_Develop_Hou\.gradle\caches\modules-2\files-2.1\org.jetbrains.kotlin\kotlin-compiler-embeddable\1.3.72\fb72232c8fa977d5e07d33c43381ddbdc5edab6\kotlin-compiler-embeddable-1.3.72.jar;C:\Users\Kernel_Develop_Hou\.gradle\caches\modules-2\files-2.1\org.jetbrains.kotlin\kotlin-reflect\1.3.72\86613e1a669a701b0c660bfd2af4f82a7ae11fca\kotlin-reflect-1.3.72.jar;C:\Users\Kernel_Develop_Hou\.gradle\caches\modules-2\files-2.1\org.jetbrains.kotlin\kotlin-stdlib\1.3.72\8032138f12c0180bc4e51fe139d4c52b46db6109\kotlin-stdlib-1.3.72.jar;C:\Users\Kernel_Develop_Hou\.gradle\caches\modules-2\files-2.1\org.jetbrains.kotlin\kotlin-script-runtime\1.3.72\657d8d34d91e1964b4439378c09933e840bfe8d5\kotlin-script-runtime-1.3.72.jar;C:\Users\Kernel_Develop_Hou\.gradle\caches\modules-2\files-2.1\org.jetbrains.kotlin\kotlin-daemon-embeddable\1.3.72\53bbaa2816dbf6bdb85f629451b1fcc88f2164d2\kotlin-daemon-embeddable-1.3.72.jar;C:\Users\Kernel_Develop_Hou\.gradle\caches\modules-2\files-2.1\org.jetbrains.intellij.deps\trove4j\1.0.20181211\216c2e14b070f334479d800987affe4054cd563f\trove4j-1.0.20181211.jar;C:\Users\Kernel_Develop_Hou\.gradle\caches\modules-2\files-2.1\org.jetbrains.kotlin\kotlin-stdlib-common\1.3.72\6ca8bee3d88957eaaaef077c41c908c9940492d8\kotlin-stdlib-common-1.3.72.jar;C:\Users\Kernel_Develop_Hou\.gradle\caches\modules-2\files-2.1\org.jetbrains\annotations\13.0\919f0dfe192fb4e063e7dacadee7f8bb9a2672a9\annotations-13.0.jar;C:\Program Files\Android\Android Studio\jre\lib\tools.jar
Launcher Type: SUN_STANDARD

Environment Variables:
PATH=C:\windows\system32;C:\windows;C:\windows\System32\Wbem;C:\windows\System32\WindowsPowerShell\v1.0\;C:\windows\System32\OpenSSH\;C:\Program Files (x86)\NVIDIA Corporation\PhysX\Common;C:\Program Files (x86)\Intel\Intel(R) Management Engine Components\DAL;C:\Program Files\Intel\Intel(R) Management Engine Components\DAL;C:\Users\Kernel_Develop_Hou\AppData\Local\Microsoft\WindowsApps;;F:\Microsoft VS Code\bin
USERNAME=Kernel_Develop_Hou
OS=Windows_NT
PROCESSOR_IDENTIFIER=Intel64 Family 6 Model 142 Stepping 11, GenuineIntel



---------------  S Y S T E M  ---------------

OS: Windows 10.0 , 64 bit Build 17763 (10.0.17763.475)

CPU:total 8 (initial active 8) (4 cores per cpu, 2 threads per core) family 6 model 142 stepping 11, cmov, cx8, fxsr, mmx, sse, sse2, sse3, ssse3, sse4.1, sse4.2, popcnt, avx, avx2, aes, clmul, erms, 3dnowpref, lzcnt, ht, tsc, tscinvbit, bmi1, bmi2, adx

Memory: 4k page, physical 8258368k(920104k free), swap 18744124k(5288k free)

vm_info: OpenJDK 64-Bit Server VM (25.242-b01) for windows-amd64 JRE (1.8.0_242-release-1644-b01), built by "builder" with MS VC++ 10.0 (VS2010)

time: Fri Feb 19 11:07:42 2021
timezone: 中国标准时间
elapsed time: 4 seconds (0d 0h 0m 4s)

