#
# There is insufficient memory for the Java Runtime Environment to continue.
# Native memory allocation (malloc) failed to allocate 900496 bytes for Chunk::new
# Possible reasons:
#   The system is out of physical RAM or swap space
#   The process is running with CompressedOops enabled, and the Java Heap may be blocking the growth of the native heap
# Possible solutions:
#   Reduce memory load on the system
#   Increase physical memory or swap space
#   Check if swap backing store is full
#   Decrease Java heap size (-Xmx/-Xms)
#   Decrease number of Java threads
#   Decrease Java thread stack sizes (-Xss)
#   Set larger code cache with -XX:ReservedCodeCacheSize=
#   JVM is running with Unscaled Compressed Oops mode in which the Java heap is
#     placed in the first 4GB address space. The Java Heap base address is the
#     maximum limit for the native heap growth. Please use -XX:HeapBaseMinAddress
#     to set the Java Heap base and to place the Java Heap above 4GB virtual address.
# This output file may be truncated or incomplete.
#
#  Out of Memory Error (allocation.cpp:389), pid=15576, tid=0x0000000000000e9c
#
# JRE version: OpenJDK Runtime Environment (8.0_242-b01) (build 1.8.0_242-release-1644-b01)
# Java VM: OpenJDK 64-Bit Server VM (25.242-b01 mixed mode windows-amd64 compressed oops)
# Failed to write core dump. Minidumps are not enabled by default on client versions of Windows
#

---------------  T H R E A D  ---------------

Current thread (0x000000001695b800):  JavaThread "C2 CompilerThread0" daemon [_thread_in_native, id=3740, stack(0x0000000017120000,0x0000000017220000)]

Stack: [0x0000000017120000,0x0000000017220000]
[error occurred during error reporting (printing stack bounds), id 0xc0000005]

Native frames: (J=compiled Java code, j=interpreted, Vv=VM code, C=native code)


Current CompileTask:
C2: 797655 13322       4       java.io.ObjectOutputStream::writeClassDesc (60 bytes)


---------------  P R O C E S S  ---------------

Java Threads: ( => current thread )
  0x000000001c2ee000 JavaThread "RMI TCP Connection(1)-127.0.0.1" daemon [_thread_in_native, id=7620, stack(0x000000003f9c0000,0x000000003fac0000)]
  0x000000001c2ec800 JavaThread "RMI Reaper" [_thread_blocked, id=8512, stack(0x000000003f8c0000,0x000000003f9c0000)]
  0x000000001c2ec000 JavaThread "RMI TCP Accept-0" daemon [_thread_in_native, id=13564, stack(0x000000003f7c0000,0x000000003f8c0000)]
  0x000000001c2e4800 JavaThread "GC Daemon" daemon [_thread_blocked, id=10612, stack(0x000000003f6c0000,0x000000003f7c0000)]
  0x000000001c2e9800 JavaThread "RMI RenewClean-[127.0.0.1:17901,org.jetbrains.kotlin.daemon.common.LoopbackNetworkInterface$ClientLoopbackSocketFactory@5d1ae1e4]" daemon [_thread_blocked, id=1048, stack(0x000000003f5c0000,0x000000003f6c0000)]
  0x000000001c2eb000 JavaThread "RMI Scheduler(0)" daemon [_thread_blocked, id=13168, stack(0x000000003f4c0000,0x000000003f5c0000)]
  0x000000001c2e9000 JavaThread "Cache worker for execution history cache (D:\05AndroidStudio\LiKaiJie\.gradle\6.5\executionHistory)" [_thread_blocked, id=10368, stack(0x000000003f2c0000,0x000000003f3c0000)]
  0x000000001c2e6000 JavaThread "Execution worker for ':' Thread 7" [_thread_blocked, id=11188, stack(0x000000003f1c0000,0x000000003f2c0000)]
  0x000000001c2e8000 JavaThread "Execution worker for ':' Thread 6" [_thread_blocked, id=16180, stack(0x000000003f0c0000,0x000000003f1c0000)]
  0x000000001c2e3800 JavaThread "Execution worker for ':' Thread 5" [_thread_blocked, id=9716, stack(0x000000003efc0000,0x000000003f0c0000)]
  0x000000001c2e0000 JavaThread "Execution worker for ':' Thread 4" [_thread_blocked, id=6408, stack(0x000000003eec0000,0x000000003efc0000)]
  0x000000001c2e3000 JavaThread "Execution worker for ':' Thread 3" [_thread_blocked, id=3416, stack(0x000000003edc0000,0x000000003eec0000)]
  0x000000001c2e2000 JavaThread "Execution worker for ':' Thread 2" [_thread_blocked, id=16064, stack(0x000000003ecc0000,0x000000003edc0000)]
  0x000000001c2e1800 JavaThread "Execution worker for ':'" [_thread_blocked, id=17388, stack(0x000000003ebc0000,0x000000003ecc0000)]
  0x000000001c2e0800 JavaThread "Cache worker for file content cache (D:\05AndroidStudio\LiKaiJie\.gradle\6.5\fileContent)" [_thread_blocked, id=8596, stack(0x000000003eac0000,0x000000003ebc0000)]
  0x000000001c2e6800 JavaThread "Cache worker for Build Output Cleanup Cache (D:\05AndroidStudio\LiKaiJie\.gradle\buildOutputCleanup)" [_thread_blocked, id=7472, stack(0x000000003e9c0000,0x000000003eac0000)]
  0x00000000197b4000 JavaThread "Build operations Thread 8" [_thread_blocked, id=7896, stack(0x000000003e8c0000,0x000000003e9c0000)]
  0x00000000197b3000 JavaThread "Build operations Thread 7" [_thread_blocked, id=9888, stack(0x000000003e7c0000,0x000000003e8c0000)]
  0x00000000197b2800 JavaThread "Build operations Thread 6" [_thread_blocked, id=9956, stack(0x000000003e6c0000,0x000000003e7c0000)]
  0x00000000197b6000 JavaThread "Build operations Thread 5" [_thread_blocked, id=13028, stack(0x000000003e5c0000,0x000000003e6c0000)]
  0x00000000197b4800 JavaThread "Build operations Thread 4" [_thread_blocked, id=6620, stack(0x000000003e4c0000,0x000000003e5c0000)]
  0x00000000197b1800 JavaThread "Build operations Thread 3" [_thread_blocked, id=7092, stack(0x000000003e3c0000,0x000000003e4c0000)]
  0x00000000197b5800 JavaThread "Build operations Thread 2" [_thread_blocked, id=10052, stack(0x000000003e2c0000,0x000000003e3c0000)]
  0x00000000197a9800 JavaThread "Build operations" [_thread_blocked, id=14660, stack(0x000000003e1c0000,0x000000003e2c0000)]
  0x00000000197b0000 JavaThread "Cache worker for cache directory md-rule (C:\Users\Kernel_Develop_Hou\.gradle\caches\6.5\md-rule)" [_thread_blocked, id=11352, stack(0x000000003e0c0000,0x000000003e1c0000)]
  0x00000000197af800 JavaThread "Cache worker for cache directory md-supplier (C:\Users\Kernel_Develop_Hou\.gradle\caches\6.5\md-supplier)" [_thread_blocked, id=14340, stack(0x000000003dfc0000,0x000000003e0c0000)]
  0x00000000197a8800 JavaThread "Cache worker for checksums cache (D:\05AndroidStudio\LiKaiJie\.gradle\checksums)" [_thread_blocked, id=14640, stack(0x000000003dec0000,0x000000003dfc0000)]
  0x00000000197a8000 JavaThread "Cache worker for file hash cache (D:\05AndroidStudio\LiKaiJie\.gradle\6.5\fileHashes)" [_thread_blocked, id=14504, stack(0x000000003ddc0000,0x000000003dec0000)]
  0x00000000197ae800 JavaThread "Thread-440" [_thread_blocked, id=5744, stack(0x000000003dcc0000,0x000000003ddc0000)]
  0x00000000197a7000 JavaThread "Stdin handler" [_thread_blocked, id=12024, stack(0x000000003dbc0000,0x000000003dcc0000)]
  0x00000000197ad000 JavaThread "Asynchronous log dispatcher for DefaultDaemonConnection: socket connection from /127.0.0.1:56651 to /127.0.0.1:58056" [_thread_blocked, id=10880, stack(0x000000003dac0000,0x000000003dbc0000)]
  0x00000000197ab000 JavaThread "Cancel handler" [_thread_blocked, id=5024, stack(0x000000003d9c0000,0x000000003dac0000)]
  0x00000000197ab800 JavaThread "Handler for socket connection from /127.0.0.1:56651 to /127.0.0.1:58056" [_thread_in_native, id=8516, stack(0x000000003d8c0000,0x000000003d9c0000)]
  0x00000000197ae000 JavaThread "jar transforms Thread 339" [_thread_blocked, id=8032, stack(0x000000003c9c0000,0x000000003cac0000)]
  0x00000000197ac800 JavaThread "jar transforms Thread 338" [_thread_blocked, id=13148, stack(0x000000003c8c0000,0x000000003c9c0000)]
  0x000000001eacc800 JavaThread "jar transforms Thread 337" [_thread_blocked, id=6564, stack(0x000000003c7c0000,0x000000003c8c0000)]
  0x000000001ead3000 JavaThread "jar transforms Thread 336" [_thread_blocked, id=11060, stack(0x000000003c6c0000,0x000000003c7c0000)]
  0x000000001eacb800 JavaThread "jar transforms Thread 335" [_thread_blocked, id=16504, stack(0x000000003c5c0000,0x000000003c6c0000)]
  0x000000001ead0000 JavaThread "jar transforms Thread 334" [_thread_blocked, id=12372, stack(0x000000003c4c0000,0x000000003c5c0000)]
  0x000000001eacf800 JavaThread "jar transforms Thread 333" [_thread_blocked, id=14280, stack(0x000000003c3c0000,0x000000003c4c0000)]
  0x000000001ead2800 JavaThread "jar transforms Thread 332" [_thread_blocked, id=13600, stack(0x000000003c2c0000,0x000000003c3c0000)]
  0x000000001eace800 JavaThread "jar transforms Thread 331" [_thread_blocked, id=14480, stack(0x000000003c1c0000,0x000000003c2c0000)]
  0x000000001eace000 JavaThread "jar transforms Thread 330" [_thread_blocked, id=9444, stack(0x000000003c0c0000,0x000000003c1c0000)]
  0x000000001ead1800 JavaThread "jar transforms Thread 329" [_thread_blocked, id=4604, stack(0x000000003bfc0000,0x000000003c0c0000)]
  0x000000001ead1000 JavaThread "jar transforms Thread 328" [_thread_blocked, id=9092, stack(0x000000003bec0000,0x000000003bfc0000)]
  0x000000001eacd000 JavaThread "jar transforms Thread 327" [_thread_blocked, id=1624, stack(0x000000003bdc0000,0x000000003bec0000)]
  0x000000001eac6000 JavaThread "jar transforms Thread 326" [_thread_blocked, id=7976, stack(0x000000003bcc0000,0x000000003bdc0000)]
  0x000000001eac5800 JavaThread "jar transforms Thread 325" [_thread_blocked, id=16680, stack(0x000000003bbc0000,0x000000003bcc0000)]
  0x000000001eac4000 JavaThread "jar transforms Thread 324" [_thread_blocked, id=13820, stack(0x000000003bac0000,0x000000003bbc0000)]
  0x000000001eacb000 JavaThread "jar transforms Thread 323" [_thread_blocked, id=12172, stack(0x000000003b9c0000,0x000000003bac0000)]
  0x000000001eaca000 JavaThread "jar transforms Thread 322" [_thread_blocked, id=8676, stack(0x000000003b8c0000,0x000000003b9c0000)]
  0x000000001eac7800 JavaThread "jar transforms Thread 321" [_thread_blocked, id=2928, stack(0x000000003b7c0000,0x000000003b8c0000)]
  0x000000001eac9000 JavaThread "jar transforms Thread 320" [_thread_blocked, id=12188, stack(0x000000003b6c0000,0x000000003b7c0000)]
  0x000000001eac4800 JavaThread "jar transforms Thread 319" [_thread_blocked, id=12752, stack(0x000000003b5c0000,0x000000003b6c0000)]
  0x000000001eac7000 JavaThread "jar transforms Thread 318" [_thread_blocked, id=364, stack(0x000000003b4c0000,0x000000003b5c0000)]
  0x000000001eac8800 JavaThread "jar transforms Thread 317" [_thread_blocked, id=10536, stack(0x000000003b3c0000,0x000000003b4c0000)]
  0x000000001c382000 JavaThread "jar transforms Thread 316" [_thread_blocked, id=10264, stack(0x000000003b2c0000,0x000000003b3c0000)]
  0x000000001c386800 JavaThread "jar transforms Thread 315" [_thread_blocked, id=7224, stack(0x000000003b1c0000,0x000000003b2c0000)]
  0x000000001c37f000 JavaThread "jar transforms Thread 314" [_thread_blocked, id=11372, stack(0x000000003b0c0000,0x000000003b1c0000)]
  0x000000001c386000 JavaThread "jar transforms Thread 313" [_thread_blocked, id=10012, stack(0x000000003afc0000,0x000000003b0c0000)]
  0x000000001c385000 JavaThread "jar transforms Thread 312" [_thread_blocked, id=7504, stack(0x000000003aec0000,0x000000003afc0000)]
  0x000000001c380800 JavaThread "jar transforms Thread 311" [_thread_blocked, id=4416, stack(0x000000003adc0000,0x000000003aec0000)]
  0x000000001c380000 JavaThread "jar transforms Thread 310" [_thread_blocked, id=11224, stack(0x000000003acc0000,0x000000003adc0000)]
  0x000000001c383000 JavaThread "jar transforms Thread 309" [_thread_blocked, id=5440, stack(0x000000003abc0000,0x000000003acc0000)]
  0x000000001c384800 JavaThread "jar transforms Thread 308" [_thread_blocked, id=7308, stack(0x000000003aac0000,0x000000003abc0000)]
  0x000000001c383800 JavaThread "jar transforms Thread 307" [_thread_blocked, id=332, stack(0x000000003a9c0000,0x000000003aac0000)]
  0x000000001c381800 JavaThread "jar transforms Thread 306" [_thread_blocked, id=9948, stack(0x000000003a8c0000,0x000000003a9c0000)]
  0x000000001c37a000 JavaThread "jar transforms Thread 305" [_thread_blocked, id=13132, stack(0x000000003a7c0000,0x000000003a8c0000)]
  0x000000001c377800 JavaThread "jar transforms Thread 304" [_thread_blocked, id=9072, stack(0x000000003a6c0000,0x000000003a7c0000)]
  0x000000001c37e800 JavaThread "jar transforms Thread 303" [_thread_blocked, id=12748, stack(0x000000003a5c0000,0x000000003a6c0000)]
  0x000000001c37d000 JavaThread "jar transforms Thread 302" [_thread_blocked, id=3272, stack(0x000000003a4c0000,0x000000003a5c0000)]
  0x000000001c37b800 JavaThread "jar transforms Thread 301" [_thread_blocked, id=3788, stack(0x000000003a3c0000,0x000000003a4c0000)]
  0x000000001c379000 JavaThread "jar transforms Thread 300" [_thread_blocked, id=16296, stack(0x000000003a2c0000,0x000000003a3c0000)]
  0x000000001c37a800 JavaThread "jar transforms Thread 299" [_thread_blocked, id=2744, stack(0x000000003a1c0000,0x000000003a2c0000)]
  0x000000001c378800 JavaThread "jar transforms Thread 298" [_thread_blocked, id=17208, stack(0x000000003a0c0000,0x000000003a1c0000)]
  0x000000001c37c000 JavaThread "jar transforms Thread 297" [_thread_blocked, id=14892, stack(0x0000000039fc0000,0x000000003a0c0000)]
  0x000000001c37d800 JavaThread "jar transforms Thread 296" [_thread_blocked, id=7868, stack(0x0000000039ec0000,0x0000000039fc0000)]
  0x00000000195ab800 JavaThread "jar transforms Thread 295" [_thread_blocked, id=15220, stack(0x0000000039dc0000,0x0000000039ec0000)]
  0x00000000195aa000 JavaThread "jar transforms Thread 294" [_thread_blocked, id=14508, stack(0x0000000039cc0000,0x0000000039dc0000)]
  0x00000000195a7000 JavaThread "jar transforms Thread 293" [_thread_blocked, id=828, stack(0x0000000039bc0000,0x0000000039cc0000)]
  0x00000000195a8000 JavaThread "jar transforms Thread 292" [_thread_blocked, id=7500, stack(0x0000000039ac0000,0x0000000039bc0000)]
  0x00000000195a5800 JavaThread "jar transforms Thread 291" [_thread_blocked, id=5760, stack(0x00000000399c0000,0x0000000039ac0000)]
  0x000000001c4a0000 JavaThread "jar transforms Thread 290" [_thread_blocked, id=7256, stack(0x00000000398c0000,0x00000000399c0000)]
  0x000000001c49c000 JavaThread "jar transforms Thread 289" [_thread_blocked, id=8504, stack(0x00000000397c0000,0x00000000398c0000)]
  0x000000001c495800 JavaThread "jar transforms Thread 288" [_thread_blocked, id=12668, stack(0x00000000396c0000,0x00000000397c0000)]
  0x000000001c494800 JavaThread "jar transforms Thread 287" [_thread_blocked, id=15996, stack(0x00000000395c0000,0x00000000396c0000)]
  0x000000001c49b800 JavaThread "jar transforms Thread 286" [_thread_blocked, id=10044, stack(0x00000000394c0000,0x00000000395c0000)]
  0x000000001c49a800 JavaThread "jar transforms Thread 285" [_thread_blocked, id=2764, stack(0x00000000393c0000,0x00000000394c0000)]
  0x000000001c493000 JavaThread "jar transforms Thread 284" [_thread_blocked, id=15204, stack(0x00000000392c0000,0x00000000393c0000)]
  0x000000001c49a000 JavaThread "jar transforms Thread 283" [_thread_blocked, id=15208, stack(0x00000000391c0000,0x00000000392c0000)]
  0x000000001c498800 JavaThread "jar transforms Thread 282" [_thread_blocked, id=17348, stack(0x00000000390c0000,0x00000000391c0000)]
  0x000000001c497800 JavaThread "jar transforms Thread 281" [_thread_blocked, id=1292, stack(0x0000000038fc0000,0x00000000390c0000)]
  0x000000001c496000 JavaThread "jar transforms Thread 280" [_thread_blocked, id=17076, stack(0x0000000038ec0000,0x0000000038fc0000)]
  0x000000001c395000 JavaThread "jar transforms Thread 279" [_thread_blocked, id=2728, stack(0x0000000038dc0000,0x0000000038ec0000)]
  0x000000001c393800 JavaThread "jar transforms Thread 278" [_thread_blocked, id=7388, stack(0x0000000038cc0000,0x0000000038dc0000)]
  0x000000001c394800 JavaThread "jar transforms Thread 277" [_thread_blocked, id=10000, stack(0x0000000038bc0000,0x0000000038cc0000)]
  0x000000001c390000 JavaThread "jar transforms Thread 276" [_thread_blocked, id=15516, stack(0x0000000038ac0000,0x0000000038bc0000)]
  0x000000001c393000 JavaThread "jar transforms Thread 275" [_thread_blocked, id=7616, stack(0x00000000389c0000,0x0000000038ac0000)]
  0x000000001c396800 JavaThread "jar transforms Thread 274" [_thread_blocked, id=6828, stack(0x00000000388c0000,0x00000000389c0000)]
  0x000000001c392000 JavaThread "jar transforms Thread 273" [_thread_blocked, id=9424, stack(0x00000000387c0000,0x00000000388c0000)]
  0x000000001c391800 JavaThread "jar transforms Thread 272" [_thread_blocked, id=4340, stack(0x00000000386c0000,0x00000000387c0000)]
  0x000000001c396000 JavaThread "jar transforms Thread 271" [_thread_blocked, id=16968, stack(0x00000000385c0000,0x00000000386c0000)]
  0x000000001c388800 JavaThread "jar transforms Thread 270" [_thread_blocked, id=3652, stack(0x00000000384c0000,0x00000000385c0000)]
  0x000000001c38b800 JavaThread "jar transforms Thread 269" [_thread_blocked, id=2380, stack(0x00000000383c0000,0x00000000384c0000)]
  0x000000001c38e800 JavaThread "jar transforms Thread 268" [_thread_blocked, id=10108, stack(0x00000000382c0000,0x00000000383c0000)]
  0x000000001c38a800 JavaThread "jar transforms Thread 267" [_thread_blocked, id=9928, stack(0x00000000381c0000,0x00000000382c0000)]
  0x000000001c38d000 JavaThread "jar transforms Thread 266" [_thread_blocked, id=15076, stack(0x00000000380c0000,0x00000000381c0000)]
  0x000000001c38c000 JavaThread "jar transforms Thread 265" [_thread_blocked, id=15528, stack(0x0000000037fc0000,0x00000000380c0000)]
  0x000000001c38f000 JavaThread "jar transforms Thread 264" [_thread_blocked, id=14952, stack(0x0000000037ec0000,0x0000000037fc0000)]
  0x000000001c387800 JavaThread "jar transforms Thread 263" [_thread_blocked, id=14712, stack(0x0000000037dc0000,0x0000000037ec0000)]
  0x00000000178a0800 JavaThread "jar transforms Thread 262" [_thread_blocked, id=7104, stack(0x0000000037cc0000,0x0000000037dc0000)]
  0x00000000178a6000 JavaThread "jar transforms Thread 261" [_thread_blocked, id=5832, stack(0x0000000037bc0000,0x0000000037cc0000)]
  0x00000000178a5000 JavaThread "jar transforms Thread 260" [_thread_blocked, id=6660, stack(0x0000000037ac0000,0x0000000037bc0000)]
  0x00000000178a4800 JavaThread "jar transforms Thread 259" [_thread_blocked, id=17212, stack(0x00000000379c0000,0x0000000037ac0000)]
  0x00000000178a0000 JavaThread "jar transforms Thread 258" [_thread_blocked, id=11112, stack(0x00000000378c0000,0x00000000379c0000)]
  0x00000000178a3800 JavaThread "jar transforms Thread 257" [_thread_blocked, id=5332, stack(0x00000000377c0000,0x00000000378c0000)]
  0x00000000178a3000 JavaThread "jar transforms Thread 256" [_thread_blocked, id=8768, stack(0x00000000376c0000,0x00000000377c0000)]
  0x00000000178a6800 JavaThread "jar transforms Thread 255" [_thread_blocked, id=17156, stack(0x00000000375c0000,0x00000000376c0000)]
  0x00000000178a2000 JavaThread "jar transforms Thread 254" [_thread_blocked, id=4536, stack(0x00000000374c0000,0x00000000375c0000)]
  0x00000000178a1800 JavaThread "jar transforms Thread 253" [_thread_blocked, id=5556, stack(0x00000000373c0000,0x00000000374c0000)]
  0x0000000017898800 JavaThread "jar transforms Thread 252" [_thread_blocked, id=12988, stack(0x00000000372c0000,0x00000000373c0000)]
  0x000000001789a800 JavaThread "jar transforms Thread 251" [_thread_blocked, id=13008, stack(0x00000000371c0000,0x00000000372c0000)]
  0x000000001789f000 JavaThread "jar transforms Thread 250" [_thread_blocked, id=11636, stack(0x00000000370c0000,0x00000000371c0000)]
  0x000000001789d800 JavaThread "jar transforms Thread 249" [_thread_blocked, id=7132, stack(0x0000000036fc0000,0x00000000370c0000)]
  0x0000000017899000 JavaThread "jar transforms Thread 248" [_thread_blocked, id=8048, stack(0x0000000036ec0000,0x0000000036fc0000)]
  0x000000001789c000 JavaThread "jar transforms Thread 247" [_thread_blocked, id=9376, stack(0x0000000036dc0000,0x0000000036ec0000)]
  0x0000000017897800 JavaThread "jar transforms Thread 246" [_thread_blocked, id=5088, stack(0x0000000036cc0000,0x0000000036dc0000)]
  0x000000001cdbd000 JavaThread "jar transforms Thread 245" [_thread_blocked, id=16536, stack(0x0000000036bc0000,0x0000000036cc0000)]
  0x000000001cdba000 JavaThread "jar transforms Thread 244" [_thread_blocked, id=340, stack(0x0000000036ac0000,0x0000000036bc0000)]
  0x000000001cdbb800 JavaThread "jar transforms Thread 243" [_thread_blocked, id=7248, stack(0x00000000369c0000,0x0000000036ac0000)]
  0x000000001cdb9000 JavaThread "jar transforms Thread 242" [_thread_blocked, id=15856, stack(0x00000000368c0000,0x00000000369c0000)]
  0x000000001cdbc000 JavaThread "jar transforms Thread 241" [_thread_blocked, id=5828, stack(0x00000000367c0000,0x00000000368c0000)]
  0x000000001cdb1800 JavaThread "jar transforms Thread 240" [_thread_blocked, id=9524, stack(0x00000000366c0000,0x00000000367c0000)]
  0x000000001cdb7800 JavaThread "jar transforms Thread 239" [_thread_blocked, id=12116, stack(0x00000000365c0000,0x00000000366c0000)]
  0x000000001cdb7000 JavaThread "jar transforms Thread 238" [_thread_blocked, id=464, stack(0x00000000364c0000,0x00000000365c0000)]
  0x000000001cdb8800 JavaThread "jar transforms Thread 237" [_thread_blocked, id=12676, stack(0x00000000363c0000,0x00000000364c0000)]
  0x000000001cdaf800 JavaThread "jar transforms Thread 236" [_thread_blocked, id=8020, stack(0x00000000362c0000,0x00000000363c0000)]
  0x000000001cdb6000 JavaThread "jar transforms Thread 235" [_thread_blocked, id=9060, stack(0x00000000361c0000,0x00000000362c0000)]
  0x000000001cdae800 JavaThread "jar transforms Thread 234" [_thread_blocked, id=16556, stack(0x00000000360c0000,0x00000000361c0000)]
  0x000000001cdb4000 JavaThread "jar transforms Thread 233" [_thread_blocked, id=9456, stack(0x0000000035fc0000,0x00000000360c0000)]
  0x000000001cdb4800 JavaThread "jar transforms Thread 232" [_thread_blocked, id=7668, stack(0x0000000035ec0000,0x0000000035fc0000)]
  0x000000001cdb3000 JavaThread "jar transforms Thread 231" [_thread_blocked, id=4568, stack(0x0000000035dc0000,0x0000000035ec0000)]
  0x000000001cdb1000 JavaThread "jar transforms Thread 230" [_thread_blocked, id=11908, stack(0x0000000035cc0000,0x0000000035dc0000)]
  0x000000001cdb5800 JavaThread "jar transforms Thread 229" [_thread_blocked, id=6424, stack(0x0000000035bc0000,0x0000000035cc0000)]
  0x000000001cdb0000 JavaThread "jar transforms Thread 228" [_thread_blocked, id=13196, stack(0x0000000035ac0000,0x0000000035bc0000)]
  0x000000001c2ea800 JavaThread "jar transforms Thread 227" [_thread_blocked, id=7364, stack(0x00000000359c0000,0x0000000035ac0000)]
  0x000000001c2df000 JavaThread "Daemon worker Thread 3" [_thread_in_native, id=16744, stack(0x00000000349c0000,0x0000000034ac0000)]
  0x000000001c2e5000 JavaThread "Daemon Thread 3" [_thread_blocked, id=15112, stack(0x00000000346c0000,0x00000000347c0000)]
  0x000000001cdbd800 JavaThread "Memory manager" [_thread_blocked, id=3576, stack(0x0000000028d80000,0x0000000028e80000)]
  0x00000000195a9800 JavaThread "Cache worker for file content cache (C:\Users\Kernel_Develop_Hou\.gradle\caches\6.5\fileContent)" [_thread_blocked, id=12552, stack(0x000000001f7d0000,0x000000001f8d0000)]
  0x00000000195ac800 JavaThread "Cache worker for execution history cache (C:\Users\Kernel_Develop_Hou\.gradle\caches\6.5\executionHistory)" [_thread_blocked, id=10488, stack(0x000000001efd0000,0x000000001f0d0000)]
  0x00000000195a8800 JavaThread "Cache worker for file hash cache (C:\Users\Kernel_Develop_Hou\.gradle\caches\6.5\fileHashes)" [_thread_blocked, id=15392, stack(0x000000001b470000,0x000000001b570000)]
  0x00000000195ab000 JavaThread "File lock request listener" [_thread_in_native, id=12088, stack(0x000000001b370000,0x000000001b470000)]
  0x000000001960a800 JavaThread "Cache worker for journal cache (C:\Users\Kernel_Develop_Hou\.gradle\caches\journal-1)" [_thread_blocked, id=10104, stack(0x000000001b270000,0x000000001b370000)]
  0x00000000191c3000 JavaThread "Daemon periodic checks" [_thread_blocked, id=1720, stack(0x000000001a570000,0x000000001a670000)]
  0x00000000191ab800 JavaThread "Incoming local TCP Connector on port 56651" [_thread_in_native, id=8540, stack(0x000000001a3c0000,0x000000001a4c0000)]
  0x0000000019142800 JavaThread "Daemon health stats" [_thread_blocked, id=8828, stack(0x000000001a0c0000,0x000000001a1c0000)]
  0x0000000016a39800 JavaThread "Service Thread" daemon [_thread_blocked, id=15236, stack(0x0000000017520000,0x0000000017620000)]
  0x00000000169be800 JavaThread "C1 CompilerThread3" daemon [_thread_blocked, id=16348, stack(0x0000000017420000,0x0000000017520000)]
  0x0000000016961800 JavaThread "C2 CompilerThread2" daemon [_thread_blocked, id=8424, stack(0x0000000017320000,0x0000000017420000)]
  0x0000000016960000 JavaThread "C2 CompilerThread1" daemon [_thread_blocked, id=516, stack(0x0000000017220000,0x0000000017320000)]
=>0x000000001695b800 JavaThread "C2 CompilerThread0" daemon [_thread_in_native, id=3740, stack(0x0000000017120000,0x0000000017220000)]
  0x000000001695a800 JavaThread "Attach Listener" daemon [_thread_blocked, id=10324, stack(0x0000000017020000,0x0000000017120000)]
  0x00000000169b8000 JavaThread "Signal Dispatcher" daemon [_thread_blocked, id=4160, stack(0x0000000016f20000,0x0000000017020000)]
  0x0000000016941800 JavaThread "Finalizer" daemon [_thread_blocked, id=5704, stack(0x0000000016e20000,0x0000000016f20000)]
  0x0000000016940800 JavaThread "Reference Handler" daemon [_thread_blocked, id=10436, stack(0x0000000016d20000,0x0000000016e20000)]
  0x00000000031ce000 JavaThread "main" [_thread_blocked, id=15944, stack(0x0000000003060000,0x0000000003160000)]

Other Threads:
  0x0000000014b38000 VMThread [stack: 0x0000000016820000,0x0000000016920000] [id=15296]
  0x0000000016a42000 WatcherThread [stack: 0x0000000017620000,0x0000000017720000] [id=7652]

VM state:not at safepoint (normal execution)

VM Mutex/Monitor currently owned by a thread: None

heap address: 0x00000000e0000000, size: 512 MB, Compressed Oops mode: 32-bit
Narrow klass base: 0x0000000000000000, Narrow klass shift: 3
Compressed class space size: 1073741824 Address: 0x0000000100000000

Heap:
 PSYoungGen      total 137216K, used 80442K [0x00000000f5580000, 0x0000000100000000, 0x0000000100000000)
  eden space 100864K, 57% used [0x00000000f5580000,0x00000000f8daeb58,0x00000000fb800000)
  from space 36352K, 63% used [0x00000000fdc80000,0x00000000ff2e0030,0x0000000100000000)
  to   space 36864K, 0% used [0x00000000fb800000,0x00000000fb800000,0x00000000fdc00000)
 ParOldGen       total 115712K, used 57616K [0x00000000e0000000, 0x00000000e7100000, 0x00000000f5580000)
  object space 115712K, 49% used [0x00000000e0000000,0x00000000e3844218,0x00000000e7100000)
 Metaspace       used 79753K, capacity 84058K, committed 84312K, reserved 1122304K
  class space    used 10534K, capacity 11292K, committed 11392K, reserved 1048576K

Card table byte_map: [0x0000000012690000,0x00000000127a0000] byte_map_base: 0x0000000011f90000

Marking Bits: (ParMarkBitMap*) 0x000000005fc1f030
 Begin Bits: [0x0000000013050000, 0x0000000013850000)
 End Bits:   [0x0000000013850000, 0x0000000014050000)

Polling page: 0x0000000001030000

CodeCache: size=245760Kb used=35809Kb max_used=36048Kb free=209950Kb
 bounds [0x00000000032d0000, 0x0000000005640000, 0x00000000122d0000]
 total_blobs=11975 nmethods=11142 adapters=745
 compilation: enabled

Compilation events (10 events):
Event: 797.524 Thread 0x0000000016960000 nmethod 13321 0x0000000004f7fa10 code [0x0000000004f7fb60, 0x0000000004f7fc38]
Event: 797.528 Thread 0x00000000169be800 13324       1       java.io.ObjectStreamClass::access$400 (5 bytes)
Event: 797.529 Thread 0x00000000169be800 nmethod 13324 0x0000000004f7f690 code [0x0000000004f7f7e0, 0x0000000004f7f8d0]
Event: 797.529 Thread 0x00000000169be800 13325       3       java.io.ObjectStreamClass::getPackageName (47 bytes)
Event: 797.530 Thread 0x00000000169be800 nmethod 13325 0x00000000050bd610 code [0x00000000050bd7e0, 0x00000000050be008]
Event: 797.537 Thread 0x0000000016960000 13326       4       java.lang.reflect.Proxy::isProxyClass (25 bytes)
Event: 797.538 Thread 0x0000000016960000 nmethod 13326 0x00000000050bd2d0 code [0x00000000050bd420, 0x00000000050bd4c8]
Event: 797.557 Thread 0x0000000016961800 nmethod 13323 0x0000000004f4da10 code [0x0000000004f4dbc0, 0x0000000004f4e788]
Event: 797.572 Thread 0x00000000169be800 13327       3       java.io.ObjectStreamClass::computeFieldOffsets (307 bytes)
Event: 797.573 Thread 0x00000000169be800 nmethod 13327 0x00000000050da090 code [0x00000000050da2a0, 0x00000000050dace8]

GC Heap History (10 events):
Event: 544.247 GC heap before
{Heap before GC invocations=21 (full 3):
 PSYoungGen      total 141824K, used 125196K [0x00000000f5580000, 0x0000000100000000, 0x0000000100000000)
  eden space 109056K, 100% used [0x00000000f5580000,0x00000000fc000000,0x00000000fc000000)
  from space 32768K, 49% used [0x00000000fc000000,0x00000000fcfc32f0,0x00000000fe000000)
  to   space 31744K, 0% used [0x00000000fe100000,0x00000000fe100000,0x0000000100000000)
 ParOldGen       total 115712K, used 57576K [0x00000000e0000000, 0x00000000e7100000, 0x00000000f5580000)
  object space 115712K, 49% used [0x00000000e0000000,0x00000000e383a218,0x00000000e7100000)
 Metaspace       used 76548K, capacity 80326K, committed 80472K, reserved 1118208K
  class space    used 10143K, capacity 10834K, committed 10880K, reserved 1048576K
Event: 544.264 GC heap after
Heap after GC invocations=21 (full 3):
 PSYoungGen      total 141824K, used 20032K [0x00000000f5580000, 0x0000000100000000, 0x0000000100000000)
  eden space 110080K, 0% used [0x00000000f5580000,0x00000000f5580000,0x00000000fc100000)
  from space 31744K, 63% used [0x00000000fe100000,0x00000000ff490000,0x0000000100000000)
  to   space 32256K, 0% used [0x00000000fc100000,0x00000000fc100000,0x00000000fe080000)
 ParOldGen       total 115712K, used 57584K [0x00000000e0000000, 0x00000000e7100000, 0x00000000f5580000)
  object space 115712K, 49% used [0x00000000e0000000,0x00000000e383c218,0x00000000e7100000)
 Metaspace       used 76548K, capacity 80326K, committed 80472K, reserved 1118208K
  class space    used 10143K, capacity 10834K, committed 10880K, reserved 1048576K
}
Event: 545.241 GC heap before
{Heap before GC invocations=22 (full 3):
 PSYoungGen      total 141824K, used 130112K [0x00000000f5580000, 0x0000000100000000, 0x0000000100000000)
  eden space 110080K, 100% used [0x00000000f5580000,0x00000000fc100000,0x00000000fc100000)
  from space 31744K, 63% used [0x00000000fe100000,0x00000000ff490000,0x0000000100000000)
  to   space 32256K, 0% used [0x00000000fc100000,0x00000000fc100000,0x00000000fe080000)
 ParOldGen       total 115712K, used 57584K [0x00000000e0000000, 0x00000000e7100000, 0x00000000f5580000)
  object space 115712K, 49% used [0x00000000e0000000,0x00000000e383c218,0x00000000e7100000)
 Metaspace       used 76614K, capacity 80418K, committed 80472K, reserved 1118208K
  class space    used 10145K, capacity 10838K, committed 10880K, reserved 1048576K
Event: 545.264 GC heap after
Heap after GC invocations=22 (full 3):
 PSYoungGen      total 136192K, used 25920K [0x00000000f5580000, 0x0000000100000000, 0x0000000100000000)
  eden space 110080K, 0% used [0x00000000f5580000,0x00000000f5580000,0x00000000fc100000)
  from space 26112K, 99% used [0x00000000fc100000,0x00000000fda50000,0x00000000fda80000)
  to   space 34816K, 0% used [0x00000000fde00000,0x00000000fde00000,0x0000000100000000)
 ParOldGen       total 115712K, used 57592K [0x00000000e0000000, 0x00000000e7100000, 0x00000000f5580000)
  object space 115712K, 49% used [0x00000000e0000000,0x00000000e383e218,0x00000000e7100000)
 Metaspace       used 76614K, capacity 80418K, committed 80472K, reserved 1118208K
  class space    used 10145K, capacity 10838K, committed 10880K, reserved 1048576K
}
Event: 781.980 GC heap before
{Heap before GC invocations=23 (full 3):
 PSYoungGen      total 136192K, used 136000K [0x00000000f5580000, 0x0000000100000000, 0x0000000100000000)
  eden space 110080K, 100% used [0x00000000f5580000,0x00000000fc100000,0x00000000fc100000)
  from space 26112K, 99% used [0x00000000fc100000,0x00000000fda50000,0x00000000fda80000)
  to   space 34816K, 0% used [0x00000000fde00000,0x00000000fde00000,0x0000000100000000)
 ParOldGen       total 115712K, used 57592K [0x00000000e0000000, 0x00000000e7100000, 0x00000000f5580000)
  object space 115712K, 49% used [0x00000000e0000000,0x00000000e383e218,0x00000000e7100000)
 Metaspace       used 77091K, capacity 80986K, committed 81240K, reserved 1120256K
  class space    used 10157K, capacity 10856K, committed 10880K, reserved 1048576K
Event: 782.006 GC heap after
Heap after GC invocations=23 (full 3):
 PSYoungGen      total 139776K, used 20880K [0x00000000f5580000, 0x0000000100000000, 0x0000000100000000)
  eden space 104960K, 0% used [0x00000000f5580000,0x00000000f5580000,0x00000000fbc00000)
  from space 34816K, 59% used [0x00000000fde00000,0x00000000ff264010,0x0000000100000000)
  to   space 34816K, 0% used [0x00000000fbc00000,0x00000000fbc00000,0x00000000fde00000)
 ParOldGen       total 115712K, used 57600K [0x00000000e0000000, 0x00000000e7100000, 0x00000000f5580000)
  object space 115712K, 49% used [0x00000000e0000000,0x00000000e3840218,0x00000000e7100000)
 Metaspace       used 77091K, capacity 80986K, committed 81240K, reserved 1120256K
  class space    used 10157K, capacity 10856K, committed 10880K, reserved 1048576K
}
Event: 784.192 GC heap before
{Heap before GC invocations=24 (full 3):
 PSYoungGen      total 139776K, used 125840K [0x00000000f5580000, 0x0000000100000000, 0x0000000100000000)
  eden space 104960K, 100% used [0x00000000f5580000,0x00000000fbc00000,0x00000000fbc00000)
  from space 34816K, 59% used [0x00000000fde00000,0x00000000ff264010,0x0000000100000000)
  to   space 34816K, 0% used [0x00000000fbc00000,0x00000000fbc00000,0x00000000fde00000)
 ParOldGen       total 115712K, used 57600K [0x00000000e0000000, 0x00000000e7100000, 0x00000000f5580000)
  object space 115712K, 49% used [0x00000000e0000000,0x00000000e3840218,0x00000000e7100000)
 Metaspace       used 78162K, capacity 82078K, committed 82264K, reserved 1120256K
  class space    used 10334K, capacity 11010K, committed 11136K, reserved 1048576K
Event: 784.209 GC heap after
Heap after GC invocations=24 (full 3):
 PSYoungGen      total 131072K, used 25628K [0x00000000f5580000, 0x0000000100000000, 0x0000000100000000)
  eden space 104960K, 0% used [0x00000000f5580000,0x00000000f5580000,0x00000000fbc00000)
  from space 26112K, 98% used [0x00000000fbc00000,0x00000000fd507070,0x00000000fd580000)
  to   space 36352K, 0% used [0x00000000fdc80000,0x00000000fdc80000,0x0000000100000000)
 ParOldGen       total 115712K, used 57608K [0x00000000e0000000, 0x00000000e7100000, 0x00000000f5580000)
  object space 115712K, 49% used [0x00000000e0000000,0x00000000e3842218,0x00000000e7100000)
 Metaspace       used 78162K, capacity 82078K, committed 82264K, reserved 1120256K
  class space    used 10334K, capacity 11010K, committed 11136K, reserved 1048576K
}
Event: 794.961 GC heap before
{Heap before GC invocations=25 (full 3):
 PSYoungGen      total 131072K, used 130587K [0x00000000f5580000, 0x0000000100000000, 0x0000000100000000)
  eden space 104960K, 99% used [0x00000000f5580000,0x00000000fbbffeb0,0x00000000fbc00000)
  from space 26112K, 98% used [0x00000000fbc00000,0x00000000fd507070,0x00000000fd580000)
  to   space 36352K, 0% used [0x00000000fdc80000,0x00000000fdc80000,0x0000000100000000)
 ParOldGen       total 115712K, used 57608K [0x00000000e0000000, 0x00000000e7100000, 0x00000000f5580000)
  object space 115712K, 49% used [0x00000000e0000000,0x00000000e3842218,0x00000000e7100000)
 Metaspace       used 78839K, capacity 83004K, committed 83032K, reserved 1122304K
  class space    used 10401K, capacity 11125K, committed 11136K, reserved 1048576K
Event: 794.982 GC heap after
Heap after GC invocations=25 (full 3):
 PSYoungGen      total 137216K, used 22912K [0x00000000f5580000, 0x0000000100000000, 0x0000000100000000)
  eden space 100864K, 0% used [0x00000000f5580000,0x00000000f5580000,0x00000000fb800000)
  from space 36352K, 63% used [0x00000000fdc80000,0x00000000ff2e0030,0x0000000100000000)
  to   space 36864K, 0% used [0x00000000fb800000,0x00000000fb800000,0x00000000fdc00000)
 ParOldGen       total 115712K, used 57616K [0x00000000e0000000, 0x00000000e7100000, 0x00000000f5580000)
  object space 115712K, 49% used [0x00000000e0000000,0x00000000e3844218,0x00000000e7100000)
 Metaspace       used 78839K, capacity 83004K, committed 83032K, reserved 1122304K
  class space    used 10401K, capacity 11125K, committed 11136K, reserved 1048576K
}

Deoptimization events (10 events):
Event: 797.461 Thread 0x000000001c2df000 Uncommon trap: reason=class_check action=maybe_recompile pc=0x0000000004b1eaec method=java.util.Collections$UnmodifiableList.get(I)Ljava/lang/Object; @ 5
Event: 797.461 Thread 0x000000001c2df000 Uncommon trap: reason=class_check action=maybe_recompile pc=0x0000000004b1eaec method=java.util.Collections$UnmodifiableList.get(I)Ljava/lang/Object; @ 5
Event: 797.461 Thread 0x000000001c2df000 Uncommon trap: reason=class_check action=maybe_recompile pc=0x0000000004b1eaec method=java.util.Collections$UnmodifiableList.get(I)Ljava/lang/Object; @ 5
Event: 797.462 Thread 0x000000001c2df000 Uncommon trap: reason=class_check action=maybe_recompile pc=0x0000000004b1eaec method=java.util.Collections$UnmodifiableList.get(I)Ljava/lang/Object; @ 5
Event: 797.485 Thread 0x000000001c2df000 Uncommon trap: reason=array_check action=maybe_recompile pc=0x00000000055a3b74 method=java.util.TimSort.binarySort([Ljava/lang/Object;IIILjava/util/Comparator;)V @ 215
Event: 797.486 Thread 0x000000001c2df000 Uncommon trap: reason=array_check action=maybe_recompile pc=0x00000000055a3b74 method=java.util.TimSort.binarySort([Ljava/lang/Object;IIILjava/util/Comparator;)V @ 215
Event: 797.486 Thread 0x000000001c2df000 Uncommon trap: reason=array_check action=maybe_recompile pc=0x00000000055a3b74 method=java.util.TimSort.binarySort([Ljava/lang/Object;IIILjava/util/Comparator;)V @ 215
Event: 797.514 Thread 0x000000001c2df000 Uncommon trap: reason=unstable_if action=reinterpret pc=0x00000000055e3290 method=java.io.BufferedOutputStream.write([BII)V @ 35
Event: 797.566 Thread 0x000000001c2ee000 Uncommon trap: reason=class_check action=maybe_recompile pc=0x00000000042b4a88 method=java.lang.ThreadLocal.set(Ljava/lang/Object;)V @ 26
Event: 797.566 Thread 0x000000001c2ee000 Uncommon trap: reason=unstable_if action=reinterpret pc=0x0000000004c89bb4 method=java.io.BufferedInputStream.fill()V @ 9

Classes redefined (0 events):
No events

Internal exceptions (10 events):
Event: 797.432 Thread 0x000000001c2df000 Exception <a 'java/lang/NoSuchMethodError': <clinit>> (0x00000000f8875460) thrown at [C:\src\AOSP-openjdk-git\hotspot\src\share\vm\prims\jni.cpp, line 1615]
Event: 797.444 Thread 0x000000001c2df000 Exception <a 'java/lang/NoSuchMethodError': <clinit>> (0x00000000f88841f8) thrown at [C:\src\AOSP-openjdk-git\hotspot\src\share\vm\prims\jni.cpp, line 1615]
Event: 797.449 Thread 0x000000001c2df000 Exception <a 'java/lang/NoSuchMethodError': <clinit>> (0x00000000f88b6050) thrown at [C:\src\AOSP-openjdk-git\hotspot\src\share\vm\prims\jni.cpp, line 1615]
Event: 797.463 Thread 0x000000001c2e9800 Exception <a 'java/lang/InterruptedException'> (0x00000000f893bb90) thrown at [C:\src\AOSP-openjdk-git\hotspot\src\share\vm\runtime\objectMonitor.cpp, line 1680]
Event: 797.483 Thread 0x000000001c2df000 Exception <a 'java/lang/NoSuchMethodError': <clinit>> (0x00000000f88f9e70) thrown at [C:\src\AOSP-openjdk-git\hotspot\src\share\vm\prims\jni.cpp, line 1615]
Event: 797.485 Thread 0x000000001c2df000 Exception <a 'java/lang/NoSuchMethodError': <clinit>> (0x00000000f890c220) thrown at [C:\src\AOSP-openjdk-git\hotspot\src\share\vm\prims\jni.cpp, line 1615]
Event: 797.486 Thread 0x000000001c2df000 Exception <a 'java/lang/NoSuchMethodError': <clinit>> (0x00000000f891f708) thrown at [C:\src\AOSP-openjdk-git\hotspot\src\share\vm\prims\jni.cpp, line 1615]
Event: 797.493 Thread 0x000000001c2df000 Exception <a 'java/lang/NoSuchMethodError': <clinit>> (0x00000000f894feb8) thrown at [C:\src\AOSP-openjdk-git\hotspot\src\share\vm\prims\jni.cpp, line 1615]
Event: 797.514 Thread 0x000000001c2df000 Exception <a 'java/lang/NoSuchMethodError': <clinit>> (0x00000000f8a5e448) thrown at [C:\src\AOSP-openjdk-git\hotspot\src\share\vm\prims\jni.cpp, line 1615]
Event: 797.519 Thread 0x000000001c2df000 Exception <a 'java/lang/NoSuchMethodError': <clinit>> (0x00000000f8b28248) thrown at [C:\src\AOSP-openjdk-git\hotspot\src\share\vm\prims\jni.cpp, line 1615]

Events (10 events):
Event: 797.570 loading class sun/rmi/server/UnicastServerRef$1
Event: 797.570 loading class sun/rmi/server/UnicastServerRef$1 done
Event: 797.570 Executing VM operation: RevokeBias
Event: 797.571 Executing VM operation: RevokeBias done
Event: 797.572 loading class sun/rmi/transport/DGCImpl$LeaseInfo
Event: 797.572 loading class sun/rmi/transport/DGCImpl$LeaseInfo done
Event: 797.572 loading class sun/rmi/transport/DGCImpl$1
Event: 797.572 loading class sun/rmi/transport/DGCImpl$1 done
Event: 797.572 loading class sun/rmi/transport/SequenceEntry
Event: 797.572 loading class sun/rmi/transport/SequenceEntry done


Dynamic libraries:
0x00007ff702360000 - 0x00007ff702391000 	C:\Program Files\Android\Android Studio\jre\bin\java.exe
0x00007ffd9b870000 - 0x00007ffd9ba5d000 	C:\windows\SYSTEM32\ntdll.dll
0x00007ffd99800000 - 0x00007ffd998b3000 	C:\windows\System32\KERNEL32.DLL
0x00007ffd97bf0000 - 0x00007ffd97e83000 	C:\windows\System32\KERNELBASE.dll
0x00007ffd998c0000 - 0x00007ffd99963000 	C:\windows\System32\ADVAPI32.dll
0x00007ffd99f90000 - 0x00007ffd9a02e000 	C:\windows\System32\msvcrt.dll
0x00007ffd99130000 - 0x00007ffd991ce000 	C:\windows\System32\sechost.dll
0x00007ffd991d0000 - 0x00007ffd992f2000 	C:\windows\System32\RPCRT4.dll
0x00007ffd98f30000 - 0x00007ffd990c7000 	C:\windows\System32\USER32.dll
0x00007ffd97e90000 - 0x00007ffd97eb0000 	C:\windows\System32\win32u.dll
0x00007ffd99f00000 - 0x00007ffd99f29000 	C:\windows\System32\GDI32.dll
0x00007ffd97a30000 - 0x00007ffd97bc9000 	C:\windows\System32\gdi32full.dll
0x00007ffd97990000 - 0x00007ffd97a30000 	C:\windows\System32\msvcp_win.dll
0x00007ffd97ee0000 - 0x00007ffd97fda000 	C:\windows\System32\ucrtbase.dll
0x00007ffd7a460000 - 0x00007ffd7a6d9000 	C:\windows\WinSxS\amd64_microsoft.windows.common-controls_6595b64144ccf1df_6.0.17763.1098_none_de762ed45346ee8a\COMCTL32.dll
0x00007ffd98c00000 - 0x00007ffd98f2c000 	C:\windows\System32\combase.dll
0x00007ffd981c0000 - 0x00007ffd9823e000 	C:\windows\System32\bcryptPrimitives.dll
0x00007ffd9b810000 - 0x00007ffd9b83e000 	C:\windows\System32\IMM32.DLL
0x000000005ebf0000 - 0x000000005ecc2000 	C:\Program Files\Android\Android Studio\jre\jre\bin\msvcr100.dll
0x000000005f450000 - 0x000000005fc9b000 	C:\Program Files\Android\Android Studio\jre\jre\bin\server\jvm.dll
0x00007ffd99370000 - 0x00007ffd99378000 	C:\windows\System32\PSAPI.DLL
0x00007ffd932a0000 - 0x00007ffd932a9000 	C:\windows\SYSTEM32\WSOCK32.dll
0x00007ffd958f0000 - 0x00007ffd95914000 	C:\windows\SYSTEM32\WINMM.dll
0x00007ffd91320000 - 0x00007ffd9132a000 	C:\windows\SYSTEM32\VERSION.dll
0x00007ffd95890000 - 0x00007ffd958bd000 	C:\windows\SYSTEM32\winmmbase.dll
0x00007ffd99af0000 - 0x00007ffd99b5d000 	C:\windows\System32\WS2_32.dll
0x00007ffd98240000 - 0x00007ffd9828a000 	C:\windows\System32\cfgmgr32.dll
0x00007ffd93230000 - 0x00007ffd9323f000 	C:\Program Files\Android\Android Studio\jre\jre\bin\verify.dll
0x00007ffd93200000 - 0x00007ffd93229000 	C:\Program Files\Android\Android Studio\jre\jre\bin\java.dll
0x00007ffd931e0000 - 0x00007ffd931f6000 	C:\Program Files\Android\Android Studio\jre\jre\bin\zip.dll
0x00007ffd9a310000 - 0x00007ffd9b804000 	C:\windows\System32\SHELL32.dll
0x00007ffd99b60000 - 0x00007ffd99c08000 	C:\windows\System32\shcore.dll
0x00007ffd98290000 - 0x00007ffd989dd000 	C:\windows\System32\windows.storage.dll
0x00007ffd97860000 - 0x00007ffd97884000 	C:\windows\System32\profapi.dll
0x00007ffd978d0000 - 0x00007ffd9792d000 	C:\windows\System32\powrprof.dll
0x00007ffd990d0000 - 0x00007ffd99122000 	C:\windows\System32\shlwapi.dll
0x00007ffd97890000 - 0x00007ffd978a1000 	C:\windows\System32\kernel.appcore.dll
0x00007ffd97bd0000 - 0x00007ffd97be7000 	C:\windows\System32\cryptsp.dll
0x00007ffd915d0000 - 0x00007ffd915ea000 	C:\Program Files\Android\Android Studio\jre\jre\bin\net.dll
0x00007ffd970d0000 - 0x00007ffd97137000 	C:\windows\system32\mswsock.dll
0x00007ffd90f00000 - 0x00007ffd90f13000 	C:\Program Files\Android\Android Studio\jre\jre\bin\nio.dll
0x00007ffd90b30000 - 0x00007ffd90b57000 	C:\Users\Kernel_Develop_Hou\.gradle\native\f6784746aeab05261644944871eae4fe03e0ef1612fff0a4a95f87b438bc6780\windows-amd64\native-platform.dll
0x00007ffd90ef0000 - 0x00007ffd90efd000 	C:\Program Files\Android\Android Studio\jre\jre\bin\management.dll
0x00007ffd96c50000 - 0x00007ffd96c83000 	C:\windows\system32\rsaenh.dll
0x00007ffd97eb0000 - 0x00007ffd97ed6000 	C:\windows\System32\bcrypt.dll
0x00007ffd97790000 - 0x00007ffd977b8000 	C:\windows\SYSTEM32\USERENV.dll
0x00007ffd972a0000 - 0x00007ffd972ac000 	C:\windows\SYSTEM32\CRYPTBASE.dll
0x00007ffd96df0000 - 0x00007ffd96e2d000 	C:\windows\SYSTEM32\IPHLPAPI.DLL
0x00007ffd99300000 - 0x00007ffd99308000 	C:\windows\System32\NSI.dll
0x00007ffd88d50000 - 0x00007ffd88d66000 	C:\windows\SYSTEM32\dhcpcsvc6.DLL
0x00007ffd88cc0000 - 0x00007ffd88cdc000 	C:\windows\SYSTEM32\dhcpcsvc.DLL
0x00007ffd96e30000 - 0x00007ffd96ef6000 	C:\windows\SYSTEM32\DNSAPI.dll
0x00007ffd88fc0000 - 0x00007ffd88fcb000 	C:\windows\SYSTEM32\WINNSI.DLL
0x00007ffd90eb0000 - 0x00007ffd90ece000 	C:\Users\Kernel_Develop_Hou\AppData\Local\Temp\native-platform3744713355484076213dir\native-platform.dll

VM Arguments:
jvm_args: -Xmx512m -Dfile.encoding=UTF-8 -Duser.country=CN -Duser.language=zh -Duser.variant 
java_command: org.gradle.launcher.daemon.bootstrap.GradleDaemon 6.5
java_class_path (initial): C:\Users\Kernel_Develop_Hou\.gradle\wrapper\dists\gradle-6.5-all\2oz4ud9k3tuxjg84bbf55q0tn\gradle-6.5\lib\gradle-launcher-6.5.jar
Launcher Type: SUN_STANDARD

Environment Variables:
PATH=C:\windows\system32;C:\windows;C:\windows\System32\Wbem;C:\windows\System32\WindowsPowerShell\v1.0\;C:\windows\System32\OpenSSH\;C:\Program Files (x86)\NVIDIA Corporation\PhysX\Common;C:\Program Files (x86)\Intel\Intel(R) Management Engine Components\DAL;C:\Program Files\Intel\Intel(R) Management Engine Components\DAL;C:\Users\Kernel_Develop_Hou\AppData\Local\Microsoft\WindowsApps;
USERNAME=Kernel_Develop_Hou
OS=Windows_NT
PROCESSOR_IDENTIFIER=Intel64 Family 6 Model 142 Stepping 11, GenuineIntel



---------------  S Y S T E M  ---------------

OS: Windows 10.0 , 64 bit Build 17763 (10.0.17763.475)

CPU:total 8 (initial active 8) (4 cores per cpu, 2 threads per core) family 6 model 142 stepping 11, cmov, cx8, fxsr, mmx, sse, sse2, sse3, ssse3, sse4.1, sse4.2, popcnt, avx, avx2, aes, clmul, erms, 3dnowpref, lzcnt, ht, tsc, tscinvbit, bmi1, bmi2, adx

Memory: 4k page, physical 8258368k(2019788k free), swap 18744124k(528k free)

vm_info: OpenJDK 64-Bit Server VM (25.242-b01) for windows-amd64 JRE (1.8.0_242-release-1644-b01), built by "builder" with MS VC++ 10.0 (VS2010)

time: Sun Feb 07 11:04:09 2021
timezone: 中国标准时间
elapsed time: 797 seconds (0d 0h 13m 17s)

