#
# There is insufficient memory for the Java Runtime Environment to continue.
# Native memory allocation (malloc) failed to allocate 32784 bytes for Chunk::new
# Possible reasons:
#   The system is out of physical RAM or swap space
#   The process is running with CompressedOops enabled, and the Java Heap may be blocking the growth of the native heap
# Possible solutions:
#   Reduce memory load on the system
#   Increase physical memory or swap space
#   Check if swap backing store is full
#   Decrease Java heap size (-Xmx/-Xms)
#   Decrease number of Java threads
#   Decrease Java thread stack sizes (-Xss)
#   Set larger code cache with -XX:ReservedCodeCacheSize=
#   JVM is running with Unscaled Compressed Oops mode in which the Java heap is
#     placed in the first 4GB address space. The Java Heap base address is the
#     maximum limit for the native heap growth. Please use -XX:HeapBaseMinAddress
#     to set the Java Heap base and to place the Java Heap above 4GB virtual address.
# This output file may be truncated or incomplete.
#
#  Out of Memory Error (allocation.cpp:389), pid=2688, tid=0x0000000000003a2c
#
# JRE version: OpenJDK Runtime Environment (8.0_242-b01) (build 1.8.0_242-release-1644-b01)
# Java VM: OpenJDK 64-Bit Server VM (25.242-b01 mixed mode windows-amd64 compressed oops)
# Failed to write core dump. Minidumps are not enabled by default on client versions of Windows
#

---------------  T H R E A D  ---------------

Current thread (0x0000000016d1d800):  JavaThread "C2 CompilerThread2" daemon [_thread_in_native, id=14892, stack(0x0000000017680000,0x0000000017780000)]

Stack: [0x0000000017680000,0x0000000017780000]
[error occurred during error reporting (printing stack bounds), id 0xc0000005]

Native frames: (J=compiled Java code, j=interpreted, Vv=VM code, C=native code)


Current CompileTask:
C2:  22252 15856 %     4       com.android.tools.r8.ir.regalloc.a::a @ 2118 (3992 bytes)


---------------  P R O C E S S  ---------------

Java Threads: ( => current thread )
  0x000000001c08a800 JavaThread "stdout" [_thread_in_native, id=26084, stack(0x000000002d920000,0x000000002da20000)]
  0x000000001c089800 JavaThread "stderr" [_thread_in_native, id=26080, stack(0x000000002d820000,0x000000002d920000)]
  0x0000000019d61800 JavaThread "stdout" [_thread_in_native, id=26052, stack(0x000000002d1f0000,0x000000002d2f0000)]
  0x0000000019d5f800 JavaThread "stderr" [_thread_in_native, id=26048, stack(0x000000002cb30000,0x000000002cc30000)]
  0x0000000019d5e000 JavaThread "stdout" [_thread_in_native, id=26028, stack(0x000000002d720000,0x000000002d820000)]
  0x0000000019d5e800 JavaThread "stderr" [_thread_in_native, id=26024, stack(0x000000002d620000,0x000000002d720000)]
  0x0000000019d60000 JavaThread "stdout" [_thread_in_native, id=26004, stack(0x000000002d520000,0x000000002d620000)]
  0x0000000019d61000 JavaThread "stderr" [_thread_in_native, id=26000, stack(0x000000002d420000,0x000000002d520000)]
  0x0000000019d56000 JavaThread "stdout" [_thread_in_native, id=25980, stack(0x000000002d320000,0x000000002d420000)]
  0x0000000019d5d000 JavaThread "stderr" [_thread_in_native, id=25976, stack(0x000000002ccd0000,0x000000002cdd0000)]
  0x0000000019d55800 JavaThread "stdout" [_thread_in_native, id=25956, stack(0x000000002d0f0000,0x000000002d1f0000)]
  0x0000000019d57800 JavaThread "stderr" [_thread_in_native, id=25952, stack(0x000000002cff0000,0x000000002d0f0000)]
  0x0000000019d5b800 JavaThread "stdout" [_thread_in_native, id=25932, stack(0x000000002cef0000,0x000000002cff0000)]
  0x0000000019d5c000 JavaThread "stderr" [_thread_in_native, id=25928, stack(0x000000002cdf0000,0x000000002cef0000)]
  0x0000000019d5a800 JavaThread "stdout" [_thread_in_native, id=25916, stack(0x000000002ca30000,0x000000002cb30000)]
  0x0000000019d54800 JavaThread "stderr" [_thread_in_native, id=25912, stack(0x000000002c680000,0x000000002c780000)]
  0x0000000019d53000 JavaThread "pool-2-thread-1" [_thread_blocked, id=25884, stack(0x000000002c580000,0x000000002c680000)]
  0x0000000019d59000 JavaThread "MarlinRenderer Disposer" daemon [_thread_blocked, id=25876, stack(0x000000002c480000,0x000000002c580000)]
  0x0000000019d54000 JavaThread "Java2D Disposer" daemon [_thread_blocked, id=25872, stack(0x000000002c080000,0x000000002c180000)]
  0x0000000019d57000 JavaThread "WorkerExecutor Queue Thread 8" [_thread_blocked, id=25868, stack(0x000000002bf80000,0x000000002c080000)]
  0x0000000019d5a000 JavaThread "WorkerExecutor Queue Thread 7" [_thread_blocked, id=25864, stack(0x000000002be80000,0x000000002bf80000)]
  0x0000000019d58800 JavaThread "WorkerExecutor Queue Thread 6" [_thread_blocked, id=25860, stack(0x000000002bd80000,0x000000002be80000)]
  0x0000000019d52800 JavaThread "WorkerExecutor Queue Thread 5" [_thread_blocked, id=25856, stack(0x000000002bc80000,0x000000002bd80000)]
  0x0000000018343000 JavaThread "WorkerExecutor Queue Thread 4" [_thread_blocked, id=25852, stack(0x000000002bb80000,0x000000002bc80000)]
  0x000000001833e800 JavaThread "WorkerExecutor Queue Thread 3" [_thread_blocked, id=25848, stack(0x000000002ba80000,0x000000002bb80000)]
  0x0000000018344800 JavaThread "WorkerExecutor Queue Thread 2" [_thread_blocked, id=25844, stack(0x000000002b980000,0x000000002ba80000)]
  0x0000000018342000 JavaThread "WorkerExecutor Queue" [_thread_blocked, id=25840, stack(0x000000002b880000,0x000000002b980000)]
  0x0000000018337000 JavaThread "Cache worker for execution history cache (D:\05AndroidStudio\LiKaiJie\.gradle\6.5\executionHistory)" [_thread_blocked, id=25800, stack(0x000000002b180000,0x000000002b280000)]
  0x000000001833d000 JavaThread "Execution worker for ':' Thread 7" [_thread_blocked, id=25796, stack(0x000000002b080000,0x000000002b180000)]
  0x000000001833a800 JavaThread "Execution worker for ':' Thread 6" [_thread_blocked, id=25792, stack(0x000000002af80000,0x000000002b080000)]
  0x0000000018338800 JavaThread "Execution worker for ':' Thread 5" [_thread_blocked, id=25788, stack(0x000000002ae80000,0x000000002af80000)]
  0x000000001833d800 JavaThread "Execution worker for ':' Thread 4" [_thread_blocked, id=25784, stack(0x000000002ad80000,0x000000002ae80000)]
  0x0000000018337800 JavaThread "Execution worker for ':' Thread 3" [_thread_blocked, id=25780, stack(0x000000002a9e0000,0x000000002aae0000)]
  0x0000000018335800 JavaThread "Execution worker for ':' Thread 2" [_thread_blocked, id=25776, stack(0x000000002a8e0000,0x000000002a9e0000)]
  0x0000000018336000 JavaThread "Execution worker for ':'" [_thread_blocked, id=25772, stack(0x000000002a6e0000,0x000000002a7e0000)]
  0x000000001833a000 JavaThread "Cache worker for file content cache (D:\05AndroidStudio\LiKaiJie\.gradle\6.5\fileContent)" [_thread_blocked, id=25768, stack(0x000000002a7e0000,0x000000002a8e0000)]
  0x000000001833b800 JavaThread "Memory manager" [_thread_blocked, id=25760, stack(0x0000000029fe0000,0x000000002a0e0000)]
  0x0000000018339000 JavaThread "Cache worker for Build Output Cleanup Cache (D:\05AndroidStudio\LiKaiJie\.gradle\buildOutputCleanup)" [_thread_blocked, id=25728, stack(0x0000000021f50000,0x0000000022050000)]
  0x000000001e9f0000 JavaThread "jar transforms Thread 113" [_thread_blocked, id=25720, stack(0x0000000028ee0000,0x0000000028fe0000)]
  0x000000001e9ef800 JavaThread "jar transforms Thread 112" [_thread_blocked, id=25716, stack(0x0000000028de0000,0x0000000028ee0000)]
  0x000000001e9f2800 JavaThread "jar transforms Thread 111" [_thread_blocked, id=25712, stack(0x0000000028ce0000,0x0000000028de0000)]
  0x000000001e9ee800 JavaThread "jar transforms Thread 110" [_thread_blocked, id=25708, stack(0x0000000028be0000,0x0000000028ce0000)]
  0x000000001e9f1000 JavaThread "jar transforms Thread 109" [_thread_blocked, id=25704, stack(0x0000000028ae0000,0x0000000028be0000)]
  0x000000001e9e7000 JavaThread "jar transforms Thread 108" [_thread_blocked, id=25700, stack(0x00000000289e0000,0x0000000028ae0000)]
  0x000000001e9ee000 JavaThread "jar transforms Thread 107" [_thread_blocked, id=25696, stack(0x00000000288e0000,0x00000000289e0000)]
  0x000000001e9ed000 JavaThread "jar transforms Thread 106" [_thread_blocked, id=25692, stack(0x00000000287e0000,0x00000000288e0000)]
  0x000000001e9ec800 JavaThread "jar transforms Thread 105" [_thread_blocked, id=25688, stack(0x00000000286e0000,0x00000000287e0000)]
  0x000000001e9eb800 JavaThread "jar transforms Thread 104" [_thread_blocked, id=25684, stack(0x00000000284e0000,0x00000000285e0000)]
  0x000000001e9ea000 JavaThread "jar transforms Thread 103" [_thread_blocked, id=25680, stack(0x00000000283e0000,0x00000000284e0000)]
  0x000000001e9e9000 JavaThread "jar transforms Thread 102" [_thread_blocked, id=25676, stack(0x00000000282e0000,0x00000000283e0000)]
  0x000000001e9e4800 JavaThread "jar transforms Thread 101" [_thread_blocked, id=25672, stack(0x00000000281e0000,0x00000000282e0000)]
  0x000000001e9e6000 JavaThread "jar transforms Thread 100" [_thread_blocked, id=25668, stack(0x00000000280e0000,0x00000000281e0000)]
  0x000000001e9e7800 JavaThread "jar transforms Thread 99" [_thread_blocked, id=25664, stack(0x0000000027fe0000,0x00000000280e0000)]
  0x000000001e9e5800 JavaThread "jar transforms Thread 98" [_thread_blocked, id=25660, stack(0x0000000027ee0000,0x0000000027fe0000)]
  0x000000001e9e8800 JavaThread "jar transforms Thread 97" [_thread_blocked, id=25656, stack(0x0000000027de0000,0x0000000027ee0000)]
  0x000000001e9e4000 JavaThread "jar transforms Thread 96" [_thread_blocked, id=25652, stack(0x0000000027ce0000,0x0000000027de0000)]
  0x000000001e9ea800 JavaThread "jar transforms Thread 95" [_thread_blocked, id=25648, stack(0x0000000027be0000,0x0000000027ce0000)]
  0x000000001e9e3000 JavaThread "jar transforms Thread 94" [_thread_blocked, id=25644, stack(0x0000000027ae0000,0x0000000027be0000)]
  0x000000001ce4f800 JavaThread "jar transforms Thread 93" [_thread_blocked, id=25640, stack(0x00000000279e0000,0x0000000027ae0000)]
  0x000000001ce4e800 JavaThread "jar transforms Thread 92" [_thread_blocked, id=25636, stack(0x00000000278e0000,0x00000000279e0000)]
  0x000000001ce4e000 JavaThread "jar transforms Thread 91" [_thread_blocked, id=25632, stack(0x00000000277e0000,0x00000000278e0000)]
  0x000000001ce51000 JavaThread "jar transforms Thread 90" [_thread_blocked, id=25628, stack(0x00000000276e0000,0x00000000277e0000)]
  0x000000001ce50000 JavaThread "jar transforms Thread 89" [_thread_blocked, id=25624, stack(0x00000000275e0000,0x00000000276e0000)]
  0x000000001ce4d000 JavaThread "jar transforms Thread 88" [_thread_blocked, id=25612, stack(0x00000000274e0000,0x00000000275e0000)]
  0x000000001ce4c800 JavaThread "jar transforms Thread 87" [_thread_blocked, id=25608, stack(0x00000000273e0000,0x00000000274e0000)]
  0x000000001ce51800 JavaThread "jar transforms Thread 86" [_thread_blocked, id=25604, stack(0x00000000272e0000,0x00000000273e0000)]
  0x000000001ce52800 JavaThread "jar transforms Thread 85" [_thread_blocked, id=25268, stack(0x00000000271e0000,0x00000000272e0000)]
  0x000000001ce45000 JavaThread "jar transforms Thread 84" [_thread_blocked, id=22556, stack(0x00000000270e0000,0x00000000271e0000)]
  0x000000001ce4b800 JavaThread "jar transforms Thread 83" [_thread_blocked, id=24180, stack(0x0000000026fe0000,0x00000000270e0000)]
  0x000000001ce4b000 JavaThread "jar transforms Thread 82" [_thread_blocked, id=7904, stack(0x0000000026ee0000,0x0000000026fe0000)]
  0x000000001ce4a000 JavaThread "jar transforms Thread 81" [_thread_blocked, id=23820, stack(0x0000000026de0000,0x0000000026ee0000)]
  0x000000001ce44000 JavaThread "jar transforms Thread 80" [_thread_blocked, id=16116, stack(0x0000000026ce0000,0x0000000026de0000)]
  0x000000001ce43800 JavaThread "jar transforms Thread 79" [_thread_blocked, id=25068, stack(0x0000000026be0000,0x0000000026ce0000)]
  0x000000001ce49800 JavaThread "jar transforms Thread 78" [_thread_blocked, id=14208, stack(0x0000000026ae0000,0x0000000026be0000)]
  0x000000001ce48800 JavaThread "jar transforms Thread 77" [_thread_blocked, id=25040, stack(0x00000000269e0000,0x0000000026ae0000)]
  0x000000001ce48000 JavaThread "jar transforms Thread 76" [_thread_blocked, id=12860, stack(0x00000000268e0000,0x00000000269e0000)]
  0x000000001ce47000 JavaThread "jar transforms Thread 75" [_thread_blocked, id=24140, stack(0x00000000267e0000,0x00000000268e0000)]
  0x000000001ce46800 JavaThread "jar transforms Thread 74" [_thread_blocked, id=25292, stack(0x00000000266e0000,0x00000000267e0000)]
  0x000000001ce45800 JavaThread "jar transforms Thread 73" [_thread_blocked, id=17956, stack(0x00000000265e0000,0x00000000266e0000)]
  0x000000001870c800 JavaThread "jar transforms Thread 72" [_thread_blocked, id=5024, stack(0x00000000264e0000,0x00000000265e0000)]
  0x0000000018709800 JavaThread "jar transforms Thread 71" [_thread_blocked, id=23692, stack(0x00000000263e0000,0x00000000264e0000)]
  0x0000000018708800 JavaThread "jar transforms Thread 70" [_thread_blocked, id=22848, stack(0x00000000262e0000,0x00000000263e0000)]
  0x000000001870b000 JavaThread "jar transforms Thread 69" [_thread_blocked, id=24704, stack(0x00000000261e0000,0x00000000262e0000)]
  0x0000000018708000 JavaThread "jar transforms Thread 68" [_thread_blocked, id=9224, stack(0x00000000260e0000,0x00000000261e0000)]
  0x000000001870b800 JavaThread "jar transforms Thread 67" [_thread_blocked, id=14132, stack(0x0000000025fe0000,0x00000000260e0000)]
  0x000000001870e000 JavaThread "jar transforms Thread 66" [_thread_blocked, id=24804, stack(0x0000000025ee0000,0x0000000025fe0000)]
  0x000000001870d000 JavaThread "jar transforms Thread 65" [_thread_blocked, id=14480, stack(0x0000000025de0000,0x0000000025ee0000)]
  0x000000001870a000 JavaThread "jar transforms Thread 64" [_thread_blocked, id=22808, stack(0x0000000025ce0000,0x0000000025de0000)]
  0x0000000018700800 JavaThread "jar transforms Thread 63" [_thread_blocked, id=24100, stack(0x0000000025be0000,0x0000000025ce0000)]
  0x0000000018707000 JavaThread "jar transforms Thread 62" [_thread_blocked, id=10928, stack(0x0000000025ae0000,0x0000000025be0000)]
  0x0000000018703800 JavaThread "jar transforms Thread 61" [_thread_blocked, id=20076, stack(0x00000000259e0000,0x0000000025ae0000)]
  0x0000000018702800 JavaThread "jar transforms Thread 60" [_thread_blocked, id=22440, stack(0x00000000258e0000,0x00000000259e0000)]
  0x00000000186ff800 JavaThread "jar transforms Thread 59" [_thread_blocked, id=7776, stack(0x00000000257e0000,0x00000000258e0000)]
  0x0000000018706800 JavaThread "jar transforms Thread 58" [_thread_blocked, id=24220, stack(0x00000000256e0000,0x00000000257e0000)]
  0x00000000186ff000 JavaThread "jar transforms Thread 57" [_thread_blocked, id=23848, stack(0x00000000255e0000,0x00000000256e0000)]
  0x0000000018701000 JavaThread "jar transforms Thread 56" [_thread_blocked, id=23484, stack(0x00000000254e0000,0x00000000255e0000)]
  0x0000000018704000 JavaThread "jar transforms Thread 55" [_thread_blocked, id=4384, stack(0x00000000253e0000,0x00000000254e0000)]
  0x0000000018705800 JavaThread "jar transforms Thread 54" [_thread_blocked, id=21748, stack(0x00000000252e0000,0x00000000253e0000)]
  0x0000000018702000 JavaThread "jar transforms Thread 53" [_thread_blocked, id=18840, stack(0x00000000251e0000,0x00000000252e0000)]
  0x0000000018705000 JavaThread "jar transforms Thread 52" [_thread_blocked, id=17928, stack(0x00000000250e0000,0x00000000251e0000)]
  0x000000001d13a000 JavaThread "jar transforms Thread 51" [_thread_blocked, id=24044, stack(0x0000000024fe0000,0x00000000250e0000)]
  0x000000001d139000 JavaThread "jar transforms Thread 50" [_thread_blocked, id=19448, stack(0x0000000024ee0000,0x0000000024fe0000)]
  0x000000001d131800 JavaThread "jar transforms Thread 49" [_thread_blocked, id=24888, stack(0x0000000024de0000,0x0000000024ee0000)]
  0x000000001d138800 JavaThread "jar transforms Thread 48" [_thread_blocked, id=25308, stack(0x0000000024ce0000,0x0000000024de0000)]
  0x000000001d137800 JavaThread "jar transforms Thread 47" [_thread_blocked, id=25044, stack(0x0000000024be0000,0x0000000024ce0000)]
  0x000000001d137000 JavaThread "jar transforms Thread 46" [_thread_blocked, id=24700, stack(0x0000000024ae0000,0x0000000024be0000)]
  0x000000001d136000 JavaThread "jar transforms Thread 45" [_thread_blocked, id=16172, stack(0x00000000249e0000,0x0000000024ae0000)]
  0x000000001d12e800 JavaThread "jar transforms Thread 44" [_thread_blocked, id=24616, stack(0x00000000248e0000,0x00000000249e0000)]
  0x000000001d135800 JavaThread "jar transforms Thread 43" [_thread_blocked, id=24880, stack(0x00000000247e0000,0x00000000248e0000)]
  0x000000001d134000 JavaThread "jar transforms Thread 42" [_thread_blocked, id=25100, stack(0x00000000246e0000,0x00000000247e0000)]
  0x000000001d133000 JavaThread "jar transforms Thread 41" [_thread_blocked, id=24840, stack(0x00000000245e0000,0x00000000246e0000)]
  0x000000001d131000 JavaThread "jar transforms Thread 40" [_thread_blocked, id=25024, stack(0x00000000244e0000,0x00000000245e0000)]
  0x000000001d132800 JavaThread "jar transforms Thread 39" [_thread_blocked, id=23232, stack(0x00000000243e0000,0x00000000244e0000)]
  0x000000001d130000 JavaThread "jar transforms Thread 38" [_thread_blocked, id=25092, stack(0x00000000242e0000,0x00000000243e0000)]
  0x000000001d12e000 JavaThread "jar transforms Thread 37" [_thread_blocked, id=24980, stack(0x00000000241e0000,0x00000000242e0000)]
  0x000000001d134800 JavaThread "jar transforms Thread 36" [_thread_blocked, id=24920, stack(0x00000000240e0000,0x00000000241e0000)]
  0x000000001d12b000 JavaThread "jar transforms Thread 35" [_thread_blocked, id=24916, stack(0x0000000023fe0000,0x00000000240e0000)]
  0x000000001d12c800 JavaThread "jar transforms Thread 34" [_thread_blocked, id=25096, stack(0x0000000023ee0000,0x0000000023fe0000)]
  0x000000001d12f800 JavaThread "jar transforms Thread 33" [_thread_blocked, id=24984, stack(0x0000000023de0000,0x0000000023ee0000)]
  0x000000001d12d000 JavaThread "jar transforms Thread 32" [_thread_blocked, id=24424, stack(0x0000000023ce0000,0x0000000023de0000)]
  0x000000001d12b800 JavaThread "jar transforms Thread 31" [_thread_blocked, id=24588, stack(0x0000000023be0000,0x0000000023ce0000)]
  0x000000001cbec800 JavaThread "jar transforms Thread 30" [_thread_blocked, id=25148, stack(0x0000000023ae0000,0x0000000023be0000)]
  0x000000001cbed800 JavaThread "jar transforms Thread 29" [_thread_blocked, id=24680, stack(0x00000000239e0000,0x0000000023ae0000)]
  0x000000001cbeb000 JavaThread "jar transforms Thread 28" [_thread_blocked, id=22900, stack(0x00000000238e0000,0x00000000239e0000)]
  0x000000001cbe9800 JavaThread "jar transforms Thread 27" [_thread_blocked, id=25072, stack(0x00000000237e0000,0x00000000238e0000)]
  0x000000001cbe7800 JavaThread "jar transforms Thread 26" [_thread_blocked, id=18568, stack(0x00000000236e0000,0x00000000237e0000)]
  0x000000001cbea800 JavaThread "jar transforms Thread 25" [_thread_blocked, id=9424, stack(0x00000000235e0000,0x00000000236e0000)]
  0x000000001cbe9000 JavaThread "jar transforms Thread 24" [_thread_blocked, id=25532, stack(0x00000000234e0000,0x00000000235e0000)]
  0x000000001cbec000 JavaThread "jar transforms Thread 23" [_thread_blocked, id=4972, stack(0x00000000233e0000,0x00000000234e0000)]
  0x000000001cbe8000 JavaThread "jar transforms Thread 22" [_thread_blocked, id=19376, stack(0x00000000232e0000,0x00000000233e0000)]
  0x000000001cbe0000 JavaThread "jar transforms Thread 21" [_thread_blocked, id=12224, stack(0x00000000231e0000,0x00000000232e0000)]
  0x000000001cbe6800 JavaThread "jar transforms Thread 20" [_thread_blocked, id=23244, stack(0x00000000230e0000,0x00000000231e0000)]
  0x000000001cbdf000 JavaThread "jar transforms Thread 19" [_thread_blocked, id=16880, stack(0x0000000022fe0000,0x00000000230e0000)]
  0x000000001cbe6000 JavaThread "jar transforms Thread 18" [_thread_blocked, id=21104, stack(0x0000000022ee0000,0x0000000022fe0000)]
  0x000000001cbe2000 JavaThread "jar transforms Thread 17" [_thread_blocked, id=24592, stack(0x0000000022de0000,0x0000000022ee0000)]
  0x000000001cbe0800 JavaThread "jar transforms Thread 16" [_thread_blocked, id=8864, stack(0x0000000022ce0000,0x0000000022de0000)]
  0x000000001cbe5000 JavaThread "jar transforms Thread 15" [_thread_blocked, id=24692, stack(0x0000000022be0000,0x0000000022ce0000)]
  0x000000001cbe1800 JavaThread "jar transforms Thread 14" [_thread_blocked, id=24728, stack(0x0000000022ae0000,0x0000000022be0000)]
  0x000000001cbde800 JavaThread "jar transforms Thread 13" [_thread_blocked, id=20976, stack(0x00000000229e0000,0x0000000022ae0000)]
  0x000000001cbe4800 JavaThread "jar transforms Thread 12" [_thread_blocked, id=23284, stack(0x00000000228e0000,0x00000000229e0000)]
  0x000000001cbe3800 JavaThread "jar transforms Thread 11" [_thread_blocked, id=23360, stack(0x00000000227e0000,0x00000000228e0000)]
  0x000000001cbe3000 JavaThread "jar transforms Thread 10" [_thread_blocked, id=21808, stack(0x00000000226e0000,0x00000000227e0000)]
  0x000000001bca2800 JavaThread "jar transforms Thread 9" [_thread_blocked, id=23744, stack(0x00000000225e0000,0x00000000226e0000)]
  0x000000001bca6800 JavaThread "jar transforms Thread 8" [_thread_blocked, id=24852, stack(0x00000000224e0000,0x00000000225e0000)]
  0x000000001bca5800 JavaThread "jar transforms Thread 7" [_thread_blocked, id=5216, stack(0x00000000223e0000,0x00000000224e0000)]
  0x000000001bca5000 JavaThread "jar transforms Thread 6" [_thread_blocked, id=6688, stack(0x00000000222e0000,0x00000000223e0000)]
  0x000000001bca4000 JavaThread "jar transforms Thread 5" [_thread_blocked, id=23992, stack(0x00000000221e0000,0x00000000222e0000)]
  0x000000001bca2000 JavaThread "jar transforms Thread 4" [_thread_blocked, id=17484, stack(0x00000000220e0000,0x00000000221e0000)]
  0x000000001bca3800 JavaThread "jar transforms Thread 3" [_thread_blocked, id=7604, stack(0x0000000021510000,0x0000000021610000)]
  0x000000001bca7000 JavaThread "jar transforms Thread 2" [_thread_blocked, id=24932, stack(0x00000000211d0000,0x00000000212d0000)]
  0x000000001bca1000 JavaThread "Build operations Thread 8" [_thread_in_Java, id=25288, stack(0x0000000021d50000,0x0000000021e50000)]
  0x000000001bc9a800 JavaThread "Build operations Thread 7" [_thread_in_vm, id=4276, stack(0x0000000021c50000,0x0000000021d50000)]
  0x000000001bc99800 JavaThread "Build operations Thread 6" [_thread_in_native, id=24324, stack(0x0000000021b50000,0x0000000021c50000)]
  0x000000001bca0800 JavaThread "Build operations Thread 5" [_thread_in_Java, id=24120, stack(0x0000000021a50000,0x0000000021b50000)]
  0x000000001bc9f000 JavaThread "Build operations Thread 4" [_thread_in_Java, id=25328, stack(0x0000000021950000,0x0000000021a50000)]
  0x000000001bc9e000 JavaThread "Build operations Thread 3" [_thread_in_Java, id=22200, stack(0x0000000021850000,0x0000000021950000)]
  0x000000001bc9f800 JavaThread "Build operations Thread 2" [_thread_in_Java, id=24884, stack(0x0000000021750000,0x0000000021850000)]
  0x000000001bc9c800 JavaThread "Build operations" [_thread_in_Java, id=23860, stack(0x0000000021650000,0x0000000021750000)]
  0x0000000019b58000 JavaThread "Cache worker for file content cache (C:\Users\Kernel_Develop_Hou\.gradle\caches\6.5\fileContent)" [_thread_blocked, id=24660, stack(0x000000001fb00000,0x000000001fc00000)]
  0x0000000019b56000 JavaThread "jar transforms" [_thread_blocked, id=24732, stack(0x000000001fa00000,0x000000001fb00000)]
  0x0000000019b57800 JavaThread "Cache worker for execution history cache (C:\Users\Kernel_Develop_Hou\.gradle\caches\6.5\executionHistory)" [_thread_blocked, id=25164, stack(0x000000001f300000,0x000000001f400000)]
  0x0000000019b5c800 JavaThread "Cache worker for cache directory md-rule (C:\Users\Kernel_Develop_Hou\.gradle\caches\6.5\md-rule)" [_thread_blocked, id=10712, stack(0x000000001f200000,0x000000001f300000)]
  0x0000000019b5c000 JavaThread "Cache worker for cache directory md-supplier (C:\Users\Kernel_Develop_Hou\.gradle\caches\6.5\md-supplier)" [_thread_blocked, id=24188, stack(0x000000001f100000,0x000000001f200000)]
  0x0000000019b59800 JavaThread "Cache worker for checksums cache (D:\05AndroidStudio\LiKaiJie\.gradle\checksums)" [_thread_blocked, id=21544, stack(0x000000001df60000,0x000000001e060000)]
  0x0000000019b56800 JavaThread "Cache worker for file hash cache (D:\05AndroidStudio\LiKaiJie\.gradle\6.5\fileHashes)" [_thread_blocked, id=25284, stack(0x000000001dc50000,0x000000001dd50000)]
  0x0000000019b59000 JavaThread "Cache worker for file hash cache (C:\Users\Kernel_Develop_Hou\.gradle\caches\6.5\fileHashes)" [_thread_blocked, id=22352, stack(0x000000001b700000,0x000000001b800000)]
  0x0000000019b5b000 JavaThread "File lock request listener" [_thread_in_native, id=25320, stack(0x000000001b600000,0x000000001b700000)]
  0x0000000019afb800 JavaThread "Cache worker for journal cache (C:\Users\Kernel_Develop_Hou\.gradle\caches\journal-1)" [_thread_blocked, id=14720, stack(0x000000001b500000,0x000000001b600000)]
  0x0000000017e53800 JavaThread "Thread-9" [_thread_blocked, id=14800, stack(0x000000001b200000,0x000000001b300000)]
  0x00000000184cd000 JavaThread "Stdin handler" [_thread_blocked, id=22428, stack(0x000000001b100000,0x000000001b200000)]
  0x0000000017dba800 JavaThread "Asynchronous log dispatcher for DefaultDaemonConnection: socket connection from /127.0.0.1:60177 to /127.0.0.1:60178" [_thread_blocked, id=23420, stack(0x000000001b000000,0x000000001b100000)]
  0x0000000017e5c800 JavaThread "Daemon worker" [_thread_blocked, id=24648, stack(0x000000001af00000,0x000000001b000000)]
  0x00000000184ce000 JavaThread "Cancel handler" [_thread_blocked, id=25576, stack(0x000000001ae00000,0x000000001af00000)]
  0x0000000017c6a800 JavaThread "Handler for socket connection from /127.0.0.1:60177 to /127.0.0.1:60178" [_thread_in_native, id=24228, stack(0x000000001ad00000,0x000000001ae00000)]
  0x0000000017c67800 JavaThread "Daemon" [_thread_blocked, id=23664, stack(0x000000001ac00000,0x000000001ad00000)]
  0x0000000019a0f800 JavaThread "Daemon periodic checks" [_thread_blocked, id=22852, stack(0x000000001a900000,0x000000001aa00000)]
  0x00000000199fa000 JavaThread "Incoming local TCP Connector on port 60177" [_thread_in_native, id=4788, stack(0x000000001a750000,0x000000001a850000)]
  0x0000000019577000 JavaThread "Daemon health stats" [_thread_blocked, id=24300, stack(0x0000000019250000,0x0000000019350000)]
  0x0000000016d65800 JavaThread "Service Thread" daemon [_thread_blocked, id=24416, stack(0x0000000017880000,0x0000000017980000)]
  0x0000000016d21000 JavaThread "C1 CompilerThread3" daemon [_thread_in_native, id=20684, stack(0x0000000017780000,0x0000000017880000)]
=>0x0000000016d1d800 JavaThread "C2 CompilerThread2" daemon [_thread_in_native, id=14892, stack(0x0000000017680000,0x0000000017780000)]
  0x0000000016d12000 JavaThread "C2 CompilerThread1" daemon [_thread_in_native, id=22608, stack(0x0000000017580000,0x0000000017680000)]
  0x0000000014eab000 JavaThread "C2 CompilerThread0" daemon [_thread_in_native, id=10640, stack(0x0000000017480000,0x0000000017580000)]
  0x0000000016d10800 JavaThread "Attach Listener" daemon [_thread_blocked, id=24388, stack(0x0000000017380000,0x0000000017480000)]
  0x0000000016cbc000 JavaThread "Signal Dispatcher" daemon [_thread_blocked, id=24772, stack(0x0000000017280000,0x0000000017380000)]
  0x000000000362e000 JavaThread "Finalizer" daemon [_thread_blocked, id=14616, stack(0x0000000017180000,0x0000000017280000)]
  0x0000000003627000 JavaThread "Reference Handler" daemon [_thread_blocked, id=23048, stack(0x0000000017080000,0x0000000017180000)]
  0x000000000342e800 JavaThread "main" [_thread_blocked, id=25280, stack(0x0000000003430000,0x0000000003530000)]

Other Threads:
  0x0000000014e96000 VMThread [stack: 0x0000000016b80000,0x0000000016c80000] [id=23904]
  0x0000000016d66000 WatcherThread [stack: 0x0000000017980000,0x0000000017a80000] [id=20748]

VM state:not at safepoint (normal execution)

VM Mutex/Monitor currently owned by a thread: None

OutOfMemory and StackOverflow Exception counts:
OutOfMemoryError java_heap_errors=1

heap address: 0x00000000e0000000, size: 512 MB, Compressed Oops mode: 32-bit
Narrow klass base: 0x0000000000000000, Narrow klass shift: 3
Compressed class space size: 1073741824 Address: 0x0000000100000000

Heap:
 PSYoungGen      total 141824K, used 87771K [0x00000000f5580000, 0x00000000ffd00000, 0x0000000100000000)
  eden space 114688K, 64% used [0x00000000f5580000,0x00000000f9dc4a40,0x00000000fc580000)
  from space 27136K, 50% used [0x00000000fc580000,0x00000000fd2f2380,0x00000000fe000000)
  to   space 26112K, 0% used [0x00000000fe380000,0x00000000fe380000,0x00000000ffd00000)
 ParOldGen       total 209920K, used 162158K [0x00000000e0000000, 0x00000000ecd00000, 0x00000000f5580000)
  object space 209920K, 77% used [0x00000000e0000000,0x00000000e9e5ba70,0x00000000ecd00000)
 Metaspace       used 88779K, capacity 93476K, committed 95192K, reserved 1130496K
  class space    used 11751K, capacity 12637K, committed 13312K, reserved 1048576K

Card table byte_map: [0x00000000129f0000,0x0000000012b00000] byte_map_base: 0x00000000122f0000

Marking Bits: (ParMarkBitMap*) 0x000000005479f030
 Begin Bits: [0x00000000133b0000, 0x0000000013bb0000)
 End Bits:   [0x0000000013bb0000, 0x00000000143b0000)

Polling page: 0x0000000001320000

CodeCache: size=245760Kb used=45624Kb max_used=45624Kb free=200135Kb
 bounds [0x0000000003630000, 0x00000000062f0000, 0x0000000012630000]
 total_blobs=14967 nmethods=14001 adapters=875
 compilation: enabled

Compilation events (10 events):
Event: 22.201 Thread 0x0000000016d21000 nmethod 16634 0x00000000062b1e10 code [0x00000000062b1f60, 0x00000000062b20b0]
Event: 22.201 Thread 0x0000000016d21000 16633       2       com.android.tools.r8.code.a3::a (1 bytes)
Event: 22.202 Thread 0x0000000016d21000 nmethod 16633 0x00000000062b2150 code [0x00000000062b22a0, 0x00000000062b23f0]
Event: 22.202 Thread 0x0000000016d21000 16631       2       java.lang.IllegalArgumentException::<init> (5 bytes)
Event: 22.202 Thread 0x0000000016d21000 nmethod 16631 0x00000000062b2490 code [0x00000000062b2600, 0x00000000062b2768]
Event: 22.202 Thread 0x0000000016d21000 16635       2       java.io.WinNTFileSystem::canonicalize (372 bytes)
Event: 22.206 Thread 0x0000000016d21000 nmethod 16635 0x00000000062b2810 code [0x00000000062b2c80, 0x00000000062b4c98]
Event: 22.206 Thread 0x0000000016d21000 16636       2       com.android.tools.r8.s.b.I0::I0 (35 bytes)
Event: 22.207 Thread 0x0000000016d21000 nmethod 16636 0x00000000062b6c10 code [0x00000000062b6d80, 0x00000000062b6f58]
Event: 22.212 Thread 0x0000000016d21000 16637 %     3       com.android.tools.r8.ir.optimize.l::r @ 8 (2050 bytes)

GC Heap History (10 events):
Event: 21.019 GC heap before
{Heap before GC invocations=50 (full 5):
 PSYoungGen      total 142336K, used 123092K [0x00000000f5580000, 0x0000000100000000, 0x0000000100000000)
  eden space 108544K, 100% used [0x00000000f5580000,0x00000000fbf80000,0x00000000fbf80000)
  from space 33792K, 43% used [0x00000000fdf00000,0x00000000fed352f0,0x0000000100000000)
  to   space 32256K, 0% used [0x00000000fbf80000,0x00000000fbf80000,0x00000000fdf00000)
 ParOldGen       total 209920K, used 113570K [0x00000000e0000000, 0x00000000ecd00000, 0x00000000f5580000)
  object space 209920K, 54% used [0x00000000e0000000,0x00000000e6ee8998,0x00000000ecd00000)
 Metaspace       used 88176K, capacity 92778K, committed 94680K, reserved 1130496K
  class space    used 11708K, capacity 12570K, committed 13312K, reserved 1048576K
Event: 21.049 GC heap after
Heap after GC invocations=50 (full 5):
 PSYoungGen      total 123392K, used 14792K [0x00000000f5580000, 0x00000000ffc80000, 0x0000000100000000)
  eden space 108544K, 0% used [0x00000000f5580000,0x00000000f5580000,0x00000000fbf80000)
  from space 14848K, 99% used [0x00000000fbf80000,0x00000000fcdf2020,0x00000000fce00000)
  to   space 31232K, 0% used [0x00000000fde00000,0x00000000fde00000,0x00000000ffc80000)
 ParOldGen       total 209920K, used 124966K [0x00000000e0000000, 0x00000000ecd00000, 0x00000000f5580000)
  object space 209920K, 59% used [0x00000000e0000000,0x00000000e7a09b08,0x00000000ecd00000)
 Metaspace       used 88176K, capacity 92778K, committed 94680K, reserved 1130496K
  class space    used 11708K, capacity 12570K, committed 13312K, reserved 1048576K
}
Event: 21.308 GC heap before
{Heap before GC invocations=51 (full 5):
 PSYoungGen      total 123392K, used 123336K [0x00000000f5580000, 0x00000000ffc80000, 0x0000000100000000)
  eden space 108544K, 100% used [0x00000000f5580000,0x00000000fbf80000,0x00000000fbf80000)
  from space 14848K, 99% used [0x00000000fbf80000,0x00000000fcdf2020,0x00000000fce00000)
  to   space 31232K, 0% used [0x00000000fde00000,0x00000000fde00000,0x00000000ffc80000)
 ParOldGen       total 209920K, used 124966K [0x00000000e0000000, 0x00000000ecd00000, 0x00000000f5580000)
  object space 209920K, 59% used [0x00000000e0000000,0x00000000e7a09b08,0x00000000ecd00000)
 Metaspace       used 88345K, capacity 92934K, committed 94936K, reserved 1130496K
  class space    used 11718K, capacity 12574K, committed 13312K, reserved 1048576K
Event: 21.328 GC heap after
Heap after GC invocations=51 (full 5):
 PSYoungGen      total 140800K, used 9045K [0x00000000f5580000, 0x0000000100000000, 0x0000000100000000)
  eden space 109568K, 0% used [0x00000000f5580000,0x00000000f5580000,0x00000000fc080000)
  from space 31232K, 28% used [0x00000000fde00000,0x00000000fe6d5798,0x00000000ffc80000)
  to   space 30208K, 0% used [0x00000000fc080000,0x00000000fc080000,0x00000000fde00000)
 ParOldGen       total 209920K, used 136470K [0x00000000e0000000, 0x00000000ecd00000, 0x00000000f5580000)
  object space 209920K, 65% used [0x00000000e0000000,0x00000000e8545a30,0x00000000ecd00000)
 Metaspace       used 88345K, capacity 92934K, committed 94936K, reserved 1130496K
  class space    used 11718K, capacity 12574K, committed 13312K, reserved 1048576K
}
Event: 21.591 GC heap before
{Heap before GC invocations=52 (full 5):
 PSYoungGen      total 140800K, used 118613K [0x00000000f5580000, 0x0000000100000000, 0x0000000100000000)
  eden space 109568K, 100% used [0x00000000f5580000,0x00000000fc080000,0x00000000fc080000)
  from space 31232K, 28% used [0x00000000fde00000,0x00000000fe6d5798,0x00000000ffc80000)
  to   space 30208K, 0% used [0x00000000fc080000,0x00000000fc080000,0x00000000fde00000)
 ParOldGen       total 209920K, used 136642K [0x00000000e0000000, 0x00000000ecd00000, 0x00000000f5580000)
  object space 209920K, 65% used [0x00000000e0000000,0x00000000e8570b08,0x00000000ecd00000)
 Metaspace       used 88507K, capacity 93140K, committed 94936K, reserved 1130496K
  class space    used 11724K, capacity 12607K, committed 13312K, reserved 1048576K
Event: 21.607 GC heap after
Heap after GC invocations=52 (full 5):
 PSYoungGen      total 139776K, used 10711K [0x00000000f5580000, 0x00000000ffc00000, 0x0000000100000000)
  eden space 109568K, 0% used [0x00000000f5580000,0x00000000f5580000,0x00000000fc080000)
  from space 30208K, 35% used [0x00000000fc080000,0x00000000fcaf5c68,0x00000000fde00000)
  to   space 28672K, 0% used [0x00000000fe000000,0x00000000fe000000,0x00000000ffc00000)
 ParOldGen       total 209920K, used 144228K [0x00000000e0000000, 0x00000000ecd00000, 0x00000000f5580000)
  object space 209920K, 68% used [0x00000000e0000000,0x00000000e8cd9358,0x00000000ecd00000)
 Metaspace       used 88507K, capacity 93140K, committed 94936K, reserved 1130496K
  class space    used 11724K, capacity 12607K, committed 13312K, reserved 1048576K
}
Event: 21.847 GC heap before
{Heap before GC invocations=53 (full 5):
 PSYoungGen      total 139776K, used 120279K [0x00000000f5580000, 0x00000000ffc00000, 0x0000000100000000)
  eden space 109568K, 100% used [0x00000000f5580000,0x00000000fc080000,0x00000000fc080000)
  from space 30208K, 35% used [0x00000000fc080000,0x00000000fcaf5c68,0x00000000fde00000)
  to   space 28672K, 0% used [0x00000000fe000000,0x00000000fe000000,0x00000000ffc00000)
 ParOldGen       total 209920K, used 144276K [0x00000000e0000000, 0x00000000ecd00000, 0x00000000f5580000)
  object space 209920K, 68% used [0x00000000e0000000,0x00000000e8ce5310,0x00000000ecd00000)
 Metaspace       used 88657K, capacity 93322K, committed 95192K, reserved 1130496K
  class space    used 11748K, capacity 12634K, committed 13312K, reserved 1048576K
Event: 21.865 GC heap after
Heap after GC invocations=53 (full 5):
 PSYoungGen      total 142848K, used 13119K [0x00000000f5580000, 0x00000000ffb80000, 0x0000000100000000)
  eden space 114688K, 0% used [0x00000000f5580000,0x00000000f5580000,0x00000000fc580000)
  from space 28160K, 46% used [0x00000000fe000000,0x00000000feccff78,0x00000000ffb80000)
  to   space 27136K, 0% used [0x00000000fc580000,0x00000000fc580000,0x00000000fe000000)
 ParOldGen       total 209920K, used 153126K [0x00000000e0000000, 0x00000000ecd00000, 0x00000000f5580000)
  object space 209920K, 72% used [0x00000000e0000000,0x00000000e9589bf8,0x00000000ecd00000)
 Metaspace       used 88657K, capacity 93322K, committed 95192K, reserved 1130496K
  class space    used 11748K, capacity 12634K, committed 13312K, reserved 1048576K
}
Event: 22.121 GC heap before
{Heap before GC invocations=54 (full 5):
 PSYoungGen      total 142848K, used 127807K [0x00000000f5580000, 0x00000000ffb80000, 0x0000000100000000)
  eden space 114688K, 100% used [0x00000000f5580000,0x00000000fc580000,0x00000000fc580000)
  from space 28160K, 46% used [0x00000000fe000000,0x00000000feccff78,0x00000000ffb80000)
  to   space 27136K, 0% used [0x00000000fc580000,0x00000000fc580000,0x00000000fe000000)
 ParOldGen       total 209920K, used 153168K [0x00000000e0000000, 0x00000000ecd00000, 0x00000000f5580000)
  object space 209920K, 72% used [0x00000000e0000000,0x00000000e9594300,0x00000000ecd00000)
 Metaspace       used 88744K, capacity 93466K, committed 95192K, reserved 1130496K
  class space    used 11749K, capacity 12636K, committed 13312K, reserved 1048576K
Event: 22.146 GC heap after
Heap after GC invocations=54 (full 5):
 PSYoungGen      total 141824K, used 13768K [0x00000000f5580000, 0x00000000ffd00000, 0x0000000100000000)
  eden space 114688K, 0% used [0x00000000f5580000,0x00000000f5580000,0x00000000fc580000)
  from space 27136K, 50% used [0x00000000fc580000,0x00000000fd2f2380,0x00000000fe000000)
  to   space 26112K, 0% used [0x00000000fe380000,0x00000000fe380000,0x00000000ffd00000)
 ParOldGen       total 209920K, used 162158K [0x00000000e0000000, 0x00000000ecd00000, 0x00000000f5580000)
  object space 209920K, 77% used [0x00000000e0000000,0x00000000e9e5ba70,0x00000000ecd00000)
 Metaspace       used 88744K, capacity 93466K, committed 95192K, reserved 1130496K
  class space    used 11749K, capacity 12636K, committed 13312K, reserved 1048576K
}

Deoptimization events (10 events):
Event: 21.525 Thread 0x000000001bc9e000 Uncommon trap: reason=array_check action=maybe_recompile pc=0x00000000060f8820 method=java.util.TimSort.binarySort([Ljava/lang/Object;IIILjava/util/Comparator;)V @ 183
Event: 21.525 Thread 0x000000001bc9e000 Uncommon trap: reason=array_check action=maybe_recompile pc=0x00000000060f8778 method=java.util.TimSort.binarySort([Ljava/lang/Object;IIILjava/util/Comparator;)V @ 193
Event: 21.525 Thread 0x000000001bc9e000 Uncommon trap: reason=array_check action=maybe_recompile pc=0x00000000060fe848 method=java.util.TimSort.binarySort([Ljava/lang/Object;IIILjava/util/Comparator;)V @ 215
Event: 21.525 Thread 0x000000001bc9e000 Uncommon trap: reason=array_check action=maybe_recompile pc=0x00000000060fe90c method=java.util.TimSort.binarySort([Ljava/lang/Object;IIILjava/util/Comparator;)V @ 193
Event: 21.708 Thread 0x000000001bc99800 Uncommon trap: reason=class_check action=maybe_recompile pc=0x0000000005bedffc method=com.android.tools.r8.ir.conversion.N.g(I)V @ 9
Event: 21.708 Thread 0x000000001bc99800 Uncommon trap: reason=class_check action=maybe_recompile pc=0x0000000005bedffc method=com.android.tools.r8.ir.conversion.N.g(I)V @ 9
Event: 21.708 Thread 0x000000001bc99800 Uncommon trap: reason=class_check action=maybe_recompile pc=0x0000000005bedffc method=com.android.tools.r8.ir.conversion.N.g(I)V @ 9
Event: 21.708 Thread 0x000000001bc99800 Uncommon trap: reason=class_check action=maybe_recompile pc=0x0000000005bedffc method=com.android.tools.r8.ir.conversion.N.g(I)V @ 9
Event: 21.798 Thread 0x000000001bc9f000 Uncommon trap: reason=unstable_if action=reinterpret pc=0x00000000061fc7b0 method=java.util.TimSort.countRunAndMakeAscending([Ljava/lang/Object;IILjava/util/Comparator;)I @ 27
Event: 22.250 Thread 0x000000001bc9a800 Uncommon trap: reason=class_check action=maybe_recompile pc=0x0000000003a96140 method=java.lang.Throwable.<init>(Ljava/lang/String;Ljava/lang/Throwable;)V @ 24

Classes redefined (0 events):
No events

Internal exceptions (10 events):
Event: 21.517 Thread 0x000000001bc9a800 Exception <a 'sun/nio/fs/WindowsException'> (0x00000000fa5c4ec0) thrown at [C:\src\AOSP-openjdk-git\hotspot\src\share\vm\prims\jni.cpp, line 710]
Event: 21.533 Thread 0x000000001bc9e000 Exception <a 'sun/nio/fs/WindowsException'> (0x00000000fab55a78) thrown at [C:\src\AOSP-openjdk-git\hotspot\src\share\vm\prims\jni.cpp, line 710]
Event: 21.744 Thread 0x000000001bc9a800 Exception <a 'sun/nio/fs/WindowsException'> (0x00000000f95fdb30) thrown at [C:\src\AOSP-openjdk-git\hotspot\src\share\vm\prims\jni.cpp, line 710]
Event: 21.901 Thread 0x000000001bc99800 Exception <a 'sun/nio/fs/WindowsException'> (0x00000000f60c3048) thrown at [C:\src\AOSP-openjdk-git\hotspot\src\share\vm\prims\jni.cpp, line 710]
Event: 21.938 Thread 0x000000001bc9f000 Exception <a 'sun/nio/fs/WindowsException'> (0x00000000f6b3fd98) thrown at [C:\src\AOSP-openjdk-git\hotspot\src\share\vm\prims\jni.cpp, line 710]
Event: 21.966 Thread 0x000000001bc9c800 Exception <a 'sun/nio/fs/WindowsException'> (0x00000000f6a95390) thrown at [C:\src\AOSP-openjdk-git\hotspot\src\share\vm\prims\jni.cpp, line 710]
Event: 22.017 Thread 0x000000001bc9a800 Exception <a 'sun/nio/fs/WindowsException'> (0x00000000f8715a18) thrown at [C:\src\AOSP-openjdk-git\hotspot\src\share\vm\prims\jni.cpp, line 710]
Event: 22.191 Thread 0x000000001bc9f000 Exception <a 'sun/nio/fs/WindowsException'> (0x00000000f7010d80) thrown at [C:\src\AOSP-openjdk-git\hotspot\src\share\vm\prims\jni.cpp, line 710]
Event: 22.242 Thread 0x000000001bc9e000 Exception <a 'sun/nio/fs/WindowsException'> (0x00000000f8bd7e88) thrown at [C:\src\AOSP-openjdk-git\hotspot\src\share\vm\prims\jni.cpp, line 710]
Event: 22.249 Thread 0x000000001bc9a800 Exception <a 'java/lang/OutOfMemoryError'> (0x00000000f8f3ca48) thrown at [C:\src\AOSP-openjdk-git\hotspot\src\share\vm\prims\jni.cpp, line 737]

Events (10 events):
Event: 22.231 Thread 0x000000001bc9c800 DEOPT UNPACKING pc=0x00000000036775d0 sp=0x000000002174a9c8 mode 0
Event: 22.238 Thread 0x000000001bca0800 DEOPT PACKING pc=0x00000000059ada88 sp=0x0000000021b49560
Event: 22.238 Thread 0x000000001bca0800 DEOPT UNPACKING pc=0x00000000036775d0 sp=0x0000000021b49288 mode 0
Event: 22.243 Thread 0x000000001bc9f000 DEOPT PACKING pc=0x0000000005d7e214 sp=0x0000000021a4adc0
Event: 22.243 Thread 0x000000001bc9f000 DEOPT UNPACKING pc=0x00000000036775d0 sp=0x0000000021a4ab28 mode 0
Event: 22.249 loading class java/util/zip/DataFormatException
Event: 22.250 loading class java/util/zip/DataFormatException done
Event: 22.250 Thread 0x000000001bc9a800 Uncommon trap: trap_request=0xffffffde fr.pc=0x0000000003a96140
Event: 22.250 Thread 0x000000001bc9a800 DEOPT PACKING pc=0x0000000003a96140 sp=0x0000000021d4b7d0
Event: 22.250 Thread 0x000000001bc9a800 DEOPT UNPACKING pc=0x000000000367557b sp=0x0000000021d4b7b8 mode 2


Dynamic libraries:
0x00007ff764880000 - 0x00007ff7648b1000 	C:\Program Files\Android\Android Studio\jre\bin\java.exe
0x00007fffcefa0000 - 0x00007fffcf190000 	C:\WINDOWS\SYSTEM32\ntdll.dll
0x00007fffce340000 - 0x00007fffce3f2000 	C:\WINDOWS\System32\KERNEL32.DLL
0x00007fffccbe0000 - 0x00007fffcce85000 	C:\WINDOWS\System32\KERNELBASE.dll
0x00007fffce600000 - 0x00007fffce6a3000 	C:\WINDOWS\System32\ADVAPI32.dll
0x00007fffcdba0000 - 0x00007fffcdc3e000 	C:\WINDOWS\System32\msvcrt.dll
0x00007fffceec0000 - 0x00007fffcef57000 	C:\WINDOWS\System32\sechost.dll
0x00007fffce6b0000 - 0x00007fffce7cf000 	C:\WINDOWS\System32\RPCRT4.dll
0x00007fffce7d0000 - 0x00007fffce964000 	C:\WINDOWS\System32\USER32.dll
0x00007fffcc790000 - 0x00007fffcc7b1000 	C:\WINDOWS\System32\win32u.dll
0x00007fffcd9d0000 - 0x00007fffcd9f6000 	C:\WINDOWS\System32\GDI32.dll
0x00007fffcca40000 - 0x00007fffccbd8000 	C:\WINDOWS\System32\gdi32full.dll
0x00007fffcc970000 - 0x00007fffcca0e000 	C:\WINDOWS\System32\msvcp_win.dll
0x00007fffcc870000 - 0x00007fffcc96a000 	C:\WINDOWS\System32\ucrtbase.dll
0x00007fffc0920000 - 0x00007fffc0ba4000 	C:\WINDOWS\WinSxS\amd64_microsoft.windows.common-controls_6595b64144ccf1df_6.0.18362.1379_none_9e7ff3b3e45cc0c4\COMCTL32.dll
0x00007fffce9f0000 - 0x00007fffced27000 	C:\WINDOWS\System32\combase.dll
0x00007fffcc700000 - 0x00007fffcc781000 	C:\WINDOWS\System32\bcryptPrimitives.dll
0x00007fffcd9a0000 - 0x00007fffcd9ce000 	C:\WINDOWS\System32\IMM32.DLL
0x0000000053e10000 - 0x0000000053ee2000 	C:\Program Files\Android\Android Studio\jre\jre\bin\msvcr100.dll
0x0000000053fd0000 - 0x000000005481b000 	C:\Program Files\Android\Android Studio\jre\jre\bin\server\jvm.dll
0x00007fffcd5b0000 - 0x00007fffcd5b8000 	C:\WINDOWS\System32\PSAPI.DLL
0x00007fffc9a70000 - 0x00007fffc9a94000 	C:\WINDOWS\SYSTEM32\WINMM.dll
0x00007fffaabc0000 - 0x00007fffaabc9000 	C:\WINDOWS\SYSTEM32\WSOCK32.dll
0x00007fffc2190000 - 0x00007fffc219a000 	C:\WINDOWS\SYSTEM32\VERSION.dll
0x00007fffce970000 - 0x00007fffce9df000 	C:\WINDOWS\System32\WS2_32.dll
0x00007fffc99f0000 - 0x00007fffc9a1d000 	C:\WINDOWS\SYSTEM32\WINMMBASE.dll
0x00007fffcce90000 - 0x00007fffcceda000 	C:\WINDOWS\System32\cfgmgr32.dll
0x00007fffc3390000 - 0x00007fffc339f000 	C:\Program Files\Android\Android Studio\jre\jre\bin\verify.dll
0x00007fff9d010000 - 0x00007fff9d039000 	C:\Program Files\Android\Android Studio\jre\jre\bin\java.dll
0x00007fffaa460000 - 0x00007fffaa476000 	C:\Program Files\Android\Android Studio\jre\jre\bin\zip.dll
0x00007fffcdc50000 - 0x00007fffce338000 	C:\WINDOWS\System32\SHELL32.dll
0x00007fffce550000 - 0x00007fffce5f7000 	C:\WINDOWS\System32\shcore.dll
0x00007fffcbf20000 - 0x00007fffcc69b000 	C:\WINDOWS\System32\windows.storage.dll
0x00007fffcbe80000 - 0x00007fffcbea3000 	C:\WINDOWS\System32\profapi.dll
0x00007fffcbeb0000 - 0x00007fffcbefa000 	C:\WINDOWS\System32\powrprof.dll
0x00007fffcbe50000 - 0x00007fffcbe60000 	C:\WINDOWS\System32\UMPDC.dll
0x00007fffcdb40000 - 0x00007fffcdb92000 	C:\WINDOWS\System32\shlwapi.dll
0x00007fffcbe60000 - 0x00007fffcbe71000 	C:\WINDOWS\System32\kernel.appcore.dll
0x00007fffccee0000 - 0x00007fffccef7000 	C:\WINDOWS\System32\cryptsp.dll
0x00007fffa9700000 - 0x00007fffa971a000 	C:\Program Files\Android\Android Studio\jre\jre\bin\net.dll
0x00007fffcb690000 - 0x00007fffcb6f7000 	C:\WINDOWS\system32\mswsock.dll
0x00007fffa91a0000 - 0x00007fffa91b3000 	C:\Program Files\Android\Android Studio\jre\jre\bin\nio.dll
0x00007fff96be0000 - 0x00007fff96c07000 	C:\Users\Kernel_Develop_Hou\.gradle\native\f6784746aeab05261644944871eae4fe03e0ef1612fff0a4a95f87b438bc6780\windows-amd64\native-platform.dll
0x00007fffbf810000 - 0x00007fffbf81d000 	C:\Program Files\Android\Android Studio\jre\jre\bin\management.dll
0x00007fffcb210000 - 0x00007fffcb243000 	C:\WINDOWS\system32\rsaenh.dll
0x00007fffcca10000 - 0x00007fffcca36000 	C:\WINDOWS\System32\bcrypt.dll
0x00007fffcbd30000 - 0x00007fffcbd55000 	C:\WINDOWS\SYSTEM32\USERENV.dll
0x00007fffcb860000 - 0x00007fffcb86c000 	C:\WINDOWS\SYSTEM32\CRYPTBASE.dll
0x00007fffcb3a0000 - 0x00007fffcb3da000 	C:\WINDOWS\SYSTEM32\IPHLPAPI.DLL
0x00007fffce9e0000 - 0x00007fffce9e8000 	C:\WINDOWS\System32\NSI.dll
0x00007fffc4cc0000 - 0x00007fffc4cd6000 	C:\WINDOWS\SYSTEM32\dhcpcsvc6.DLL
0x00007fffc4ca0000 - 0x00007fffc4cbc000 	C:\WINDOWS\SYSTEM32\dhcpcsvc.DLL
0x00007fffcb3e0000 - 0x00007fffcb4ab000 	C:\WINDOWS\SYSTEM32\DNSAPI.dll
0x00007fffc42d0000 - 0x00007fffc42db000 	C:\WINDOWS\SYSTEM32\WINNSI.DLL
0x00007fff8ab20000 - 0x00007fff8acbc000 	C:\Program Files\Android\Android Studio\jre\jre\bin\awt.dll
0x00007fffcd720000 - 0x00007fffcd7e5000 	C:\WINDOWS\System32\OLEAUT32.dll
0x00007fffca230000 - 0x00007fffca25d000 	C:\WINDOWS\SYSTEM32\dwmapi.dll
0x00007fffc8710000 - 0x00007fffc8cd0000 	C:\WINDOWS\SYSTEM32\d2d1.dll
0x00007fffc9cf0000 - 0x00007fffc9d7f000 	C:\WINDOWS\SYSTEM32\apphelp.dll
0x00007fffc9e10000 - 0x00007fffc9ea9000 	C:\WINDOWS\system32\uxtheme.dll
0x00007fffcae90000 - 0x00007fffcaec1000 	C:\WINDOWS\SYSTEM32\ntmarta.dll

VM Arguments:
jvm_args: -Xmx512m -Dfile.encoding=UTF-8 -Duser.country=CN -Duser.language=zh -Duser.variant 
java_command: org.gradle.launcher.daemon.bootstrap.GradleDaemon 6.5
java_class_path (initial): C:\Users\Kernel_Develop_Hou\.gradle\wrapper\dists\gradle-6.5-all\2oz4ud9k3tuxjg84bbf55q0tn\gradle-6.5\lib\gradle-launcher-6.5.jar
Launcher Type: SUN_STANDARD

Environment Variables:
PATH=C:\windows\system32;C:\windows;C:\windows\System32\Wbem;C:\windows\System32\WindowsPowerShell\v1.0\;C:\windows\System32\OpenSSH\;C:\Program Files (x86)\NVIDIA Corporation\PhysX\Common;C:\Program Files (x86)\Intel\Intel(R) Management Engine Components\DAL;C:\Program Files\Intel\Intel(R) Management Engine Components\DAL;%SystemRoot%\system32;%SystemRoot%;%SystemRoot%\System32\Wbem;%SYSTEMROOT%\System32\WindowsPowerShell\v1.0\;%SYSTEMROOT%\System32\OpenSSH\;C:\Users\Kernel_Develop_Hou\AppData\Local\Microsoft\WindowsApps;;F:\Microsoft VS Code\bin
USERNAME=Kernel_Develop_Hou
OS=Windows_NT
PROCESSOR_IDENTIFIER=Intel64 Family 6 Model 142 Stepping 11, GenuineIntel



---------------  S Y S T E M  ---------------

OS: Windows 10.0 , 64 bit Build 18362 (10.0.18362.1350)

CPU:total 8 (initial active 8) (4 cores per cpu, 2 threads per core) family 6 model 142 stepping 11, cmov, cx8, fxsr, mmx, sse, sse2, sse3, ssse3, sse4.1, sse4.2, popcnt, avx, avx2, aes, clmul, erms, 3dnowpref, lzcnt, ht, tsc, tscinvbit, bmi1, bmi2, adx

Memory: 4k page, physical 8258368k(1877512k free), swap 18744124k(5112k free)

vm_info: OpenJDK 64-Bit Server VM (25.242-b01) for windows-amd64 JRE (1.8.0_242-release-1644-b01), built by "builder" with MS VC++ 10.0 (VS2010)

time: Thu Mar 11 09:17:34 2021
timezone: 
elapsed time: 22 seconds (0d 0h 0m 22s)

